[ 2017-04-23T11:01:34+08:00 ] ::1 ::1 GET /dqExam/index.php/admin/auth/auth.html
[ log ] localhost/dqExam/index.php/admin/auth/auth.html [运行时间：0.104000s][吞吐率：9.62req/s] [内存消耗：3,349.54kb] [文件加载：62]
[ info ] [ LANG ] D:\Program\www\dqExam\thinkphp\lang\zh-cn.php
[ info ] [ ROUTE ] array (
  'type' => 'module',
  'module' => 
  array (
    0 => 'admin',
    1 => 'auth',
    2 => 'auth',
  ),
)
[ info ] [ HEADER ] array (
  'host' => 'localhost',
  'connection' => 'keep-alive',
  'cache-control' => 'max-age=0',
  'upgrade-insecure-requests' => '1',
  'user-agent' => 'Mozilla/5.0 (Windows NT 6.1; Win64; x64) AppleWebKit/537.36 (KHTML, like Gecko) Chrome/56.0.2924.87 Safari/537.36',
  'accept' => 'text/html,application/xhtml+xml,application/xml;q=0.9,image/webp,*/*;q=0.8',
  'accept-encoding' => 'gzip, deflate, sdch, br',
  'accept-language' => 'zh-CN,zh;q=0.8',
)
[ info ] [ PARAM ] array (
)
[ info ] [ RUN ] app\admin\controller\Auth->auth[ D:\Program\www\dqExam\application\admin\controller\Auth.php ]
[ info ] [ DB ] INIT mysql
[ info ] [ VIEW ] D:\Program\www\dqExam./application/admin\view\auth\auth.html [ array (
  0 => 'rules',
) ]
[ info ] [ LOG ] INIT File
[ sql ] [ DB ] CONNECT:[ UseTime:0.011000s ] mysql:dbname=dq_exam;host=127.0.0.1;charset=utf8
[ sql ] [ SQL ] SHOW COLUMNS FROM `dq_auth_rule` [ RunTime:0.005000s ]
[ sql ] [ SQL ] SELECT * FROM `dq_auth_rule` [ RunTime:0.000000s ]
[ error ] [8]未定义变量: rule[D:\Program\www\dqExam\runtime\temp\da11ccfda30e644cff37b58323e42b68.php:400]

---------------------------------------------------------------
[ 2017-04-23T11:01:35+08:00 ] ::1 ::1 GET /dqExam/index.php/admin/auth/auth.html
[ log ] localhost/dqExam/index.php/admin/auth/auth.html [运行时间：0.098000s][吞吐率：10.20req/s] [内存消耗：3,160.48kb] [文件加载：60]
[ info ] [ LANG ] D:\Program\www\dqExam\thinkphp\lang\zh-cn.php
[ info ] [ ROUTE ] array (
  'type' => 'module',
  'module' => 
  array (
    0 => 'admin',
    1 => 'auth',
    2 => 'auth',
  ),
)
[ info ] [ HEADER ] array (
  'host' => 'localhost',
  'connection' => 'keep-alive',
  'cache-control' => 'max-age=0',
  'upgrade-insecure-requests' => '1',
  'user-agent' => 'Mozilla/5.0 (Windows NT 6.1; Win64; x64) AppleWebKit/537.36 (KHTML, like Gecko) Chrome/56.0.2924.87 Safari/537.36',
  'accept' => 'text/html,application/xhtml+xml,application/xml;q=0.9,image/webp,*/*;q=0.8',
  'accept-encoding' => 'gzip, deflate, sdch, br',
  'accept-language' => 'zh-CN,zh;q=0.8',
)
[ info ] [ PARAM ] array (
)
[ info ] [ RUN ] app\admin\controller\Auth->auth[ D:\Program\www\dqExam\application\admin\controller\Auth.php ]
[ info ] [ DB ] INIT mysql
[ info ] [ VIEW ] D:\Program\www\dqExam./application/admin\view\auth\auth.html [ array (
  0 => 'rules',
) ]
[ info ] [ LOG ] INIT File
[ sql ] [ DB ] CONNECT:[ UseTime:0.010000s ] mysql:dbname=dq_exam;host=127.0.0.1;charset=utf8
[ sql ] [ SQL ] SHOW COLUMNS FROM `dq_auth_rule` [ RunTime:0.005000s ]
[ sql ] [ SQL ] SELECT * FROM `dq_auth_rule` [ RunTime:0.001000s ]
[ error ] [8]未定义变量: rule[D:\Program\www\dqExam\runtime\temp\da11ccfda30e644cff37b58323e42b68.php:400]

---------------------------------------------------------------
[ 2017-04-23T11:01:44+08:00 ] ::1 ::1 GET /dqExam/index.php/admin/auth/auth.html
[ log ] localhost/dqExam/index.php/admin/auth/auth.html [运行时间：0.085000s][吞吐率：11.76req/s] [内存消耗：3,344.57kb] [文件加载：58]
[ info ] [ LANG ] D:\Program\www\dqExam\thinkphp\lang\zh-cn.php
[ info ] [ ROUTE ] array (
  'type' => 'module',
  'module' => 
  array (
    0 => 'admin',
    1 => 'auth',
    2 => 'auth',
  ),
)
[ info ] [ HEADER ] array (
  'host' => 'localhost',
  'connection' => 'keep-alive',
  'cache-control' => 'max-age=0',
  'upgrade-insecure-requests' => '1',
  'user-agent' => 'Mozilla/5.0 (Windows NT 6.1; Win64; x64) AppleWebKit/537.36 (KHTML, like Gecko) Chrome/56.0.2924.87 Safari/537.36',
  'accept' => 'text/html,application/xhtml+xml,application/xml;q=0.9,image/webp,*/*;q=0.8',
  'accept-encoding' => 'gzip, deflate, sdch, br',
  'accept-language' => 'zh-CN,zh;q=0.8',
)
[ info ] [ PARAM ] array (
)
[ info ] [ RUN ] app\admin\controller\Auth->auth[ D:\Program\www\dqExam\application\admin\controller\Auth.php ]
[ info ] [ DB ] INIT mysql
[ info ] [ VIEW ] D:\Program\www\dqExam./application/admin\view\auth\auth.html [ array (
  0 => 'rules',
) ]
[ info ] [ LOG ] INIT File
[ sql ] [ DB ] CONNECT:[ UseTime:0.010000s ] mysql:dbname=dq_exam;host=127.0.0.1;charset=utf8
[ sql ] [ SQL ] SHOW COLUMNS FROM `dq_auth_rule` [ RunTime:0.004000s ]
[ sql ] [ SQL ] SELECT * FROM `dq_auth_rule` [ RunTime:0.001000s ]

---------------------------------------------------------------
[ 2017-04-23T11:02:02+08:00 ] ::1 ::1 GET /dqExam/index.php/admin/auth/auth.html
[ log ] localhost/dqExam/index.php/admin/auth/auth.html [运行时间：0.100000s][吞吐率：10.00req/s] [内存消耗：3,351.05kb] [文件加载：58]
[ info ] [ LANG ] D:\Program\www\dqExam\thinkphp\lang\zh-cn.php
[ info ] [ ROUTE ] array (
  'type' => 'module',
  'module' => 
  array (
    0 => 'admin',
    1 => 'auth',
    2 => 'auth',
  ),
)
[ info ] [ HEADER ] array (
  'host' => 'localhost',
  'connection' => 'keep-alive',
  'cache-control' => 'max-age=0',
  'upgrade-insecure-requests' => '1',
  'user-agent' => 'Mozilla/5.0 (Windows NT 6.1; Win64; x64) AppleWebKit/537.36 (KHTML, like Gecko) Chrome/56.0.2924.87 Safari/537.36',
  'accept' => 'text/html,application/xhtml+xml,application/xml;q=0.9,image/webp,*/*;q=0.8',
  'accept-encoding' => 'gzip, deflate, sdch, br',
  'accept-language' => 'zh-CN,zh;q=0.8',
)
[ info ] [ PARAM ] array (
)
[ info ] [ RUN ] app\admin\controller\Auth->auth[ D:\Program\www\dqExam\application\admin\controller\Auth.php ]
[ info ] [ DB ] INIT mysql
[ info ] [ VIEW ] D:\Program\www\dqExam./application/admin\view\auth\auth.html [ array (
  0 => 'rules',
) ]
[ info ] [ LOG ] INIT File
[ sql ] [ DB ] CONNECT:[ UseTime:0.011000s ] mysql:dbname=dq_exam;host=127.0.0.1;charset=utf8
[ sql ] [ SQL ] SHOW COLUMNS FROM `dq_auth_rule` [ RunTime:0.005000s ]
[ sql ] [ SQL ] SELECT * FROM `dq_auth_rule` [ RunTime:0.001000s ]

---------------------------------------------------------------
[ 2017-04-23T11:02:52+08:00 ] ::1 ::1 GET /dqExam/index.php/admin/auth/auth.html
[ log ] localhost/dqExam/index.php/admin/auth/auth.html [运行时间：0.079000s][吞吐率：12.66req/s] [内存消耗：3,351.36kb] [文件加载：58]
[ info ] [ LANG ] D:\Program\www\dqExam\thinkphp\lang\zh-cn.php
[ info ] [ ROUTE ] array (
  'type' => 'module',
  'module' => 
  array (
    0 => 'admin',
    1 => 'auth',
    2 => 'auth',
  ),
)
[ info ] [ HEADER ] array (
  'host' => 'localhost',
  'connection' => 'keep-alive',
  'cache-control' => 'max-age=0',
  'upgrade-insecure-requests' => '1',
  'user-agent' => 'Mozilla/5.0 (Windows NT 6.1; Win64; x64) AppleWebKit/537.36 (KHTML, like Gecko) Chrome/56.0.2924.87 Safari/537.36',
  'accept' => 'text/html,application/xhtml+xml,application/xml;q=0.9,image/webp,*/*;q=0.8',
  'accept-encoding' => 'gzip, deflate, sdch, br',
  'accept-language' => 'zh-CN,zh;q=0.8',
)
[ info ] [ PARAM ] array (
)
[ info ] [ RUN ] app\admin\controller\Auth->auth[ D:\Program\www\dqExam\application\admin\controller\Auth.php ]
[ info ] [ DB ] INIT mysql
[ info ] [ VIEW ] D:\Program\www\dqExam./application/admin\view\auth\auth.html [ array (
  0 => 'rules',
) ]
[ info ] [ LOG ] INIT File
[ sql ] [ DB ] CONNECT:[ UseTime:0.000000s ] mysql:dbname=dq_exam;host=127.0.0.1;charset=utf8
[ sql ] [ SQL ] SHOW COLUMNS FROM `dq_auth_rule` [ RunTime:0.004000s ]
[ sql ] [ SQL ] SELECT * FROM `dq_auth_rule` [ RunTime:0.001000s ]

---------------------------------------------------------------
[ 2017-04-23T11:04:05+08:00 ] ::1 ::1 GET /dqExam/index.php/admin/auth/auth.html
[ log ] localhost/dqExam/index.php/admin/auth/auth.html [运行时间：0.074000s][吞吐率：13.51req/s] [内存消耗：3,352.03kb] [文件加载：58]
[ info ] [ LANG ] D:\Program\www\dqExam\thinkphp\lang\zh-cn.php
[ info ] [ ROUTE ] array (
  'type' => 'module',
  'module' => 
  array (
    0 => 'admin',
    1 => 'auth',
    2 => 'auth',
  ),
)
[ info ] [ HEADER ] array (
  'host' => 'localhost',
  'connection' => 'keep-alive',
  'cache-control' => 'max-age=0',
  'upgrade-insecure-requests' => '1',
  'user-agent' => 'Mozilla/5.0 (Windows NT 6.1; Win64; x64) AppleWebKit/537.36 (KHTML, like Gecko) Chrome/56.0.2924.87 Safari/537.36',
  'accept' => 'text/html,application/xhtml+xml,application/xml;q=0.9,image/webp,*/*;q=0.8',
  'accept-encoding' => 'gzip, deflate, sdch, br',
  'accept-language' => 'zh-CN,zh;q=0.8',
)
[ info ] [ PARAM ] array (
)
[ info ] [ RUN ] app\admin\controller\Auth->auth[ D:\Program\www\dqExam\application\admin\controller\Auth.php ]
[ info ] [ DB ] INIT mysql
[ info ] [ VIEW ] D:\Program\www\dqExam./application/admin\view\auth\auth.html [ array (
  0 => 'rules',
) ]
[ info ] [ LOG ] INIT File
[ sql ] [ DB ] CONNECT:[ UseTime:0.010000s ] mysql:dbname=dq_exam;host=127.0.0.1;charset=utf8
[ sql ] [ SQL ] SHOW COLUMNS FROM `dq_auth_rule` [ RunTime:0.005000s ]
[ sql ] [ SQL ] SELECT * FROM `dq_auth_rule` [ RunTime:0.001000s ]

---------------------------------------------------------------
[ 2017-04-23T11:04:06+08:00 ] ::1 ::1 GET /dqExam/index.php/admin/auth/addrules.html
[ log ] localhost/dqExam/index.php/admin/auth/addrules.html [运行时间：0.090000s][吞吐率：11.11req/s] [内存消耗：2,146.90kb] [文件加载：49]
[ info ] [ LANG ] D:\Program\www\dqExam\thinkphp\lang\zh-cn.php
[ info ] [ ROUTE ] array (
  'type' => 'module',
  'module' => 
  array (
    0 => 'admin',
    1 => 'auth',
    2 => 'addrules',
  ),
)
[ info ] [ HEADER ] array (
  'host' => 'localhost',
  'connection' => 'keep-alive',
  'upgrade-insecure-requests' => '1',
  'user-agent' => 'Mozilla/5.0 (Windows NT 6.1; Win64; x64) AppleWebKit/537.36 (KHTML, like Gecko) Chrome/56.0.2924.87 Safari/537.36',
  'accept' => 'text/html,application/xhtml+xml,application/xml;q=0.9,image/webp,*/*;q=0.8',
  'referer' => 'http://localhost/dqExam/index.php/admin/auth/auth.html',
  'accept-encoding' => 'gzip, deflate, sdch, br',
  'accept-language' => 'zh-CN,zh;q=0.8',
)
[ info ] [ PARAM ] array (
)
[ info ] [ RUN ] app\admin\controller\Auth->addRules[ D:\Program\www\dqExam\application\admin\controller\Auth.php ]
[ info ] [ VIEW ] D:\Program\www\dqExam./application/admin\view\auth\addrules.html [ array (
) ]
[ info ] [ LOG ] INIT File

---------------------------------------------------------------
[ 2017-04-23T11:04:43+08:00 ] ::1 ::1 GET /dqExam/index.php/admin/auth/addrules.html
[ log ] localhost/dqExam/index.php/admin/auth/addrules.html [运行时间：0.044000s][吞吐率：22.73req/s] [内存消耗：2,148.24kb] [文件加载：49]
[ info ] [ LANG ] D:\Program\www\dqExam\thinkphp\lang\zh-cn.php
[ info ] [ ROUTE ] array (
  'type' => 'module',
  'module' => 
  array (
    0 => 'admin',
    1 => 'auth',
    2 => 'addrules',
  ),
)
[ info ] [ HEADER ] array (
  'host' => 'localhost',
  'connection' => 'keep-alive',
  'cache-control' => 'max-age=0',
  'upgrade-insecure-requests' => '1',
  'user-agent' => 'Mozilla/5.0 (Windows NT 6.1; Win64; x64) AppleWebKit/537.36 (KHTML, like Gecko) Chrome/56.0.2924.87 Safari/537.36',
  'accept' => 'text/html,application/xhtml+xml,application/xml;q=0.9,image/webp,*/*;q=0.8',
  'referer' => 'http://localhost/dqExam/index.php/admin/auth/auth.html',
  'accept-encoding' => 'gzip, deflate, sdch, br',
  'accept-language' => 'zh-CN,zh;q=0.8',
)
[ info ] [ PARAM ] array (
)
[ info ] [ RUN ] app\admin\controller\Auth->addRules[ D:\Program\www\dqExam\application\admin\controller\Auth.php ]
[ info ] [ VIEW ] D:\Program\www\dqExam./application/admin\view\auth\addrules.html [ array (
) ]
[ info ] [ LOG ] INIT File

---------------------------------------------------------------
[ 2017-04-23T11:05:40+08:00 ] ::1 ::1 GET /dqExam/index.php/admin/auth/addrules.html
[ log ] localhost/dqExam/index.php/admin/auth/addrules.html [运行时间：0.073000s][吞吐率：13.70req/s] [内存消耗：2,149.27kb] [文件加载：49]
[ info ] [ LANG ] D:\Program\www\dqExam\thinkphp\lang\zh-cn.php
[ info ] [ ROUTE ] array (
  'type' => 'module',
  'module' => 
  array (
    0 => 'admin',
    1 => 'auth',
    2 => 'addrules',
  ),
)
[ info ] [ HEADER ] array (
  'host' => 'localhost',
  'connection' => 'keep-alive',
  'cache-control' => 'max-age=0',
  'upgrade-insecure-requests' => '1',
  'user-agent' => 'Mozilla/5.0 (Windows NT 6.1; Win64; x64) AppleWebKit/537.36 (KHTML, like Gecko) Chrome/56.0.2924.87 Safari/537.36',
  'accept' => 'text/html,application/xhtml+xml,application/xml;q=0.9,image/webp,*/*;q=0.8',
  'referer' => 'http://localhost/dqExam/index.php/admin/auth/auth.html',
  'accept-encoding' => 'gzip, deflate, sdch, br',
  'accept-language' => 'zh-CN,zh;q=0.8',
)
[ info ] [ PARAM ] array (
)
[ info ] [ RUN ] app\admin\controller\Auth->addRules[ D:\Program\www\dqExam\application\admin\controller\Auth.php ]
[ info ] [ VIEW ] D:\Program\www\dqExam./application/admin\view\auth\addrules.html [ array (
) ]
[ info ] [ LOG ] INIT File

---------------------------------------------------------------
[ 2017-04-23T11:05:47+08:00 ] ::1 ::1 GET /dqExam/index.php/admin/auth/auth.html
[ log ] localhost/dqExam/index.php/admin/auth/auth.html [运行时间：0.091000s][吞吐率：10.99req/s] [内存消耗：3,142.72kb] [文件加载：56]
[ info ] [ LANG ] D:\Program\www\dqExam\thinkphp\lang\zh-cn.php
[ info ] [ ROUTE ] array (
  'type' => 'module',
  'module' => 
  array (
    0 => 'admin',
    1 => 'auth',
    2 => 'auth',
  ),
)
[ info ] [ HEADER ] array (
  'host' => 'localhost',
  'connection' => 'keep-alive',
  'upgrade-insecure-requests' => '1',
  'user-agent' => 'Mozilla/5.0 (Windows NT 6.1; Win64; x64) AppleWebKit/537.36 (KHTML, like Gecko) Chrome/56.0.2924.87 Safari/537.36',
  'accept' => 'text/html,application/xhtml+xml,application/xml;q=0.9,image/webp,*/*;q=0.8',
  'referer' => 'http://localhost/dqExam/index.php/admin/auth/addrules.html',
  'accept-encoding' => 'gzip, deflate, sdch, br',
  'accept-language' => 'zh-CN,zh;q=0.8',
)
[ info ] [ PARAM ] array (
)
[ info ] [ RUN ] app\admin\controller\Auth->auth[ D:\Program\www\dqExam\application\admin\controller\Auth.php ]
[ info ] [ DB ] INIT mysql
[ info ] [ VIEW ] D:\Program\www\dqExam./application/admin\view\auth\auth.html [ array (
  0 => 'rules',
) ]
[ info ] [ LOG ] INIT File
[ sql ] [ DB ] CONNECT:[ UseTime:0.011000s ] mysql:dbname=dq_exam;host=127.0.0.1;charset=utf8
[ sql ] [ SQL ] SHOW COLUMNS FROM `dq_auth_rule` [ RunTime:0.004000s ]
[ sql ] [ SQL ] SELECT * FROM `dq_auth_rule` [ RunTime:0.000000s ]

---------------------------------------------------------------
[ 2017-04-23T11:06:28+08:00 ] ::1 ::1 GET /dqExam/index.php/admin/subject/index.html
[ log ] localhost/dqExam/index.php/admin/subject/index.html [运行时间：0.155000s][吞吐率：6.45req/s] [内存消耗：3,435.39kb] [文件加载：61]
[ info ] [ LANG ] D:\Program\www\dqExam\thinkphp\lang\zh-cn.php
[ info ] [ ROUTE ] array (
  'type' => 'module',
  'module' => 
  array (
    0 => 'admin',
    1 => 'subject',
    2 => 'index',
  ),
)
[ info ] [ HEADER ] array (
  'host' => 'localhost',
  'connection' => 'keep-alive',
  'upgrade-insecure-requests' => '1',
  'user-agent' => 'Mozilla/5.0 (Windows NT 6.1; Win64; x64) AppleWebKit/537.36 (KHTML, like Gecko) Chrome/56.0.2924.87 Safari/537.36',
  'accept' => 'text/html,application/xhtml+xml,application/xml;q=0.9,image/webp,*/*;q=0.8',
  'referer' => 'http://localhost/dqExam/index.php/admin/auth/auth.html',
  'accept-encoding' => 'gzip, deflate, sdch, br',
  'accept-language' => 'zh-CN,zh;q=0.8',
)
[ info ] [ PARAM ] array (
)
[ info ] [ RUN ] app\admin\controller\Subject->index[ D:\Program\www\dqExam\application\admin\controller\Subject.php ]
[ info ] [ DB ] INIT mysql
[ info ] [ VIEW ] D:\Program\www\dqExam./application/admin\view\subject\index.html [ array (
  0 => 'lists',
  1 => 'page',
) ]
[ info ] [ LOG ] INIT File
[ sql ] [ DB ] CONNECT:[ UseTime:0.010000s ] mysql:dbname=dq_exam;host=127.0.0.1;charset=utf8
[ sql ] [ SQL ] SHOW COLUMNS FROM `dq_subject` [ RunTime:0.006000s ]
[ sql ] [ SQL ] SELECT COUNT(*) AS tp_count FROM `dq_subject` LIMIT 1 [ RunTime:0.001000s ]
[ sql ] [ SQL ] SELECT * FROM `dq_subject` ORDER BY `subject_id`  desc LIMIT 0,20 [ RunTime:0.000000s ]

---------------------------------------------------------------
[ 2017-04-23T11:06:30+08:00 ] ::1 ::1 GET /dqExam/index.php/admin/subject/edit.html?id=7
[ log ] localhost/dqExam/index.php/admin/subject/edit.html?id=7 [运行时间：0.092000s][吞吐率：10.87req/s] [内存消耗：3,313.41kb] [文件加载：58]
[ info ] [ LANG ] D:\Program\www\dqExam\thinkphp\lang\zh-cn.php
[ info ] [ ROUTE ] array (
  'type' => 'module',
  'module' => 
  array (
    0 => 'admin',
    1 => 'subject',
    2 => 'edit',
  ),
)
[ info ] [ HEADER ] array (
  'host' => 'localhost',
  'connection' => 'keep-alive',
  'upgrade-insecure-requests' => '1',
  'user-agent' => 'Mozilla/5.0 (Windows NT 6.1; Win64; x64) AppleWebKit/537.36 (KHTML, like Gecko) Chrome/56.0.2924.87 Safari/537.36',
  'accept' => 'text/html,application/xhtml+xml,application/xml;q=0.9,image/webp,*/*;q=0.8',
  'referer' => 'http://localhost/dqExam/index.php/admin/subject/index.html',
  'accept-encoding' => 'gzip, deflate, sdch, br',
  'accept-language' => 'zh-CN,zh;q=0.8',
)
[ info ] [ PARAM ] array (
  'id' => '7',
)
[ info ] [ RUN ] app\admin\controller\Subject->edit[ D:\Program\www\dqExam\application\admin\controller\Subject.php ]
[ info ] [ DB ] INIT mysql
[ info ] [ VIEW ] D:\Program\www\dqExam./application/admin\view\subject\edit.html [ array (
  0 => 'subs',
  1 => 'subject',
) ]
[ info ] [ LOG ] INIT File
[ sql ] [ DB ] CONNECT:[ UseTime:0.011000s ] mysql:dbname=dq_exam;host=127.0.0.1;charset=utf8
[ sql ] [ SQL ] SHOW COLUMNS FROM `dq_subject` [ RunTime:0.004000s ]
[ sql ] [ SQL ] SELECT * FROM `dq_subject` [ RunTime:0.001000s ]
[ sql ] [ SQL ] SELECT * FROM `dq_subject` WHERE  (  subject_id=7 ) LIMIT 1 [ RunTime:0.000000s ]

---------------------------------------------------------------
[ 2017-04-23T11:06:54+08:00 ] ::1 ::1 GET /dqExam/index.php/admin/subject/edit.html?id=7
[ log ] localhost/dqExam/index.php/admin/subject/edit.html?id=7 [运行时间：0.091000s][吞吐率：10.99req/s] [内存消耗：3,119.41kb] [文件加载：56]
[ info ] [ LANG ] D:\Program\www\dqExam\thinkphp\lang\zh-cn.php
[ info ] [ ROUTE ] array (
  'type' => 'module',
  'module' => 
  array (
    0 => 'admin',
    1 => 'subject',
    2 => 'edit',
  ),
)
[ info ] [ HEADER ] array (
  'host' => 'localhost',
  'connection' => 'keep-alive',
  'cache-control' => 'max-age=0',
  'upgrade-insecure-requests' => '1',
  'user-agent' => 'Mozilla/5.0 (Windows NT 6.1; Win64; x64) AppleWebKit/537.36 (KHTML, like Gecko) Chrome/56.0.2924.87 Safari/537.36',
  'accept' => 'text/html,application/xhtml+xml,application/xml;q=0.9,image/webp,*/*;q=0.8',
  'referer' => 'http://localhost/dqExam/index.php/admin/subject/index.html',
  'accept-encoding' => 'gzip, deflate, sdch, br',
  'accept-language' => 'zh-CN,zh;q=0.8',
)
[ info ] [ PARAM ] array (
  'id' => '7',
)
[ info ] [ RUN ] app\admin\controller\Subject->edit[ D:\Program\www\dqExam\application\admin\controller\Subject.php ]
[ info ] [ DB ] INIT mysql
[ info ] [ VIEW ] D:\Program\www\dqExam./application/admin\view\subject\edit.html [ array (
  0 => 'subs',
  1 => 'subject',
) ]
[ info ] [ LOG ] INIT File
[ sql ] [ DB ] CONNECT:[ UseTime:0.010000s ] mysql:dbname=dq_exam;host=127.0.0.1;charset=utf8
[ sql ] [ SQL ] SHOW COLUMNS FROM `dq_subject` [ RunTime:0.004000s ]
[ sql ] [ SQL ] SELECT * FROM `dq_subject` [ RunTime:0.000000s ]
[ sql ] [ SQL ] SELECT * FROM `dq_subject` WHERE  (  subject_id=7 ) LIMIT 1 [ RunTime:0.000000s ]

---------------------------------------------------------------
[ 2017-04-23T11:06:56+08:00 ] ::1 ::1 GET /dqExam/index.php/admin/subject/index.html
[ log ] localhost/dqExam/index.php/admin/subject/index.html [运行时间：0.098000s][吞吐率：10.20req/s] [内存消耗：3,435.55kb] [文件加载：61]
[ info ] [ LANG ] D:\Program\www\dqExam\thinkphp\lang\zh-cn.php
[ info ] [ ROUTE ] array (
  'type' => 'module',
  'module' => 
  array (
    0 => 'admin',
    1 => 'subject',
    2 => 'index',
  ),
)
[ info ] [ HEADER ] array (
  'host' => 'localhost',
  'connection' => 'keep-alive',
  'upgrade-insecure-requests' => '1',
  'user-agent' => 'Mozilla/5.0 (Windows NT 6.1; Win64; x64) AppleWebKit/537.36 (KHTML, like Gecko) Chrome/56.0.2924.87 Safari/537.36',
  'accept' => 'text/html,application/xhtml+xml,application/xml;q=0.9,image/webp,*/*;q=0.8',
  'referer' => 'http://localhost/dqExam/index.php/admin/subject/edit.html?id=7',
  'accept-encoding' => 'gzip, deflate, sdch, br',
  'accept-language' => 'zh-CN,zh;q=0.8',
)
[ info ] [ PARAM ] array (
)
[ info ] [ RUN ] app\admin\controller\Subject->index[ D:\Program\www\dqExam\application\admin\controller\Subject.php ]
[ info ] [ DB ] INIT mysql
[ info ] [ VIEW ] D:\Program\www\dqExam./application/admin\view\subject\index.html [ array (
  0 => 'lists',
  1 => 'page',
) ]
[ info ] [ LOG ] INIT File
[ sql ] [ DB ] CONNECT:[ UseTime:0.011000s ] mysql:dbname=dq_exam;host=127.0.0.1;charset=utf8
[ sql ] [ SQL ] SHOW COLUMNS FROM `dq_subject` [ RunTime:0.004000s ]
[ sql ] [ SQL ] SELECT COUNT(*) AS tp_count FROM `dq_subject` LIMIT 1 [ RunTime:0.000000s ]
[ sql ] [ SQL ] SELECT * FROM `dq_subject` ORDER BY `subject_id`  desc LIMIT 0,20 [ RunTime:0.000000s ]

---------------------------------------------------------------
[ 2017-04-23T11:06:57+08:00 ] ::1 ::1 GET /dqExam/index.php/admin/subject/edit/id/7.html
[ log ] localhost/dqExam/index.php/admin/subject/edit/id/7.html [运行时间：0.099000s][吞吐率：10.10req/s] [内存消耗：2,833.15kb] [文件加载：58]
[ info ] [ LANG ] D:\Program\www\dqExam\thinkphp\lang\zh-cn.php
[ info ] [ ROUTE ] array (
  'type' => 'module',
  'module' => 
  array (
    0 => 'admin',
    1 => 'subject',
    2 => 'edit',
  ),
)
[ info ] [ HEADER ] array (
  'host' => 'localhost',
  'connection' => 'keep-alive',
  'upgrade-insecure-requests' => '1',
  'user-agent' => 'Mozilla/5.0 (Windows NT 6.1; Win64; x64) AppleWebKit/537.36 (KHTML, like Gecko) Chrome/56.0.2924.87 Safari/537.36',
  'accept' => 'text/html,application/xhtml+xml,application/xml;q=0.9,image/webp,*/*;q=0.8',
  'referer' => 'http://localhost/dqExam/index.php/admin/subject/index.html',
  'accept-encoding' => 'gzip, deflate, sdch, br',
  'accept-language' => 'zh-CN,zh;q=0.8',
)
[ info ] [ PARAM ] array (
  'id' => '7',
)
[ info ] [ RUN ] app\admin\controller\Subject->edit[ D:\Program\www\dqExam\application\admin\controller\Subject.php ]
[ info ] [ DB ] INIT mysql
[ info ] [ VIEW ] D:\Program\www\dqExam./application/admin\view\subject\edit.html [ array (
  0 => 'subs',
) ]
[ info ] [ LOG ] INIT File
[ sql ] [ DB ] CONNECT:[ UseTime:0.010000s ] mysql:dbname=dq_exam;host=127.0.0.1;charset=utf8
[ sql ] [ SQL ] SHOW COLUMNS FROM `dq_subject` [ RunTime:0.004000s ]
[ sql ] [ SQL ] SELECT * FROM `dq_subject` [ RunTime:0.001000s ]
[ error ] [8]未定义变量: subject[D:\Program\www\dqExam\runtime\temp\4da18817c42f14631fa2e916ac599648.php:391]

---------------------------------------------------------------
[ 2017-04-23T11:07:28+08:00 ] ::1 ::1 GET /dqExam/index.php/admin/subject/edit/id/7.html
[ log ] localhost/dqExam/index.php/admin/subject/edit/id/7.html [运行时间：0.055000s][吞吐率：18.18req/s] [内存消耗：3,119.45kb] [文件加载：56]
[ info ] [ LANG ] D:\Program\www\dqExam\thinkphp\lang\zh-cn.php
[ info ] [ ROUTE ] array (
  'type' => 'module',
  'module' => 
  array (
    0 => 'admin',
    1 => 'subject',
    2 => 'edit',
  ),
)
[ info ] [ HEADER ] array (
  'host' => 'localhost',
  'connection' => 'keep-alive',
  'cache-control' => 'max-age=0',
  'upgrade-insecure-requests' => '1',
  'user-agent' => 'Mozilla/5.0 (Windows NT 6.1; Win64; x64) AppleWebKit/537.36 (KHTML, like Gecko) Chrome/56.0.2924.87 Safari/537.36',
  'accept' => 'text/html,application/xhtml+xml,application/xml;q=0.9,image/webp,*/*;q=0.8',
  'referer' => 'http://localhost/dqExam/index.php/admin/subject/index.html',
  'accept-encoding' => 'gzip, deflate, sdch, br',
  'accept-language' => 'zh-CN,zh;q=0.8',
)
[ info ] [ PARAM ] array (
  'id' => '7',
)
[ info ] [ RUN ] app\admin\controller\Subject->edit[ D:\Program\www\dqExam\application\admin\controller\Subject.php ]
[ info ] [ DB ] INIT mysql
[ info ] [ VIEW ] D:\Program\www\dqExam./application/admin\view\subject\edit.html [ array (
  0 => 'subs',
  1 => 'subject',
) ]
[ info ] [ LOG ] INIT File
[ sql ] [ DB ] CONNECT:[ UseTime:0.001000s ] mysql:dbname=dq_exam;host=127.0.0.1;charset=utf8
[ sql ] [ SQL ] SHOW COLUMNS FROM `dq_subject` [ RunTime:0.005000s ]
[ sql ] [ SQL ] SELECT * FROM `dq_subject` [ RunTime:0.001000s ]
[ sql ] [ SQL ] SELECT * FROM `dq_subject` WHERE  (  subject_id=7 ) LIMIT 1 [ RunTime:0.000000s ]

---------------------------------------------------------------
[ 2017-04-23T11:07:34+08:00 ] ::1 ::1 GET /dqExam/index.php/admin/subject/add.html
[ log ] localhost/dqExam/index.php/admin/subject/add.html [运行时间：0.110000s][吞吐率：9.09req/s] [内存消耗：2,989.43kb] [文件加载：56]
[ info ] [ LANG ] D:\Program\www\dqExam\thinkphp\lang\zh-cn.php
[ info ] [ ROUTE ] array (
  'type' => 'module',
  'module' => 
  array (
    0 => 'admin',
    1 => 'subject',
    2 => 'add',
  ),
)
[ info ] [ HEADER ] array (
  'host' => 'localhost',
  'connection' => 'keep-alive',
  'upgrade-insecure-requests' => '1',
  'user-agent' => 'Mozilla/5.0 (Windows NT 6.1; Win64; x64) AppleWebKit/537.36 (KHTML, like Gecko) Chrome/56.0.2924.87 Safari/537.36',
  'accept' => 'text/html,application/xhtml+xml,application/xml;q=0.9,image/webp,*/*;q=0.8',
  'referer' => 'http://localhost/dqExam/index.php/admin/subject/edit/id/7.html',
  'accept-encoding' => 'gzip, deflate, sdch, br',
  'accept-language' => 'zh-CN,zh;q=0.8',
)
[ info ] [ PARAM ] array (
)
[ info ] [ RUN ] app\admin\controller\Subject->add[ D:\Program\www\dqExam\application\admin\controller\Subject.php ]
[ info ] [ DB ] INIT mysql
[ info ] [ VIEW ] D:\Program\www\dqExam./application/admin\view\subject\add.html [ array (
  0 => 'subs',
) ]
[ info ] [ LOG ] INIT File
[ sql ] [ DB ] CONNECT:[ UseTime:0.010000s ] mysql:dbname=dq_exam;host=127.0.0.1;charset=utf8
[ sql ] [ SQL ] SHOW COLUMNS FROM `dq_subject` [ RunTime:0.005000s ]
[ sql ] [ SQL ] SELECT * FROM `dq_subject` [ RunTime:0.001000s ]

---------------------------------------------------------------
[ 2017-04-23T11:07:36+08:00 ] ::1 ::1 GET /dqExam/index.php/admin/subject/index.html
[ log ] localhost/dqExam/index.php/admin/subject/index.html [运行时间：0.103000s][吞吐率：9.71req/s] [内存消耗：3,435.55kb] [文件加载：61]
[ info ] [ LANG ] D:\Program\www\dqExam\thinkphp\lang\zh-cn.php
[ info ] [ ROUTE ] array (
  'type' => 'module',
  'module' => 
  array (
    0 => 'admin',
    1 => 'subject',
    2 => 'index',
  ),
)
[ info ] [ HEADER ] array (
  'host' => 'localhost',
  'connection' => 'keep-alive',
  'upgrade-insecure-requests' => '1',
  'user-agent' => 'Mozilla/5.0 (Windows NT 6.1; Win64; x64) AppleWebKit/537.36 (KHTML, like Gecko) Chrome/56.0.2924.87 Safari/537.36',
  'accept' => 'text/html,application/xhtml+xml,application/xml;q=0.9,image/webp,*/*;q=0.8',
  'referer' => 'http://localhost/dqExam/index.php/admin/subject/add.html',
  'accept-encoding' => 'gzip, deflate, sdch, br',
  'accept-language' => 'zh-CN,zh;q=0.8',
)
[ info ] [ PARAM ] array (
)
[ info ] [ RUN ] app\admin\controller\Subject->index[ D:\Program\www\dqExam\application\admin\controller\Subject.php ]
[ info ] [ DB ] INIT mysql
[ info ] [ VIEW ] D:\Program\www\dqExam./application/admin\view\subject\index.html [ array (
  0 => 'lists',
  1 => 'page',
) ]
[ info ] [ LOG ] INIT File
[ sql ] [ DB ] CONNECT:[ UseTime:0.010000s ] mysql:dbname=dq_exam;host=127.0.0.1;charset=utf8
[ sql ] [ SQL ] SHOW COLUMNS FROM `dq_subject` [ RunTime:0.004000s ]
[ sql ] [ SQL ] SELECT COUNT(*) AS tp_count FROM `dq_subject` LIMIT 1 [ RunTime:0.000000s ]
[ sql ] [ SQL ] SELECT * FROM `dq_subject` ORDER BY `subject_id`  desc LIMIT 0,20 [ RunTime:0.000000s ]

---------------------------------------------------------------
[ 2017-04-23T11:07:39+08:00 ] ::1 ::1 GET /dqExam/index.php/admin/auth/group.html
[ log ] localhost/dqExam/index.php/admin/auth/group.html [运行时间：0.096000s][吞吐率：10.42req/s] [内存消耗：3,271.73kb] [文件加载：58]
[ info ] [ LANG ] D:\Program\www\dqExam\thinkphp\lang\zh-cn.php
[ info ] [ ROUTE ] array (
  'type' => 'module',
  'module' => 
  array (
    0 => 'admin',
    1 => 'auth',
    2 => 'group',
  ),
)
[ info ] [ HEADER ] array (
  'host' => 'localhost',
  'connection' => 'keep-alive',
  'upgrade-insecure-requests' => '1',
  'user-agent' => 'Mozilla/5.0 (Windows NT 6.1; Win64; x64) AppleWebKit/537.36 (KHTML, like Gecko) Chrome/56.0.2924.87 Safari/537.36',
  'accept' => 'text/html,application/xhtml+xml,application/xml;q=0.9,image/webp,*/*;q=0.8',
  'referer' => 'http://localhost/dqExam/index.php/admin/subject/index.html',
  'accept-encoding' => 'gzip, deflate, sdch, br',
  'accept-language' => 'zh-CN,zh;q=0.8',
)
[ info ] [ PARAM ] array (
)
[ info ] [ RUN ] app\admin\controller\Auth->group[ D:\Program\www\dqExam\application\admin\controller\Auth.php ]
[ info ] [ DB ] INIT mysql
[ info ] [ VIEW ] D:\Program\www\dqExam./application/admin\view\auth\group.html [ array (
  0 => 'groups',
) ]
[ info ] [ LOG ] INIT File
[ sql ] [ DB ] CONNECT:[ UseTime:0.010000s ] mysql:dbname=dq_exam;host=127.0.0.1;charset=utf8
[ sql ] [ SQL ] SHOW COLUMNS FROM `dq_auth_group` [ RunTime:0.004000s ]
[ sql ] [ SQL ] SELECT * FROM `dq_auth_group` [ RunTime:0.000000s ]

---------------------------------------------------------------
[ 2017-04-23T11:07:40+08:00 ] ::1 ::1 GET /dqExam/index.php/admin/auth/auth.html
[ log ] localhost/dqExam/index.php/admin/auth/auth.html [运行时间：0.095000s][吞吐率：10.53req/s] [内存消耗：3,352.22kb] [文件加载：58]
[ info ] [ LANG ] D:\Program\www\dqExam\thinkphp\lang\zh-cn.php
[ info ] [ ROUTE ] array (
  'type' => 'module',
  'module' => 
  array (
    0 => 'admin',
    1 => 'auth',
    2 => 'auth',
  ),
)
[ info ] [ HEADER ] array (
  'host' => 'localhost',
  'connection' => 'keep-alive',
  'upgrade-insecure-requests' => '1',
  'user-agent' => 'Mozilla/5.0 (Windows NT 6.1; Win64; x64) AppleWebKit/537.36 (KHTML, like Gecko) Chrome/56.0.2924.87 Safari/537.36',
  'accept' => 'text/html,application/xhtml+xml,application/xml;q=0.9,image/webp,*/*;q=0.8',
  'referer' => 'http://localhost/dqExam/index.php/admin/auth/group.html',
  'accept-encoding' => 'gzip, deflate, sdch, br',
  'accept-language' => 'zh-CN,zh;q=0.8',
)
[ info ] [ PARAM ] array (
)
[ info ] [ RUN ] app\admin\controller\Auth->auth[ D:\Program\www\dqExam\application\admin\controller\Auth.php ]
[ info ] [ DB ] INIT mysql
[ info ] [ VIEW ] D:\Program\www\dqExam./application/admin\view\auth\auth.html [ array (
  0 => 'rules',
) ]
[ info ] [ LOG ] INIT File
[ sql ] [ DB ] CONNECT:[ UseTime:0.011000s ] mysql:dbname=dq_exam;host=127.0.0.1;charset=utf8
[ sql ] [ SQL ] SHOW COLUMNS FROM `dq_auth_rule` [ RunTime:0.005000s ]
[ sql ] [ SQL ] SELECT * FROM `dq_auth_rule` [ RunTime:0.000000s ]

---------------------------------------------------------------
[ 2017-04-23T11:08:13+08:00 ] ::1 ::1 GET /dqExam/index.php/admin/auth/auth.html
[ log ] localhost/dqExam/index.php/admin/auth/auth.html [运行时间：0.098000s][吞吐率：10.20req/s] [内存消耗：3,351.32kb] [文件加载：62]
[ info ] [ LANG ] D:\Program\www\dqExam\thinkphp\lang\zh-cn.php
[ info ] [ ROUTE ] array (
  'type' => 'module',
  'module' => 
  array (
    0 => 'admin',
    1 => 'auth',
    2 => 'auth',
  ),
)
[ info ] [ HEADER ] array (
  'host' => 'localhost',
  'connection' => 'keep-alive',
  'cache-control' => 'max-age=0',
  'upgrade-insecure-requests' => '1',
  'user-agent' => 'Mozilla/5.0 (Windows NT 6.1; Win64; x64) AppleWebKit/537.36 (KHTML, like Gecko) Chrome/56.0.2924.87 Safari/537.36',
  'accept' => 'text/html,application/xhtml+xml,application/xml;q=0.9,image/webp,*/*;q=0.8',
  'referer' => 'http://localhost/dqExam/index.php/admin/auth/group.html',
  'accept-encoding' => 'gzip, deflate, sdch, br',
  'accept-language' => 'zh-CN,zh;q=0.8',
)
[ info ] [ PARAM ] array (
)
[ info ] [ RUN ] app\admin\controller\Auth->auth[ D:\Program\www\dqExam\application\admin\controller\Auth.php ]
[ info ] [ DB ] INIT mysql
[ info ] [ VIEW ] D:\Program\www\dqExam./application/admin\view\auth\auth.html [ array (
  0 => 'rules',
) ]
[ info ] [ LOG ] INIT File
[ sql ] [ DB ] CONNECT:[ UseTime:0.010000s ] mysql:dbname=dq_exam;host=127.0.0.1;charset=utf8
[ sql ] [ SQL ] SHOW COLUMNS FROM `dq_auth_rule` [ RunTime:0.004000s ]
[ sql ] [ SQL ] SELECT * FROM `dq_auth_rule` [ RunTime:0.001000s ]
[ error ] [8]未定义变量: vo[D:\Program\www\dqExam\runtime\temp\da11ccfda30e644cff37b58323e42b68.php:403]

---------------------------------------------------------------
[ 2017-04-23T11:08:52+08:00 ] ::1 ::1 GET /dqExam/index.php/admin/auth/auth.html
[ log ] localhost/dqExam/index.php/admin/auth/auth.html [运行时间：0.097000s][吞吐率：10.31req/s] [内存消耗：3,371.13kb] [文件加载：58]
[ info ] [ LANG ] D:\Program\www\dqExam\thinkphp\lang\zh-cn.php
[ info ] [ ROUTE ] array (
  'type' => 'module',
  'module' => 
  array (
    0 => 'admin',
    1 => 'auth',
    2 => 'auth',
  ),
)
[ info ] [ HEADER ] array (
  'host' => 'localhost',
  'connection' => 'keep-alive',
  'cache-control' => 'max-age=0',
  'upgrade-insecure-requests' => '1',
  'user-agent' => 'Mozilla/5.0 (Windows NT 6.1; Win64; x64) AppleWebKit/537.36 (KHTML, like Gecko) Chrome/56.0.2924.87 Safari/537.36',
  'accept' => 'text/html,application/xhtml+xml,application/xml;q=0.9,image/webp,*/*;q=0.8',
  'referer' => 'http://localhost/dqExam/index.php/admin/auth/group.html',
  'accept-encoding' => 'gzip, deflate, sdch, br',
  'accept-language' => 'zh-CN,zh;q=0.8',
)
[ info ] [ PARAM ] array (
)
[ info ] [ RUN ] app\admin\controller\Auth->auth[ D:\Program\www\dqExam\application\admin\controller\Auth.php ]
[ info ] [ DB ] INIT mysql
[ info ] [ VIEW ] D:\Program\www\dqExam./application/admin\view\auth\auth.html [ array (
  0 => 'rules',
) ]
[ info ] [ LOG ] INIT File
[ sql ] [ DB ] CONNECT:[ UseTime:0.010000s ] mysql:dbname=dq_exam;host=127.0.0.1;charset=utf8
[ sql ] [ SQL ] SHOW COLUMNS FROM `dq_auth_rule` [ RunTime:0.004000s ]
[ sql ] [ SQL ] SELECT * FROM `dq_auth_rule` [ RunTime:0.001000s ]

---------------------------------------------------------------
[ 2017-04-23T11:08:54+08:00 ] ::1 ::1 GET /dqExam/index.php/admin/auth/editauth/id/2.html
[ log ] localhost/dqExam/index.php/admin/auth/editauth/id/2.html [运行时间：0.087000s][吞吐率：11.49req/s] [内存消耗：1,918.14kb] [文件加载：48]
[ info ] [ LANG ] D:\Program\www\dqExam\thinkphp\lang\zh-cn.php
[ info ] [ ROUTE ] array (
  'type' => 'module',
  'module' => 
  array (
    0 => 'admin',
    1 => 'auth',
    2 => 'editauth',
  ),
)
[ info ] [ HEADER ] array (
  'host' => 'localhost',
  'connection' => 'keep-alive',
  'upgrade-insecure-requests' => '1',
  'user-agent' => 'Mozilla/5.0 (Windows NT 6.1; Win64; x64) AppleWebKit/537.36 (KHTML, like Gecko) Chrome/56.0.2924.87 Safari/537.36',
  'accept' => 'text/html,application/xhtml+xml,application/xml;q=0.9,image/webp,*/*;q=0.8',
  'referer' => 'http://localhost/dqExam/index.php/admin/auth/auth.html',
  'accept-encoding' => 'gzip, deflate, sdch, br',
  'accept-language' => 'zh-CN,zh;q=0.8',
)
[ info ] [ PARAM ] array (
  'id' => '2',
)
[ info ] [ LOG ] INIT File

---------------------------------------------------------------
