[ 2019-05-23T20:54:00+08:00 ] 127.0.0.1 127.0.0.1 GET /dqexam/
[ log ] 127.0.0.1/dqexam/ [运行时间：0.038630s][吞吐率：25.89req/s] [内存消耗：1,011.34kb] [文件加载：31]
[ info ] [ LANG ] /Library/WebServer/Documents/dqexam/thinkphp/lang/zh-cn.php
[ info ] [ ROUTE ] array (
  'type' => 'module',
  'module' => 
  array (
    0 => '',
    1 => NULL,
    2 => NULL,
  ),
)
[ info ] [ HEADER ] array (
  'host' => '127.0.0.1',
  'accept' => 'text/html,application/xhtml+xml,application/xml;q=0.9,*/*;q=0.8',
  'upgrade-insecure-requests' => '1',
  'cookie' => '_ga=GA1.1.1928635741.1545139372; Hm_lvt_7735bf09298f5202020f41e7d17938f3=1545139370',
  'user-agent' => 'Mozilla/5.0 (Macintosh; Intel Mac OS X 10_14_5) AppleWebKit/605.1.15 (KHTML, like Gecko) Version/12.1.1 Safari/605.1.15',
  'accept-language' => 'zh-cn',
  'accept-encoding' => 'gzip, deflate',
  'connection' => 'keep-alive',
)
[ info ] [ PARAM ] array (
)
[ info ] [ RUN ] app\index\controller\Index->index[ /Library/WebServer/Documents/dqexam/application/index/controller/Index.php ]
[ info ] [ LOG ] INIT File

---------------------------------------------------------------
[ 2019-05-23T20:54:06+08:00 ] 127.0.0.1 127.0.0.1 GET /dqexam/
[ log ] 127.0.0.1/dqexam/ [运行时间：0.012975s][吞吐率：77.07req/s] [内存消耗：1,011.47kb] [文件加载：31]
[ info ] [ LANG ] /Library/WebServer/Documents/dqexam/thinkphp/lang/zh-cn.php
[ info ] [ ROUTE ] array (
  'type' => 'module',
  'module' => 
  array (
    0 => '',
    1 => NULL,
    2 => NULL,
  ),
)
[ info ] [ HEADER ] array (
  'host' => '127.0.0.1',
  'accept' => 'text/html,application/xhtml+xml,application/xml;q=0.9,*/*;q=0.8',
  'upgrade-insecure-requests' => '1',
  'cookie' => 'thinkphp_show_page_trace=0|0; _ga=GA1.1.1928635741.1545139372; Hm_lvt_7735bf09298f5202020f41e7d17938f3=1545139370',
  'user-agent' => 'Mozilla/5.0 (Macintosh; Intel Mac OS X 10_14_5) AppleWebKit/605.1.15 (KHTML, like Gecko) Version/12.1.1 Safari/605.1.15',
  'accept-language' => 'zh-cn',
  'accept-encoding' => 'gzip, deflate',
  'connection' => 'keep-alive',
)
[ info ] [ PARAM ] array (
)
[ info ] [ RUN ] app\index\controller\Index->index[ /Library/WebServer/Documents/dqexam/application/index/controller/Index.php ]
[ info ] [ LOG ] INIT File

---------------------------------------------------------------
[ 2019-05-23T21:26:15+08:00 ] 127.0.0.1 127.0.0.1 GET /teacher/index.php/index/
[ log ] 127.0.0.1/teacher/index.php/index/ [运行时间：0.010957s][吞吐率：91.27req/s] [内存消耗：1,012.11kb] [文件加载：31]
[ info ] [ LANG ] /Library/WebServer/Documents/teacher/thinkphp/lang/zh-cn.php
[ info ] [ ROUTE ] array (
  'type' => 'module',
  'module' => 
  array (
    0 => 'index',
    1 => NULL,
    2 => NULL,
  ),
)
[ info ] [ HEADER ] array (
  'host' => '127.0.0.1',
  'accept' => 'text/html,application/xhtml+xml,application/xml;q=0.9,*/*;q=0.8',
  'upgrade-insecure-requests' => '1',
  'cookie' => 'thinkphp_show_page_trace=0|0; _ga=GA1.1.1928635741.1545139372; Hm_lvt_7735bf09298f5202020f41e7d17938f3=1545139370',
  'user-agent' => 'Mozilla/5.0 (Macintosh; Intel Mac OS X 10_14_5) AppleWebKit/605.1.15 (KHTML, like Gecko) Version/12.1.1 Safari/605.1.15',
  'accept-language' => 'zh-cn',
  'accept-encoding' => 'gzip, deflate',
  'connection' => 'keep-alive',
)
[ info ] [ PARAM ] array (
)
[ info ] [ RUN ] app\index\controller\Index->index[ /Library/WebServer/Documents/teacher/application/index/controller/Index.php ]
[ info ] [ LOG ] INIT File

---------------------------------------------------------------
[ 2019-05-23T21:26:19+08:00 ] 127.0.0.1 127.0.0.1 GET /teacher/index.php/admin
[ log ] 127.0.0.1/teacher/index.php/admin [运行时间：0.025705s][吞吐率：38.90req/s] [内存消耗：1,250.91kb] [文件加载：38]
[ info ] [ LANG ] /Library/WebServer/Documents/teacher/thinkphp/lang/zh-cn.php
[ info ] [ ROUTE ] array (
  'type' => 'module',
  'module' => 
  array (
    0 => 'admin',
    1 => NULL,
    2 => NULL,
  ),
)
[ info ] [ HEADER ] array (
  'host' => '127.0.0.1',
  'accept' => 'text/html,application/xhtml+xml,application/xml;q=0.9,*/*;q=0.8',
  'upgrade-insecure-requests' => '1',
  'cookie' => 'thinkphp_show_page_trace=0|0; _ga=GA1.1.1928635741.1545139372; Hm_lvt_7735bf09298f5202020f41e7d17938f3=1545139370',
  'user-agent' => 'Mozilla/5.0 (Macintosh; Intel Mac OS X 10_14_5) AppleWebKit/605.1.15 (KHTML, like Gecko) Version/12.1.1 Safari/605.1.15',
  'accept-language' => 'zh-cn',
  'accept-encoding' => 'gzip, deflate',
  'connection' => 'keep-alive',
)
[ info ] [ PARAM ] array (
)
[ info ] [ SESSION ] INIT array (
  'id' => '',
  'var_session_id' => '',
  'prefix' => 'think',
  'type' => '',
  'auto_start' => true,
)
[ info ] [ LOG ] INIT File

---------------------------------------------------------------
[ 2019-05-23T21:26:19+08:00 ] 127.0.0.1 127.0.0.1 GET /teacher/index.php/admin/login/signin.html
[ log ] 127.0.0.1/teacher/index.php/admin/login/signin.html [运行时间：0.021548s][吞吐率：46.41req/s] [内存消耗：1,438.48kb] [文件加载：41]
[ info ] [ LANG ] /Library/WebServer/Documents/teacher/thinkphp/lang/zh-cn.php
[ info ] [ ROUTE ] array (
  'type' => 'module',
  'module' => 
  array (
    0 => 'admin',
    1 => 'login',
    2 => 'signin',
  ),
)
[ info ] [ HEADER ] array (
  'host' => '127.0.0.1',
  'accept' => 'text/html,application/xhtml+xml,application/xml;q=0.9,*/*;q=0.8',
  'upgrade-insecure-requests' => '1',
  'cookie' => 'PHPSESSID=9cb3c32d48d2313079612db9247fb702; thinkphp_show_page_trace=0|0; _ga=GA1.1.1928635741.1545139372; Hm_lvt_7735bf09298f5202020f41e7d17938f3=1545139370',
  'user-agent' => 'Mozilla/5.0 (Macintosh; Intel Mac OS X 10_14_5) AppleWebKit/605.1.15 (KHTML, like Gecko) Version/12.1.1 Safari/605.1.15',
  'accept-language' => 'zh-cn',
  'accept-encoding' => 'gzip, deflate',
  'connection' => 'keep-alive',
)
[ info ] [ PARAM ] array (
)
[ info ] [ RUN ] app\admin\controller\Login->signIn[ /Library/WebServer/Documents/teacher/application/admin/controller/Login.php ]
[ info ] [ VIEW ] /Library/WebServer/Documents/teacher/application/admin/view/login/signin.html [ array (
) ]
[ info ] [ LOG ] INIT File

---------------------------------------------------------------
[ 2019-05-23T21:26:20+08:00 ] 127.0.0.1 127.0.0.1 GET /teacher/index.php/admin
[ log ] 127.0.0.1/teacher/index.php/admin [运行时间：0.013422s][吞吐率：74.50req/s] [内存消耗：1,250.90kb] [文件加载：38]
[ info ] [ LANG ] /Library/WebServer/Documents/teacher/thinkphp/lang/zh-cn.php
[ info ] [ ROUTE ] array (
  'type' => 'module',
  'module' => 
  array (
    0 => 'admin',
    1 => NULL,
    2 => NULL,
  ),
)
[ info ] [ HEADER ] array (
  'host' => '127.0.0.1',
  'accept' => 'text/html,application/xhtml+xml,application/xml;q=0.9,*/*;q=0.8',
  'upgrade-insecure-requests' => '1',
  'cookie' => 'PHPSESSID=9cb3c32d48d2313079612db9247fb702; thinkphp_show_page_trace=0|0; _ga=GA1.1.1928635741.1545139372; Hm_lvt_7735bf09298f5202020f41e7d17938f3=1545139370',
  'user-agent' => 'Mozilla/5.0 (Macintosh; Intel Mac OS X 10_14_5) AppleWebKit/605.1.15 (KHTML, like Gecko) Version/12.1.1 Safari/605.1.15',
  'accept-language' => 'zh-cn',
  'accept-encoding' => 'gzip, deflate',
  'connection' => 'keep-alive',
)
[ info ] [ PARAM ] array (
)
[ info ] [ SESSION ] INIT array (
  'id' => '',
  'var_session_id' => '',
  'prefix' => 'think',
  'type' => '',
  'auto_start' => true,
)
[ info ] [ LOG ] INIT File

---------------------------------------------------------------
[ 2019-05-23T21:26:20+08:00 ] 127.0.0.1 127.0.0.1 GET /teacher/index.php/admin/login/signin.html
[ log ] 127.0.0.1/teacher/index.php/admin/login/signin.html [运行时间：0.014941s][吞吐率：66.93req/s] [内存消耗：1,302.90kb] [文件加载：39]
[ info ] [ LANG ] /Library/WebServer/Documents/teacher/thinkphp/lang/zh-cn.php
[ info ] [ ROUTE ] array (
  'type' => 'module',
  'module' => 
  array (
    0 => 'admin',
    1 => 'login',
    2 => 'signin',
  ),
)
[ info ] [ HEADER ] array (
  'host' => '127.0.0.1',
  'accept' => 'text/html,application/xhtml+xml,application/xml;q=0.9,*/*;q=0.8',
  'upgrade-insecure-requests' => '1',
  'cookie' => 'thinkphp_show_page_trace=0|0; PHPSESSID=9cb3c32d48d2313079612db9247fb702; thinkphp_show_page_trace=0|0; _ga=GA1.1.1928635741.1545139372; Hm_lvt_7735bf09298f5202020f41e7d17938f3=1545139370',
  'user-agent' => 'Mozilla/5.0 (Macintosh; Intel Mac OS X 10_14_5) AppleWebKit/605.1.15 (KHTML, like Gecko) Version/12.1.1 Safari/605.1.15',
  'accept-language' => 'zh-cn',
  'accept-encoding' => 'gzip, deflate',
  'connection' => 'keep-alive',
)
[ info ] [ PARAM ] array (
)
[ info ] [ RUN ] app\admin\controller\Login->signIn[ /Library/WebServer/Documents/teacher/application/admin/controller/Login.php ]
[ info ] [ VIEW ] /Library/WebServer/Documents/teacher/application/admin/view/login/signin.html [ array (
) ]
[ info ] [ LOG ] INIT File

---------------------------------------------------------------
[ 2019-05-23T21:27:44+08:00 ] 127.0.0.1 127.0.0.1 GET /teacher/index.php/admin/login/signin.html
[ log ] 127.0.0.1/teacher/index.php/admin/login/signin.html [运行时间：0.012552s][吞吐率：79.67req/s] [内存消耗：1,035.07kb] [文件加载：33]
[ info ] [ LANG ] /Library/WebServer/Documents/teacher/thinkphp/lang/zh-cn.php
[ info ] [ ROUTE ] array (
  'type' => 'module',
  'module' => 
  array (
    0 => 'admin',
    1 => 'login',
    2 => 'signin',
  ),
)
[ info ] [ HEADER ] array (
  'host' => '127.0.0.1',
  'accept' => 'text/html,application/xhtml+xml,application/xml;q=0.9,*/*;q=0.8',
  'upgrade-insecure-requests' => '1',
  'cookie' => 'thinkphp_show_page_trace=0|0; PHPSESSID=9cb3c32d48d2313079612db9247fb702; thinkphp_show_page_trace=0|0; _ga=GA1.1.1928635741.1545139372; Hm_lvt_7735bf09298f5202020f41e7d17938f3=1545139370',
  'user-agent' => 'Mozilla/5.0 (Macintosh; Intel Mac OS X 10_14_5) AppleWebKit/605.1.15 (KHTML, like Gecko) Version/12.1.1 Safari/605.1.15',
  'accept-language' => 'zh-cn',
  'accept-encoding' => 'gzip, deflate',
  'connection' => 'keep-alive',
)
[ info ] [ PARAM ] array (
)
[ info ] [ LOG ] INIT File

---------------------------------------------------------------
[ 2019-05-23T21:27:50+08:00 ] 127.0.0.1 127.0.0.1 GET /teacher/index.php/admin/index
[ log ] 127.0.0.1/teacher/index.php/admin/index [运行时间：0.013249s][吞吐率：75.48req/s] [内存消耗：1,045.30kb] [文件加载：35]
[ info ] [ LANG ] /Library/WebServer/Documents/teacher/thinkphp/lang/zh-cn.php
[ info ] [ ROUTE ] array (
  'type' => 'module',
  'module' => 
  array (
    0 => 'admin',
    1 => 'index',
    2 => NULL,
  ),
)
[ info ] [ HEADER ] array (
  'host' => '127.0.0.1',
  'accept' => 'text/html,application/xhtml+xml,application/xml;q=0.9,*/*;q=0.8',
  'upgrade-insecure-requests' => '1',
  'cookie' => 'PHPSESSID=9cb3c32d48d2313079612db9247fb702; thinkphp_show_page_trace=0|0; _ga=GA1.1.1928635741.1545139372; Hm_lvt_7735bf09298f5202020f41e7d17938f3=1545139370',
  'user-agent' => 'Mozilla/5.0 (Macintosh; Intel Mac OS X 10_14_5) AppleWebKit/605.1.15 (KHTML, like Gecko) Version/12.1.1 Safari/605.1.15',
  'accept-language' => 'zh-cn',
  'accept-encoding' => 'gzip, deflate',
  'connection' => 'keep-alive',
)
[ info ] [ PARAM ] array (
)
[ info ] [ LOG ] INIT File
[ error ] [1]Class 'app\admin\controller\Base' not found[/Library/WebServer/Documents/teacher/application/admin/controller/Index.php:9]

---------------------------------------------------------------
[ 2019-05-23T21:28:11+08:00 ] 127.0.0.1 127.0.0.1 GET /teacher/index.php/admin/index
[ log ] 127.0.0.1/teacher/index.php/admin/index [运行时间：0.014822s][吞吐率：67.47req/s] [内存消耗：1,266.17kb] [文件加载：40]
[ info ] [ LANG ] /Library/WebServer/Documents/teacher/thinkphp/lang/zh-cn.php
[ info ] [ ROUTE ] array (
  'type' => 'module',
  'module' => 
  array (
    0 => 'admin',
    1 => 'index',
    2 => NULL,
  ),
)
[ info ] [ HEADER ] array (
  'host' => '127.0.0.1',
  'accept' => 'text/html,application/xhtml+xml,application/xml;q=0.9,*/*;q=0.8',
  'upgrade-insecure-requests' => '1',
  'cookie' => 'thinkphp_show_page_trace=0|0; PHPSESSID=9cb3c32d48d2313079612db9247fb702; thinkphp_show_page_trace=0|0; _ga=GA1.1.1928635741.1545139372; Hm_lvt_7735bf09298f5202020f41e7d17938f3=1545139370',
  'user-agent' => 'Mozilla/5.0 (Macintosh; Intel Mac OS X 10_14_5) AppleWebKit/605.1.15 (KHTML, like Gecko) Version/12.1.1 Safari/605.1.15',
  'accept-language' => 'zh-cn',
  'accept-encoding' => 'gzip, deflate',
  'connection' => 'keep-alive',
)
[ info ] [ PARAM ] array (
)
[ info ] [ RUN ] app\admin\controller\Index->index[ /Library/WebServer/Documents/teacher/application/admin/controller/Index.php ]
[ info ] [ LOG ] INIT File
[ error ] [0]模板文件不存在:/Library/WebServer/Documents/teacher/application/admin/view/index/index.html[/Library/WebServer/Documents/teacher/thinkphp/library/think/view/driver/Think.php:80]

---------------------------------------------------------------
[ 2019-05-23T21:28:31+08:00 ] 127.0.0.1 127.0.0.1 GET /teacher/index.php/admin/index
[ log ] 127.0.0.1/teacher/index.php/admin/index [运行时间：0.023699s][吞吐率：42.20req/s] [内存消耗：1,440.11kb] [文件加载：40]
[ info ] [ LANG ] /Library/WebServer/Documents/teacher/thinkphp/lang/zh-cn.php
[ info ] [ ROUTE ] array (
  'type' => 'module',
  'module' => 
  array (
    0 => 'admin',
    1 => 'index',
    2 => NULL,
  ),
)
[ info ] [ HEADER ] array (
  'host' => '127.0.0.1',
  'accept' => 'text/html,application/xhtml+xml,application/xml;q=0.9,*/*;q=0.8',
  'upgrade-insecure-requests' => '1',
  'cookie' => 'thinkphp_show_page_trace=0|0; PHPSESSID=9cb3c32d48d2313079612db9247fb702; thinkphp_show_page_trace=0|0; _ga=GA1.1.1928635741.1545139372; Hm_lvt_7735bf09298f5202020f41e7d17938f3=1545139370',
  'user-agent' => 'Mozilla/5.0 (Macintosh; Intel Mac OS X 10_14_5) AppleWebKit/605.1.15 (KHTML, like Gecko) Version/12.1.1 Safari/605.1.15',
  'accept-language' => 'zh-cn',
  'accept-encoding' => 'gzip, deflate',
  'connection' => 'keep-alive',
)
[ info ] [ PARAM ] array (
)
[ info ] [ RUN ] app\admin\controller\Index->index[ /Library/WebServer/Documents/teacher/application/admin/controller/Index.php ]
[ info ] [ VIEW ] /Library/WebServer/Documents/teacher/application/admin/view/index/index.html [ array (
) ]
[ info ] [ LOG ] INIT File

---------------------------------------------------------------
[ 2019-05-23T21:28:31+08:00 ] 127.0.0.1 127.0.0.1 GET /teacher/index.php/admin/assets/css/small-n-flat.css
[ log ] 127.0.0.1/teacher/index.php/admin/assets/css/small-n-flat.css [运行时间：0.018791s][吞吐率：53.22req/s] [内存消耗：1,035.03kb] [文件加载：33]
[ info ] [ LANG ] /Library/WebServer/Documents/teacher/thinkphp/lang/zh-cn.php
[ info ] [ ROUTE ] array (
  'type' => 'module',
  'module' => 
  array (
    0 => 'admin',
    1 => 'assets',
    2 => 'css',
  ),
)
[ info ] [ HEADER ] array (
  'host' => '127.0.0.1',
  'accept' => 'text/css,*/*;q=0.1',
  'connection' => 'keep-alive',
  'cookie' => 'thinkphp_show_page_trace=0|0; PHPSESSID=9cb3c32d48d2313079612db9247fb702; thinkphp_show_page_trace=0|0; _ga=GA1.1.1928635741.1545139372; Hm_lvt_7735bf09298f5202020f41e7d17938f3=1545139370',
  'user-agent' => 'Mozilla/5.0 (Macintosh; Intel Mac OS X 10_14_5) AppleWebKit/605.1.15 (KHTML, like Gecko) Version/12.1.1 Safari/605.1.15',
  'accept-language' => 'zh-cn',
  'referer' => 'http://127.0.0.1/teacher/index.php/admin/index',
  'accept-encoding' => 'gzip, deflate',
)
[ info ] [ PARAM ] array (
)
[ info ] [ LOG ] INIT File

---------------------------------------------------------------
[ 2019-05-23T21:28:31+08:00 ] 127.0.0.1 127.0.0.1 GET /teacher/index.php/admin/assets/css/material-design.css
[ log ] 127.0.0.1/teacher/index.php/admin/assets/css/material-design.css [运行时间：0.020655s][吞吐率：48.41req/s] [内存消耗：1,035.03kb] [文件加载：33]
[ info ] [ LANG ] /Library/WebServer/Documents/teacher/thinkphp/lang/zh-cn.php
[ info ] [ ROUTE ] array (
  'type' => 'module',
  'module' => 
  array (
    0 => 'admin',
    1 => 'assets',
    2 => 'css',
  ),
)
[ info ] [ HEADER ] array (
  'host' => '127.0.0.1',
  'accept' => 'text/css,*/*;q=0.1',
  'connection' => 'keep-alive',
  'cookie' => 'thinkphp_show_page_trace=0|0; PHPSESSID=9cb3c32d48d2313079612db9247fb702; thinkphp_show_page_trace=0|0; _ga=GA1.1.1928635741.1545139372; Hm_lvt_7735bf09298f5202020f41e7d17938f3=1545139370',
  'user-agent' => 'Mozilla/5.0 (Macintosh; Intel Mac OS X 10_14_5) AppleWebKit/605.1.15 (KHTML, like Gecko) Version/12.1.1 Safari/605.1.15',
  'accept-language' => 'zh-cn',
  'referer' => 'http://127.0.0.1/teacher/index.php/admin/index',
  'accept-encoding' => 'gzip, deflate',
)
[ info ] [ PARAM ] array (
)
[ info ] [ LOG ] INIT File

---------------------------------------------------------------
[ 2019-05-23T21:28:31+08:00 ] 127.0.0.1 127.0.0.1 GET /teacher/index.php/admin/assets/css/bootstrap-clearmin.min.css
[ log ] 127.0.0.1/teacher/index.php/admin/assets/css/bootstrap-clearmin.min.css [运行时间：0.028873s][吞吐率：34.63req/s] [内存消耗：1,035.17kb] [文件加载：33]
[ info ] [ LANG ] /Library/WebServer/Documents/teacher/thinkphp/lang/zh-cn.php
[ info ] [ ROUTE ] array (
  'type' => 'module',
  'module' => 
  array (
    0 => 'admin',
    1 => 'assets',
    2 => 'css',
  ),
)
[ info ] [ HEADER ] array (
  'host' => '127.0.0.1',
  'accept' => 'text/css,*/*;q=0.1',
  'connection' => 'keep-alive',
  'cookie' => 'thinkphp_show_page_trace=0|0; PHPSESSID=9cb3c32d48d2313079612db9247fb702; thinkphp_show_page_trace=0|0; _ga=GA1.1.1928635741.1545139372; Hm_lvt_7735bf09298f5202020f41e7d17938f3=1545139370',
  'user-agent' => 'Mozilla/5.0 (Macintosh; Intel Mac OS X 10_14_5) AppleWebKit/605.1.15 (KHTML, like Gecko) Version/12.1.1 Safari/605.1.15',
  'accept-language' => 'zh-cn',
  'referer' => 'http://127.0.0.1/teacher/index.php/admin/index',
  'accept-encoding' => 'gzip, deflate',
)
[ info ] [ PARAM ] array (
)
[ info ] [ LOG ] INIT File

---------------------------------------------------------------
[ 2019-05-23T21:28:31+08:00 ] 127.0.0.1 127.0.0.1 GET /teacher/index.php/admin/assets/css/roboto.css
[ log ] 127.0.0.1/teacher/index.php/admin/assets/css/roboto.css [运行时间：0.029187s][吞吐率：34.26req/s] [内存消耗：1,034.99kb] [文件加载：33]
[ info ] [ LANG ] /Library/WebServer/Documents/teacher/thinkphp/lang/zh-cn.php
[ info ] [ ROUTE ] array (
  'type' => 'module',
  'module' => 
  array (
    0 => 'admin',
    1 => 'assets',
    2 => 'css',
  ),
)
[ info ] [ HEADER ] array (
  'host' => '127.0.0.1',
  'accept' => 'text/css,*/*;q=0.1',
  'connection' => 'keep-alive',
  'cookie' => 'thinkphp_show_page_trace=0|0; PHPSESSID=9cb3c32d48d2313079612db9247fb702; thinkphp_show_page_trace=0|0; _ga=GA1.1.1928635741.1545139372; Hm_lvt_7735bf09298f5202020f41e7d17938f3=1545139370',
  'user-agent' => 'Mozilla/5.0 (Macintosh; Intel Mac OS X 10_14_5) AppleWebKit/605.1.15 (KHTML, like Gecko) Version/12.1.1 Safari/605.1.15',
  'accept-language' => 'zh-cn',
  'referer' => 'http://127.0.0.1/teacher/index.php/admin/index',
  'accept-encoding' => 'gzip, deflate',
)
[ info ] [ PARAM ] array (
)
[ info ] [ LOG ] INIT File

---------------------------------------------------------------
[ 2019-05-23T21:28:31+08:00 ] 127.0.0.1 127.0.0.1 GET /teacher/index.php/admin/assets/img/sass-less.png
[ log ] 127.0.0.1/teacher/index.php/admin/assets/img/sass-less.png [运行时间：0.027411s][吞吐率：36.48req/s] [内存消耗：1,035.27kb] [文件加载：33]
[ info ] [ LANG ] /Library/WebServer/Documents/teacher/thinkphp/lang/zh-cn.php
[ info ] [ ROUTE ] array (
  'type' => 'module',
  'module' => 
  array (
    0 => 'admin',
    1 => 'assets',
    2 => 'img',
  ),
)
[ info ] [ HEADER ] array (
  'host' => '127.0.0.1',
  'accept' => 'image/png,image/svg+xml,image/*;q=0.8,video/*;q=0.8,*/*;q=0.5',
  'connection' => 'keep-alive',
  'cookie' => 'thinkphp_show_page_trace=0|0; PHPSESSID=9cb3c32d48d2313079612db9247fb702; thinkphp_show_page_trace=0|0; _ga=GA1.1.1928635741.1545139372; Hm_lvt_7735bf09298f5202020f41e7d17938f3=1545139370',
  'user-agent' => 'Mozilla/5.0 (Macintosh; Intel Mac OS X 10_14_5) AppleWebKit/605.1.15 (KHTML, like Gecko) Version/12.1.1 Safari/605.1.15',
  'accept-language' => 'zh-cn',
  'referer' => 'http://127.0.0.1/teacher/index.php/admin/index',
  'accept-encoding' => 'gzip, deflate',
)
[ info ] [ PARAM ] array (
)
[ info ] [ LOG ] INIT File

---------------------------------------------------------------
[ 2019-05-23T21:28:31+08:00 ] 127.0.0.1 127.0.0.1 GET /teacher/index.php/admin/assets/css/font-awesome.min.css
[ log ] 127.0.0.1/teacher/index.php/admin/assets/css/font-awesome.min.css [运行时间：0.036592s][吞吐率：27.33req/s] [内存消耗：1,035.09kb] [文件加载：33]
[ info ] [ LANG ] /Library/WebServer/Documents/teacher/thinkphp/lang/zh-cn.php
[ info ] [ ROUTE ] array (
  'type' => 'module',
  'module' => 
  array (
    0 => 'admin',
    1 => 'assets',
    2 => 'css',
  ),
)
[ info ] [ HEADER ] array (
  'host' => '127.0.0.1',
  'accept' => 'text/css,*/*;q=0.1',
  'connection' => 'keep-alive',
  'cookie' => 'thinkphp_show_page_trace=0|0; PHPSESSID=9cb3c32d48d2313079612db9247fb702; thinkphp_show_page_trace=0|0; _ga=GA1.1.1928635741.1545139372; Hm_lvt_7735bf09298f5202020f41e7d17938f3=1545139370',
  'user-agent' => 'Mozilla/5.0 (Macintosh; Intel Mac OS X 10_14_5) AppleWebKit/605.1.15 (KHTML, like Gecko) Version/12.1.1 Safari/605.1.15',
  'accept-language' => 'zh-cn',
  'referer' => 'http://127.0.0.1/teacher/index.php/admin/index',
  'accept-encoding' => 'gzip, deflate',
)
[ info ] [ PARAM ] array (
)
[ info ] [ LOG ] INIT File

---------------------------------------------------------------
[ 2019-05-23T21:28:31+08:00 ] 127.0.0.1 127.0.0.1 GET /teacher/index.php/admin/assets/js/fastclick.min.js
[ log ] 127.0.0.1/teacher/index.php/admin/assets/js/fastclick.min.js [运行时间：0.026885s][吞吐率：37.20req/s] [内存消耗：1,034.98kb] [文件加载：33]
[ info ] [ LANG ] /Library/WebServer/Documents/teacher/thinkphp/lang/zh-cn.php
[ info ] [ ROUTE ] array (
  'type' => 'module',
  'module' => 
  array (
    0 => 'admin',
    1 => 'assets',
    2 => 'js',
  ),
)
[ info ] [ HEADER ] array (
  'host' => '127.0.0.1',
  'accept' => '*/*',
  'connection' => 'keep-alive',
  'cookie' => 'thinkphp_show_page_trace=0|0; PHPSESSID=9cb3c32d48d2313079612db9247fb702; thinkphp_show_page_trace=0|0; _ga=GA1.1.1928635741.1545139372; Hm_lvt_7735bf09298f5202020f41e7d17938f3=1545139370',
  'user-agent' => 'Mozilla/5.0 (Macintosh; Intel Mac OS X 10_14_5) AppleWebKit/605.1.15 (KHTML, like Gecko) Version/12.1.1 Safari/605.1.15',
  'accept-language' => 'zh-cn',
  'referer' => 'http://127.0.0.1/teacher/index.php/admin/index',
  'accept-encoding' => 'gzip, deflate',
)
[ info ] [ PARAM ] array (
)
[ info ] [ LOG ] INIT File

---------------------------------------------------------------
[ 2019-05-23T21:28:31+08:00 ] 127.0.0.1 127.0.0.1 GET /teacher/index.php/admin/assets/js/jquery.cookie.min.js
[ log ] 127.0.0.1/teacher/index.php/admin/assets/js/jquery.cookie.min.js [运行时间：0.035539s][吞吐率：28.14req/s] [内存消耗：1,034.98kb] [文件加载：33]
[ info ] [ LANG ] /Library/WebServer/Documents/teacher/thinkphp/lang/zh-cn.php
[ info ] [ ROUTE ] array (
  'type' => 'module',
  'module' => 
  array (
    0 => 'admin',
    1 => 'assets',
    2 => 'js',
  ),
)
[ info ] [ HEADER ] array (
  'host' => '127.0.0.1',
  'accept' => '*/*',
  'connection' => 'keep-alive',
  'cookie' => 'thinkphp_show_page_trace=0|0; PHPSESSID=9cb3c32d48d2313079612db9247fb702; thinkphp_show_page_trace=0|0; _ga=GA1.1.1928635741.1545139372; Hm_lvt_7735bf09298f5202020f41e7d17938f3=1545139370',
  'user-agent' => 'Mozilla/5.0 (Macintosh; Intel Mac OS X 10_14_5) AppleWebKit/605.1.15 (KHTML, like Gecko) Version/12.1.1 Safari/605.1.15',
  'accept-language' => 'zh-cn',
  'referer' => 'http://127.0.0.1/teacher/index.php/admin/index',
  'accept-encoding' => 'gzip, deflate',
)
[ info ] [ PARAM ] array (
)
[ info ] [ LOG ] INIT File

---------------------------------------------------------------
[ 2019-05-23T21:28:31+08:00 ] 127.0.0.1 127.0.0.1 GET /teacher/index.php/admin/assets/js/lib/jquery-2.1.3.min.js
[ log ] 127.0.0.1/teacher/index.php/admin/assets/js/lib/jquery-2.1.3.min.js [运行时间：0.032639s][吞吐率：30.64req/s] [内存消耗：1,035.81kb] [文件加载：33]
[ info ] [ LANG ] /Library/WebServer/Documents/teacher/thinkphp/lang/zh-cn.php
[ info ] [ ROUTE ] array (
  'type' => 'module',
  'module' => 
  array (
    0 => 'admin',
    1 => 'assets',
    2 => 'js',
  ),
)
[ info ] [ HEADER ] array (
  'host' => '127.0.0.1',
  'accept' => '*/*',
  'connection' => 'keep-alive',
  'cookie' => 'thinkphp_show_page_trace=0|0; PHPSESSID=9cb3c32d48d2313079612db9247fb702; thinkphp_show_page_trace=0|0; _ga=GA1.1.1928635741.1545139372; Hm_lvt_7735bf09298f5202020f41e7d17938f3=1545139370',
  'user-agent' => 'Mozilla/5.0 (Macintosh; Intel Mac OS X 10_14_5) AppleWebKit/605.1.15 (KHTML, like Gecko) Version/12.1.1 Safari/605.1.15',
  'accept-language' => 'zh-cn',
  'referer' => 'http://127.0.0.1/teacher/index.php/admin/index',
  'accept-encoding' => 'gzip, deflate',
)
[ info ] [ PARAM ] array (
  'lib' => 'jquery-2.1.3.min.js',
)
[ info ] [ LOG ] INIT File

---------------------------------------------------------------
[ 2019-05-23T21:28:31+08:00 ] 127.0.0.1 127.0.0.1 GET /teacher/index.php/admin/assets/js/jquery.mousewheel.min.js
[ log ] 127.0.0.1/teacher/index.php/admin/assets/js/jquery.mousewheel.min.js [运行时间：0.049791s][吞吐率：20.08req/s] [内存消耗：1,035.09kb] [文件加载：33]
[ info ] [ LANG ] /Library/WebServer/Documents/teacher/thinkphp/lang/zh-cn.php
[ info ] [ ROUTE ] array (
  'type' => 'module',
  'module' => 
  array (
    0 => 'admin',
    1 => 'assets',
    2 => 'js',
  ),
)
[ info ] [ HEADER ] array (
  'host' => '127.0.0.1',
  'accept' => '*/*',
  'connection' => 'keep-alive',
  'cookie' => 'thinkphp_show_page_trace=0|0; PHPSESSID=9cb3c32d48d2313079612db9247fb702; thinkphp_show_page_trace=0|0; _ga=GA1.1.1928635741.1545139372; Hm_lvt_7735bf09298f5202020f41e7d17938f3=1545139370',
  'user-agent' => 'Mozilla/5.0 (Macintosh; Intel Mac OS X 10_14_5) AppleWebKit/605.1.15 (KHTML, like Gecko) Version/12.1.1 Safari/605.1.15',
  'accept-language' => 'zh-cn',
  'referer' => 'http://127.0.0.1/teacher/index.php/admin/index',
  'accept-encoding' => 'gzip, deflate',
)
[ info ] [ PARAM ] array (
)
[ info ] [ LOG ] INIT File

---------------------------------------------------------------
[ 2019-05-23T21:28:31+08:00 ] 127.0.0.1 127.0.0.1 GET /teacher/index.php/admin/assets/img/devices.png
[ log ] 127.0.0.1/teacher/index.php/admin/assets/img/devices.png [运行时间：0.019785s][吞吐率：50.54req/s] [内存消耗：1,035.27kb] [文件加载：33]
[ info ] [ LANG ] /Library/WebServer/Documents/teacher/thinkphp/lang/zh-cn.php
[ info ] [ ROUTE ] array (
  'type' => 'module',
  'module' => 
  array (
    0 => 'admin',
    1 => 'assets',
    2 => 'img',
  ),
)
[ info ] [ HEADER ] array (
  'host' => '127.0.0.1',
  'accept' => 'image/png,image/svg+xml,image/*;q=0.8,video/*;q=0.8,*/*;q=0.5',
  'connection' => 'keep-alive',
  'cookie' => 'thinkphp_show_page_trace=0|0; PHPSESSID=9cb3c32d48d2313079612db9247fb702; thinkphp_show_page_trace=0|0; _ga=GA1.1.1928635741.1545139372; Hm_lvt_7735bf09298f5202020f41e7d17938f3=1545139370',
  'user-agent' => 'Mozilla/5.0 (Macintosh; Intel Mac OS X 10_14_5) AppleWebKit/605.1.15 (KHTML, like Gecko) Version/12.1.1 Safari/605.1.15',
  'accept-language' => 'zh-cn',
  'referer' => 'http://127.0.0.1/teacher/index.php/admin/index',
  'accept-encoding' => 'gzip, deflate',
)
[ info ] [ PARAM ] array (
)
[ info ] [ LOG ] INIT File

---------------------------------------------------------------
[ 2019-05-23T21:28:31+08:00 ] 127.0.0.1 127.0.0.1 GET /teacher/index.php/admin/assets/js/demo/home.js
[ log ] 127.0.0.1/teacher/index.php/admin/assets/js/demo/home.js [运行时间：0.025031s][吞吐率：39.95req/s] [内存消耗：1,035.68kb] [文件加载：33]
[ info ] [ LANG ] /Library/WebServer/Documents/teacher/thinkphp/lang/zh-cn.php
[ info ] [ ROUTE ] array (
  'type' => 'module',
  'module' => 
  array (
    0 => 'admin',
    1 => 'assets',
    2 => 'js',
  ),
)
[ info ] [ HEADER ] array (
  'host' => '127.0.0.1',
  'accept' => '*/*',
  'connection' => 'keep-alive',
  'cookie' => 'thinkphp_show_page_trace=0|0; PHPSESSID=9cb3c32d48d2313079612db9247fb702; thinkphp_show_page_trace=0|0; _ga=GA1.1.1928635741.1545139372; Hm_lvt_7735bf09298f5202020f41e7d17938f3=1545139370',
  'user-agent' => 'Mozilla/5.0 (Macintosh; Intel Mac OS X 10_14_5) AppleWebKit/605.1.15 (KHTML, like Gecko) Version/12.1.1 Safari/605.1.15',
  'accept-language' => 'zh-cn',
  'referer' => 'http://127.0.0.1/teacher/index.php/admin/index',
  'accept-encoding' => 'gzip, deflate',
)
[ info ] [ PARAM ] array (
  'demo' => 'home.js',
)
[ info ] [ LOG ] INIT File

---------------------------------------------------------------
[ 2019-05-23T21:28:31+08:00 ] 127.0.0.1 127.0.0.1 GET /teacher/index.php/admin/assets/img/sf/dashboard.svg
[ log ] 127.0.0.1/teacher/index.php/admin/assets/img/sf/dashboard.svg [运行时间：0.018585s][吞吐率：53.81req/s] [内存消耗：1,036.02kb] [文件加载：33]
[ info ] [ LANG ] /Library/WebServer/Documents/teacher/thinkphp/lang/zh-cn.php
[ info ] [ ROUTE ] array (
  'type' => 'module',
  'module' => 
  array (
    0 => 'admin',
    1 => 'assets',
    2 => 'img',
  ),
)
[ info ] [ HEADER ] array (
  'host' => '127.0.0.1',
  'accept' => 'image/png,image/svg+xml,image/*;q=0.8,video/*;q=0.8,*/*;q=0.5',
  'connection' => 'keep-alive',
  'cookie' => 'thinkphp_show_page_trace=0|0; PHPSESSID=9cb3c32d48d2313079612db9247fb702; thinkphp_show_page_trace=0|0; _ga=GA1.1.1928635741.1545139372; Hm_lvt_7735bf09298f5202020f41e7d17938f3=1545139370',
  'user-agent' => 'Mozilla/5.0 (Macintosh; Intel Mac OS X 10_14_5) AppleWebKit/605.1.15 (KHTML, like Gecko) Version/12.1.1 Safari/605.1.15',
  'accept-language' => 'zh-cn',
  'referer' => 'http://127.0.0.1/teacher/index.php/admin/index',
  'accept-encoding' => 'gzip, deflate',
)
[ info ] [ PARAM ] array (
  'sf' => 'dashboard.svg',
)
[ info ] [ LOG ] INIT File

---------------------------------------------------------------
[ 2019-05-23T21:28:31+08:00 ] 127.0.0.1 127.0.0.1 GET /teacher/index.php/admin/assets/img/components.png
[ log ] 127.0.0.1/teacher/index.php/admin/assets/img/components.png [运行时间：0.028571s][吞吐率：35.00req/s] [内存消耗：1,035.29kb] [文件加载：33]
[ info ] [ LANG ] /Library/WebServer/Documents/teacher/thinkphp/lang/zh-cn.php
[ info ] [ ROUTE ] array (
  'type' => 'module',
  'module' => 
  array (
    0 => 'admin',
    1 => 'assets',
    2 => 'img',
  ),
)
[ info ] [ HEADER ] array (
  'host' => '127.0.0.1',
  'accept' => 'image/png,image/svg+xml,image/*;q=0.8,video/*;q=0.8,*/*;q=0.5',
  'connection' => 'keep-alive',
  'cookie' => 'thinkphp_show_page_trace=0|0; PHPSESSID=9cb3c32d48d2313079612db9247fb702; thinkphp_show_page_trace=0|0; _ga=GA1.1.1928635741.1545139372; Hm_lvt_7735bf09298f5202020f41e7d17938f3=1545139370',
  'user-agent' => 'Mozilla/5.0 (Macintosh; Intel Mac OS X 10_14_5) AppleWebKit/605.1.15 (KHTML, like Gecko) Version/12.1.1 Safari/605.1.15',
  'accept-language' => 'zh-cn',
  'referer' => 'http://127.0.0.1/teacher/index.php/admin/index',
  'accept-encoding' => 'gzip, deflate',
)
[ info ] [ PARAM ] array (
)
[ info ] [ LOG ] INIT File

---------------------------------------------------------------
[ 2019-05-23T21:28:31+08:00 ] 127.0.0.1 127.0.0.1 GET /teacher/index.php/admin/assets/js/clearmin.min.js
[ log ] 127.0.0.1/teacher/index.php/admin/assets/js/clearmin.min.js [运行时间：0.056826s][吞吐率：17.60req/s] [内存消耗：1,034.98kb] [文件加载：33]
[ info ] [ LANG ] /Library/WebServer/Documents/teacher/thinkphp/lang/zh-cn.php
[ info ] [ ROUTE ] array (
  'type' => 'module',
  'module' => 
  array (
    0 => 'admin',
    1 => 'assets',
    2 => 'js',
  ),
)
[ info ] [ HEADER ] array (
  'host' => '127.0.0.1',
  'accept' => '*/*',
  'connection' => 'keep-alive',
  'cookie' => 'thinkphp_show_page_trace=0|0; PHPSESSID=9cb3c32d48d2313079612db9247fb702; thinkphp_show_page_trace=0|0; _ga=GA1.1.1928635741.1545139372; Hm_lvt_7735bf09298f5202020f41e7d17938f3=1545139370',
  'user-agent' => 'Mozilla/5.0 (Macintosh; Intel Mac OS X 10_14_5) AppleWebKit/605.1.15 (KHTML, like Gecko) Version/12.1.1 Safari/605.1.15',
  'accept-language' => 'zh-cn',
  'referer' => 'http://127.0.0.1/teacher/index.php/admin/index',
  'accept-encoding' => 'gzip, deflate',
)
[ info ] [ PARAM ] array (
)
[ info ] [ LOG ] INIT File

---------------------------------------------------------------
[ 2019-05-23T21:28:31+08:00 ] 127.0.0.1 127.0.0.1 GET /teacher/index.php/admin/assets/js/bootstrap.min.js
[ log ] 127.0.0.1/teacher/index.php/admin/assets/js/bootstrap.min.js [运行时间：0.067142s][吞吐率：14.89req/s] [内存消耗：1,034.98kb] [文件加载：33]
[ info ] [ LANG ] /Library/WebServer/Documents/teacher/thinkphp/lang/zh-cn.php
[ info ] [ ROUTE ] array (
  'type' => 'module',
  'module' => 
  array (
    0 => 'admin',
    1 => 'assets',
    2 => 'js',
  ),
)
[ info ] [ HEADER ] array (
  'host' => '127.0.0.1',
  'accept' => '*/*',
  'connection' => 'keep-alive',
  'cookie' => 'thinkphp_show_page_trace=0|0; PHPSESSID=9cb3c32d48d2313079612db9247fb702; thinkphp_show_page_trace=0|0; _ga=GA1.1.1928635741.1545139372; Hm_lvt_7735bf09298f5202020f41e7d17938f3=1545139370',
  'user-agent' => 'Mozilla/5.0 (Macintosh; Intel Mac OS X 10_14_5) AppleWebKit/605.1.15 (KHTML, like Gecko) Version/12.1.1 Safari/605.1.15',
  'accept-language' => 'zh-cn',
  'referer' => 'http://127.0.0.1/teacher/index.php/admin/index',
  'accept-encoding' => 'gzip, deflate',
)
[ info ] [ PARAM ] array (
)
[ info ] [ LOG ] INIT File

---------------------------------------------------------------
[ 2019-05-23T21:28:31+08:00 ] 127.0.0.1 127.0.0.1 GET /teacher/index.php/admin/assets/img/sf/cat.svg
[ log ] 127.0.0.1/teacher/index.php/admin/assets/img/sf/cat.svg [运行时间：0.019886s][吞吐率：50.29req/s] [内存消耗：1,035.98kb] [文件加载：33]
[ info ] [ LANG ] /Library/WebServer/Documents/teacher/thinkphp/lang/zh-cn.php
[ info ] [ ROUTE ] array (
  'type' => 'module',
  'module' => 
  array (
    0 => 'admin',
    1 => 'assets',
    2 => 'img',
  ),
)
[ info ] [ HEADER ] array (
  'host' => '127.0.0.1',
  'accept' => 'image/png,image/svg+xml,image/*;q=0.8,video/*;q=0.8,*/*;q=0.5',
  'connection' => 'keep-alive',
  'cookie' => 'thinkphp_show_page_trace=0|0; PHPSESSID=9cb3c32d48d2313079612db9247fb702; thinkphp_show_page_trace=0|0; _ga=GA1.1.1928635741.1545139372; Hm_lvt_7735bf09298f5202020f41e7d17938f3=1545139370',
  'user-agent' => 'Mozilla/5.0 (Macintosh; Intel Mac OS X 10_14_5) AppleWebKit/605.1.15 (KHTML, like Gecko) Version/12.1.1 Safari/605.1.15',
  'accept-language' => 'zh-cn',
  'referer' => 'http://127.0.0.1/teacher/index.php/admin/index',
  'accept-encoding' => 'gzip, deflate',
)
[ info ] [ PARAM ] array (
  'sf' => 'cat.svg',
)
[ info ] [ LOG ] INIT File

---------------------------------------------------------------
[ 2019-05-23T21:28:31+08:00 ] 127.0.0.1 127.0.0.1 GET /teacher/index.php/admin/assets/img/sf/notepad.svg
[ log ] 127.0.0.1/teacher/index.php/admin/assets/img/sf/notepad.svg [运行时间：0.034170s][吞吐率：29.27req/s] [内存消耗：1,036.02kb] [文件加载：33]
[ info ] [ LANG ] /Library/WebServer/Documents/teacher/thinkphp/lang/zh-cn.php
[ info ] [ ROUTE ] array (
  'type' => 'module',
  'module' => 
  array (
    0 => 'admin',
    1 => 'assets',
    2 => 'img',
  ),
)
[ info ] [ HEADER ] array (
  'host' => '127.0.0.1',
  'accept' => 'image/png,image/svg+xml,image/*;q=0.8,video/*;q=0.8,*/*;q=0.5',
  'connection' => 'keep-alive',
  'cookie' => 'thinkphp_show_page_trace=0|0; PHPSESSID=9cb3c32d48d2313079612db9247fb702; thinkphp_show_page_trace=0|0; _ga=GA1.1.1928635741.1545139372; Hm_lvt_7735bf09298f5202020f41e7d17938f3=1545139370',
  'user-agent' => 'Mozilla/5.0 (Macintosh; Intel Mac OS X 10_14_5) AppleWebKit/605.1.15 (KHTML, like Gecko) Version/12.1.1 Safari/605.1.15',
  'accept-language' => 'zh-cn',
  'referer' => 'http://127.0.0.1/teacher/index.php/admin/index',
  'accept-encoding' => 'gzip, deflate',
)
[ info ] [ PARAM ] array (
  'sf' => 'notepad.svg',
)
[ info ] [ LOG ] INIT File

---------------------------------------------------------------
[ 2019-05-23T21:28:31+08:00 ] 127.0.0.1 127.0.0.1 GET /teacher/index.php/admin/assets/img/sf/brick.svg
[ log ] 127.0.0.1/teacher/index.php/admin/assets/img/sf/brick.svg [运行时间：0.035940s][吞吐率：27.82req/s] [内存消耗：1,036.00kb] [文件加载：33]
[ info ] [ LANG ] /Library/WebServer/Documents/teacher/thinkphp/lang/zh-cn.php
[ info ] [ ROUTE ] array (
  'type' => 'module',
  'module' => 
  array (
    0 => 'admin',
    1 => 'assets',
    2 => 'img',
  ),
)
[ info ] [ HEADER ] array (
  'host' => '127.0.0.1',
  'accept' => 'image/png,image/svg+xml,image/*;q=0.8,video/*;q=0.8,*/*;q=0.5',
  'connection' => 'keep-alive',
  'cookie' => 'thinkphp_show_page_trace=0|0; PHPSESSID=9cb3c32d48d2313079612db9247fb702; thinkphp_show_page_trace=0|0; _ga=GA1.1.1928635741.1545139372; Hm_lvt_7735bf09298f5202020f41e7d17938f3=1545139370',
  'user-agent' => 'Mozilla/5.0 (Macintosh; Intel Mac OS X 10_14_5) AppleWebKit/605.1.15 (KHTML, like Gecko) Version/12.1.1 Safari/605.1.15',
  'accept-language' => 'zh-cn',
  'referer' => 'http://127.0.0.1/teacher/index.php/admin/index',
  'accept-encoding' => 'gzip, deflate',
)
[ info ] [ PARAM ] array (
  'sf' => 'brick.svg',
)
[ info ] [ LOG ] INIT File

---------------------------------------------------------------
[ 2019-05-23T21:28:31+08:00 ] 127.0.0.1 127.0.0.1 GET /teacher/index.php/admin/assets/img/sf/window-layout.svg
[ log ] 127.0.0.1/teacher/index.php/admin/assets/img/sf/window-layout.svg [运行时间：0.030936s][吞吐率：32.32req/s] [内存消耗：1,036.09kb] [文件加载：33]
[ info ] [ LANG ] /Library/WebServer/Documents/teacher/thinkphp/lang/zh-cn.php
[ info ] [ ROUTE ] array (
  'type' => 'module',
  'module' => 
  array (
    0 => 'admin',
    1 => 'assets',
    2 => 'img',
  ),
)
[ info ] [ HEADER ] array (
  'host' => '127.0.0.1',
  'accept' => 'image/png,image/svg+xml,image/*;q=0.8,video/*;q=0.8,*/*;q=0.5',
  'connection' => 'keep-alive',
  'cookie' => 'thinkphp_show_page_trace=0|0; PHPSESSID=9cb3c32d48d2313079612db9247fb702; thinkphp_show_page_trace=0|0; _ga=GA1.1.1928635741.1545139372; Hm_lvt_7735bf09298f5202020f41e7d17938f3=1545139370',
  'user-agent' => 'Mozilla/5.0 (Macintosh; Intel Mac OS X 10_14_5) AppleWebKit/605.1.15 (KHTML, like Gecko) Version/12.1.1 Safari/605.1.15',
  'accept-language' => 'zh-cn',
  'referer' => 'http://127.0.0.1/teacher/index.php/admin/index',
  'accept-encoding' => 'gzip, deflate',
)
[ info ] [ PARAM ] array (
  'sf' => 'window-layout.svg',
)
[ info ] [ LOG ] INIT File

---------------------------------------------------------------
[ 2019-05-23T21:28:31+08:00 ] 127.0.0.1 127.0.0.1 GET /teacher/index.php/admin/assets/img/sf/lock-open.svg
[ log ] 127.0.0.1/teacher/index.php/admin/assets/img/sf/lock-open.svg [运行时间：0.029499s][吞吐率：33.90req/s] [内存消耗：1,036.02kb] [文件加载：33]
[ info ] [ LANG ] /Library/WebServer/Documents/teacher/thinkphp/lang/zh-cn.php
[ info ] [ ROUTE ] array (
  'type' => 'module',
  'module' => 
  array (
    0 => 'admin',
    1 => 'assets',
    2 => 'img',
  ),
)
[ info ] [ HEADER ] array (
  'host' => '127.0.0.1',
  'accept' => 'image/png,image/svg+xml,image/*;q=0.8,video/*;q=0.8,*/*;q=0.5',
  'connection' => 'keep-alive',
  'cookie' => 'thinkphp_show_page_trace=0|0; PHPSESSID=9cb3c32d48d2313079612db9247fb702; thinkphp_show_page_trace=0|0; _ga=GA1.1.1928635741.1545139372; Hm_lvt_7735bf09298f5202020f41e7d17938f3=1545139370',
  'user-agent' => 'Mozilla/5.0 (Macintosh; Intel Mac OS X 10_14_5) AppleWebKit/605.1.15 (KHTML, like Gecko) Version/12.1.1 Safari/605.1.15',
  'accept-language' => 'zh-cn',
  'referer' => 'http://127.0.0.1/teacher/index.php/admin/index',
  'accept-encoding' => 'gzip, deflate',
)
[ info ] [ PARAM ] array (
  'sf' => 'lock-open.svg',
)
[ info ] [ LOG ] INIT File

---------------------------------------------------------------
[ 2019-05-23T21:29:07+08:00 ] 127.0.0.1 127.0.0.1 GET /teacher/index.php/admin/ico-sf.html
[ log ] 127.0.0.1/teacher/index.php/admin/ico-sf.html [运行时间：0.012734s][吞吐率：78.53req/s] [内存消耗：1,035.68kb] [文件加载：33]
[ info ] [ LANG ] /Library/WebServer/Documents/teacher/thinkphp/lang/zh-cn.php
[ info ] [ ROUTE ] array (
  'type' => 'module',
  'module' => 
  array (
    0 => 'admin',
    1 => 'ico-sf',
    2 => NULL,
  ),
)
[ info ] [ HEADER ] array (
  'host' => '127.0.0.1',
  'cookie' => 'thinkphp_show_page_trace=0|0; PHPSESSID=9cb3c32d48d2313079612db9247fb702; thinkphp_show_page_trace=0|0; _ga=GA1.1.1928635741.1545139372; Hm_lvt_7735bf09298f5202020f41e7d17938f3=1545139370',
  'connection' => 'keep-alive',
  'upgrade-insecure-requests' => '1',
  'accept' => 'text/html,application/xhtml+xml,application/xml;q=0.9,*/*;q=0.8',
  'user-agent' => 'Mozilla/5.0 (Macintosh; Intel Mac OS X 10_14_5) AppleWebKit/605.1.15 (KHTML, like Gecko) Version/12.1.1 Safari/605.1.15',
  'referer' => 'http://127.0.0.1/teacher/index.php/admin/index',
  'accept-language' => 'zh-cn',
  'accept-encoding' => 'gzip, deflate',
)
[ info ] [ PARAM ] array (
)
[ info ] [ LOG ] INIT File

---------------------------------------------------------------
[ 2019-05-23T21:29:07+08:00 ] 127.0.0.1 127.0.0.1 GET /teacher/index.php/admin/ico-sf.html
[ log ] 127.0.0.1/teacher/index.php/admin/ico-sf.html [运行时间：0.012559s][吞吐率：79.62req/s] [内存消耗：1,035.68kb] [文件加载：33]
[ info ] [ LANG ] /Library/WebServer/Documents/teacher/thinkphp/lang/zh-cn.php
[ info ] [ ROUTE ] array (
  'type' => 'module',
  'module' => 
  array (
    0 => 'admin',
    1 => 'ico-sf',
    2 => NULL,
  ),
)
[ info ] [ HEADER ] array (
  'host' => '127.0.0.1',
  'cookie' => 'thinkphp_show_page_trace=0|0; PHPSESSID=9cb3c32d48d2313079612db9247fb702; thinkphp_show_page_trace=0|0; _ga=GA1.1.1928635741.1545139372; Hm_lvt_7735bf09298f5202020f41e7d17938f3=1545139370',
  'connection' => 'keep-alive',
  'upgrade-insecure-requests' => '1',
  'accept' => 'text/html,application/xhtml+xml,application/xml;q=0.9,*/*;q=0.8',
  'user-agent' => 'Mozilla/5.0 (Macintosh; Intel Mac OS X 10_14_5) AppleWebKit/605.1.15 (KHTML, like Gecko) Version/12.1.1 Safari/605.1.15',
  'referer' => 'http://127.0.0.1/teacher/index.php/admin/index',
  'accept-language' => 'zh-cn',
  'accept-encoding' => 'gzip, deflate',
)
[ info ] [ PARAM ] array (
)
[ info ] [ LOG ] INIT File

---------------------------------------------------------------
[ 2019-05-23T21:29:10+08:00 ] 127.0.0.1 127.0.0.1 GET /teacher/index.php/admin/index
[ log ] 127.0.0.1/teacher/index.php/admin/index [运行时间：0.025541s][吞吐率：39.15req/s] [内存消耗：1,444.11kb] [文件加载：40]
[ info ] [ LANG ] /Library/WebServer/Documents/teacher/thinkphp/lang/zh-cn.php
[ info ] [ ROUTE ] array (
  'type' => 'module',
  'module' => 
  array (
    0 => 'admin',
    1 => 'index',
    2 => NULL,
  ),
)
[ info ] [ HEADER ] array (
  'host' => '127.0.0.1',
  'accept' => 'text/html,application/xhtml+xml,application/xml;q=0.9,*/*;q=0.8',
  'upgrade-insecure-requests' => '1',
  'cookie' => 'thinkphp_show_page_trace=0|0; PHPSESSID=9cb3c32d48d2313079612db9247fb702; thinkphp_show_page_trace=0|0; _ga=GA1.1.1928635741.1545139372; Hm_lvt_7735bf09298f5202020f41e7d17938f3=1545139370',
  'user-agent' => 'Mozilla/5.0 (Macintosh; Intel Mac OS X 10_14_5) AppleWebKit/605.1.15 (KHTML, like Gecko) Version/12.1.1 Safari/605.1.15',
  'accept-language' => 'zh-cn',
  'accept-encoding' => 'gzip, deflate',
  'connection' => 'keep-alive',
)
[ info ] [ PARAM ] array (
)
[ info ] [ RUN ] app\admin\controller\Index->index[ /Library/WebServer/Documents/teacher/application/admin/controller/Index.php ]
[ info ] [ VIEW ] /Library/WebServer/Documents/teacher/application/admin/view/index/index.html [ array (
) ]
[ info ] [ LOG ] INIT File

---------------------------------------------------------------
[ 2019-05-23T21:29:11+08:00 ] 127.0.0.1 127.0.0.1 GET /teacher/index.php/admin/index
[ log ] 127.0.0.1/teacher/index.php/admin/index [运行时间：0.014213s][吞吐率：70.36req/s] [内存消耗：1,269.91kb] [文件加载：38]
[ info ] [ LANG ] /Library/WebServer/Documents/teacher/thinkphp/lang/zh-cn.php
[ info ] [ ROUTE ] array (
  'type' => 'module',
  'module' => 
  array (
    0 => 'admin',
    1 => 'index',
    2 => NULL,
  ),
)
[ info ] [ HEADER ] array (
  'host' => '127.0.0.1',
  'accept' => 'text/html,application/xhtml+xml,application/xml;q=0.9,*/*;q=0.8',
  'upgrade-insecure-requests' => '1',
  'cookie' => 'thinkphp_show_page_trace=0|0; PHPSESSID=9cb3c32d48d2313079612db9247fb702; thinkphp_show_page_trace=0|0; _ga=GA1.1.1928635741.1545139372; Hm_lvt_7735bf09298f5202020f41e7d17938f3=1545139370',
  'user-agent' => 'Mozilla/5.0 (Macintosh; Intel Mac OS X 10_14_5) AppleWebKit/605.1.15 (KHTML, like Gecko) Version/12.1.1 Safari/605.1.15',
  'accept-language' => 'zh-cn',
  'accept-encoding' => 'gzip, deflate',
  'connection' => 'keep-alive',
)
[ info ] [ PARAM ] array (
)
[ info ] [ RUN ] app\admin\controller\Index->index[ /Library/WebServer/Documents/teacher/application/admin/controller/Index.php ]
[ info ] [ VIEW ] /Library/WebServer/Documents/teacher/application/admin/view/index/index.html [ array (
) ]
[ info ] [ LOG ] INIT File

---------------------------------------------------------------
[ 2019-05-23T21:29:46+08:00 ] 127.0.0.1 127.0.0.1 GET /teacher/index.php/admin/index
[ log ] 127.0.0.1/teacher/index.php/admin/index [运行时间：0.026333s][吞吐率：37.98req/s] [内存消耗：1,444.11kb] [文件加载：40]
[ info ] [ LANG ] /Library/WebServer/Documents/teacher/thinkphp/lang/zh-cn.php
[ info ] [ ROUTE ] array (
  'type' => 'module',
  'module' => 
  array (
    0 => 'admin',
    1 => 'index',
    2 => NULL,
  ),
)
[ info ] [ HEADER ] array (
  'host' => '127.0.0.1',
  'accept' => 'text/html,application/xhtml+xml,application/xml;q=0.9,*/*;q=0.8',
  'upgrade-insecure-requests' => '1',
  'cookie' => 'thinkphp_show_page_trace=0|0; PHPSESSID=9cb3c32d48d2313079612db9247fb702; thinkphp_show_page_trace=0|0; _ga=GA1.1.1928635741.1545139372; Hm_lvt_7735bf09298f5202020f41e7d17938f3=1545139370',
  'user-agent' => 'Mozilla/5.0 (Macintosh; Intel Mac OS X 10_14_5) AppleWebKit/605.1.15 (KHTML, like Gecko) Version/12.1.1 Safari/605.1.15',
  'accept-language' => 'zh-cn',
  'accept-encoding' => 'gzip, deflate',
  'connection' => 'keep-alive',
)
[ info ] [ PARAM ] array (
)
[ info ] [ RUN ] app\admin\controller\Index->index[ /Library/WebServer/Documents/teacher/application/admin/controller/Index.php ]
[ info ] [ VIEW ] /Library/WebServer/Documents/teacher/application/admin/view/index/index.html [ array (
) ]
[ info ] [ LOG ] INIT File

---------------------------------------------------------------
[ 2019-05-23T21:30:09+08:00 ] 127.0.0.1 127.0.0.1 GET /teacher/index.php/admin/index
[ log ] 127.0.0.1/teacher/index.php/admin/index [运行时间：0.025582s][吞吐率：39.09req/s] [内存消耗：1,444.11kb] [文件加载：40]
[ info ] [ LANG ] /Library/WebServer/Documents/teacher/thinkphp/lang/zh-cn.php
[ info ] [ ROUTE ] array (
  'type' => 'module',
  'module' => 
  array (
    0 => 'admin',
    1 => 'index',
    2 => NULL,
  ),
)
[ info ] [ HEADER ] array (
  'host' => '127.0.0.1',
  'accept' => 'text/html,application/xhtml+xml,application/xml;q=0.9,*/*;q=0.8',
  'upgrade-insecure-requests' => '1',
  'cookie' => 'thinkphp_show_page_trace=0|0; PHPSESSID=9cb3c32d48d2313079612db9247fb702; thinkphp_show_page_trace=0|0; _ga=GA1.1.1928635741.1545139372; Hm_lvt_7735bf09298f5202020f41e7d17938f3=1545139370',
  'user-agent' => 'Mozilla/5.0 (Macintosh; Intel Mac OS X 10_14_5) AppleWebKit/605.1.15 (KHTML, like Gecko) Version/12.1.1 Safari/605.1.15',
  'accept-language' => 'zh-cn',
  'accept-encoding' => 'gzip, deflate',
  'connection' => 'keep-alive',
)
[ info ] [ PARAM ] array (
)
[ info ] [ RUN ] app\admin\controller\Index->index[ /Library/WebServer/Documents/teacher/application/admin/controller/Index.php ]
[ info ] [ VIEW ] /Library/WebServer/Documents/teacher/application/admin/view/index/index.html [ array (
) ]
[ info ] [ LOG ] INIT File

---------------------------------------------------------------
[ 2019-05-23T21:30:24+08:00 ] 127.0.0.1 127.0.0.1 GET /teacher/index.php/admin/index
[ log ] 127.0.0.1/teacher/index.php/admin/index [运行时间：0.025246s][吞吐率：39.61req/s] [内存消耗：1,444.11kb] [文件加载：40]
[ info ] [ LANG ] /Library/WebServer/Documents/teacher/thinkphp/lang/zh-cn.php
[ info ] [ ROUTE ] array (
  'type' => 'module',
  'module' => 
  array (
    0 => 'admin',
    1 => 'index',
    2 => NULL,
  ),
)
[ info ] [ HEADER ] array (
  'host' => '127.0.0.1',
  'accept' => 'text/html,application/xhtml+xml,application/xml;q=0.9,*/*;q=0.8',
  'upgrade-insecure-requests' => '1',
  'cookie' => 'thinkphp_show_page_trace=0|0; PHPSESSID=9cb3c32d48d2313079612db9247fb702; thinkphp_show_page_trace=0|0; _ga=GA1.1.1928635741.1545139372; Hm_lvt_7735bf09298f5202020f41e7d17938f3=1545139370',
  'user-agent' => 'Mozilla/5.0 (Macintosh; Intel Mac OS X 10_14_5) AppleWebKit/605.1.15 (KHTML, like Gecko) Version/12.1.1 Safari/605.1.15',
  'accept-language' => 'zh-cn',
  'accept-encoding' => 'gzip, deflate',
  'connection' => 'keep-alive',
)
[ info ] [ PARAM ] array (
)
[ info ] [ RUN ] app\admin\controller\Index->index[ /Library/WebServer/Documents/teacher/application/admin/controller/Index.php ]
[ info ] [ VIEW ] /Library/WebServer/Documents/teacher/application/admin/view/index/index.html [ array (
) ]
[ info ] [ LOG ] INIT File

---------------------------------------------------------------
[ 2019-05-23T21:31:04+08:00 ] 127.0.0.1 127.0.0.1 GET /teacher/index.php/admin/index
[ log ] 127.0.0.1/teacher/index.php/admin/index [运行时间：0.022881s][吞吐率：43.70req/s] [内存消耗：1,400.11kb] [文件加载：40]
[ info ] [ LANG ] /Library/WebServer/Documents/teacher/thinkphp/lang/zh-cn.php
[ info ] [ ROUTE ] array (
  'type' => 'module',
  'module' => 
  array (
    0 => 'admin',
    1 => 'index',
    2 => NULL,
  ),
)
[ info ] [ HEADER ] array (
  'host' => '127.0.0.1',
  'accept' => 'text/html,application/xhtml+xml,application/xml;q=0.9,*/*;q=0.8',
  'upgrade-insecure-requests' => '1',
  'cookie' => 'thinkphp_show_page_trace=0|0; PHPSESSID=9cb3c32d48d2313079612db9247fb702; thinkphp_show_page_trace=0|0; _ga=GA1.1.1928635741.1545139372; Hm_lvt_7735bf09298f5202020f41e7d17938f3=1545139370',
  'user-agent' => 'Mozilla/5.0 (Macintosh; Intel Mac OS X 10_14_5) AppleWebKit/605.1.15 (KHTML, like Gecko) Version/12.1.1 Safari/605.1.15',
  'accept-language' => 'zh-cn',
  'accept-encoding' => 'gzip, deflate',
  'connection' => 'keep-alive',
)
[ info ] [ PARAM ] array (
)
[ info ] [ RUN ] app\admin\controller\Index->index[ /Library/WebServer/Documents/teacher/application/admin/controller/Index.php ]
[ info ] [ VIEW ] /Library/WebServer/Documents/teacher/application/admin/view/index/index.html [ array (
) ]
[ info ] [ LOG ] INIT File

---------------------------------------------------------------
[ 2019-05-23T21:31:20+08:00 ] 127.0.0.1 127.0.0.1 GET /teacher/index.php/admin/index
[ log ] 127.0.0.1/teacher/index.php/admin/index [运行时间：0.024351s][吞吐率：41.07req/s] [内存消耗：1,400.11kb] [文件加载：40]
[ info ] [ LANG ] /Library/WebServer/Documents/teacher/thinkphp/lang/zh-cn.php
[ info ] [ ROUTE ] array (
  'type' => 'module',
  'module' => 
  array (
    0 => 'admin',
    1 => 'index',
    2 => NULL,
  ),
)
[ info ] [ HEADER ] array (
  'host' => '127.0.0.1',
  'accept' => 'text/html,application/xhtml+xml,application/xml;q=0.9,*/*;q=0.8',
  'upgrade-insecure-requests' => '1',
  'cookie' => 'thinkphp_show_page_trace=0|0; PHPSESSID=9cb3c32d48d2313079612db9247fb702; thinkphp_show_page_trace=0|0; _ga=GA1.1.1928635741.1545139372; Hm_lvt_7735bf09298f5202020f41e7d17938f3=1545139370',
  'user-agent' => 'Mozilla/5.0 (Macintosh; Intel Mac OS X 10_14_5) AppleWebKit/605.1.15 (KHTML, like Gecko) Version/12.1.1 Safari/605.1.15',
  'accept-language' => 'zh-cn',
  'accept-encoding' => 'gzip, deflate',
  'connection' => 'keep-alive',
)
[ info ] [ PARAM ] array (
)
[ info ] [ RUN ] app\admin\controller\Index->index[ /Library/WebServer/Documents/teacher/application/admin/controller/Index.php ]
[ info ] [ VIEW ] /Library/WebServer/Documents/teacher/application/admin/view/index/index.html [ array (
) ]
[ info ] [ LOG ] INIT File

---------------------------------------------------------------
[ 2019-05-23T21:31:27+08:00 ] 127.0.0.1 127.0.0.1 GET /teacher/index.php/admin/index
[ log ] 127.0.0.1/teacher/index.php/admin/index [运行时间：0.026443s][吞吐率：37.82req/s] [内存消耗：1,400.11kb] [文件加载：40]
[ info ] [ LANG ] /Library/WebServer/Documents/teacher/thinkphp/lang/zh-cn.php
[ info ] [ ROUTE ] array (
  'type' => 'module',
  'module' => 
  array (
    0 => 'admin',
    1 => 'index',
    2 => NULL,
  ),
)
[ info ] [ HEADER ] array (
  'host' => '127.0.0.1',
  'accept' => 'text/html,application/xhtml+xml,application/xml;q=0.9,*/*;q=0.8',
  'upgrade-insecure-requests' => '1',
  'cookie' => 'thinkphp_show_page_trace=0|0; PHPSESSID=9cb3c32d48d2313079612db9247fb702; thinkphp_show_page_trace=0|0; _ga=GA1.1.1928635741.1545139372; Hm_lvt_7735bf09298f5202020f41e7d17938f3=1545139370',
  'user-agent' => 'Mozilla/5.0 (Macintosh; Intel Mac OS X 10_14_5) AppleWebKit/605.1.15 (KHTML, like Gecko) Version/12.1.1 Safari/605.1.15',
  'accept-language' => 'zh-cn',
  'accept-encoding' => 'gzip, deflate',
  'connection' => 'keep-alive',
)
[ info ] [ PARAM ] array (
)
[ info ] [ RUN ] app\admin\controller\Index->index[ /Library/WebServer/Documents/teacher/application/admin/controller/Index.php ]
[ info ] [ VIEW ] /Library/WebServer/Documents/teacher/application/admin/view/index/index.html [ array (
) ]
[ info ] [ LOG ] INIT File

---------------------------------------------------------------
[ 2019-05-23T21:31:37+08:00 ] 127.0.0.1 127.0.0.1 GET /teacher/index.php/admin/index
[ log ] 127.0.0.1/teacher/index.php/admin/index [运行时间：0.026293s][吞吐率：38.03req/s] [内存消耗：1,400.11kb] [文件加载：40]
[ info ] [ LANG ] /Library/WebServer/Documents/teacher/thinkphp/lang/zh-cn.php
[ info ] [ ROUTE ] array (
  'type' => 'module',
  'module' => 
  array (
    0 => 'admin',
    1 => 'index',
    2 => NULL,
  ),
)
[ info ] [ HEADER ] array (
  'host' => '127.0.0.1',
  'accept' => 'text/html,application/xhtml+xml,application/xml;q=0.9,*/*;q=0.8',
  'upgrade-insecure-requests' => '1',
  'cookie' => 'thinkphp_show_page_trace=0|0; PHPSESSID=9cb3c32d48d2313079612db9247fb702; thinkphp_show_page_trace=0|0; _ga=GA1.1.1928635741.1545139372; Hm_lvt_7735bf09298f5202020f41e7d17938f3=1545139370',
  'user-agent' => 'Mozilla/5.0 (Macintosh; Intel Mac OS X 10_14_5) AppleWebKit/605.1.15 (KHTML, like Gecko) Version/12.1.1 Safari/605.1.15',
  'accept-language' => 'zh-cn',
  'accept-encoding' => 'gzip, deflate',
  'connection' => 'keep-alive',
)
[ info ] [ PARAM ] array (
)
[ info ] [ RUN ] app\admin\controller\Index->index[ /Library/WebServer/Documents/teacher/application/admin/controller/Index.php ]
[ info ] [ VIEW ] /Library/WebServer/Documents/teacher/application/admin/view/index/index.html [ array (
) ]
[ info ] [ LOG ] INIT File

---------------------------------------------------------------
[ 2019-05-23T21:31:57+08:00 ] 127.0.0.1 127.0.0.1 GET /teacher/index.php/admin/index
[ log ] 127.0.0.1/teacher/index.php/admin/index [运行时间：0.014880s][吞吐率：67.20req/s] [内存消耗：1,400.11kb] [文件加载：40]
[ info ] [ LANG ] /Library/WebServer/Documents/teacher/thinkphp/lang/zh-cn.php
[ info ] [ ROUTE ] array (
  'type' => 'module',
  'module' => 
  array (
    0 => 'admin',
    1 => 'index',
    2 => NULL,
  ),
)
[ info ] [ HEADER ] array (
  'host' => '127.0.0.1',
  'accept' => 'text/html,application/xhtml+xml,application/xml;q=0.9,*/*;q=0.8',
  'upgrade-insecure-requests' => '1',
  'cookie' => 'thinkphp_show_page_trace=0|0; PHPSESSID=9cb3c32d48d2313079612db9247fb702; thinkphp_show_page_trace=0|0; _ga=GA1.1.1928635741.1545139372; Hm_lvt_7735bf09298f5202020f41e7d17938f3=1545139370',
  'user-agent' => 'Mozilla/5.0 (Macintosh; Intel Mac OS X 10_14_5) AppleWebKit/605.1.15 (KHTML, like Gecko) Version/12.1.1 Safari/605.1.15',
  'accept-language' => 'zh-cn',
  'accept-encoding' => 'gzip, deflate',
  'connection' => 'keep-alive',
)
[ info ] [ PARAM ] array (
)
[ info ] [ RUN ] app\admin\controller\Index->index[ /Library/WebServer/Documents/teacher/application/admin/controller/Index.php ]
[ info ] [ VIEW ] /Library/WebServer/Documents/teacher/application/admin/view/index/index.html [ array (
) ]
[ info ] [ LOG ] INIT File

---------------------------------------------------------------
[ 2019-05-23T21:33:32+08:00 ] 127.0.0.1 127.0.0.1 GET /teacher/index.php/admin/login/signin.html
[ log ] 127.0.0.1/teacher/index.php/admin/login/signin.html [运行时间：0.018497s][吞吐率：54.06req/s] [内存消耗：1,266.97kb] [文件加载：40]
[ info ] [ LANG ] /Library/WebServer/Documents/teacher/thinkphp/lang/zh-cn.php
[ info ] [ ROUTE ] array (
  'type' => 'module',
  'module' => 
  array (
    0 => 'admin',
    1 => 'login',
    2 => 'signin',
  ),
)
[ info ] [ HEADER ] array (
  'host' => '127.0.0.1',
  'accept' => 'text/html,application/xhtml+xml,application/xml;q=0.9,*/*;q=0.8',
  'upgrade-insecure-requests' => '1',
  'cookie' => 'thinkphp_show_page_trace=0|0; thinkphp_show_page_trace=0|0; PHPSESSID=9cb3c32d48d2313079612db9247fb702; thinkphp_show_page_trace=0|0; _ga=GA1.1.1928635741.1545139372; Hm_lvt_7735bf09298f5202020f41e7d17938f3=1545139370',
  'user-agent' => 'Mozilla/5.0 (Macintosh; Intel Mac OS X 10_14_5) AppleWebKit/605.1.15 (KHTML, like Gecko) Version/12.1.1 Safari/605.1.15',
  'accept-language' => 'zh-cn',
  'accept-encoding' => 'gzip, deflate',
  'connection' => 'keep-alive',
)
[ info ] [ PARAM ] array (
)
[ info ] [ LOG ] INIT File

---------------------------------------------------------------
[ 2019-05-23T21:33:34+08:00 ] 127.0.0.1 127.0.0.1 GET /teacher/index.php/admin/login
[ log ] 127.0.0.1/teacher/index.php/admin/login [运行时间：0.020009s][吞吐率：49.98req/s] [内存消耗：1,245.65kb] [文件加载：38]
[ info ] [ LANG ] /Library/WebServer/Documents/teacher/thinkphp/lang/zh-cn.php
[ info ] [ ROUTE ] array (
  'type' => 'module',
  'module' => 
  array (
    0 => 'admin',
    1 => 'login',
    2 => NULL,
  ),
)
[ info ] [ HEADER ] array (
  'host' => '127.0.0.1',
  'accept' => 'text/html,application/xhtml+xml,application/xml;q=0.9,*/*;q=0.8',
  'upgrade-insecure-requests' => '1',
  'cookie' => 'thinkphp_show_page_trace=0|0; thinkphp_show_page_trace=0|0; PHPSESSID=9cb3c32d48d2313079612db9247fb702; thinkphp_show_page_trace=0|0; _ga=GA1.1.1928635741.1545139372; Hm_lvt_7735bf09298f5202020f41e7d17938f3=1545139370',
  'user-agent' => 'Mozilla/5.0 (Macintosh; Intel Mac OS X 10_14_5) AppleWebKit/605.1.15 (KHTML, like Gecko) Version/12.1.1 Safari/605.1.15',
  'accept-language' => 'zh-cn',
  'accept-encoding' => 'gzip, deflate',
  'connection' => 'keep-alive',
)
[ info ] [ PARAM ] array (
)
[ info ] [ RUN ] app\admin\controller\Login->index[ /Library/WebServer/Documents/teacher/application/admin/controller/Login.php ]
[ info ] [ VIEW ] /Library/WebServer/Documents/teacher/application/admin/view/login/index.html [ array (
) ]
[ info ] [ LOG ] INIT File

---------------------------------------------------------------
[ 2019-05-23T21:34:05+08:00 ] 127.0.0.1 127.0.0.1 GET /teacher/index.php/admin/login
[ log ] 127.0.0.1/teacher/index.php/admin/login [运行时间：0.023594s][吞吐率：42.38req/s] [内存消耗：1,381.58kb] [文件加载：40]
[ info ] [ LANG ] /Library/WebServer/Documents/teacher/thinkphp/lang/zh-cn.php
[ info ] [ ROUTE ] array (
  'type' => 'module',
  'module' => 
  array (
    0 => 'admin',
    1 => 'login',
    2 => NULL,
  ),
)
[ info ] [ HEADER ] array (
  'host' => '127.0.0.1',
  'accept' => 'text/html,application/xhtml+xml,application/xml;q=0.9,*/*;q=0.8',
  'upgrade-insecure-requests' => '1',
  'cookie' => 'thinkphp_show_page_trace=0|0; thinkphp_show_page_trace=0|0; PHPSESSID=9cb3c32d48d2313079612db9247fb702; thinkphp_show_page_trace=0|0; _ga=GA1.1.1928635741.1545139372; Hm_lvt_7735bf09298f5202020f41e7d17938f3=1545139370',
  'user-agent' => 'Mozilla/5.0 (Macintosh; Intel Mac OS X 10_14_5) AppleWebKit/605.1.15 (KHTML, like Gecko) Version/12.1.1 Safari/605.1.15',
  'accept-language' => 'zh-cn',
  'accept-encoding' => 'gzip, deflate',
  'connection' => 'keep-alive',
)
[ info ] [ PARAM ] array (
)
[ info ] [ RUN ] app\admin\controller\Login->index[ /Library/WebServer/Documents/teacher/application/admin/controller/Login.php ]
[ info ] [ VIEW ] /Library/WebServer/Documents/teacher/application/admin/view/login/index.html [ array (
) ]
[ info ] [ LOG ] INIT File

---------------------------------------------------------------
[ 2019-05-23T21:34:26+08:00 ] 127.0.0.1 127.0.0.1 GET /teacher/index.php/admin/login
[ log ] 127.0.0.1/teacher/index.php/admin/login [运行时间：0.023816s][吞吐率：41.99req/s] [内存消耗：1,381.58kb] [文件加载：40]
[ info ] [ LANG ] /Library/WebServer/Documents/teacher/thinkphp/lang/zh-cn.php
[ info ] [ ROUTE ] array (
  'type' => 'module',
  'module' => 
  array (
    0 => 'admin',
    1 => 'login',
    2 => NULL,
  ),
)
[ info ] [ HEADER ] array (
  'host' => '127.0.0.1',
  'accept' => 'text/html,application/xhtml+xml,application/xml;q=0.9,*/*;q=0.8',
  'upgrade-insecure-requests' => '1',
  'cookie' => 'thinkphp_show_page_trace=0|0; thinkphp_show_page_trace=0|0; PHPSESSID=9cb3c32d48d2313079612db9247fb702; thinkphp_show_page_trace=0|0; _ga=GA1.1.1928635741.1545139372; Hm_lvt_7735bf09298f5202020f41e7d17938f3=1545139370',
  'user-agent' => 'Mozilla/5.0 (Macintosh; Intel Mac OS X 10_14_5) AppleWebKit/605.1.15 (KHTML, like Gecko) Version/12.1.1 Safari/605.1.15',
  'accept-language' => 'zh-cn',
  'accept-encoding' => 'gzip, deflate',
  'connection' => 'keep-alive',
)
[ info ] [ PARAM ] array (
)
[ info ] [ RUN ] app\admin\controller\Login->index[ /Library/WebServer/Documents/teacher/application/admin/controller/Login.php ]
[ info ] [ VIEW ] /Library/WebServer/Documents/teacher/application/admin/view/login/index.html [ array (
) ]
[ info ] [ LOG ] INIT File

---------------------------------------------------------------
[ 2019-05-23T21:34:49+08:00 ] 127.0.0.1 127.0.0.1 GET /teacher/index.php/admin/login
[ log ] 127.0.0.1/teacher/index.php/admin/login [运行时间：0.014442s][吞吐率：69.24req/s] [内存消耗：1,381.58kb] [文件加载：40]
[ info ] [ LANG ] /Library/WebServer/Documents/teacher/thinkphp/lang/zh-cn.php
[ info ] [ ROUTE ] array (
  'type' => 'module',
  'module' => 
  array (
    0 => 'admin',
    1 => 'login',
    2 => NULL,
  ),
)
[ info ] [ HEADER ] array (
  'host' => '127.0.0.1',
  'accept' => 'text/html,application/xhtml+xml,application/xml;q=0.9,*/*;q=0.8',
  'upgrade-insecure-requests' => '1',
  'cookie' => 'thinkphp_show_page_trace=0|0; thinkphp_show_page_trace=0|0; PHPSESSID=9cb3c32d48d2313079612db9247fb702; thinkphp_show_page_trace=0|0; _ga=GA1.1.1928635741.1545139372; Hm_lvt_7735bf09298f5202020f41e7d17938f3=1545139370',
  'user-agent' => 'Mozilla/5.0 (Macintosh; Intel Mac OS X 10_14_5) AppleWebKit/605.1.15 (KHTML, like Gecko) Version/12.1.1 Safari/605.1.15',
  'accept-language' => 'zh-cn',
  'accept-encoding' => 'gzip, deflate',
  'connection' => 'keep-alive',
)
[ info ] [ PARAM ] array (
)
[ info ] [ RUN ] app\admin\controller\Login->index[ /Library/WebServer/Documents/teacher/application/admin/controller/Login.php ]
[ info ] [ VIEW ] /Library/WebServer/Documents/teacher/application/admin/view/login/index.html [ array (
) ]
[ info ] [ LOG ] INIT File

---------------------------------------------------------------
[ 2019-05-23T21:37:38+08:00 ] 127.0.0.1 127.0.0.1 GET /teacher/index.php/admin/login
[ log ] 127.0.0.1/teacher/index.php/admin/login [运行时间：0.036470s][吞吐率：27.42req/s] [内存消耗：1,381.58kb] [文件加载：40]
[ info ] [ LANG ] /Library/WebServer/Documents/teacher/thinkphp/lang/zh-cn.php
[ info ] [ ROUTE ] array (
  'type' => 'module',
  'module' => 
  array (
    0 => 'admin',
    1 => 'login',
    2 => NULL,
  ),
)
[ info ] [ HEADER ] array (
  'host' => '127.0.0.1',
  'accept' => 'text/html,application/xhtml+xml,application/xml;q=0.9,*/*;q=0.8',
  'upgrade-insecure-requests' => '1',
  'cookie' => 'thinkphp_show_page_trace=0|0; thinkphp_show_page_trace=0|0; PHPSESSID=9cb3c32d48d2313079612db9247fb702; thinkphp_show_page_trace=0|0; _ga=GA1.1.1928635741.1545139372; Hm_lvt_7735bf09298f5202020f41e7d17938f3=1545139370',
  'user-agent' => 'Mozilla/5.0 (Macintosh; Intel Mac OS X 10_14_5) AppleWebKit/605.1.15 (KHTML, like Gecko) Version/12.1.1 Safari/605.1.15',
  'accept-language' => 'zh-cn',
  'accept-encoding' => 'gzip, deflate',
  'connection' => 'keep-alive',
)
[ info ] [ PARAM ] array (
)
[ info ] [ RUN ] app\admin\controller\Login->index[ /Library/WebServer/Documents/teacher/application/admin/controller/Login.php ]
[ info ] [ VIEW ] /Library/WebServer/Documents/teacher/application/admin/view/login/index.html [ array (
) ]
[ info ] [ LOG ] INIT File

---------------------------------------------------------------
[ 2019-05-23T21:37:38+08:00 ] 127.0.0.1 127.0.0.1 POST /teacher/index.php/admin/index.html
[ log ] 127.0.0.1/teacher/index.php/admin/index.html [运行时间：0.012779s][吞吐率：78.25req/s] [内存消耗：1,256.75kb] [文件加载：38]
[ info ] [ LANG ] /Library/WebServer/Documents/teacher/thinkphp/lang/zh-cn.php
[ info ] [ ROUTE ] array (
  'type' => 'module',
  'module' => 
  array (
    0 => 'admin',
    1 => 'index',
    2 => NULL,
  ),
)
[ info ] [ HEADER ] array (
  'host' => '127.0.0.1',
  'accept' => 'text/html,application/xhtml+xml,application/xml;q=0.9,*/*;q=0.8',
  'accept-encoding' => 'gzip, deflate',
  'accept-language' => 'zh-cn',
  'content-type' => 'application/x-www-form-urlencoded',
  'origin' => 'http://127.0.0.1',
  'user-agent' => 'Mozilla/5.0 (Macintosh; Intel Mac OS X 10_14_5) AppleWebKit/605.1.15 (KHTML, like Gecko) Version/12.1.1 Safari/605.1.15',
  'connection' => 'keep-alive',
  'upgrade-insecure-requests' => '1',
  'referer' => 'http://127.0.0.1/teacher/index.php/admin/login',
  'content-length' => '32',
  'cookie' => 'thinkphp_show_page_trace=0|0; PHPSESSID=9cb3c32d48d2313079612db9247fb702; thinkphp_show_page_trace=0|0; _ga=GA1.1.1928635741.1545139372; Hm_lvt_7735bf09298f5202020f41e7d17938f3=1545139370',
)
[ info ] [ PARAM ] array (
  'username' => 'test111',
  'password' => '123456',
)
[ info ] [ RUN ] app\admin\controller\Index->index[ /Library/WebServer/Documents/teacher/application/admin/controller/Index.php ]
[ info ] [ VIEW ] /Library/WebServer/Documents/teacher/application/admin/view/index/index.html [ array (
) ]
[ info ] [ LOG ] INIT File

---------------------------------------------------------------
[ 2019-05-23T21:37:53+08:00 ] 127.0.0.1 127.0.0.1 GET /teacher/index.php/admin/login
[ log ] 127.0.0.1/teacher/index.php/admin/login [运行时间：0.023508s][吞吐率：42.54req/s] [内存消耗：1,381.58kb] [文件加载：40]
[ info ] [ LANG ] /Library/WebServer/Documents/teacher/thinkphp/lang/zh-cn.php
[ info ] [ ROUTE ] array (
  'type' => 'module',
  'module' => 
  array (
    0 => 'admin',
    1 => 'login',
    2 => NULL,
  ),
)
[ info ] [ HEADER ] array (
  'host' => '127.0.0.1',
  'accept' => 'text/html,application/xhtml+xml,application/xml;q=0.9,*/*;q=0.8',
  'upgrade-insecure-requests' => '1',
  'cookie' => 'thinkphp_show_page_trace=0|0; thinkphp_show_page_trace=0|0; PHPSESSID=9cb3c32d48d2313079612db9247fb702; thinkphp_show_page_trace=0|0; _ga=GA1.1.1928635741.1545139372; Hm_lvt_7735bf09298f5202020f41e7d17938f3=1545139370',
  'user-agent' => 'Mozilla/5.0 (Macintosh; Intel Mac OS X 10_14_5) AppleWebKit/605.1.15 (KHTML, like Gecko) Version/12.1.1 Safari/605.1.15',
  'accept-language' => 'zh-cn',
  'accept-encoding' => 'gzip, deflate',
  'connection' => 'keep-alive',
)
[ info ] [ PARAM ] array (
)
[ info ] [ RUN ] app\admin\controller\Login->index[ /Library/WebServer/Documents/teacher/application/admin/controller/Login.php ]
[ info ] [ VIEW ] /Library/WebServer/Documents/teacher/application/admin/view/login/index.html [ array (
) ]
[ info ] [ LOG ] INIT File

---------------------------------------------------------------
[ 2019-05-23T21:38:06+08:00 ] 127.0.0.1 127.0.0.1 POST /teacher/index.php/admin/index.html
[ log ] 127.0.0.1/teacher/index.php/admin/index.html [运行时间：0.013074s][吞吐率：76.49req/s] [内存消耗：1,256.72kb] [文件加载：38]
[ info ] [ LANG ] /Library/WebServer/Documents/teacher/thinkphp/lang/zh-cn.php
[ info ] [ ROUTE ] array (
  'type' => 'module',
  'module' => 
  array (
    0 => 'admin',
    1 => 'index',
    2 => NULL,
  ),
)
[ info ] [ HEADER ] array (
  'host' => '127.0.0.1',
  'accept' => 'text/html,application/xhtml+xml,application/xml;q=0.9,*/*;q=0.8',
  'accept-encoding' => 'gzip, deflate',
  'accept-language' => 'zh-cn',
  'content-type' => 'application/x-www-form-urlencoded',
  'origin' => 'http://127.0.0.1',
  'user-agent' => 'Mozilla/5.0 (Macintosh; Intel Mac OS X 10_14_5) AppleWebKit/605.1.15 (KHTML, like Gecko) Version/12.1.1 Safari/605.1.15',
  'connection' => 'keep-alive',
  'upgrade-insecure-requests' => '1',
  'referer' => 'http://127.0.0.1/teacher/index.php/admin/login',
  'content-length' => '19',
  'cookie' => 'thinkphp_show_page_trace=0|0; PHPSESSID=9cb3c32d48d2313079612db9247fb702; thinkphp_show_page_trace=0|0; _ga=GA1.1.1928635741.1545139372; Hm_lvt_7735bf09298f5202020f41e7d17938f3=1545139370',
)
[ info ] [ PARAM ] array (
  'username' => '',
  'password' => '',
)
[ info ] [ RUN ] app\admin\controller\Index->index[ /Library/WebServer/Documents/teacher/application/admin/controller/Index.php ]
[ info ] [ VIEW ] /Library/WebServer/Documents/teacher/application/admin/view/index/index.html [ array (
) ]
[ info ] [ LOG ] INIT File

---------------------------------------------------------------
[ 2019-05-23T21:38:09+08:00 ] 127.0.0.1 127.0.0.1 GET /teacher/index.php/admin/dashboard-sales.html
[ log ] 127.0.0.1/teacher/index.php/admin/dashboard-sales.html [运行时间：0.012025s][吞吐率：83.16req/s] [内存消耗：1,035.80kb] [文件加载：33]
[ info ] [ LANG ] /Library/WebServer/Documents/teacher/thinkphp/lang/zh-cn.php
[ info ] [ ROUTE ] array (
  'type' => 'module',
  'module' => 
  array (
    0 => 'admin',
    1 => 'dashboard-sales',
    2 => NULL,
  ),
)
[ info ] [ HEADER ] array (
  'host' => '127.0.0.1',
  'cookie' => 'thinkphp_show_page_trace=0|0; PHPSESSID=9cb3c32d48d2313079612db9247fb702; thinkphp_show_page_trace=0|0; _ga=GA1.1.1928635741.1545139372; Hm_lvt_7735bf09298f5202020f41e7d17938f3=1545139370',
  'connection' => 'keep-alive',
  'upgrade-insecure-requests' => '1',
  'accept' => 'text/html,application/xhtml+xml,application/xml;q=0.9,*/*;q=0.8',
  'user-agent' => 'Mozilla/5.0 (Macintosh; Intel Mac OS X 10_14_5) AppleWebKit/605.1.15 (KHTML, like Gecko) Version/12.1.1 Safari/605.1.15',
  'referer' => 'http://127.0.0.1/teacher/index.php/admin/index.html',
  'accept-language' => 'zh-cn',
  'accept-encoding' => 'gzip, deflate',
)
[ info ] [ PARAM ] array (
)
[ info ] [ LOG ] INIT File

---------------------------------------------------------------
[ 2019-05-23T21:38:24+08:00 ] 127.0.0.1 127.0.0.1 POST /teacher/index.php/admin/index.html
[ log ] 127.0.0.1/teacher/index.php/admin/index.html [运行时间：0.025628s][吞吐率：39.02req/s] [内存消耗：1,402.92kb] [文件加载：40]
[ info ] [ LANG ] /Library/WebServer/Documents/teacher/thinkphp/lang/zh-cn.php
[ info ] [ ROUTE ] array (
  'type' => 'module',
  'module' => 
  array (
    0 => 'admin',
    1 => 'index',
    2 => NULL,
  ),
)
[ info ] [ HEADER ] array (
  'host' => '127.0.0.1',
  'accept' => 'text/html,application/xhtml+xml,application/xml;q=0.9,*/*;q=0.8',
  'accept-encoding' => 'gzip, deflate',
  'accept-language' => 'zh-cn',
  'content-type' => 'application/x-www-form-urlencoded',
  'origin' => 'http://127.0.0.1',
  'user-agent' => 'Mozilla/5.0 (Macintosh; Intel Mac OS X 10_14_5) AppleWebKit/605.1.15 (KHTML, like Gecko) Version/12.1.1 Safari/605.1.15',
  'connection' => 'keep-alive',
  'upgrade-insecure-requests' => '1',
  'referer' => 'http://127.0.0.1/teacher/index.php/admin/login',
  'content-length' => '19',
  'cookie' => 'thinkphp_show_page_trace=0|0; PHPSESSID=9cb3c32d48d2313079612db9247fb702; thinkphp_show_page_trace=0|0; _ga=GA1.1.1928635741.1545139372; Hm_lvt_7735bf09298f5202020f41e7d17938f3=1545139370',
)
[ info ] [ PARAM ] array (
  'username' => '',
  'password' => '',
)
[ info ] [ RUN ] app\admin\controller\Index->index[ /Library/WebServer/Documents/teacher/application/admin/controller/Index.php ]
[ info ] [ VIEW ] /Library/WebServer/Documents/teacher/application/admin/view/index/index.html [ array (
) ]
[ info ] [ LOG ] INIT File

---------------------------------------------------------------
[ 2019-05-23T21:39:54+08:00 ] 127.0.0.1 127.0.0.1 POST /teacher/index.php/admin/index.html
[ log ] 127.0.0.1/teacher/index.php/admin/index.html [运行时间：0.023087s][吞吐率：43.31req/s] [内存消耗：1,402.92kb] [文件加载：40]
[ info ] [ LANG ] /Library/WebServer/Documents/teacher/thinkphp/lang/zh-cn.php
[ info ] [ ROUTE ] array (
  'type' => 'module',
  'module' => 
  array (
    0 => 'admin',
    1 => 'index',
    2 => NULL,
  ),
)
[ info ] [ HEADER ] array (
  'host' => '127.0.0.1',
  'accept' => 'text/html,application/xhtml+xml,application/xml;q=0.9,*/*;q=0.8',
  'accept-encoding' => 'gzip, deflate',
  'accept-language' => 'zh-cn',
  'content-type' => 'application/x-www-form-urlencoded',
  'origin' => 'http://127.0.0.1',
  'user-agent' => 'Mozilla/5.0 (Macintosh; Intel Mac OS X 10_14_5) AppleWebKit/605.1.15 (KHTML, like Gecko) Version/12.1.1 Safari/605.1.15',
  'connection' => 'keep-alive',
  'upgrade-insecure-requests' => '1',
  'referer' => 'http://127.0.0.1/teacher/index.php/admin/login',
  'content-length' => '19',
  'cookie' => 'thinkphp_show_page_trace=0|0; PHPSESSID=9cb3c32d48d2313079612db9247fb702; thinkphp_show_page_trace=0|0; _ga=GA1.1.1928635741.1545139372; Hm_lvt_7735bf09298f5202020f41e7d17938f3=1545139370',
)
[ info ] [ PARAM ] array (
  'username' => '',
  'password' => '',
)
[ info ] [ RUN ] app\admin\controller\Index->index[ /Library/WebServer/Documents/teacher/application/admin/controller/Index.php ]
[ info ] [ VIEW ] /Library/WebServer/Documents/teacher/application/admin/view/index/index.html [ array (
) ]
[ info ] [ LOG ] INIT File

---------------------------------------------------------------
[ 2019-05-23T21:40:27+08:00 ] 127.0.0.1 127.0.0.1 POST /teacher/index.php/admin/index.html
[ log ] 127.0.0.1/teacher/index.php/admin/index.html [运行时间：0.025155s][吞吐率：39.75req/s] [内存消耗：1,402.92kb] [文件加载：40]
[ info ] [ LANG ] /Library/WebServer/Documents/teacher/thinkphp/lang/zh-cn.php
[ info ] [ ROUTE ] array (
  'type' => 'module',
  'module' => 
  array (
    0 => 'admin',
    1 => 'index',
    2 => NULL,
  ),
)
[ info ] [ HEADER ] array (
  'host' => '127.0.0.1',
  'accept' => 'text/html,application/xhtml+xml,application/xml;q=0.9,*/*;q=0.8',
  'accept-encoding' => 'gzip, deflate',
  'accept-language' => 'zh-cn',
  'content-type' => 'application/x-www-form-urlencoded',
  'origin' => 'http://127.0.0.1',
  'user-agent' => 'Mozilla/5.0 (Macintosh; Intel Mac OS X 10_14_5) AppleWebKit/605.1.15 (KHTML, like Gecko) Version/12.1.1 Safari/605.1.15',
  'connection' => 'keep-alive',
  'upgrade-insecure-requests' => '1',
  'referer' => 'http://127.0.0.1/teacher/index.php/admin/login',
  'content-length' => '19',
  'cookie' => 'thinkphp_show_page_trace=0|0; PHPSESSID=9cb3c32d48d2313079612db9247fb702; thinkphp_show_page_trace=0|0; _ga=GA1.1.1928635741.1545139372; Hm_lvt_7735bf09298f5202020f41e7d17938f3=1545139370',
)
[ info ] [ PARAM ] array (
  'username' => '',
  'password' => '',
)
[ info ] [ RUN ] app\admin\controller\Index->index[ /Library/WebServer/Documents/teacher/application/admin/controller/Index.php ]
[ info ] [ VIEW ] /Library/WebServer/Documents/teacher/application/admin/view/index/index.html [ array (
) ]
[ info ] [ LOG ] INIT File

---------------------------------------------------------------
[ 2019-05-23T21:40:43+08:00 ] 127.0.0.1 127.0.0.1 POST /teacher/index.php/admin/index.html
[ log ] 127.0.0.1/teacher/index.php/admin/index.html [运行时间：0.025420s][吞吐率：39.34req/s] [内存消耗：1,402.92kb] [文件加载：40]
[ info ] [ LANG ] /Library/WebServer/Documents/teacher/thinkphp/lang/zh-cn.php
[ info ] [ ROUTE ] array (
  'type' => 'module',
  'module' => 
  array (
    0 => 'admin',
    1 => 'index',
    2 => NULL,
  ),
)
[ info ] [ HEADER ] array (
  'host' => '127.0.0.1',
  'accept' => 'text/html,application/xhtml+xml,application/xml;q=0.9,*/*;q=0.8',
  'accept-encoding' => 'gzip, deflate',
  'accept-language' => 'zh-cn',
  'content-type' => 'application/x-www-form-urlencoded',
  'origin' => 'http://127.0.0.1',
  'user-agent' => 'Mozilla/5.0 (Macintosh; Intel Mac OS X 10_14_5) AppleWebKit/605.1.15 (KHTML, like Gecko) Version/12.1.1 Safari/605.1.15',
  'connection' => 'keep-alive',
  'upgrade-insecure-requests' => '1',
  'referer' => 'http://127.0.0.1/teacher/index.php/admin/login',
  'content-length' => '19',
  'cookie' => 'thinkphp_show_page_trace=0|0; PHPSESSID=9cb3c32d48d2313079612db9247fb702; thinkphp_show_page_trace=0|0; _ga=GA1.1.1928635741.1545139372; Hm_lvt_7735bf09298f5202020f41e7d17938f3=1545139370',
)
[ info ] [ PARAM ] array (
  'username' => '',
  'password' => '',
)
[ info ] [ RUN ] app\admin\controller\Index->index[ /Library/WebServer/Documents/teacher/application/admin/controller/Index.php ]
[ info ] [ VIEW ] /Library/WebServer/Documents/teacher/application/admin/view/index/index.html [ array (
) ]
[ info ] [ LOG ] INIT File

---------------------------------------------------------------
[ 2019-05-23T21:40:45+08:00 ] 127.0.0.1 127.0.0.1 POST /teacher/index.php/admin/index.html
[ log ] 127.0.0.1/teacher/index.php/admin/index.html [运行时间：0.013867s][吞吐率：72.11req/s] [内存消耗：1,256.72kb] [文件加载：38]
[ info ] [ LANG ] /Library/WebServer/Documents/teacher/thinkphp/lang/zh-cn.php
[ info ] [ ROUTE ] array (
  'type' => 'module',
  'module' => 
  array (
    0 => 'admin',
    1 => 'index',
    2 => NULL,
  ),
)
[ info ] [ HEADER ] array (
  'host' => '127.0.0.1',
  'accept' => 'text/html,application/xhtml+xml,application/xml;q=0.9,*/*;q=0.8',
  'accept-encoding' => 'gzip, deflate',
  'accept-language' => 'zh-cn',
  'content-type' => 'application/x-www-form-urlencoded',
  'origin' => 'http://127.0.0.1',
  'user-agent' => 'Mozilla/5.0 (Macintosh; Intel Mac OS X 10_14_5) AppleWebKit/605.1.15 (KHTML, like Gecko) Version/12.1.1 Safari/605.1.15',
  'connection' => 'keep-alive',
  'upgrade-insecure-requests' => '1',
  'referer' => 'http://127.0.0.1/teacher/index.php/admin/login',
  'content-length' => '19',
  'cookie' => 'thinkphp_show_page_trace=0|0; PHPSESSID=9cb3c32d48d2313079612db9247fb702; thinkphp_show_page_trace=0|0; _ga=GA1.1.1928635741.1545139372; Hm_lvt_7735bf09298f5202020f41e7d17938f3=1545139370',
)
[ info ] [ PARAM ] array (
  'username' => '',
  'password' => '',
)
[ info ] [ RUN ] app\admin\controller\Index->index[ /Library/WebServer/Documents/teacher/application/admin/controller/Index.php ]
[ info ] [ VIEW ] /Library/WebServer/Documents/teacher/application/admin/view/index/index.html [ array (
) ]
[ info ] [ LOG ] INIT File

---------------------------------------------------------------
[ 2019-05-23T21:40:50+08:00 ] 127.0.0.1 127.0.0.1 POST /teacher/index.php/admin/index.html
[ log ] 127.0.0.1/teacher/index.php/admin/index.html [运行时间：0.019269s][吞吐率：51.90req/s] [内存消耗：1,255.70kb] [文件加载：38]
[ info ] [ LANG ] /Library/WebServer/Documents/teacher/thinkphp/lang/zh-cn.php
[ info ] [ ROUTE ] array (
  'type' => 'module',
  'module' => 
  array (
    0 => 'admin',
    1 => 'index',
    2 => NULL,
  ),
)
[ info ] [ HEADER ] array (
  'host' => '127.0.0.1',
  'origin' => 'http://127.0.0.1',
  'content-type' => 'application/x-www-form-urlencoded',
  'accept-encoding' => 'gzip, deflate',
  'connection' => 'keep-alive',
  'upgrade-insecure-requests' => '1',
  'accept' => 'text/html,application/xhtml+xml,application/xml;q=0.9,*/*;q=0.8',
  'user-agent' => 'Mozilla/5.0 (Macintosh; Intel Mac OS X 10_14_5) AppleWebKit/605.1.15 (KHTML, like Gecko) Version/12.1.1 Safari/605.1.15',
  'referer' => 'http://127.0.0.1/teacher/index.php/admin/login',
  'content-length' => '19',
  'accept-language' => 'zh-cn',
)
[ info ] [ PARAM ] array (
  'username' => '',
  'password' => '',
)
[ info ] [ RUN ] app\admin\controller\Index->index[ /Library/WebServer/Documents/teacher/application/admin/controller/Index.php ]
[ info ] [ VIEW ] /Library/WebServer/Documents/teacher/application/admin/view/index/index.html [ array (
) ]
[ info ] [ LOG ] INIT File

---------------------------------------------------------------
[ 2019-05-23T21:40:51+08:00 ] 127.0.0.1 127.0.0.1 POST /teacher/index.php/admin/index.html
[ log ] 127.0.0.1/teacher/index.php/admin/index.html [运行时间：0.014607s][吞吐率：68.46req/s] [内存消耗：1,256.10kb] [文件加载：38]
[ info ] [ LANG ] /Library/WebServer/Documents/teacher/thinkphp/lang/zh-cn.php
[ info ] [ ROUTE ] array (
  'type' => 'module',
  'module' => 
  array (
    0 => 'admin',
    1 => 'index',
    2 => NULL,
  ),
)
[ info ] [ HEADER ] array (
  'host' => '127.0.0.1',
  'accept' => 'text/html,application/xhtml+xml,application/xml;q=0.9,*/*;q=0.8',
  'accept-encoding' => 'gzip, deflate',
  'accept-language' => 'zh-cn',
  'content-type' => 'application/x-www-form-urlencoded',
  'origin' => 'http://127.0.0.1',
  'user-agent' => 'Mozilla/5.0 (Macintosh; Intel Mac OS X 10_14_5) AppleWebKit/605.1.15 (KHTML, like Gecko) Version/12.1.1 Safari/605.1.15',
  'connection' => 'keep-alive',
  'upgrade-insecure-requests' => '1',
  'referer' => 'http://127.0.0.1/teacher/index.php/admin/login',
  'content-length' => '19',
  'cookie' => 'thinkphp_show_page_trace=0|0',
)
[ info ] [ PARAM ] array (
  'username' => '',
  'password' => '',
)
[ info ] [ RUN ] app\admin\controller\Index->index[ /Library/WebServer/Documents/teacher/application/admin/controller/Index.php ]
[ info ] [ VIEW ] /Library/WebServer/Documents/teacher/application/admin/view/index/index.html [ array (
) ]
[ info ] [ LOG ] INIT File

---------------------------------------------------------------
[ 2019-05-23T21:40:53+08:00 ] 127.0.0.1 127.0.0.1 GET /teacher/index.php/admin/index.html
[ log ] 127.0.0.1/teacher/index.php/admin/index.html [运行时间：0.012982s][吞吐率：77.03req/s] [内存消耗：1,253.41kb] [文件加载：38]
[ info ] [ LANG ] /Library/WebServer/Documents/teacher/thinkphp/lang/zh-cn.php
[ info ] [ ROUTE ] array (
  'type' => 'module',
  'module' => 
  array (
    0 => 'admin',
    1 => 'index',
    2 => NULL,
  ),
)
[ info ] [ HEADER ] array (
  'host' => '127.0.0.1',
  'accept' => 'text/html,application/xhtml+xml,application/xml;q=0.9,*/*;q=0.8',
  'upgrade-insecure-requests' => '1',
  'cookie' => 'thinkphp_show_page_trace=0|0',
  'user-agent' => 'Mozilla/5.0 (Macintosh; Intel Mac OS X 10_14_5) AppleWebKit/605.1.15 (KHTML, like Gecko) Version/12.1.1 Safari/605.1.15',
  'accept-language' => 'zh-cn',
  'accept-encoding' => 'gzip, deflate',
  'connection' => 'keep-alive',
)
[ info ] [ PARAM ] array (
)
[ info ] [ RUN ] app\admin\controller\Index->index[ /Library/WebServer/Documents/teacher/application/admin/controller/Index.php ]
[ info ] [ VIEW ] /Library/WebServer/Documents/teacher/application/admin/view/index/index.html [ array (
) ]
[ info ] [ LOG ] INIT File

---------------------------------------------------------------
[ 2019-05-23T21:40:54+08:00 ] 127.0.0.1 127.0.0.1 GET /teacher/index.php/admin/index.html
[ log ] 127.0.0.1/teacher/index.php/admin/index.html [运行时间：0.012268s][吞吐率：81.51req/s] [内存消耗：1,253.41kb] [文件加载：38]
[ info ] [ LANG ] /Library/WebServer/Documents/teacher/thinkphp/lang/zh-cn.php
[ info ] [ ROUTE ] array (
  'type' => 'module',
  'module' => 
  array (
    0 => 'admin',
    1 => 'index',
    2 => NULL,
  ),
)
[ info ] [ HEADER ] array (
  'host' => '127.0.0.1',
  'accept' => 'text/html,application/xhtml+xml,application/xml;q=0.9,*/*;q=0.8',
  'upgrade-insecure-requests' => '1',
  'cookie' => 'thinkphp_show_page_trace=0|0',
  'user-agent' => 'Mozilla/5.0 (Macintosh; Intel Mac OS X 10_14_5) AppleWebKit/605.1.15 (KHTML, like Gecko) Version/12.1.1 Safari/605.1.15',
  'accept-language' => 'zh-cn',
  'accept-encoding' => 'gzip, deflate',
  'connection' => 'keep-alive',
)
[ info ] [ PARAM ] array (
)
[ info ] [ RUN ] app\admin\controller\Index->index[ /Library/WebServer/Documents/teacher/application/admin/controller/Index.php ]
[ info ] [ VIEW ] /Library/WebServer/Documents/teacher/application/admin/view/index/index.html [ array (
) ]
[ info ] [ LOG ] INIT File

---------------------------------------------------------------
[ 2019-05-23T21:41:53+08:00 ] 127.0.0.1 127.0.0.1 GET /teacher/index.php/admin/index.html
[ log ] 127.0.0.1/teacher/index.php/admin/index.html [运行时间：0.014941s][吞吐率：66.93req/s] [内存消耗：1,399.61kb] [文件加载：40]
[ info ] [ LANG ] /Library/WebServer/Documents/teacher/thinkphp/lang/zh-cn.php
[ info ] [ ROUTE ] array (
  'type' => 'module',
  'module' => 
  array (
    0 => 'admin',
    1 => 'index',
    2 => NULL,
  ),
)
[ info ] [ HEADER ] array (
  'host' => '127.0.0.1',
  'accept' => 'text/html,application/xhtml+xml,application/xml;q=0.9,*/*;q=0.8',
  'upgrade-insecure-requests' => '1',
  'cookie' => 'thinkphp_show_page_trace=0|0',
  'user-agent' => 'Mozilla/5.0 (Macintosh; Intel Mac OS X 10_14_5) AppleWebKit/605.1.15 (KHTML, like Gecko) Version/12.1.1 Safari/605.1.15',
  'accept-language' => 'zh-cn',
  'accept-encoding' => 'gzip, deflate',
  'connection' => 'keep-alive',
)
[ info ] [ PARAM ] array (
)
[ info ] [ RUN ] app\admin\controller\Index->index[ /Library/WebServer/Documents/teacher/application/admin/controller/Index.php ]
[ info ] [ VIEW ] /Library/WebServer/Documents/teacher/application/admin/view/index/index.html [ array (
) ]
[ info ] [ LOG ] INIT File

---------------------------------------------------------------
[ 2019-05-23T21:41:56+08:00 ] 127.0.0.1 127.0.0.1 GET /teacher/index.php/admin/index.html
[ log ] 127.0.0.1/teacher/index.php/admin/index.html [运行时间：0.013210s][吞吐率：75.70req/s] [内存消耗：1,254.19kb] [文件加载：38]
[ info ] [ LANG ] /Library/WebServer/Documents/teacher/thinkphp/lang/zh-cn.php
[ info ] [ ROUTE ] array (
  'type' => 'module',
  'module' => 
  array (
    0 => 'admin',
    1 => 'index',
    2 => NULL,
  ),
)
[ info ] [ HEADER ] array (
  'host' => '127.0.0.1',
  'cookie' => 'thinkphp_show_page_trace=0|0',
  'connection' => 'keep-alive',
  'upgrade-insecure-requests' => '1',
  'accept' => 'text/html,application/xhtml+xml,application/xml;q=0.9,*/*;q=0.8',
  'user-agent' => 'Mozilla/5.0 (Macintosh; Intel Mac OS X 10_14_5) AppleWebKit/605.1.15 (KHTML, like Gecko) Version/12.1.1 Safari/605.1.15',
  'referer' => 'http://127.0.0.1/teacher/index.php/admin/index.html',
  'accept-language' => 'zh-cn',
  'accept-encoding' => 'gzip, deflate',
)
[ info ] [ PARAM ] array (
)
[ info ] [ RUN ] app\admin\controller\Index->index[ /Library/WebServer/Documents/teacher/application/admin/controller/Index.php ]
[ info ] [ VIEW ] /Library/WebServer/Documents/teacher/application/admin/view/index/index.html [ array (
) ]
[ info ] [ LOG ] INIT File

---------------------------------------------------------------
