[ 2017-11-17T21:35:01+08:00 ] 127.0.0.1 127.0.0.1 GET /dqExam/index.php/admin/exercises/add.html
[ log ] 127.0.0.1/dqExam/index.php/admin/exercises/add.html [运行时间：0.022047s][吞吐率：45.36req/s] [内存消耗：1,281.61kb] [文件加载：38]
[ info ] [ LANG ] /Library/WebServer/Documents/dqExam/thinkphp/lang/zh-cn.php
[ info ] [ ROUTE ] array (
  'type' => 'module',
  'module' => 
  array (
    0 => 'admin',
    1 => 'exercises',
    2 => 'add',
  ),
)
[ info ] [ HEADER ] array (
  'host' => '127.0.0.1',
  'upgrade-insecure-requests' => '1',
  'accept' => 'text/html,application/xhtml+xml,application/xml;q=0.9,*/*;q=0.8',
  'user-agent' => 'Mozilla/5.0 (Macintosh; Intel Mac OS X 10_13_1) AppleWebKit/604.3.5 (KHTML, like Gecko) Version/11.0.1 Safari/604.3.5',
  'accept-language' => 'zh-cn',
  'accept-encoding' => 'gzip, deflate',
  'connection' => 'keep-alive',
)
[ info ] [ PARAM ] array (
)
[ info ] [ SESSION ] INIT array (
  'id' => '',
  'var_session_id' => '',
  'prefix' => 'think',
  'type' => '',
  'auto_start' => true,
)
[ info ] [ LOG ] INIT File

---------------------------------------------------------------
[ 2017-11-17T21:35:01+08:00 ] 127.0.0.1 127.0.0.1 GET /dqExam/index.php/admin/login/signin.html
[ log ] 127.0.0.1/dqExam/index.php/admin/login/signin.html [运行时间：0.012765s][吞吐率：78.34req/s] [内存消耗：1,301.68kb] [文件加载：39]
[ info ] [ LANG ] /Library/WebServer/Documents/dqExam/thinkphp/lang/zh-cn.php
[ info ] [ ROUTE ] array (
  'type' => 'module',
  'module' => 
  array (
    0 => 'admin',
    1 => 'login',
    2 => 'signin',
  ),
)
[ info ] [ HEADER ] array (
  'host' => '127.0.0.1',
  'accept' => 'text/html,application/xhtml+xml,application/xml;q=0.9,*/*;q=0.8',
  'upgrade-insecure-requests' => '1',
  'cookie' => 'PHPSESSID=94d0e9247f701e12948adad478af75b9',
  'user-agent' => 'Mozilla/5.0 (Macintosh; Intel Mac OS X 10_13_1) AppleWebKit/604.3.5 (KHTML, like Gecko) Version/11.0.1 Safari/604.3.5',
  'accept-language' => 'zh-cn',
  'accept-encoding' => 'gzip, deflate',
  'connection' => 'keep-alive',
)
[ info ] [ PARAM ] array (
)
[ info ] [ RUN ] app\admin\controller\Login->signIn[ /Library/WebServer/Documents/dqExam/application/admin/controller/Login.php ]
[ info ] [ VIEW ] /Library/WebServer/Documents/dqExam/application/admin/view/login/signin.html [ array (
) ]
[ info ] [ LOG ] INIT File

---------------------------------------------------------------
[ 2017-11-17T21:35:08+08:00 ] 127.0.0.1 127.0.0.1 POST /dqExam/index.php/admin/login/signin.html
[ log ] 127.0.0.1/dqExam/index.php/admin/login/signin.html [运行时间：0.282369s][吞吐率：3.54req/s] [内存消耗：2,170.73kb] [文件加载：47]
[ info ] [ LANG ] /Library/WebServer/Documents/dqExam/thinkphp/lang/zh-cn.php
[ info ] [ ROUTE ] array (
  'type' => 'module',
  'module' => 
  array (
    0 => 'admin',
    1 => 'login',
    2 => 'signin',
  ),
)
[ info ] [ HEADER ] array (
  'host' => '127.0.0.1',
  'accept' => 'text/html,application/xhtml+xml,application/xml;q=0.9,*/*;q=0.8',
  'accept-encoding' => 'gzip, deflate',
  'accept-language' => 'zh-cn',
  'content-type' => 'application/x-www-form-urlencoded',
  'origin' => 'http://127.0.0.1',
  'user-agent' => 'Mozilla/5.0 (Macintosh; Intel Mac OS X 10_13_1) AppleWebKit/604.3.5 (KHTML, like Gecko) Version/11.0.1 Safari/604.3.5',
  'connection' => 'keep-alive',
  'upgrade-insecure-requests' => '1',
  'referer' => 'http://127.0.0.1/dqExam/index.php/admin/login/signin.html',
  'content-length' => '30',
  'cookie' => 'thinkphp_show_page_trace=0|0; PHPSESSID=94d0e9247f701e12948adad478af75b9',
)
[ info ] [ PARAM ] array (
  'account' => 'sug3rs',
  'password' => '123456',
)
[ info ] [ RUN ] app\admin\controller\Login->signIn[ /Library/WebServer/Documents/dqExam/application/admin/controller/Login.php ]
[ info ] [ DB ] INIT mysql
[ info ] [ SESSION ] INIT array (
  'id' => '',
  'var_session_id' => '',
  'prefix' => 'think',
  'type' => '',
  'auto_start' => true,
)
[ info ] [ VIEW ] /Library/WebServer/Documents/dqExam/thinkphp/tpl/dispatch_jump.tpl [ array (
  0 => 'code',
  1 => 'msg',
  2 => 'data',
  3 => 'url',
  4 => 'wait',
) ]
[ info ] [ LOG ] INIT File
[ sql ] [ DB ] CONNECT:[ UseTime:0.081973s ] mysql:dbname=dq_exam_db;host=127.0.0.1;charset=utf8
[ sql ] [ SQL ] SHOW COLUMNS FROM `dq_admin` [ RunTime:0.137216s ]
[ sql ] [ SQL ] SELECT `a`.`user_id`,`a`.`user_name`,`a`.`phone_number`,`a`.`email`,`a`.`area`,`a`.`campus`,`a`.`jobtitle`,`a`.`isValid`,`c`.`group_id`,`g`.`title` FROM `dq_admin` `a` INNER JOIN `dq_auth_group_access` `c` ON `a`.`user_id`=`c`.`uid` INNER JOIN `dq_auth_group` `g` ON `c`.`group_id`=`g`.`id` WHERE  (  a.user_name="sug3rs" AND a.password="e10adc3949ba59abbe56e057f20f883e" ) OR (  a.phone_number="sug3rs" AND a.password="e10adc3949ba59abbe56e057f20f883e" )  OR (  a.email="sug3rs" AND a.password="e10adc3949ba59abbe56e057f20f883e" ) LIMIT 1 [ RunTime:0.020675s ]

---------------------------------------------------------------
[ 2017-11-17T21:35:09+08:00 ] 127.0.0.1 127.0.0.1 GET /dqExam/index.php/admin/dashboard.html
[ log ] 127.0.0.1/dqExam/index.php/admin/dashboard.html [运行时间：0.024855s][吞吐率：40.23req/s] [内存消耗：1,530.60kb] [文件加载：42]
[ info ] [ LANG ] /Library/WebServer/Documents/dqExam/thinkphp/lang/zh-cn.php
[ info ] [ ROUTE ] array (
  'type' => 'module',
  'module' => 
  array (
    0 => 'admin',
    1 => 'index',
    2 => 'index',
  ),
  'convert' => false,
)
[ info ] [ HEADER ] array (
  'host' => '127.0.0.1',
  'cookie' => 'PHPSESSID=94d0e9247f701e12948adad478af75b9',
  'connection' => 'keep-alive',
  'upgrade-insecure-requests' => '1',
  'accept' => 'text/html,application/xhtml+xml,application/xml;q=0.9,*/*;q=0.8',
  'user-agent' => 'Mozilla/5.0 (Macintosh; Intel Mac OS X 10_13_1) AppleWebKit/604.3.5 (KHTML, like Gecko) Version/11.0.1 Safari/604.3.5',
  'referer' => 'http://127.0.0.1/dqExam/index.php/admin/login/signin.html',
  'accept-language' => 'zh-cn',
  'accept-encoding' => 'gzip, deflate',
)
[ info ] [ PARAM ] array (
)
[ info ] [ SESSION ] INIT array (
  'id' => '',
  'var_session_id' => '',
  'prefix' => 'think',
  'type' => '',
  'auto_start' => true,
)
[ info ] [ RUN ] app\admin\controller\Index->index[ /Library/WebServer/Documents/dqExam/application/admin/controller/Index.php ]
[ info ] [ VIEW ] /Library/WebServer/Documents/dqExam/application/admin/view/index/index.html [ array (
  0 => 'info',
) ]
[ info ] [ LOG ] INIT File

---------------------------------------------------------------
[ 2017-11-17T21:35:13+08:00 ] 127.0.0.1 127.0.0.1 GET /dqExam/index.php/admin/exercises/add.html
[ log ] 127.0.0.1/dqExam/index.php/admin/exercises/add.html [运行时间：0.075389s][吞吐率：13.26req/s] [内存消耗：2,414.64kb] [文件加载：50]
[ info ] [ LANG ] /Library/WebServer/Documents/dqExam/thinkphp/lang/zh-cn.php
[ info ] [ ROUTE ] array (
  'type' => 'module',
  'module' => 
  array (
    0 => 'admin',
    1 => 'exercises',
    2 => 'add',
  ),
)
[ info ] [ HEADER ] array (
  'host' => '127.0.0.1',
  'cookie' => 'thinkphp_show_page_trace=0|0; PHPSESSID=94d0e9247f701e12948adad478af75b9',
  'connection' => 'keep-alive',
  'upgrade-insecure-requests' => '1',
  'accept' => 'text/html,application/xhtml+xml,application/xml;q=0.9,*/*;q=0.8',
  'user-agent' => 'Mozilla/5.0 (Macintosh; Intel Mac OS X 10_13_1) AppleWebKit/604.3.5 (KHTML, like Gecko) Version/11.0.1 Safari/604.3.5',
  'referer' => 'http://127.0.0.1/dqExam/index.php/admin/dashboard.html',
  'accept-language' => 'zh-cn',
  'accept-encoding' => 'gzip, deflate',
)
[ info ] [ PARAM ] array (
)
[ info ] [ SESSION ] INIT array (
  'id' => '',
  'var_session_id' => '',
  'prefix' => 'think',
  'type' => '',
  'auto_start' => true,
)
[ info ] [ RUN ] app\admin\controller\Exercises->add[ /Library/WebServer/Documents/dqExam/application/admin/controller/Exercises.php ]
[ info ] [ DB ] INIT mysql
[ info ] [ VIEW ] /Library/WebServer/Documents/dqExam/application/admin/view/exercises/subject.html [ array (
  0 => 'info',
  1 => 'action',
  2 => 'lists',
  3 => 'page',
) ]
[ info ] [ LOG ] INIT File
[ sql ] [ DB ] CONNECT:[ UseTime:0.000765s ] mysql:dbname=dq_exam_db;host=127.0.0.1;charset=utf8
[ sql ] [ SQL ] SHOW COLUMNS FROM `dq_product` [ RunTime:0.008815s ]
[ sql ] [ SQL ] SELECT COUNT(*) AS tp_count FROM `dq_product` LIMIT 1 [ RunTime:0.003988s ]
[ sql ] [ SQL ] SELECT * FROM `dq_product` LIMIT 0,20 [ RunTime:0.000477s ]

---------------------------------------------------------------
[ 2017-11-17T21:35:14+08:00 ] 127.0.0.1 127.0.0.1 GET /dqExam/index.php/admin/exercises/add.html?page=13
[ log ] 127.0.0.1/dqExam/index.php/admin/exercises/add.html?page=13 [运行时间：0.029194s][吞吐率：34.25req/s] [内存消耗：2,409.20kb] [文件加载：50]
[ info ] [ LANG ] /Library/WebServer/Documents/dqExam/thinkphp/lang/zh-cn.php
[ info ] [ ROUTE ] array (
  'type' => 'module',
  'module' => 
  array (
    0 => 'admin',
    1 => 'exercises',
    2 => 'add',
  ),
)
[ info ] [ HEADER ] array (
  'host' => '127.0.0.1',
  'cookie' => 'thinkphp_show_page_trace=0|0; thinkphp_show_page_trace=0|0; PHPSESSID=94d0e9247f701e12948adad478af75b9',
  'connection' => 'keep-alive',
  'upgrade-insecure-requests' => '1',
  'accept' => 'text/html,application/xhtml+xml,application/xml;q=0.9,*/*;q=0.8',
  'user-agent' => 'Mozilla/5.0 (Macintosh; Intel Mac OS X 10_13_1) AppleWebKit/604.3.5 (KHTML, like Gecko) Version/11.0.1 Safari/604.3.5',
  'referer' => 'http://127.0.0.1/dqExam/index.php/admin/exercises/add.html',
  'accept-language' => 'zh-cn',
  'accept-encoding' => 'gzip, deflate',
)
[ info ] [ PARAM ] array (
  'page' => '13',
)
[ info ] [ SESSION ] INIT array (
  'id' => '',
  'var_session_id' => '',
  'prefix' => 'think',
  'type' => '',
  'auto_start' => true,
)
[ info ] [ RUN ] app\admin\controller\Exercises->add[ /Library/WebServer/Documents/dqExam/application/admin/controller/Exercises.php ]
[ info ] [ DB ] INIT mysql
[ info ] [ VIEW ] /Library/WebServer/Documents/dqExam/application/admin/view/exercises/subject.html [ array (
  0 => 'info',
  1 => 'action',
  2 => 'lists',
  3 => 'page',
) ]
[ info ] [ LOG ] INIT File
[ sql ] [ DB ] CONNECT:[ UseTime:0.000489s ] mysql:dbname=dq_exam_db;host=127.0.0.1;charset=utf8
[ sql ] [ SQL ] SHOW COLUMNS FROM `dq_product` [ RunTime:0.002299s ]
[ sql ] [ SQL ] SELECT COUNT(*) AS tp_count FROM `dq_product` LIMIT 1 [ RunTime:0.000427s ]
[ sql ] [ SQL ] SELECT * FROM `dq_product` LIMIT 240,20 [ RunTime:0.000547s ]

---------------------------------------------------------------
[ 2017-11-17T21:35:16+08:00 ] 127.0.0.1 127.0.0.1 GET /dqExam/index.php/admin/exercises/add/sid/541.html
[ log ] 127.0.0.1/dqExam/index.php/admin/exercises/add/sid/541.html [运行时间：0.043787s][吞吐率：22.84req/s] [内存消耗：1,778.91kb] [文件加载：44]
[ info ] [ LANG ] /Library/WebServer/Documents/dqExam/thinkphp/lang/zh-cn.php
[ info ] [ ROUTE ] array (
  'type' => 'module',
  'module' => 
  array (
    0 => 'admin',
    1 => 'exercises',
    2 => 'add',
  ),
)
[ info ] [ HEADER ] array (
  'host' => '127.0.0.1',
  'cookie' => 'thinkphp_show_page_trace=0|0; thinkphp_show_page_trace=0|0; PHPSESSID=94d0e9247f701e12948adad478af75b9',
  'connection' => 'keep-alive',
  'upgrade-insecure-requests' => '1',
  'accept' => 'text/html,application/xhtml+xml,application/xml;q=0.9,*/*;q=0.8',
  'user-agent' => 'Mozilla/5.0 (Macintosh; Intel Mac OS X 10_13_1) AppleWebKit/604.3.5 (KHTML, like Gecko) Version/11.0.1 Safari/604.3.5',
  'referer' => 'http://127.0.0.1/dqExam/index.php/admin/exercises/add.html?page=13',
  'accept-language' => 'zh-cn',
  'accept-encoding' => 'gzip, deflate',
)
[ info ] [ PARAM ] array (
  'sid' => '541',
)
[ info ] [ SESSION ] INIT array (
  'id' => '',
  'var_session_id' => '',
  'prefix' => 'think',
  'type' => '',
  'auto_start' => true,
)
[ info ] [ RUN ] app\admin\controller\Exercises->add[ /Library/WebServer/Documents/dqExam/application/admin/controller/Exercises.php ]
[ info ] [ DB ] INIT sqlite
[ info ] [ VIEW ] /Library/WebServer/Documents/dqExam/application/admin/view/exercises/add.html [ array (
  0 => 'info',
  1 => 'sid',
  2 => 'chapters',
) ]
[ info ] [ LOG ] INIT File

---------------------------------------------------------------
[ 2017-11-17T21:36:27+08:00 ] 127.0.0.1 127.0.0.1 GET /dqExam/index.php/admin/exercises/index.html
[ log ] 127.0.0.1/dqExam/index.php/admin/exercises/index.html [运行时间：0.032661s][吞吐率：30.62req/s] [内存消耗：2,414.05kb] [文件加载：50]
[ info ] [ LANG ] /Library/WebServer/Documents/dqExam/thinkphp/lang/zh-cn.php
[ info ] [ ROUTE ] array (
  'type' => 'module',
  'module' => 
  array (
    0 => 'admin',
    1 => 'exercises',
    2 => 'index',
  ),
)
[ info ] [ HEADER ] array (
  'host' => '127.0.0.1',
  'accept' => 'text/html,application/xhtml+xml,application/xml;q=0.9,*/*;q=0.8',
  'upgrade-insecure-requests' => '1',
  'cookie' => 'thinkphp_show_page_trace=0|0; thinkphp_show_page_trace=0|0; PHPSESSID=94d0e9247f701e12948adad478af75b9',
  'user-agent' => 'Mozilla/5.0 (Macintosh; Intel Mac OS X 10_13_1) AppleWebKit/604.3.5 (KHTML, like Gecko) Version/11.0.1 Safari/604.3.5',
  'accept-language' => 'zh-cn',
  'accept-encoding' => 'gzip, deflate',
  'connection' => 'keep-alive',
)
[ info ] [ PARAM ] array (
)
[ info ] [ SESSION ] INIT array (
  'id' => '',
  'var_session_id' => '',
  'prefix' => 'think',
  'type' => '',
  'auto_start' => true,
)
[ info ] [ RUN ] app\admin\controller\Exercises->index[ /Library/WebServer/Documents/dqExam/application/admin/controller/Exercises.php ]
[ info ] [ DB ] INIT mysql
[ info ] [ VIEW ] /Library/WebServer/Documents/dqExam/application/admin/view/exercises/subject.html [ array (
  0 => 'info',
  1 => 'action',
  2 => 'lists',
  3 => 'page',
) ]
[ info ] [ LOG ] INIT File
[ sql ] [ DB ] CONNECT:[ UseTime:0.000732s ] mysql:dbname=dq_exam_db;host=127.0.0.1;charset=utf8
[ sql ] [ SQL ] SHOW COLUMNS FROM `dq_product` [ RunTime:0.002303s ]
[ sql ] [ SQL ] SELECT COUNT(*) AS tp_count FROM `dq_product` LIMIT 1 [ RunTime:0.000422s ]
[ sql ] [ SQL ] SELECT * FROM `dq_product` LIMIT 0,20 [ RunTime:0.000447s ]

---------------------------------------------------------------
[ 2017-11-17T21:36:30+08:00 ] 127.0.0.1 127.0.0.1 GET /dqExam/index.php/admin/exercises/index.html?page=13
[ log ] 127.0.0.1/dqExam/index.php/admin/exercises/index.html?page=13 [运行时间：0.028939s][吞吐率：34.56req/s] [内存消耗：2,409.21kb] [文件加载：50]
[ info ] [ LANG ] /Library/WebServer/Documents/dqExam/thinkphp/lang/zh-cn.php
[ info ] [ ROUTE ] array (
  'type' => 'module',
  'module' => 
  array (
    0 => 'admin',
    1 => 'exercises',
    2 => 'index',
  ),
)
[ info ] [ HEADER ] array (
  'host' => '127.0.0.1',
  'cookie' => 'thinkphp_show_page_trace=0|0; thinkphp_show_page_trace=0|0; PHPSESSID=94d0e9247f701e12948adad478af75b9',
  'connection' => 'keep-alive',
  'upgrade-insecure-requests' => '1',
  'accept' => 'text/html,application/xhtml+xml,application/xml;q=0.9,*/*;q=0.8',
  'user-agent' => 'Mozilla/5.0 (Macintosh; Intel Mac OS X 10_13_1) AppleWebKit/604.3.5 (KHTML, like Gecko) Version/11.0.1 Safari/604.3.5',
  'referer' => 'http://127.0.0.1/dqExam/index.php/admin/exercises/index.html',
  'accept-language' => 'zh-cn',
  'accept-encoding' => 'gzip, deflate',
)
[ info ] [ PARAM ] array (
  'page' => '13',
)
[ info ] [ SESSION ] INIT array (
  'id' => '',
  'var_session_id' => '',
  'prefix' => 'think',
  'type' => '',
  'auto_start' => true,
)
[ info ] [ RUN ] app\admin\controller\Exercises->index[ /Library/WebServer/Documents/dqExam/application/admin/controller/Exercises.php ]
[ info ] [ DB ] INIT mysql
[ info ] [ VIEW ] /Library/WebServer/Documents/dqExam/application/admin/view/exercises/subject.html [ array (
  0 => 'info',
  1 => 'action',
  2 => 'lists',
  3 => 'page',
) ]
[ info ] [ LOG ] INIT File
[ sql ] [ DB ] CONNECT:[ UseTime:0.000612s ] mysql:dbname=dq_exam_db;host=127.0.0.1;charset=utf8
[ sql ] [ SQL ] SHOW COLUMNS FROM `dq_product` [ RunTime:0.000830s ]
[ sql ] [ SQL ] SELECT COUNT(*) AS tp_count FROM `dq_product` LIMIT 1 [ RunTime:0.000469s ]
[ sql ] [ SQL ] SELECT * FROM `dq_product` LIMIT 240,20 [ RunTime:0.000570s ]

---------------------------------------------------------------
[ 2017-11-17T21:36:32+08:00 ] 127.0.0.1 127.0.0.1 GET /dqExam/index.php/admin/exercises/index/sid/541.html
[ log ] 127.0.0.1/dqExam/index.php/admin/exercises/index/sid/541.html [运行时间：0.033930s][吞吐率：29.47req/s] [内存消耗：1,732.14kb] [文件加载：44]
[ info ] [ LANG ] /Library/WebServer/Documents/dqExam/thinkphp/lang/zh-cn.php
[ info ] [ ROUTE ] array (
  'type' => 'module',
  'module' => 
  array (
    0 => 'admin',
    1 => 'exercises',
    2 => 'index',
  ),
)
[ info ] [ HEADER ] array (
  'host' => '127.0.0.1',
  'cookie' => 'thinkphp_show_page_trace=0|0; thinkphp_show_page_trace=0|0; PHPSESSID=94d0e9247f701e12948adad478af75b9',
  'connection' => 'keep-alive',
  'upgrade-insecure-requests' => '1',
  'accept' => 'text/html,application/xhtml+xml,application/xml;q=0.9,*/*;q=0.8',
  'user-agent' => 'Mozilla/5.0 (Macintosh; Intel Mac OS X 10_13_1) AppleWebKit/604.3.5 (KHTML, like Gecko) Version/11.0.1 Safari/604.3.5',
  'referer' => 'http://127.0.0.1/dqExam/index.php/admin/exercises/index.html?page=13',
  'accept-language' => 'zh-cn',
  'accept-encoding' => 'gzip, deflate',
)
[ info ] [ PARAM ] array (
  'sid' => '541',
)
[ info ] [ SESSION ] INIT array (
  'id' => '',
  'var_session_id' => '',
  'prefix' => 'think',
  'type' => '',
  'auto_start' => true,
)
[ info ] [ RUN ] app\admin\controller\Exercises->index[ /Library/WebServer/Documents/dqExam/application/admin/controller/Exercises.php ]
[ info ] [ DB ] INIT sqlite
[ info ] [ VIEW ] /Library/WebServer/Documents/dqExam/application/admin/view/exercises/chapters.html [ array (
  0 => 'info',
  1 => 'action',
  2 => 'sid',
  3 => 'chapters',
) ]
[ info ] [ LOG ] INIT File

---------------------------------------------------------------
[ 2017-11-17T21:36:34+08:00 ] 127.0.0.1 127.0.0.1 GET /dqExam/index.php/admin/exercises/index/sid/541/cid/10.html
[ log ] 127.0.0.1/dqExam/index.php/admin/exercises/index/sid/541/cid/10.html [运行时间：0.032364s][吞吐率：30.90req/s] [内存消耗：1,827.29kb] [文件加载：44]
[ info ] [ LANG ] /Library/WebServer/Documents/dqExam/thinkphp/lang/zh-cn.php
[ info ] [ ROUTE ] array (
  'type' => 'module',
  'module' => 
  array (
    0 => 'admin',
    1 => 'exercises',
    2 => 'index',
  ),
)
[ info ] [ HEADER ] array (
  'host' => '127.0.0.1',
  'cookie' => 'thinkphp_show_page_trace=0|0; thinkphp_show_page_trace=0|0; thinkphp_show_page_trace=0|0; PHPSESSID=94d0e9247f701e12948adad478af75b9',
  'connection' => 'keep-alive',
  'upgrade-insecure-requests' => '1',
  'accept' => 'text/html,application/xhtml+xml,application/xml;q=0.9,*/*;q=0.8',
  'user-agent' => 'Mozilla/5.0 (Macintosh; Intel Mac OS X 10_13_1) AppleWebKit/604.3.5 (KHTML, like Gecko) Version/11.0.1 Safari/604.3.5',
  'referer' => 'http://127.0.0.1/dqExam/index.php/admin/exercises/index/sid/541.html',
  'accept-language' => 'zh-cn',
  'accept-encoding' => 'gzip, deflate',
)
[ info ] [ PARAM ] array (
  'sid' => '541',
  'cid' => '10',
)
[ info ] [ SESSION ] INIT array (
  'id' => '',
  'var_session_id' => '',
  'prefix' => 'think',
  'type' => '',
  'auto_start' => true,
)
[ info ] [ RUN ] app\admin\controller\Exercises->index[ /Library/WebServer/Documents/dqExam/application/admin/controller/Exercises.php ]
[ info ] [ DB ] INIT sqlite
[ info ] [ VIEW ] /Library/WebServer/Documents/dqExam/application/admin/view/exercises/exercises.html [ array (
  0 => 'info',
  1 => 'action',
  2 => 'sid',
  3 => 'exercises',
) ]
[ info ] [ LOG ] INIT File

---------------------------------------------------------------
[ 2017-11-17T21:37:53+08:00 ] 127.0.0.1 127.0.0.1 POST /dqExam/index.php/admin/exercises/add.html
[ log ] 127.0.0.1/dqExam/index.php/admin/exercises/add.html [运行时间：0.035698s][吞吐率：28.01req/s] [内存消耗：1,452.39kb] [文件加载：42]
[ info ] [ LANG ] /Library/WebServer/Documents/dqExam/thinkphp/lang/zh-cn.php
[ info ] [ ROUTE ] array (
  'type' => 'module',
  'module' => 
  array (
    0 => 'admin',
    1 => 'exercises',
    2 => 'add',
  ),
)
[ info ] [ HEADER ] array (
  'host' => '127.0.0.1',
  'accept' => 'text/html,application/xhtml+xml,application/xml;q=0.9,*/*;q=0.8',
  'accept-encoding' => 'gzip, deflate',
  'accept-language' => 'zh-cn',
  'content-type' => 'multipart/form-data; boundary=----WebKitFormBoundaryEvC357ZCb5B54Glb',
  'origin' => 'http://127.0.0.1',
  'user-agent' => 'Mozilla/5.0 (Macintosh; Intel Mac OS X 10_13_1) AppleWebKit/604.3.5 (KHTML, like Gecko) Version/11.0.1 Safari/604.3.5',
  'connection' => 'keep-alive',
  'upgrade-insecure-requests' => '1',
  'referer' => 'http://127.0.0.1/dqExam/index.php/admin/exercises/add/sid/541.html',
  'content-length' => '1860',
  'cookie' => 'thinkphp_show_page_trace=0|0; thinkphp_show_page_trace=0|0; PHPSESSID=94d0e9247f701e12948adad478af75b9',
)
[ info ] [ PARAM ] array (
  'chapter_id' => '10',
  'question_type' => '1',
  'question_content' => '<p>She <u>exhibited</u> great powers of endurance during the climb.</p><p><br></p>',
  'option' => 
  array (
    0 => 'play',
    1 => 'send',
    2 => 'show',
    3 => 'tell',
  ),
  'right_answer' => 
  array (
    0 => 'C',
  ),
  'analytical' => '译文：她在攀登过程中表现出极大的耐力。
　　划线词的意思是“展示，展览”，C项意为“展示，表明”，例：Her laziness showed in her exam results.她平时的惰性从她的考试成绩可以看得出来。A项意为“玩;播放”，例：I could hear music playing on the radio.我听到收音机里演奏着音乐。B项意为“发送”，例：She sent me a Christmas card.她给我寄来一张圣诞贺卡。D项意为“讲(述)，告诉;吩咐;认出;显示;生效”，例：I always tell my daughter a story before she goes to sleep.女儿睡觉之前，我总讲故事给她听。
',
  'effective' => '1',
  'subject_id' => '541',
)
[ info ] [ SESSION ] INIT array (
  'id' => '',
  'var_session_id' => '',
  'prefix' => 'think',
  'type' => '',
  'auto_start' => true,
)
[ info ] [ RUN ] app\admin\controller\Exercises->add[ /Library/WebServer/Documents/dqExam/application/admin/controller/Exercises.php ]
[ info ] [ DB ] INIT sqlite
[ info ] [ VIEW ] /Library/WebServer/Documents/dqExam/thinkphp/tpl/dispatch_jump.tpl [ array (
  0 => 'info',
  1 => 'code',
  2 => 'msg',
  3 => 'data',
  4 => 'url',
  5 => 'wait',
) ]
[ info ] [ LOG ] INIT File

---------------------------------------------------------------
[ 2017-11-17T21:37:56+08:00 ] 127.0.0.1 127.0.0.1 GET /dqExam/index.php/admin/exercises/add/sid/541.html
[ log ] 127.0.0.1/dqExam/index.php/admin/exercises/add/sid/541.html [运行时间：0.020177s][吞吐率：49.56req/s] [内存消耗：1,588.45kb] [文件加载：42]
[ info ] [ LANG ] /Library/WebServer/Documents/dqExam/thinkphp/lang/zh-cn.php
[ info ] [ ROUTE ] array (
  'type' => 'module',
  'module' => 
  array (
    0 => 'admin',
    1 => 'exercises',
    2 => 'add',
  ),
)
[ info ] [ HEADER ] array (
  'host' => '127.0.0.1',
  'cookie' => 'thinkphp_show_page_trace=0|0; thinkphp_show_page_trace=0|0; thinkphp_show_page_trace=0|0; PHPSESSID=94d0e9247f701e12948adad478af75b9',
  'connection' => 'keep-alive',
  'upgrade-insecure-requests' => '1',
  'accept' => 'text/html,application/xhtml+xml,application/xml;q=0.9,*/*;q=0.8',
  'user-agent' => 'Mozilla/5.0 (Macintosh; Intel Mac OS X 10_13_1) AppleWebKit/604.3.5 (KHTML, like Gecko) Version/11.0.1 Safari/604.3.5',
  'referer' => 'http://127.0.0.1/dqExam/index.php/admin/exercises/add.html',
  'accept-language' => 'zh-cn',
  'accept-encoding' => 'gzip, deflate',
)
[ info ] [ PARAM ] array (
  'sid' => '541',
)
[ info ] [ SESSION ] INIT array (
  'id' => '',
  'var_session_id' => '',
  'prefix' => 'think',
  'type' => '',
  'auto_start' => true,
)
[ info ] [ RUN ] app\admin\controller\Exercises->add[ /Library/WebServer/Documents/dqExam/application/admin/controller/Exercises.php ]
[ info ] [ DB ] INIT sqlite
[ info ] [ VIEW ] /Library/WebServer/Documents/dqExam/application/admin/view/exercises/add.html [ array (
  0 => 'info',
  1 => 'sid',
  2 => 'chapters',
) ]
[ info ] [ LOG ] INIT File

---------------------------------------------------------------
[ 2017-11-17T21:39:29+08:00 ] 127.0.0.1 127.0.0.1 POST /dqExam/index.php/admin/exercises/add.html
[ log ] 127.0.0.1/dqExam/index.php/admin/exercises/add.html [运行时间：0.032367s][吞吐率：30.90req/s] [内存消耗：1,452.39kb] [文件加载：42]
[ info ] [ LANG ] /Library/WebServer/Documents/dqExam/thinkphp/lang/zh-cn.php
[ info ] [ ROUTE ] array (
  'type' => 'module',
  'module' => 
  array (
    0 => 'admin',
    1 => 'exercises',
    2 => 'add',
  ),
)
[ info ] [ HEADER ] array (
  'host' => '127.0.0.1',
  'accept' => 'text/html,application/xhtml+xml,application/xml;q=0.9,*/*;q=0.8',
  'accept-encoding' => 'gzip, deflate',
  'accept-language' => 'zh-cn',
  'content-type' => 'multipart/form-data; boundary=----WebKitFormBoundaryrX8atF1etAMSt70p',
  'origin' => 'http://127.0.0.1',
  'user-agent' => 'Mozilla/5.0 (Macintosh; Intel Mac OS X 10_13_1) AppleWebKit/604.3.5 (KHTML, like Gecko) Version/11.0.1 Safari/604.3.5',
  'connection' => 'keep-alive',
  'upgrade-insecure-requests' => '1',
  'referer' => 'http://127.0.0.1/dqExam/index.php/admin/exercises/add/sid/541.html',
  'content-length' => '1894',
  'cookie' => 'thinkphp_show_page_trace=0|0; thinkphp_show_page_trace=0|0; PHPSESSID=94d0e9247f701e12948adad478af75b9',
)
[ info ] [ PARAM ] array (
  'chapter_id' => '10',
  'question_type' => '1',
  'question_content' => '<p>The <u>eternal</u> motion of the stars fascinated him.</p><p><br></p>',
  'option' => 
  array (
    0 => 'long',
    1 => 'never-ending',
    2 => 'boring',
    3 => 'extensive',
  ),
  'right_answer' => 
  array (
    0 => 'B',
  ),
  'analytical' => '【解析】译文：星体永恒的运行使他着迷。
　　划线词的意思是“永恒的，永久的”，B项意为“不停的，无限的”，例：I’m tired of your never—ending complaints.我听腻了你那没完没了的抱怨。A项意为“长(期)的(地);渴望”，例：We have，however，a rather long way to go.我们仍然还有好多路要走。C项意为“令人厌烦的，无聊的”，例：He’s likeable enough，but a bit boring.他挺讨人喜欢，就是有点无聊。D项意为“广大的，广阔的;广泛的”，例：The teacher had both extensive knowledge and profound scholarship.老师的学问博大精深。
',
  'effective' => '1',
  'subject_id' => '541',
)
[ info ] [ SESSION ] INIT array (
  'id' => '',
  'var_session_id' => '',
  'prefix' => 'think',
  'type' => '',
  'auto_start' => true,
)
[ info ] [ RUN ] app\admin\controller\Exercises->add[ /Library/WebServer/Documents/dqExam/application/admin/controller/Exercises.php ]
[ info ] [ DB ] INIT sqlite
[ info ] [ VIEW ] /Library/WebServer/Documents/dqExam/thinkphp/tpl/dispatch_jump.tpl [ array (
  0 => 'info',
  1 => 'code',
  2 => 'msg',
  3 => 'data',
  4 => 'url',
  5 => 'wait',
) ]
[ info ] [ LOG ] INIT File

---------------------------------------------------------------
[ 2017-11-17T21:39:31+08:00 ] 127.0.0.1 127.0.0.1 GET /dqExam/index.php/admin/exercises/add/sid/541.html
[ log ] 127.0.0.1/dqExam/index.php/admin/exercises/add/sid/541.html [运行时间：0.017932s][吞吐率：55.77req/s] [内存消耗：1,588.45kb] [文件加载：42]
[ info ] [ LANG ] /Library/WebServer/Documents/dqExam/thinkphp/lang/zh-cn.php
[ info ] [ ROUTE ] array (
  'type' => 'module',
  'module' => 
  array (
    0 => 'admin',
    1 => 'exercises',
    2 => 'add',
  ),
)
[ info ] [ HEADER ] array (
  'host' => '127.0.0.1',
  'cookie' => 'thinkphp_show_page_trace=0|0; thinkphp_show_page_trace=0|0; thinkphp_show_page_trace=0|0; PHPSESSID=94d0e9247f701e12948adad478af75b9',
  'connection' => 'keep-alive',
  'upgrade-insecure-requests' => '1',
  'accept' => 'text/html,application/xhtml+xml,application/xml;q=0.9,*/*;q=0.8',
  'user-agent' => 'Mozilla/5.0 (Macintosh; Intel Mac OS X 10_13_1) AppleWebKit/604.3.5 (KHTML, like Gecko) Version/11.0.1 Safari/604.3.5',
  'referer' => 'http://127.0.0.1/dqExam/index.php/admin/exercises/add.html',
  'accept-language' => 'zh-cn',
  'accept-encoding' => 'gzip, deflate',
)
[ info ] [ PARAM ] array (
  'sid' => '541',
)
[ info ] [ SESSION ] INIT array (
  'id' => '',
  'var_session_id' => '',
  'prefix' => 'think',
  'type' => '',
  'auto_start' => true,
)
[ info ] [ RUN ] app\admin\controller\Exercises->add[ /Library/WebServer/Documents/dqExam/application/admin/controller/Exercises.php ]
[ info ] [ DB ] INIT sqlite
[ info ] [ VIEW ] /Library/WebServer/Documents/dqExam/application/admin/view/exercises/add.html [ array (
  0 => 'info',
  1 => 'sid',
  2 => 'chapters',
) ]
[ info ] [ LOG ] INIT File

---------------------------------------------------------------
[ 2017-11-17T21:39:45+08:00 ] 127.0.0.1 127.0.0.1 GET /dqExam/index.php/admin/exercises/index/sid/541/cid/10.html
[ log ] 127.0.0.1/dqExam/index.php/admin/exercises/index/sid/541/cid/10.html [运行时间：0.022905s][吞吐率：43.66req/s] [内存消耗：1,632.33kb] [文件加载：42]
[ info ] [ LANG ] /Library/WebServer/Documents/dqExam/thinkphp/lang/zh-cn.php
[ info ] [ ROUTE ] array (
  'type' => 'module',
  'module' => 
  array (
    0 => 'admin',
    1 => 'exercises',
    2 => 'index',
  ),
)
[ info ] [ HEADER ] array (
  'host' => '127.0.0.1',
  'cookie' => 'thinkphp_show_page_trace=0|0; thinkphp_show_page_trace=0|0; thinkphp_show_page_trace=0|0; thinkphp_show_page_trace=0|0; PHPSESSID=94d0e9247f701e12948adad478af75b9',
  'connection' => 'keep-alive',
  'upgrade-insecure-requests' => '1',
  'accept' => 'text/html,application/xhtml+xml,application/xml;q=0.9,*/*;q=0.8',
  'user-agent' => 'Mozilla/5.0 (Macintosh; Intel Mac OS X 10_13_1) AppleWebKit/604.3.5 (KHTML, like Gecko) Version/11.0.1 Safari/604.3.5',
  'referer' => 'http://127.0.0.1/dqExam/index.php/admin/exercises/index/sid/541.html',
  'accept-language' => 'zh-cn',
  'accept-encoding' => 'gzip, deflate',
)
[ info ] [ PARAM ] array (
  'sid' => '541',
  'cid' => '10',
)
[ info ] [ SESSION ] INIT array (
  'id' => '',
  'var_session_id' => '',
  'prefix' => 'think',
  'type' => '',
  'auto_start' => true,
)
[ info ] [ RUN ] app\admin\controller\Exercises->index[ /Library/WebServer/Documents/dqExam/application/admin/controller/Exercises.php ]
[ info ] [ DB ] INIT sqlite
[ info ] [ VIEW ] /Library/WebServer/Documents/dqExam/application/admin/view/exercises/exercises.html [ array (
  0 => 'info',
  1 => 'action',
  2 => 'sid',
  3 => 'exercises',
) ]
[ info ] [ LOG ] INIT File

---------------------------------------------------------------
[ 2017-11-17T21:41:05+08:00 ] 127.0.0.1 127.0.0.1 POST /dqExam/index.php/admin/exercises/add.html
[ log ] 127.0.0.1/dqExam/index.php/admin/exercises/add.html [运行时间：0.032022s][吞吐率：31.23req/s] [内存消耗：1,452.39kb] [文件加载：42]
[ info ] [ LANG ] /Library/WebServer/Documents/dqExam/thinkphp/lang/zh-cn.php
[ info ] [ ROUTE ] array (
  'type' => 'module',
  'module' => 
  array (
    0 => 'admin',
    1 => 'exercises',
    2 => 'add',
  ),
)
[ info ] [ HEADER ] array (
  'host' => '127.0.0.1',
  'accept' => 'text/html,application/xhtml+xml,application/xml;q=0.9,*/*;q=0.8',
  'accept-encoding' => 'gzip, deflate',
  'accept-language' => 'zh-cn',
  'content-type' => 'multipart/form-data; boundary=----WebKitFormBoundarysVuT8Yz215NwaguX',
  'origin' => 'http://127.0.0.1',
  'user-agent' => 'Mozilla/5.0 (Macintosh; Intel Mac OS X 10_13_1) AppleWebKit/604.3.5 (KHTML, like Gecko) Version/11.0.1 Safari/604.3.5',
  'connection' => 'keep-alive',
  'upgrade-insecure-requests' => '1',
  'referer' => 'http://127.0.0.1/dqExam/index.php/admin/exercises/add/sid/541.html',
  'content-length' => '1931',
  'cookie' => 'thinkphp_show_page_trace=0|0; thinkphp_show_page_trace=0|0; PHPSESSID=94d0e9247f701e12948adad478af75b9',
)
[ info ] [ PARAM ] array (
  'chapter_id' => '10',
  'question_type' => '1',
  'question_content' => '<p>She could not answer, it was an <u>immense</u> load off her heart.</p><p><br></p>',
  'option' => 
  array (
    0 => 'natural',
    1 => 'fatal',
    2 => 'tiny',
    3 => 'enormous',
  ),
  'right_answer' => 
  array (
    0 => 'D',
  ),
  'analytical' => '【解析】译文：她心头如释重负，无言回答。
　　划线词的意思是“广大的，巨大的”，D项意为“巨大的，庞大的”，例：Their sitting room was enormous.他们的起居室很大。A项意为“自然的，正常的”，例：It is natural that such a hardworking student should Pass the exam.这么用功的学生考试及格是很自然的事。B项意为“致命的，灾难性的;重大的，决定性的”，例：Fatal accidents have decreased in frequency over recent years.近年来死亡事故发生的频率已经下降。C项意为“微小的”，例：A tiny fishing boat was drifting slowly along.一只小小的渔船在缓缓地漂去。',
  'effective' => '1',
  'subject_id' => '541',
)
[ info ] [ SESSION ] INIT array (
  'id' => '',
  'var_session_id' => '',
  'prefix' => 'think',
  'type' => '',
  'auto_start' => true,
)
[ info ] [ RUN ] app\admin\controller\Exercises->add[ /Library/WebServer/Documents/dqExam/application/admin/controller/Exercises.php ]
[ info ] [ DB ] INIT sqlite
[ info ] [ VIEW ] /Library/WebServer/Documents/dqExam/thinkphp/tpl/dispatch_jump.tpl [ array (
  0 => 'info',
  1 => 'code',
  2 => 'msg',
  3 => 'data',
  4 => 'url',
  5 => 'wait',
) ]
[ info ] [ LOG ] INIT File

---------------------------------------------------------------
[ 2017-11-17T21:41:08+08:00 ] 127.0.0.1 127.0.0.1 GET /dqExam/index.php/admin/exercises/add/sid/541.html
[ log ] 127.0.0.1/dqExam/index.php/admin/exercises/add/sid/541.html [运行时间：0.045370s][吞吐率：22.04req/s] [内存消耗：1,588.45kb] [文件加载：42]
[ info ] [ LANG ] /Library/WebServer/Documents/dqExam/thinkphp/lang/zh-cn.php
[ info ] [ ROUTE ] array (
  'type' => 'module',
  'module' => 
  array (
    0 => 'admin',
    1 => 'exercises',
    2 => 'add',
  ),
)
[ info ] [ HEADER ] array (
  'host' => '127.0.0.1',
  'cookie' => 'thinkphp_show_page_trace=0|0; thinkphp_show_page_trace=0|0; thinkphp_show_page_trace=0|0; PHPSESSID=94d0e9247f701e12948adad478af75b9',
  'connection' => 'keep-alive',
  'upgrade-insecure-requests' => '1',
  'accept' => 'text/html,application/xhtml+xml,application/xml;q=0.9,*/*;q=0.8',
  'user-agent' => 'Mozilla/5.0 (Macintosh; Intel Mac OS X 10_13_1) AppleWebKit/604.3.5 (KHTML, like Gecko) Version/11.0.1 Safari/604.3.5',
  'referer' => 'http://127.0.0.1/dqExam/index.php/admin/exercises/add.html',
  'accept-language' => 'zh-cn',
  'accept-encoding' => 'gzip, deflate',
)
[ info ] [ PARAM ] array (
  'sid' => '541',
)
[ info ] [ SESSION ] INIT array (
  'id' => '',
  'var_session_id' => '',
  'prefix' => 'think',
  'type' => '',
  'auto_start' => true,
)
[ info ] [ RUN ] app\admin\controller\Exercises->add[ /Library/WebServer/Documents/dqExam/application/admin/controller/Exercises.php ]
[ info ] [ DB ] INIT sqlite
[ info ] [ VIEW ] /Library/WebServer/Documents/dqExam/application/admin/view/exercises/add.html [ array (
  0 => 'info',
  1 => 'sid',
  2 => 'chapters',
) ]
[ info ] [ LOG ] INIT File

---------------------------------------------------------------
[ 2017-11-17T21:46:54+08:00 ] 127.0.0.1 127.0.0.1 POST /dqExam/index.php/admin/exercises/add.html
[ log ] 127.0.0.1/dqExam/index.php/admin/exercises/add.html [运行时间：0.020247s][吞吐率：49.39req/s] [内存消耗：1,452.14kb] [文件加载：42]
[ info ] [ LANG ] /Library/WebServer/Documents/dqExam/thinkphp/lang/zh-cn.php
[ info ] [ ROUTE ] array (
  'type' => 'module',
  'module' => 
  array (
    0 => 'admin',
    1 => 'exercises',
    2 => 'add',
  ),
)
[ info ] [ HEADER ] array (
  'host' => '127.0.0.1',
  'accept' => 'text/html,application/xhtml+xml,application/xml;q=0.9,*/*;q=0.8',
  'accept-encoding' => 'gzip, deflate',
  'accept-language' => 'zh-cn',
  'content-type' => 'multipart/form-data; boundary=----WebKitFormBoundaryNaxwMZXm2djcOWan',
  'origin' => 'http://127.0.0.1',
  'user-agent' => 'Mozilla/5.0 (Macintosh; Intel Mac OS X 10_13_1) AppleWebKit/604.3.5 (KHTML, like Gecko) Version/11.0.1 Safari/604.3.5',
  'connection' => 'keep-alive',
  'upgrade-insecure-requests' => '1',
  'referer' => 'http://127.0.0.1/dqExam/index.php/admin/exercises/add/sid/541.html',
  'content-length' => '1737',
  'cookie' => 'thinkphp_show_page_trace=0|0; thinkphp_show_page_trace=0|0; PHPSESSID=94d0e9247f701e12948adad478af75b9',
)
[ info ] [ PARAM ] array (
  'chapter_id' => '10',
  'question_type' => '1',
  'question_content' => '<p>The book made a great <u>impact</u> on its readers.</p><p><br></p>',
  'option' => 
  array (
    0 => 'force',
    1 => 'influence',
    2 => 'surprise',
    3 => 'power',
  ),
  'right_answer' => 
  array (
    0 => 'B',
  ),
  'analytical' => '译文：这本书对读者有很大的影响。
　　划线词的意思是“影响”，B项意为“影响”，例：Listening to the music has a calming influence on her.听音乐对她起了一种镇静的作用。A项意为“军队;暴力;强迫;用力推动”，例：The moral force is on our side.道义的力量在我们一边。C项意为“惊奇”，例：What a surprise! 真是出人意料的事!D项意为“力量，能力”，例：She lost her power of speech.她失去了说话的能力。
',
  'effective' => '1',
  'subject_id' => '541',
)
[ info ] [ SESSION ] INIT array (
  'id' => '',
  'var_session_id' => '',
  'prefix' => 'think',
  'type' => '',
  'auto_start' => true,
)
[ info ] [ RUN ] app\admin\controller\Exercises->add[ /Library/WebServer/Documents/dqExam/application/admin/controller/Exercises.php ]
[ info ] [ DB ] INIT sqlite
[ info ] [ VIEW ] /Library/WebServer/Documents/dqExam/thinkphp/tpl/dispatch_jump.tpl [ array (
  0 => 'info',
  1 => 'code',
  2 => 'msg',
  3 => 'data',
  4 => 'url',
  5 => 'wait',
) ]
[ info ] [ LOG ] INIT File

---------------------------------------------------------------
[ 2017-11-17T21:46:57+08:00 ] 127.0.0.1 127.0.0.1 GET /dqExam/index.php/admin/exercises/add/sid/541.html
[ log ] 127.0.0.1/dqExam/index.php/admin/exercises/add/sid/541.html [运行时间：0.020678s][吞吐率：48.36req/s] [内存消耗：1,588.45kb] [文件加载：42]
[ info ] [ LANG ] /Library/WebServer/Documents/dqExam/thinkphp/lang/zh-cn.php
[ info ] [ ROUTE ] array (
  'type' => 'module',
  'module' => 
  array (
    0 => 'admin',
    1 => 'exercises',
    2 => 'add',
  ),
)
[ info ] [ HEADER ] array (
  'host' => '127.0.0.1',
  'cookie' => 'thinkphp_show_page_trace=0|0; thinkphp_show_page_trace=0|0; thinkphp_show_page_trace=0|0; PHPSESSID=94d0e9247f701e12948adad478af75b9',
  'connection' => 'keep-alive',
  'upgrade-insecure-requests' => '1',
  'accept' => 'text/html,application/xhtml+xml,application/xml;q=0.9,*/*;q=0.8',
  'user-agent' => 'Mozilla/5.0 (Macintosh; Intel Mac OS X 10_13_1) AppleWebKit/604.3.5 (KHTML, like Gecko) Version/11.0.1 Safari/604.3.5',
  'referer' => 'http://127.0.0.1/dqExam/index.php/admin/exercises/add.html',
  'accept-language' => 'zh-cn',
  'accept-encoding' => 'gzip, deflate',
)
[ info ] [ PARAM ] array (
  'sid' => '541',
)
[ info ] [ SESSION ] INIT array (
  'id' => '',
  'var_session_id' => '',
  'prefix' => 'think',
  'type' => '',
  'auto_start' => true,
)
[ info ] [ RUN ] app\admin\controller\Exercises->add[ /Library/WebServer/Documents/dqExam/application/admin/controller/Exercises.php ]
[ info ] [ DB ] INIT sqlite
[ info ] [ VIEW ] /Library/WebServer/Documents/dqExam/application/admin/view/exercises/add.html [ array (
  0 => 'info',
  1 => 'sid',
  2 => 'chapters',
) ]
[ info ] [ LOG ] INIT File

---------------------------------------------------------------
[ 2017-11-17T22:06:08+08:00 ] 127.0.0.1 127.0.0.1 POST /dqExam/index.php/admin/exercises/add.html
[ log ] 127.0.0.1/dqExam/index.php/admin/exercises/add.html [运行时间：0.023159s][吞吐率：43.18req/s] [内存消耗：1,452.39kb] [文件加载：42]
[ info ] [ LANG ] /Library/WebServer/Documents/dqExam/thinkphp/lang/zh-cn.php
[ info ] [ ROUTE ] array (
  'type' => 'module',
  'module' => 
  array (
    0 => 'admin',
    1 => 'exercises',
    2 => 'add',
  ),
)
[ info ] [ HEADER ] array (
  'host' => '127.0.0.1',
  'accept' => 'text/html,application/xhtml+xml,application/xml;q=0.9,*/*;q=0.8',
  'accept-encoding' => 'gzip, deflate',
  'accept-language' => 'zh-cn',
  'content-type' => 'multipart/form-data; boundary=----WebKitFormBoundaryutAaYWKAkmk629mu',
  'origin' => 'http://127.0.0.1',
  'user-agent' => 'Mozilla/5.0 (Macintosh; Intel Mac OS X 10_13_1) AppleWebKit/604.3.5 (KHTML, like Gecko) Version/11.0.1 Safari/604.3.5',
  'connection' => 'keep-alive',
  'upgrade-insecure-requests' => '1',
  'referer' => 'http://127.0.0.1/dqExam/index.php/admin/exercises/add/sid/541.html',
  'content-length' => '1857',
  'cookie' => 'thinkphp_show_page_trace=0|0; thinkphp_show_page_trace=0|0; PHPSESSID=94d0e9247f701e12948adad478af75b9',
)
[ info ] [ PARAM ] array (
  'chapter_id' => '10',
  'question_type' => '1',
  'question_content' => '<p><u>Accompanied</u> by cheerful music, we began to dance.</p><p><br></p>',
  'right_answer' => 
  array (
    0 => 'A',
  ),
  'option' => 
  array (
    0 => 'pleasant',
    1 => 'colorful',
    2 => 'fashionable',
    3 => 'different',
  ),
  'analytical' => '译文：我们伴随着欢乐的乐曲跳起舞来。
　　划线词的意思是“高兴的;使人感到愉快的”，A项意为“令人愉快的”，例：The walk was very pleasant.那次散步很愉快。B项意为“多姿多彩的”，例：He gave a colorful account of life in Samoa.他生动地叙述了萨摩亚群岛上的生活。C项意为“时尚的”，例：It became fashionable for the rich to winter in the sun.在阳光充足的地方过冬成了富人的时尚。D项意为“不同的”，例：My husband has several shirts of different colors.我丈夫有好几件颜色不同的衬衫。
',
  'effective' => '1',
  'subject_id' => '541',
)
[ info ] [ SESSION ] INIT array (
  'id' => '',
  'var_session_id' => '',
  'prefix' => 'think',
  'type' => '',
  'auto_start' => true,
)
[ info ] [ RUN ] app\admin\controller\Exercises->add[ /Library/WebServer/Documents/dqExam/application/admin/controller/Exercises.php ]
[ info ] [ DB ] INIT sqlite
[ info ] [ VIEW ] /Library/WebServer/Documents/dqExam/thinkphp/tpl/dispatch_jump.tpl [ array (
  0 => 'info',
  1 => 'code',
  2 => 'msg',
  3 => 'data',
  4 => 'url',
  5 => 'wait',
) ]
[ info ] [ LOG ] INIT File

---------------------------------------------------------------
[ 2017-11-17T22:06:10+08:00 ] 127.0.0.1 127.0.0.1 GET /dqExam/index.php/admin/exercises/add/sid/541.html
[ log ] 127.0.0.1/dqExam/index.php/admin/exercises/add/sid/541.html [运行时间：0.019201s][吞吐率：52.08req/s] [内存消耗：1,588.45kb] [文件加载：42]
[ info ] [ LANG ] /Library/WebServer/Documents/dqExam/thinkphp/lang/zh-cn.php
[ info ] [ ROUTE ] array (
  'type' => 'module',
  'module' => 
  array (
    0 => 'admin',
    1 => 'exercises',
    2 => 'add',
  ),
)
[ info ] [ HEADER ] array (
  'host' => '127.0.0.1',
  'cookie' => 'thinkphp_show_page_trace=0|0; thinkphp_show_page_trace=0|0; thinkphp_show_page_trace=0|0; PHPSESSID=94d0e9247f701e12948adad478af75b9',
  'connection' => 'keep-alive',
  'upgrade-insecure-requests' => '1',
  'accept' => 'text/html,application/xhtml+xml,application/xml;q=0.9,*/*;q=0.8',
  'user-agent' => 'Mozilla/5.0 (Macintosh; Intel Mac OS X 10_13_1) AppleWebKit/604.3.5 (KHTML, like Gecko) Version/11.0.1 Safari/604.3.5',
  'referer' => 'http://127.0.0.1/dqExam/index.php/admin/exercises/add.html',
  'accept-language' => 'zh-cn',
  'accept-encoding' => 'gzip, deflate',
)
[ info ] [ PARAM ] array (
  'sid' => '541',
)
[ info ] [ SESSION ] INIT array (
  'id' => '',
  'var_session_id' => '',
  'prefix' => 'think',
  'type' => '',
  'auto_start' => true,
)
[ info ] [ RUN ] app\admin\controller\Exercises->add[ /Library/WebServer/Documents/dqExam/application/admin/controller/Exercises.php ]
[ info ] [ DB ] INIT sqlite
[ info ] [ VIEW ] /Library/WebServer/Documents/dqExam/application/admin/view/exercises/add.html [ array (
  0 => 'info',
  1 => 'sid',
  2 => 'chapters',
) ]
[ info ] [ LOG ] INIT File

---------------------------------------------------------------
[ 2017-11-17T22:06:25+08:00 ] 127.0.0.1 127.0.0.1 GET /dqExam/index.php/admin/exercises/index/sid/541/cid/10.html
[ log ] 127.0.0.1/dqExam/index.php/admin/exercises/index/sid/541/cid/10.html [运行时间：0.022329s][吞吐率：44.78req/s] [内存消耗：1,642.18kb] [文件加载：42]
[ info ] [ LANG ] /Library/WebServer/Documents/dqExam/thinkphp/lang/zh-cn.php
[ info ] [ ROUTE ] array (
  'type' => 'module',
  'module' => 
  array (
    0 => 'admin',
    1 => 'exercises',
    2 => 'index',
  ),
)
[ info ] [ HEADER ] array (
  'host' => '127.0.0.1',
  'cookie' => 'thinkphp_show_page_trace=0|0; thinkphp_show_page_trace=0|0; thinkphp_show_page_trace=0|0; thinkphp_show_page_trace=0|0; PHPSESSID=94d0e9247f701e12948adad478af75b9',
  'connection' => 'keep-alive',
  'upgrade-insecure-requests' => '1',
  'accept' => 'text/html,application/xhtml+xml,application/xml;q=0.9,*/*;q=0.8',
  'user-agent' => 'Mozilla/5.0 (Macintosh; Intel Mac OS X 10_13_1) AppleWebKit/604.3.5 (KHTML, like Gecko) Version/11.0.1 Safari/604.3.5',
  'referer' => 'http://127.0.0.1/dqExam/index.php/admin/exercises/index/sid/541.html',
  'accept-language' => 'zh-cn',
  'accept-encoding' => 'gzip, deflate',
)
[ info ] [ PARAM ] array (
  'sid' => '541',
  'cid' => '10',
)
[ info ] [ SESSION ] INIT array (
  'id' => '',
  'var_session_id' => '',
  'prefix' => 'think',
  'type' => '',
  'auto_start' => true,
)
[ info ] [ RUN ] app\admin\controller\Exercises->index[ /Library/WebServer/Documents/dqExam/application/admin/controller/Exercises.php ]
[ info ] [ DB ] INIT sqlite
[ info ] [ VIEW ] /Library/WebServer/Documents/dqExam/application/admin/view/exercises/exercises.html [ array (
  0 => 'info',
  1 => 'action',
  2 => 'sid',
  3 => 'exercises',
) ]
[ info ] [ LOG ] INIT File

---------------------------------------------------------------
[ 2017-11-17T22:10:24+08:00 ] 127.0.0.1 127.0.0.1 POST /dqExam/index.php/admin/exercises/add.html
[ log ] 127.0.0.1/dqExam/index.php/admin/exercises/add.html [运行时间：0.031583s][吞吐率：31.66req/s] [内存消耗：1,452.39kb] [文件加载：42]
[ info ] [ LANG ] /Library/WebServer/Documents/dqExam/thinkphp/lang/zh-cn.php
[ info ] [ ROUTE ] array (
  'type' => 'module',
  'module' => 
  array (
    0 => 'admin',
    1 => 'exercises',
    2 => 'add',
  ),
)
[ info ] [ HEADER ] array (
  'host' => '127.0.0.1',
  'accept' => 'text/html,application/xhtml+xml,application/xml;q=0.9,*/*;q=0.8',
  'accept-encoding' => 'gzip, deflate',
  'accept-language' => 'zh-cn',
  'content-type' => 'multipart/form-data; boundary=----WebKitFormBoundary48DYKA2JNKHGTTDe',
  'origin' => 'http://127.0.0.1',
  'user-agent' => 'Mozilla/5.0 (Macintosh; Intel Mac OS X 10_13_1) AppleWebKit/604.3.5 (KHTML, like Gecko) Version/11.0.1 Safari/604.3.5',
  'connection' => 'keep-alive',
  'upgrade-insecure-requests' => '1',
  'referer' => 'http://127.0.0.1/dqExam/index.php/admin/exercises/add/sid/541.html',
  'content-length' => '1828',
  'cookie' => 'thinkphp_show_page_trace=0|0; thinkphp_show_page_trace=0|0; PHPSESSID=94d0e9247f701e12948adad478af75b9',
)
[ info ] [ PARAM ] array (
  'chapter_id' => '10',
  'question_type' => '1',
  'question_content' => '<p>He was not <u>eligible</u> for the examination because he was over age.</p><p><br></p>',
  'option' => 
  array (
    0 => 'competitive',
    1 => 'diligent',
    2 => 'qualified',
    3 => 'competent',
  ),
  'right_answer' => 
  array (
    0 => 'C',
  ),
  'analytical' => '译文：他不够参加考试资格，因他已超龄。
　　划线词的意思为“符合条件的，合格的”，C项意为“有资格的”，与划线词意思相近，例：He is a qualified scientist.他是个合格的科学家。故选C。A项意为“有竞争力的”，例：A competitive person loves to win and hates to lose.竞争心强的人喜欢赢讨厌输。B项意为“勤奋的”，例：John is more diligent than anyone else in his class.约翰比班上其他的同学用功。D项意为“能胜任的”，例：He is competent enough to fill
',
  'effective' => '1',
  'subject_id' => '541',
)
[ info ] [ SESSION ] INIT array (
  'id' => '',
  'var_session_id' => '',
  'prefix' => 'think',
  'type' => '',
  'auto_start' => true,
)
[ info ] [ RUN ] app\admin\controller\Exercises->add[ /Library/WebServer/Documents/dqExam/application/admin/controller/Exercises.php ]
[ info ] [ DB ] INIT sqlite
[ info ] [ VIEW ] /Library/WebServer/Documents/dqExam/thinkphp/tpl/dispatch_jump.tpl [ array (
  0 => 'info',
  1 => 'code',
  2 => 'msg',
  3 => 'data',
  4 => 'url',
  5 => 'wait',
) ]
[ info ] [ LOG ] INIT File

---------------------------------------------------------------
[ 2017-11-17T22:10:25+08:00 ] 127.0.0.1 127.0.0.1 GET /dqExam/index.php/admin/exercises/add/sid/541.html
[ log ] 127.0.0.1/dqExam/index.php/admin/exercises/add/sid/541.html [运行时间：0.017284s][吞吐率：57.86req/s] [内存消耗：1,588.45kb] [文件加载：42]
[ info ] [ LANG ] /Library/WebServer/Documents/dqExam/thinkphp/lang/zh-cn.php
[ info ] [ ROUTE ] array (
  'type' => 'module',
  'module' => 
  array (
    0 => 'admin',
    1 => 'exercises',
    2 => 'add',
  ),
)
[ info ] [ HEADER ] array (
  'host' => '127.0.0.1',
  'cookie' => 'thinkphp_show_page_trace=0|0; thinkphp_show_page_trace=0|0; thinkphp_show_page_trace=0|0; PHPSESSID=94d0e9247f701e12948adad478af75b9',
  'connection' => 'keep-alive',
  'upgrade-insecure-requests' => '1',
  'accept' => 'text/html,application/xhtml+xml,application/xml;q=0.9,*/*;q=0.8',
  'user-agent' => 'Mozilla/5.0 (Macintosh; Intel Mac OS X 10_13_1) AppleWebKit/604.3.5 (KHTML, like Gecko) Version/11.0.1 Safari/604.3.5',
  'referer' => 'http://127.0.0.1/dqExam/index.php/admin/exercises/add.html',
  'accept-language' => 'zh-cn',
  'accept-encoding' => 'gzip, deflate',
)
[ info ] [ PARAM ] array (
  'sid' => '541',
)
[ info ] [ SESSION ] INIT array (
  'id' => '',
  'var_session_id' => '',
  'prefix' => 'think',
  'type' => '',
  'auto_start' => true,
)
[ info ] [ RUN ] app\admin\controller\Exercises->add[ /Library/WebServer/Documents/dqExam/application/admin/controller/Exercises.php ]
[ info ] [ DB ] INIT sqlite
[ info ] [ VIEW ] /Library/WebServer/Documents/dqExam/application/admin/view/exercises/add.html [ array (
  0 => 'info',
  1 => 'sid',
  2 => 'chapters',
) ]
[ info ] [ LOG ] INIT File

---------------------------------------------------------------
[ 2017-11-17T22:11:26+08:00 ] 127.0.0.1 127.0.0.1 GET /dqExam/index.php/admin/exercises/index/sid/541/cid/10.html
[ log ] 127.0.0.1/dqExam/index.php/admin/exercises/index/sid/541/cid/10.html [运行时间：0.028577s][吞吐率：34.99req/s] [内存消耗：1,648.06kb] [文件加载：42]
[ info ] [ LANG ] /Library/WebServer/Documents/dqExam/thinkphp/lang/zh-cn.php
[ info ] [ ROUTE ] array (
  'type' => 'module',
  'module' => 
  array (
    0 => 'admin',
    1 => 'exercises',
    2 => 'index',
  ),
)
[ info ] [ HEADER ] array (
  'host' => '127.0.0.1',
  'cookie' => 'thinkphp_show_page_trace=0|0; thinkphp_show_page_trace=0|0; thinkphp_show_page_trace=0|0; thinkphp_show_page_trace=0|0; PHPSESSID=94d0e9247f701e12948adad478af75b9',
  'connection' => 'keep-alive',
  'upgrade-insecure-requests' => '1',
  'accept' => 'text/html,application/xhtml+xml,application/xml;q=0.9,*/*;q=0.8',
  'user-agent' => 'Mozilla/5.0 (Macintosh; Intel Mac OS X 10_13_1) AppleWebKit/604.3.5 (KHTML, like Gecko) Version/11.0.1 Safari/604.3.5',
  'referer' => 'http://127.0.0.1/dqExam/index.php/admin/exercises/index/sid/541.html',
  'accept-language' => 'zh-cn',
  'accept-encoding' => 'gzip, deflate',
)
[ info ] [ PARAM ] array (
  'sid' => '541',
  'cid' => '10',
)
[ info ] [ SESSION ] INIT array (
  'id' => '',
  'var_session_id' => '',
  'prefix' => 'think',
  'type' => '',
  'auto_start' => true,
)
[ info ] [ RUN ] app\admin\controller\Exercises->index[ /Library/WebServer/Documents/dqExam/application/admin/controller/Exercises.php ]
[ info ] [ DB ] INIT sqlite
[ info ] [ VIEW ] /Library/WebServer/Documents/dqExam/application/admin/view/exercises/exercises.html [ array (
  0 => 'info',
  1 => 'action',
  2 => 'sid',
  3 => 'exercises',
) ]
[ info ] [ LOG ] INIT File

---------------------------------------------------------------
[ 2017-11-17T22:11:29+08:00 ] 127.0.0.1 127.0.0.1 GET /dqExam/index.php/admin/exercises/edit/qid/2424/sid/541.html
[ log ] 127.0.0.1/dqExam/index.php/admin/exercises/edit/qid/2424/sid/541.html [运行时间：0.032113s][吞吐率：31.14req/s] [内存消耗：1,763.28kb] [文件加载：44]
[ info ] [ LANG ] /Library/WebServer/Documents/dqExam/thinkphp/lang/zh-cn.php
[ info ] [ ROUTE ] array (
  'type' => 'module',
  'module' => 
  array (
    0 => 'admin',
    1 => 'exercises',
    2 => 'edit',
  ),
)
[ info ] [ HEADER ] array (
  'host' => '127.0.0.1',
  'cookie' => 'thinkphp_show_page_trace=0|0; thinkphp_show_page_trace=0|0; PHPSESSID=94d0e9247f701e12948adad478af75b9',
  'connection' => 'keep-alive',
  'upgrade-insecure-requests' => '1',
  'accept' => 'text/html,application/xhtml+xml,application/xml;q=0.9,*/*;q=0.8',
  'user-agent' => 'Mozilla/5.0 (Macintosh; Intel Mac OS X 10_13_1) AppleWebKit/604.3.5 (KHTML, like Gecko) Version/11.0.1 Safari/604.3.5',
  'referer' => 'http://127.0.0.1/dqExam/index.php/admin/exercises/index/sid/541/cid/10.html',
  'accept-language' => 'zh-cn',
  'accept-encoding' => 'gzip, deflate',
)
[ info ] [ PARAM ] array (
  'qid' => '2424',
  'sid' => '541',
)
[ info ] [ SESSION ] INIT array (
  'id' => '',
  'var_session_id' => '',
  'prefix' => 'think',
  'type' => '',
  'auto_start' => true,
)
[ info ] [ RUN ] app\admin\controller\Exercises->edit[ /Library/WebServer/Documents/dqExam/application/admin/controller/Exercises.php ]
[ info ] [ DB ] INIT sqlite
[ info ] [ VIEW ] /Library/WebServer/Documents/dqExam/application/admin/view/exercises/edit.html [ array (
  0 => 'info',
  1 => 'question',
  2 => 'sid',
) ]
[ info ] [ LOG ] INIT File

---------------------------------------------------------------
[ 2017-11-17T22:12:38+08:00 ] 127.0.0.1 127.0.0.1 POST /dqExam/index.php/admin/exercises/add.html
[ log ] 127.0.0.1/dqExam/index.php/admin/exercises/add.html [运行时间：0.029490s][吞吐率：33.91req/s] [内存消耗：1,452.39kb] [文件加载：42]
[ info ] [ LANG ] /Library/WebServer/Documents/dqExam/thinkphp/lang/zh-cn.php
[ info ] [ ROUTE ] array (
  'type' => 'module',
  'module' => 
  array (
    0 => 'admin',
    1 => 'exercises',
    2 => 'add',
  ),
)
[ info ] [ HEADER ] array (
  'host' => '127.0.0.1',
  'accept' => 'text/html,application/xhtml+xml,application/xml;q=0.9,*/*;q=0.8',
  'accept-encoding' => 'gzip, deflate',
  'accept-language' => 'zh-cn',
  'content-type' => 'multipart/form-data; boundary=----WebKitFormBoundaryIxP5a4SxdSBYRA77',
  'origin' => 'http://127.0.0.1',
  'user-agent' => 'Mozilla/5.0 (Macintosh; Intel Mac OS X 10_13_1) AppleWebKit/604.3.5 (KHTML, like Gecko) Version/11.0.1 Safari/604.3.5',
  'connection' => 'keep-alive',
  'upgrade-insecure-requests' => '1',
  'referer' => 'http://127.0.0.1/dqExam/index.php/admin/exercises/add/sid/541.html',
  'content-length' => '1913',
  'cookie' => 'thinkphp_show_page_trace=0|0; thinkphp_show_page_trace=0|0; PHPSESSID=94d0e9247f701e12948adad478af75b9',
)
[ info ] [ PARAM ] array (
  'chapter_id' => '10',
  'question_type' => '1',
  'question_content' => '<p>Her novel <u>depicts</u> an ambitious Chinese.</p><p><br></p>',
  'option' => 
  array (
    0 => 'writes',
    1 => 'sketches',
    2 => 'describes',
    3 => 'indicates',
  ),
  'right_answer' => 
  array (
    0 => 'C',
  ),
  'analytical' => '译文：她的小说描写了一个有抱负的中国人。
　　划线词的意思是“描绘，描述”，C项意为“描写，描述”，例：The police asked me to describe exactly how it happened.警察让我描述一下这事是怎样发生的。A项意为“写”，例：I have to write an essay for next week’s seminar.我要为下周的讨论会写一篇文章。B项意为“写生;速写;为……绘草图”，例：He sketched the coal miner in a few minutes.他几分钟就画了一幅那位煤矿工人的素描。D项意为“表明”，例：Research indicates that men find it easier to give up smoking than women.研究表明，男人比女人更容易戒烟。',
  'effective' => '1',
  'subject_id' => '541',
)
[ info ] [ SESSION ] INIT array (
  'id' => '',
  'var_session_id' => '',
  'prefix' => 'think',
  'type' => '',
  'auto_start' => true,
)
[ info ] [ RUN ] app\admin\controller\Exercises->add[ /Library/WebServer/Documents/dqExam/application/admin/controller/Exercises.php ]
[ info ] [ DB ] INIT sqlite
[ info ] [ VIEW ] /Library/WebServer/Documents/dqExam/thinkphp/tpl/dispatch_jump.tpl [ array (
  0 => 'info',
  1 => 'code',
  2 => 'msg',
  3 => 'data',
  4 => 'url',
  5 => 'wait',
) ]
[ info ] [ LOG ] INIT File

---------------------------------------------------------------
[ 2017-11-17T22:12:40+08:00 ] 127.0.0.1 127.0.0.1 GET /dqExam/index.php/admin/exercises/add/sid/541.html
[ log ] 127.0.0.1/dqExam/index.php/admin/exercises/add/sid/541.html [运行时间：0.017443s][吞吐率：57.33req/s] [内存消耗：1,588.45kb] [文件加载：42]
[ info ] [ LANG ] /Library/WebServer/Documents/dqExam/thinkphp/lang/zh-cn.php
[ info ] [ ROUTE ] array (
  'type' => 'module',
  'module' => 
  array (
    0 => 'admin',
    1 => 'exercises',
    2 => 'add',
  ),
)
[ info ] [ HEADER ] array (
  'host' => '127.0.0.1',
  'cookie' => 'thinkphp_show_page_trace=0|0; thinkphp_show_page_trace=0|0; thinkphp_show_page_trace=0|0; PHPSESSID=94d0e9247f701e12948adad478af75b9',
  'connection' => 'keep-alive',
  'upgrade-insecure-requests' => '1',
  'accept' => 'text/html,application/xhtml+xml,application/xml;q=0.9,*/*;q=0.8',
  'user-agent' => 'Mozilla/5.0 (Macintosh; Intel Mac OS X 10_13_1) AppleWebKit/604.3.5 (KHTML, like Gecko) Version/11.0.1 Safari/604.3.5',
  'referer' => 'http://127.0.0.1/dqExam/index.php/admin/exercises/add.html',
  'accept-language' => 'zh-cn',
  'accept-encoding' => 'gzip, deflate',
)
[ info ] [ PARAM ] array (
  'sid' => '541',
)
[ info ] [ SESSION ] INIT array (
  'id' => '',
  'var_session_id' => '',
  'prefix' => 'think',
  'type' => '',
  'auto_start' => true,
)
[ info ] [ RUN ] app\admin\controller\Exercises->add[ /Library/WebServer/Documents/dqExam/application/admin/controller/Exercises.php ]
[ info ] [ DB ] INIT sqlite
[ info ] [ VIEW ] /Library/WebServer/Documents/dqExam/application/admin/view/exercises/add.html [ array (
  0 => 'info',
  1 => 'sid',
  2 => 'chapters',
) ]
[ info ] [ LOG ] INIT File

---------------------------------------------------------------
[ 2017-11-17T22:13:44+08:00 ] 127.0.0.1 127.0.0.1 POST /dqExam/index.php/admin/exercises/add.html
[ log ] 127.0.0.1/dqExam/index.php/admin/exercises/add.html [运行时间：0.028256s][吞吐率：35.39req/s] [内存消耗：1,452.39kb] [文件加载：42]
[ info ] [ LANG ] /Library/WebServer/Documents/dqExam/thinkphp/lang/zh-cn.php
[ info ] [ ROUTE ] array (
  'type' => 'module',
  'module' => 
  array (
    0 => 'admin',
    1 => 'exercises',
    2 => 'add',
  ),
)
[ info ] [ HEADER ] array (
  'host' => '127.0.0.1',
  'accept' => 'text/html,application/xhtml+xml,application/xml;q=0.9,*/*;q=0.8',
  'accept-encoding' => 'gzip, deflate',
  'accept-language' => 'zh-cn',
  'content-type' => 'multipart/form-data; boundary=----WebKitFormBoundarypjQYWpxu3h0FICP1',
  'origin' => 'http://127.0.0.1',
  'user-agent' => 'Mozilla/5.0 (Macintosh; Intel Mac OS X 10_13_1) AppleWebKit/604.3.5 (KHTML, like Gecko) Version/11.0.1 Safari/604.3.5',
  'connection' => 'keep-alive',
  'upgrade-insecure-requests' => '1',
  'referer' => 'http://127.0.0.1/dqExam/index.php/admin/exercises/add/sid/541.html',
  'content-length' => '1872',
  'cookie' => 'thinkphp_show_page_trace=0|0; thinkphp_show_page_trace=0|0; PHPSESSID=94d0e9247f701e12948adad478af75b9',
)
[ info ] [ PARAM ] array (
  'chapter_id' => '10',
  'question_type' => '1',
  'question_content' => '<p>Don\'t <u>irritate</u> her, she\'s on a short fuse today.</p><p><br></p>',
  'option' => 
  array (
    0 => 'tease',
    1 => 'attract',
    2 => 'annoy',
    3 => 'protect',
  ),
  'right_answer' => 
  array (
    0 => 'C',
  ),
  'analytical' => '【解析】译文：别惹她，她今天动不动就发火。
　　划线词的意思是“使恼怒”，C项意为“使恼怒”，例：His mother was annoyed with him for being so rude to their neighbors.他母亲因为他对邻居如此粗暴无礼而生他的气。A项意为“戏弄”，例：Don’t take it seriously—he’s only teasing.别把它当真，他只不过是在开玩笑。B项意为“吸引”，例：The flower show attracted large crowds this year.今年的花展吸引了大批观众。D项意为“保护”，例：These rare tigers are protected by special laws.这些珍贵的老虎受到专门法律的保护。',
  'effective' => '1',
  'subject_id' => '541',
)
[ info ] [ SESSION ] INIT array (
  'id' => '',
  'var_session_id' => '',
  'prefix' => 'think',
  'type' => '',
  'auto_start' => true,
)
[ info ] [ RUN ] app\admin\controller\Exercises->add[ /Library/WebServer/Documents/dqExam/application/admin/controller/Exercises.php ]
[ info ] [ DB ] INIT sqlite
[ info ] [ VIEW ] /Library/WebServer/Documents/dqExam/thinkphp/tpl/dispatch_jump.tpl [ array (
  0 => 'info',
  1 => 'code',
  2 => 'msg',
  3 => 'data',
  4 => 'url',
  5 => 'wait',
) ]
[ info ] [ LOG ] INIT File

---------------------------------------------------------------
[ 2017-11-17T22:13:45+08:00 ] 127.0.0.1 127.0.0.1 GET /dqExam/index.php/admin/exercises/add/sid/541.html
[ log ] 127.0.0.1/dqExam/index.php/admin/exercises/add/sid/541.html [运行时间：0.017474s][吞吐率：57.23req/s] [内存消耗：1,588.45kb] [文件加载：42]
[ info ] [ LANG ] /Library/WebServer/Documents/dqExam/thinkphp/lang/zh-cn.php
[ info ] [ ROUTE ] array (
  'type' => 'module',
  'module' => 
  array (
    0 => 'admin',
    1 => 'exercises',
    2 => 'add',
  ),
)
[ info ] [ HEADER ] array (
  'host' => '127.0.0.1',
  'cookie' => 'thinkphp_show_page_trace=0|0; thinkphp_show_page_trace=0|0; thinkphp_show_page_trace=0|0; PHPSESSID=94d0e9247f701e12948adad478af75b9',
  'connection' => 'keep-alive',
  'upgrade-insecure-requests' => '1',
  'accept' => 'text/html,application/xhtml+xml,application/xml;q=0.9,*/*;q=0.8',
  'user-agent' => 'Mozilla/5.0 (Macintosh; Intel Mac OS X 10_13_1) AppleWebKit/604.3.5 (KHTML, like Gecko) Version/11.0.1 Safari/604.3.5',
  'referer' => 'http://127.0.0.1/dqExam/index.php/admin/exercises/add.html',
  'accept-language' => 'zh-cn',
  'accept-encoding' => 'gzip, deflate',
)
[ info ] [ PARAM ] array (
  'sid' => '541',
)
[ info ] [ SESSION ] INIT array (
  'id' => '',
  'var_session_id' => '',
  'prefix' => 'think',
  'type' => '',
  'auto_start' => true,
)
[ info ] [ RUN ] app\admin\controller\Exercises->add[ /Library/WebServer/Documents/dqExam/application/admin/controller/Exercises.php ]
[ info ] [ DB ] INIT sqlite
[ info ] [ VIEW ] /Library/WebServer/Documents/dqExam/application/admin/view/exercises/add.html [ array (
  0 => 'info',
  1 => 'sid',
  2 => 'chapters',
) ]
[ info ] [ LOG ] INIT File

---------------------------------------------------------------
[ 2017-11-17T22:14:38+08:00 ] 127.0.0.1 127.0.0.1 POST /dqExam/index.php/admin/exercises/add.html
[ log ] 127.0.0.1/dqExam/index.php/admin/exercises/add.html [运行时间：0.028939s][吞吐率：34.56req/s] [内存消耗：1,452.14kb] [文件加载：42]
[ info ] [ LANG ] /Library/WebServer/Documents/dqExam/thinkphp/lang/zh-cn.php
[ info ] [ ROUTE ] array (
  'type' => 'module',
  'module' => 
  array (
    0 => 'admin',
    1 => 'exercises',
    2 => 'add',
  ),
)
[ info ] [ HEADER ] array (
  'host' => '127.0.0.1',
  'accept' => 'text/html,application/xhtml+xml,application/xml;q=0.9,*/*;q=0.8',
  'accept-encoding' => 'gzip, deflate',
  'accept-language' => 'zh-cn',
  'content-type' => 'multipart/form-data; boundary=----WebKitFormBoundarym4A0qOMKeyRHKxhV',
  'origin' => 'http://127.0.0.1',
  'user-agent' => 'Mozilla/5.0 (Macintosh; Intel Mac OS X 10_13_1) AppleWebKit/604.3.5 (KHTML, like Gecko) Version/11.0.1 Safari/604.3.5',
  'connection' => 'keep-alive',
  'upgrade-insecure-requests' => '1',
  'referer' => 'http://127.0.0.1/dqExam/index.php/admin/exercises/add/sid/541.html',
  'content-length' => '1750',
  'cookie' => 'thinkphp_show_page_trace=0|0; thinkphp_show_page_trace=0|0; PHPSESSID=94d0e9247f701e12948adad478af75b9',
)
[ info ] [ PARAM ] array (
  'chapter_id' => '10',
  'question_type' => '1',
  'question_content' => '<p>&nbsp;It is <u>absurd</u> to go out in such terrible weather.</p><p><br></p>',
  'right_answer' => 
  array (
    0 => 'A',
  ),
  'option' => 
  array (
    0 => 'ridiculous',
    1 => 'funny',
    2 => 'odd',
    3 => 'interesting',
  ),
  'analytical' => '译文：在这么恶劣的天气里出去太荒唐。
　　划线词的意思是“荒谬的”，A项意为“荒谬的，可笑的”，例：Who made this ridiculous rule?这条荒唐的规则是谁定的?B项意为“滑稽的”，例：The story was very funny.这个故事非常可笑。C项意为“古怪的”，例：He’s an odd old man.他是个古怪的老头儿。D项意为“有趣的”，例：There is an interesting program on television tonight.今天晚上的电视有一个有趣的节目。',
  'effective' => '1',
  'subject_id' => '541',
)
[ info ] [ SESSION ] INIT array (
  'id' => '',
  'var_session_id' => '',
  'prefix' => 'think',
  'type' => '',
  'auto_start' => true,
)
[ info ] [ RUN ] app\admin\controller\Exercises->add[ /Library/WebServer/Documents/dqExam/application/admin/controller/Exercises.php ]
[ info ] [ DB ] INIT sqlite
[ info ] [ VIEW ] /Library/WebServer/Documents/dqExam/thinkphp/tpl/dispatch_jump.tpl [ array (
  0 => 'info',
  1 => 'code',
  2 => 'msg',
  3 => 'data',
  4 => 'url',
  5 => 'wait',
) ]
[ info ] [ LOG ] INIT File

---------------------------------------------------------------
[ 2017-11-17T22:14:39+08:00 ] 127.0.0.1 127.0.0.1 GET /dqExam/index.php/admin/exercises/add/sid/541.html
[ log ] 127.0.0.1/dqExam/index.php/admin/exercises/add/sid/541.html [运行时间：0.017820s][吞吐率：56.12req/s] [内存消耗：1,588.45kb] [文件加载：42]
[ info ] [ LANG ] /Library/WebServer/Documents/dqExam/thinkphp/lang/zh-cn.php
[ info ] [ ROUTE ] array (
  'type' => 'module',
  'module' => 
  array (
    0 => 'admin',
    1 => 'exercises',
    2 => 'add',
  ),
)
[ info ] [ HEADER ] array (
  'host' => '127.0.0.1',
  'cookie' => 'thinkphp_show_page_trace=0|0; thinkphp_show_page_trace=0|0; thinkphp_show_page_trace=0|0; PHPSESSID=94d0e9247f701e12948adad478af75b9',
  'connection' => 'keep-alive',
  'upgrade-insecure-requests' => '1',
  'accept' => 'text/html,application/xhtml+xml,application/xml;q=0.9,*/*;q=0.8',
  'user-agent' => 'Mozilla/5.0 (Macintosh; Intel Mac OS X 10_13_1) AppleWebKit/604.3.5 (KHTML, like Gecko) Version/11.0.1 Safari/604.3.5',
  'referer' => 'http://127.0.0.1/dqExam/index.php/admin/exercises/add.html',
  'accept-language' => 'zh-cn',
  'accept-encoding' => 'gzip, deflate',
)
[ info ] [ PARAM ] array (
  'sid' => '541',
)
[ info ] [ SESSION ] INIT array (
  'id' => '',
  'var_session_id' => '',
  'prefix' => 'think',
  'type' => '',
  'auto_start' => true,
)
[ info ] [ RUN ] app\admin\controller\Exercises->add[ /Library/WebServer/Documents/dqExam/application/admin/controller/Exercises.php ]
[ info ] [ DB ] INIT sqlite
[ info ] [ VIEW ] /Library/WebServer/Documents/dqExam/application/admin/view/exercises/add.html [ array (
  0 => 'info',
  1 => 'sid',
  2 => 'chapters',
) ]
[ info ] [ LOG ] INIT File

---------------------------------------------------------------
[ 2017-11-17T22:15:24+08:00 ] 127.0.0.1 127.0.0.1 POST /dqExam/index.php/admin/exercises/add.html
[ log ] 127.0.0.1/dqExam/index.php/admin/exercises/add.html [运行时间：0.028163s][吞吐率：35.51req/s] [内存消耗：1,452.14kb] [文件加载：42]
[ info ] [ LANG ] /Library/WebServer/Documents/dqExam/thinkphp/lang/zh-cn.php
[ info ] [ ROUTE ] array (
  'type' => 'module',
  'module' => 
  array (
    0 => 'admin',
    1 => 'exercises',
    2 => 'add',
  ),
)
[ info ] [ HEADER ] array (
  'host' => '127.0.0.1',
  'accept' => 'text/html,application/xhtml+xml,application/xml;q=0.9,*/*;q=0.8',
  'accept-encoding' => 'gzip, deflate',
  'accept-language' => 'zh-cn',
  'content-type' => 'multipart/form-data; boundary=----WebKitFormBoundaryeAgwUvgFOszSvnC1',
  'origin' => 'http://127.0.0.1',
  'user-agent' => 'Mozilla/5.0 (Macintosh; Intel Mac OS X 10_13_1) AppleWebKit/604.3.5 (KHTML, like Gecko) Version/11.0.1 Safari/604.3.5',
  'connection' => 'keep-alive',
  'upgrade-insecure-requests' => '1',
  'referer' => 'http://127.0.0.1/dqExam/index.php/admin/exercises/add/sid/541.html',
  'content-length' => '1780',
  'cookie' => 'thinkphp_show_page_trace=0|0; thinkphp_show_page_trace=0|0; PHPSESSID=94d0e9247f701e12948adad478af75b9',
)
[ info ] [ PARAM ] array (
  'chapter_id' => '10',
  'question_type' => '1',
  'question_content' => '<p>I <u>notified</u> him that my address had changed.</p><p><br></p>',
  'right_answer' => 
  array (
    0 => 'A',
  ),
  'option' => 
  array (
    0 => 'informed',
    1 => 'observed',
    2 => 'mocked',
    3 => 'misled',
  ),
  'analytical' => '译文：我通知他我的地址变了。
　　划线词的意思是“通知”，A项意为“通知”，与划线词意思一致，例：Please inform me by letter of your plans.请来信把你的计划告诉我。B项意为“观察”，例：The police have been observing his movements.警方一直监视着他的一举一动。C项意为“嘲笑”，例：We should not mock at other people’s religious beliefs.我们不应该嘲笑别人的宗教信仰。D项意为“误导”，例：We were misled by the guide.向导给我们引错了路。',
  'effective' => '1',
  'subject_id' => '541',
)
[ info ] [ SESSION ] INIT array (
  'id' => '',
  'var_session_id' => '',
  'prefix' => 'think',
  'type' => '',
  'auto_start' => true,
)
[ info ] [ RUN ] app\admin\controller\Exercises->add[ /Library/WebServer/Documents/dqExam/application/admin/controller/Exercises.php ]
[ info ] [ DB ] INIT sqlite
[ info ] [ VIEW ] /Library/WebServer/Documents/dqExam/thinkphp/tpl/dispatch_jump.tpl [ array (
  0 => 'info',
  1 => 'code',
  2 => 'msg',
  3 => 'data',
  4 => 'url',
  5 => 'wait',
) ]
[ info ] [ LOG ] INIT File

---------------------------------------------------------------
[ 2017-11-17T22:15:26+08:00 ] 127.0.0.1 127.0.0.1 GET /dqExam/index.php/admin/exercises/add/sid/541.html
[ log ] 127.0.0.1/dqExam/index.php/admin/exercises/add/sid/541.html [运行时间：0.017596s][吞吐率：56.83req/s] [内存消耗：1,588.45kb] [文件加载：42]
[ info ] [ LANG ] /Library/WebServer/Documents/dqExam/thinkphp/lang/zh-cn.php
[ info ] [ ROUTE ] array (
  'type' => 'module',
  'module' => 
  array (
    0 => 'admin',
    1 => 'exercises',
    2 => 'add',
  ),
)
[ info ] [ HEADER ] array (
  'host' => '127.0.0.1',
  'cookie' => 'thinkphp_show_page_trace=0|0; thinkphp_show_page_trace=0|0; thinkphp_show_page_trace=0|0; PHPSESSID=94d0e9247f701e12948adad478af75b9',
  'connection' => 'keep-alive',
  'upgrade-insecure-requests' => '1',
  'accept' => 'text/html,application/xhtml+xml,application/xml;q=0.9,*/*;q=0.8',
  'user-agent' => 'Mozilla/5.0 (Macintosh; Intel Mac OS X 10_13_1) AppleWebKit/604.3.5 (KHTML, like Gecko) Version/11.0.1 Safari/604.3.5',
  'referer' => 'http://127.0.0.1/dqExam/index.php/admin/exercises/add.html',
  'accept-language' => 'zh-cn',
  'accept-encoding' => 'gzip, deflate',
)
[ info ] [ PARAM ] array (
  'sid' => '541',
)
[ info ] [ SESSION ] INIT array (
  'id' => '',
  'var_session_id' => '',
  'prefix' => 'think',
  'type' => '',
  'auto_start' => true,
)
[ info ] [ RUN ] app\admin\controller\Exercises->add[ /Library/WebServer/Documents/dqExam/application/admin/controller/Exercises.php ]
[ info ] [ DB ] INIT sqlite
[ info ] [ VIEW ] /Library/WebServer/Documents/dqExam/application/admin/view/exercises/add.html [ array (
  0 => 'info',
  1 => 'sid',
  2 => 'chapters',
) ]
[ info ] [ LOG ] INIT File

---------------------------------------------------------------
[ 2017-11-17T22:16:15+08:00 ] 127.0.0.1 127.0.0.1 POST /dqExam/index.php/admin/exercises/add.html
[ log ] 127.0.0.1/dqExam/index.php/admin/exercises/add.html [运行时间：0.028968s][吞吐率：34.52req/s] [内存消耗：1,452.14kb] [文件加载：42]
[ info ] [ LANG ] /Library/WebServer/Documents/dqExam/thinkphp/lang/zh-cn.php
[ info ] [ ROUTE ] array (
  'type' => 'module',
  'module' => 
  array (
    0 => 'admin',
    1 => 'exercises',
    2 => 'add',
  ),
)
[ info ] [ HEADER ] array (
  'host' => '127.0.0.1',
  'accept' => 'text/html,application/xhtml+xml,application/xml;q=0.9,*/*;q=0.8',
  'accept-encoding' => 'gzip, deflate',
  'accept-language' => 'zh-cn',
  'content-type' => 'multipart/form-data; boundary=----WebKitFormBoundary6K57PmBjAhASpprj',
  'origin' => 'http://127.0.0.1',
  'user-agent' => 'Mozilla/5.0 (Macintosh; Intel Mac OS X 10_13_1) AppleWebKit/604.3.5 (KHTML, like Gecko) Version/11.0.1 Safari/604.3.5',
  'connection' => 'keep-alive',
  'upgrade-insecure-requests' => '1',
  'referer' => 'http://127.0.0.1/dqExam/index.php/admin/exercises/add/sid/541.html',
  'content-length' => '1771',
  'cookie' => 'thinkphp_show_page_trace=0|0; thinkphp_show_page_trace=0|0; PHPSESSID=94d0e9247f701e12948adad478af75b9',
)
[ info ] [ PARAM ] array (
  'chapter_id' => '10',
  'question_type' => '1',
  'question_content' => '<p>The manager <u>allocate</u> duties to the clerks.</p><p><br></p>',
  'right_answer' => 
  array (
    0 => 'A',
  ),
  'option' => 
  array (
    0 => 'assign',
    1 => 'persuade',
    2 => 'ask',
    3 => 'order',
  ),
  'analytical' => '译文：经理为店员分配工作。
　　划线词的意思是“分配，分派，把……拨给”，A项意为“指派;分配”，例：Jack was assigned to the assembly shop of the factory.杰克被分配到厂里的装配间工作。B项意为“说服”，例：The salesman persuaded us to buy his product.那个推销员说服我们买他的产品。C项意为“询问;请求”，例：I have asked some friends for tea.我请了一些朋友来喝茶。D项意为“命令”，例：The chairman ordered silence.主席要大家安静。
',
  'effective' => '1',
  'subject_id' => '541',
)
[ info ] [ SESSION ] INIT array (
  'id' => '',
  'var_session_id' => '',
  'prefix' => 'think',
  'type' => '',
  'auto_start' => true,
)
[ info ] [ RUN ] app\admin\controller\Exercises->add[ /Library/WebServer/Documents/dqExam/application/admin/controller/Exercises.php ]
[ info ] [ DB ] INIT sqlite
[ info ] [ VIEW ] /Library/WebServer/Documents/dqExam/thinkphp/tpl/dispatch_jump.tpl [ array (
  0 => 'info',
  1 => 'code',
  2 => 'msg',
  3 => 'data',
  4 => 'url',
  5 => 'wait',
) ]
[ info ] [ LOG ] INIT File

---------------------------------------------------------------
[ 2017-11-17T22:16:15+08:00 ] 127.0.0.1 127.0.0.1 GET /dqExam/index.php/admin/exercises/add/sid/541.html
[ log ] 127.0.0.1/dqExam/index.php/admin/exercises/add/sid/541.html [运行时间：0.017066s][吞吐率：58.60req/s] [内存消耗：1,588.45kb] [文件加载：42]
[ info ] [ LANG ] /Library/WebServer/Documents/dqExam/thinkphp/lang/zh-cn.php
[ info ] [ ROUTE ] array (
  'type' => 'module',
  'module' => 
  array (
    0 => 'admin',
    1 => 'exercises',
    2 => 'add',
  ),
)
[ info ] [ HEADER ] array (
  'host' => '127.0.0.1',
  'cookie' => 'thinkphp_show_page_trace=0|0; thinkphp_show_page_trace=0|0; thinkphp_show_page_trace=0|0; PHPSESSID=94d0e9247f701e12948adad478af75b9',
  'connection' => 'keep-alive',
  'upgrade-insecure-requests' => '1',
  'accept' => 'text/html,application/xhtml+xml,application/xml;q=0.9,*/*;q=0.8',
  'user-agent' => 'Mozilla/5.0 (Macintosh; Intel Mac OS X 10_13_1) AppleWebKit/604.3.5 (KHTML, like Gecko) Version/11.0.1 Safari/604.3.5',
  'referer' => 'http://127.0.0.1/dqExam/index.php/admin/exercises/add.html',
  'accept-language' => 'zh-cn',
  'accept-encoding' => 'gzip, deflate',
)
[ info ] [ PARAM ] array (
  'sid' => '541',
)
[ info ] [ SESSION ] INIT array (
  'id' => '',
  'var_session_id' => '',
  'prefix' => 'think',
  'type' => '',
  'auto_start' => true,
)
[ info ] [ RUN ] app\admin\controller\Exercises->add[ /Library/WebServer/Documents/dqExam/application/admin/controller/Exercises.php ]
[ info ] [ DB ] INIT sqlite
[ info ] [ VIEW ] /Library/WebServer/Documents/dqExam/application/admin/view/exercises/add.html [ array (
  0 => 'info',
  1 => 'sid',
  2 => 'chapters',
) ]
[ info ] [ LOG ] INIT File

---------------------------------------------------------------
[ 2017-11-17T22:17:23+08:00 ] 127.0.0.1 127.0.0.1 POST /dqExam/index.php/admin/exercises/add.html
[ log ] 127.0.0.1/dqExam/index.php/admin/exercises/add.html [运行时间：0.020859s][吞吐率：47.94req/s] [内存消耗：1,452.02kb] [文件加载：42]
[ info ] [ LANG ] /Library/WebServer/Documents/dqExam/thinkphp/lang/zh-cn.php
[ info ] [ ROUTE ] array (
  'type' => 'module',
  'module' => 
  array (
    0 => 'admin',
    1 => 'exercises',
    2 => 'add',
  ),
)
[ info ] [ HEADER ] array (
  'host' => '127.0.0.1',
  'accept' => 'text/html,application/xhtml+xml,application/xml;q=0.9,*/*;q=0.8',
  'accept-encoding' => 'gzip, deflate',
  'accept-language' => 'zh-cn',
  'content-type' => 'multipart/form-data; boundary=----WebKitFormBoundaryBRvky8v5miNNVXLR',
  'origin' => 'http://127.0.0.1',
  'user-agent' => 'Mozilla/5.0 (Macintosh; Intel Mac OS X 10_13_1) AppleWebKit/604.3.5 (KHTML, like Gecko) Version/11.0.1 Safari/604.3.5',
  'connection' => 'keep-alive',
  'upgrade-insecure-requests' => '1',
  'referer' => 'http://127.0.0.1/dqExam/index.php/admin/exercises/add/sid/541.html',
  'content-length' => '1692',
  'cookie' => 'thinkphp_show_page_trace=0|0; thinkphp_show_page_trace=0|0; PHPSESSID=94d0e9247f701e12948adad478af75b9',
)
[ info ] [ PARAM ] array (
  'chapter_id' => '10',
  'question_type' => '1',
  'question_content' => '<p>The once <u>barren</u> hillsides are now good farmland.</p><p><br></p>',
  'option' => 
  array (
    0 => 'hairless',
    1 => 'bare',
    2 => 'empty',
    3 => 'bald',
  ),
  'right_answer' => 
  array (
    0 => 'B',
  ),
  'analytical' => '译文：昔日荒坡，今日良田。
　　划线词的意思是“贫瘠的”。B项意为“光秃的”，与划线词意思相近，例：The fierce sun parched the bare earth.灼热的阳光炙烤着光秃秃的大地。A项意为“无毛发的”，例：His face is smooth and hairless.他的脸光滑无毛。C项意为“空的”，例：His room is empty.他的房间是空的。D项意为“秃头的”，例：He shaved his head bald.他剃了个光头。',
  'effective' => '1',
  'subject_id' => '541',
)
[ info ] [ SESSION ] INIT array (
  'id' => '',
  'var_session_id' => '',
  'prefix' => 'think',
  'type' => '',
  'auto_start' => true,
)
[ info ] [ RUN ] app\admin\controller\Exercises->add[ /Library/WebServer/Documents/dqExam/application/admin/controller/Exercises.php ]
[ info ] [ DB ] INIT sqlite
[ info ] [ VIEW ] /Library/WebServer/Documents/dqExam/thinkphp/tpl/dispatch_jump.tpl [ array (
  0 => 'info',
  1 => 'code',
  2 => 'msg',
  3 => 'data',
  4 => 'url',
  5 => 'wait',
) ]
[ info ] [ LOG ] INIT File

---------------------------------------------------------------
[ 2017-11-17T22:17:25+08:00 ] 127.0.0.1 127.0.0.1 GET /dqExam/index.php/admin/exercises/add/sid/541.html
[ log ] 127.0.0.1/dqExam/index.php/admin/exercises/add/sid/541.html [运行时间：0.019758s][吞吐率：50.61req/s] [内存消耗：1,588.45kb] [文件加载：42]
[ info ] [ LANG ] /Library/WebServer/Documents/dqExam/thinkphp/lang/zh-cn.php
[ info ] [ ROUTE ] array (
  'type' => 'module',
  'module' => 
  array (
    0 => 'admin',
    1 => 'exercises',
    2 => 'add',
  ),
)
[ info ] [ HEADER ] array (
  'host' => '127.0.0.1',
  'cookie' => 'thinkphp_show_page_trace=0|0; thinkphp_show_page_trace=0|0; thinkphp_show_page_trace=0|0; PHPSESSID=94d0e9247f701e12948adad478af75b9',
  'connection' => 'keep-alive',
  'upgrade-insecure-requests' => '1',
  'accept' => 'text/html,application/xhtml+xml,application/xml;q=0.9,*/*;q=0.8',
  'user-agent' => 'Mozilla/5.0 (Macintosh; Intel Mac OS X 10_13_1) AppleWebKit/604.3.5 (KHTML, like Gecko) Version/11.0.1 Safari/604.3.5',
  'referer' => 'http://127.0.0.1/dqExam/index.php/admin/exercises/add.html',
  'accept-language' => 'zh-cn',
  'accept-encoding' => 'gzip, deflate',
)
[ info ] [ PARAM ] array (
  'sid' => '541',
)
[ info ] [ SESSION ] INIT array (
  'id' => '',
  'var_session_id' => '',
  'prefix' => 'think',
  'type' => '',
  'auto_start' => true,
)
[ info ] [ RUN ] app\admin\controller\Exercises->add[ /Library/WebServer/Documents/dqExam/application/admin/controller/Exercises.php ]
[ info ] [ DB ] INIT sqlite
[ info ] [ VIEW ] /Library/WebServer/Documents/dqExam/application/admin/view/exercises/add.html [ array (
  0 => 'info',
  1 => 'sid',
  2 => 'chapters',
) ]
[ info ] [ LOG ] INIT File

---------------------------------------------------------------
[ 2017-11-17T22:18:20+08:00 ] 127.0.0.1 127.0.0.1 POST /dqExam/index.php/admin/exercises/add.html
[ log ] 127.0.0.1/dqExam/index.php/admin/exercises/add.html [运行时间：0.029054s][吞吐率：34.42req/s] [内存消耗：1,452.39kb] [文件加载：42]
[ info ] [ LANG ] /Library/WebServer/Documents/dqExam/thinkphp/lang/zh-cn.php
[ info ] [ ROUTE ] array (
  'type' => 'module',
  'module' => 
  array (
    0 => 'admin',
    1 => 'exercises',
    2 => 'add',
  ),
)
[ info ] [ HEADER ] array (
  'host' => '127.0.0.1',
  'accept' => 'text/html,application/xhtml+xml,application/xml;q=0.9,*/*;q=0.8',
  'accept-encoding' => 'gzip, deflate',
  'accept-language' => 'zh-cn',
  'content-type' => 'multipart/form-data; boundary=----WebKitFormBoundary1I9RBmuhAz6ODcCH',
  'origin' => 'http://127.0.0.1',
  'user-agent' => 'Mozilla/5.0 (Macintosh; Intel Mac OS X 10_13_1) AppleWebKit/604.3.5 (KHTML, like Gecko) Version/11.0.1 Safari/604.3.5',
  'connection' => 'keep-alive',
  'upgrade-insecure-requests' => '1',
  'referer' => 'http://127.0.0.1/dqExam/index.php/admin/exercises/add/sid/541.html',
  'content-length' => '1954',
  'cookie' => 'thinkphp_show_page_trace=0|0; thinkphp_show_page_trace=0|0; PHPSESSID=94d0e9247f701e12948adad478af75b9',
)
[ info ] [ PARAM ] array (
  'chapter_id' => '10',
  'question_type' => '1',
  'question_content' => '<p>It is <u>postulated</u> that a cure for the disease will have been found by the year 2000.</p><p><br></p>',
  'option' => 
  array (
    0 => 'challenged',
    1 => 'assumed',
    2 => 'deducted',
    3 => 'decreed',
  ),
  'right_answer' => 
  array (
    0 => 'B',
  ),
  'analytical' => '译文：据推测，到2000年能研究出治愈该病的方法。
　　划线词的意思是“假定”。B项意为“假定，设想”，例：I assumed you can speak French fluently.我以为你能讲流利的法语。A项意为“挑战”，例：They had challenged and beaten the best team in the world.他们曾向世界上最强的球队挑战并将他们打败。C项意为“扣除，减去”，例：Nowadays income tax is normally deducted from a person’s wages.现在，所得税通常是在发工资前就已经扣除了。D项意为“判决，裁定”，例：The committee decreed the movie unsuitable for children.委员会裁定这部影片为儿童不宜片。',
  'effective' => '1',
  'subject_id' => '541',
)
[ info ] [ SESSION ] INIT array (
  'id' => '',
  'var_session_id' => '',
  'prefix' => 'think',
  'type' => '',
  'auto_start' => true,
)
[ info ] [ RUN ] app\admin\controller\Exercises->add[ /Library/WebServer/Documents/dqExam/application/admin/controller/Exercises.php ]
[ info ] [ DB ] INIT sqlite
[ info ] [ VIEW ] /Library/WebServer/Documents/dqExam/thinkphp/tpl/dispatch_jump.tpl [ array (
  0 => 'info',
  1 => 'code',
  2 => 'msg',
  3 => 'data',
  4 => 'url',
  5 => 'wait',
) ]
[ info ] [ LOG ] INIT File

---------------------------------------------------------------
[ 2017-11-17T22:18:23+08:00 ] 127.0.0.1 127.0.0.1 GET /dqExam/index.php/admin/exercises/add/sid/541.html
[ log ] 127.0.0.1/dqExam/index.php/admin/exercises/add/sid/541.html [运行时间：0.018535s][吞吐率：53.95req/s] [内存消耗：1,588.45kb] [文件加载：42]
[ info ] [ LANG ] /Library/WebServer/Documents/dqExam/thinkphp/lang/zh-cn.php
[ info ] [ ROUTE ] array (
  'type' => 'module',
  'module' => 
  array (
    0 => 'admin',
    1 => 'exercises',
    2 => 'add',
  ),
)
[ info ] [ HEADER ] array (
  'host' => '127.0.0.1',
  'cookie' => 'thinkphp_show_page_trace=0|0; thinkphp_show_page_trace=0|0; thinkphp_show_page_trace=0|0; PHPSESSID=94d0e9247f701e12948adad478af75b9',
  'connection' => 'keep-alive',
  'upgrade-insecure-requests' => '1',
  'accept' => 'text/html,application/xhtml+xml,application/xml;q=0.9,*/*;q=0.8',
  'user-agent' => 'Mozilla/5.0 (Macintosh; Intel Mac OS X 10_13_1) AppleWebKit/604.3.5 (KHTML, like Gecko) Version/11.0.1 Safari/604.3.5',
  'referer' => 'http://127.0.0.1/dqExam/index.php/admin/exercises/add.html',
  'accept-language' => 'zh-cn',
  'accept-encoding' => 'gzip, deflate',
)
[ info ] [ PARAM ] array (
  'sid' => '541',
)
[ info ] [ SESSION ] INIT array (
  'id' => '',
  'var_session_id' => '',
  'prefix' => 'think',
  'type' => '',
  'auto_start' => true,
)
[ info ] [ RUN ] app\admin\controller\Exercises->add[ /Library/WebServer/Documents/dqExam/application/admin/controller/Exercises.php ]
[ info ] [ DB ] INIT sqlite
[ info ] [ VIEW ] /Library/WebServer/Documents/dqExam/application/admin/view/exercises/add.html [ array (
  0 => 'info',
  1 => 'sid',
  2 => 'chapters',
) ]
[ info ] [ LOG ] INIT File

---------------------------------------------------------------
[ 2017-11-17T22:21:29+08:00 ] 127.0.0.1 127.0.0.1 POST /dqExam/index.php/admin/exercises/add.html
[ log ] 127.0.0.1/dqExam/index.php/admin/exercises/add.html [运行时间：0.028737s][吞吐率：34.80req/s] [内存消耗：1,452.39kb] [文件加载：42]
[ info ] [ LANG ] /Library/WebServer/Documents/dqExam/thinkphp/lang/zh-cn.php
[ info ] [ ROUTE ] array (
  'type' => 'module',
  'module' => 
  array (
    0 => 'admin',
    1 => 'exercises',
    2 => 'add',
  ),
)
[ info ] [ HEADER ] array (
  'host' => '127.0.0.1',
  'accept' => 'text/html,application/xhtml+xml,application/xml;q=0.9,*/*;q=0.8',
  'accept-encoding' => 'gzip, deflate',
  'accept-language' => 'zh-cn',
  'content-type' => 'multipart/form-data; boundary=----WebKitFormBoundaryb1HncIMNNFkfZYBy',
  'origin' => 'http://127.0.0.1',
  'user-agent' => 'Mozilla/5.0 (Macintosh; Intel Mac OS X 10_13_1) AppleWebKit/604.3.5 (KHTML, like Gecko) Version/11.0.1 Safari/604.3.5',
  'connection' => 'keep-alive',
  'upgrade-insecure-requests' => '1',
  'referer' => 'http://127.0.0.1/dqExam/index.php/admin/exercises/add/sid/541.html',
  'content-length' => '1845',
  'cookie' => 'thinkphp_show_page_trace=0|0; thinkphp_show_page_trace=0|0; PHPSESSID=94d0e9247f701e12948adad478af75b9',
)
[ info ] [ PARAM ] array (
  'chapter_id' => '10',
  'question_type' => '1',
  'question_content' => '<p>We must <u>abide</u> by the rules.</p><p><br></p>',
  'right_answer' => 
  array (
    0 => 'A',
  ),
  'option' => 
  array (
    0 => 'stick to',
    1 => 'persist in',
    2 => 'safeguard',
    3 => 'apply',
  ),
  'analytical' => '译文：我们必须遵守规则。
　　划线词的意思是“遵守(坚持)”，A项意为“坚持”，例：We must stick to the principle.我们必须坚持原则。B项意为“坚持”，in表示“在……方面”，一般指坚持做某件事，后面不跟表示“原则”、“规则”、“合同”等词，例：He will persist in riding that dreadful bicycle.他执意要骑那辆破自行车。C项意为“保护，维护”，例：We must safeguard our national interests.我们必须保卫国家的利益。D项意为“申请”，例：He has applied for a post in England.他已申请在英国供职。',
  'effective' => '1',
  'subject_id' => '541',
)
[ info ] [ SESSION ] INIT array (
  'id' => '',
  'var_session_id' => '',
  'prefix' => 'think',
  'type' => '',
  'auto_start' => true,
)
[ info ] [ RUN ] app\admin\controller\Exercises->add[ /Library/WebServer/Documents/dqExam/application/admin/controller/Exercises.php ]
[ info ] [ DB ] INIT sqlite
[ info ] [ VIEW ] /Library/WebServer/Documents/dqExam/thinkphp/tpl/dispatch_jump.tpl [ array (
  0 => 'info',
  1 => 'code',
  2 => 'msg',
  3 => 'data',
  4 => 'url',
  5 => 'wait',
) ]
[ info ] [ LOG ] INIT File

---------------------------------------------------------------
[ 2017-11-17T22:21:30+08:00 ] 127.0.0.1 127.0.0.1 GET /dqExam/index.php/admin/exercises/add/sid/541.html
[ log ] 127.0.0.1/dqExam/index.php/admin/exercises/add/sid/541.html [运行时间：0.017836s][吞吐率：56.07req/s] [内存消耗：1,588.45kb] [文件加载：42]
[ info ] [ LANG ] /Library/WebServer/Documents/dqExam/thinkphp/lang/zh-cn.php
[ info ] [ ROUTE ] array (
  'type' => 'module',
  'module' => 
  array (
    0 => 'admin',
    1 => 'exercises',
    2 => 'add',
  ),
)
[ info ] [ HEADER ] array (
  'host' => '127.0.0.1',
  'cookie' => 'thinkphp_show_page_trace=0|0; thinkphp_show_page_trace=0|0; thinkphp_show_page_trace=0|0; PHPSESSID=94d0e9247f701e12948adad478af75b9',
  'connection' => 'keep-alive',
  'upgrade-insecure-requests' => '1',
  'accept' => 'text/html,application/xhtml+xml,application/xml;q=0.9,*/*;q=0.8',
  'user-agent' => 'Mozilla/5.0 (Macintosh; Intel Mac OS X 10_13_1) AppleWebKit/604.3.5 (KHTML, like Gecko) Version/11.0.1 Safari/604.3.5',
  'referer' => 'http://127.0.0.1/dqExam/index.php/admin/exercises/add.html',
  'accept-language' => 'zh-cn',
  'accept-encoding' => 'gzip, deflate',
)
[ info ] [ PARAM ] array (
  'sid' => '541',
)
[ info ] [ SESSION ] INIT array (
  'id' => '',
  'var_session_id' => '',
  'prefix' => 'think',
  'type' => '',
  'auto_start' => true,
)
[ info ] [ RUN ] app\admin\controller\Exercises->add[ /Library/WebServer/Documents/dqExam/application/admin/controller/Exercises.php ]
[ info ] [ DB ] INIT sqlite
[ info ] [ VIEW ] /Library/WebServer/Documents/dqExam/application/admin/view/exercises/add.html [ array (
  0 => 'info',
  1 => 'sid',
  2 => 'chapters',
) ]
[ info ] [ LOG ] INIT File

---------------------------------------------------------------
[ 2017-11-17T22:22:15+08:00 ] 127.0.0.1 127.0.0.1 POST /dqExam/index.php/admin/exercises/add.html
[ log ] 127.0.0.1/dqExam/index.php/admin/exercises/add.html [运行时间：0.027546s][吞吐率：36.30req/s] [内存消耗：1,452.39kb] [文件加载：42]
[ info ] [ LANG ] /Library/WebServer/Documents/dqExam/thinkphp/lang/zh-cn.php
[ info ] [ ROUTE ] array (
  'type' => 'module',
  'module' => 
  array (
    0 => 'admin',
    1 => 'exercises',
    2 => 'add',
  ),
)
[ info ] [ HEADER ] array (
  'host' => '127.0.0.1',
  'accept' => 'text/html,application/xhtml+xml,application/xml;q=0.9,*/*;q=0.8',
  'accept-encoding' => 'gzip, deflate',
  'accept-language' => 'zh-cn',
  'content-type' => 'multipart/form-data; boundary=----WebKitFormBoundary7kIr5AVVpazAzIm5',
  'origin' => 'http://127.0.0.1',
  'user-agent' => 'Mozilla/5.0 (Macintosh; Intel Mac OS X 10_13_1) AppleWebKit/604.3.5 (KHTML, like Gecko) Version/11.0.1 Safari/604.3.5',
  'connection' => 'keep-alive',
  'upgrade-insecure-requests' => '1',
  'referer' => 'http://127.0.0.1/dqExam/index.php/admin/exercises/add/sid/541.html',
  'content-length' => '1913',
  'cookie' => 'thinkphp_show_page_trace=0|0; thinkphp_show_page_trace=0|0; PHPSESSID=94d0e9247f701e12948adad478af75b9',
)
[ info ] [ PARAM ] array (
  'chapter_id' => '10',
  'question_type' => '1',
  'question_content' => '<p>From my <u>standpoint</u>, you know, this thing is just funny.</p><p><br></p>',
  'option' => 
  array (
    0 => 'position',
    1 => 'point of view',
    2 => 'knowledge',
    3 => 'opinion',
  ),
  'right_answer' => 
  array (
    0 => 'B',
  ),
  'analytical' => '译文：从我的观点看，你知道，这件事太滑稽了。划线词为合成词，stand(站立)+point(点)→+standpoint(立场，观点)。B项也有“观点”的意思，可以与划线词替换，例：From my point of view，teachers are not well paid.依我看，教师们薪水不高。A项意为“位置”，例：The runners got into position on the starting line.赛跑运动员已进入起跑线上的位置。C项意为“知识”，例：Knowledge is power.知识就是力量。D项意为“观点”，但常用搭配为“in one’s opinion”，例：In my opinion，it is a very sound investment.照我的的看法，这是很可靠的投资。',
  'effective' => '1',
  'subject_id' => '541',
)
[ info ] [ SESSION ] INIT array (
  'id' => '',
  'var_session_id' => '',
  'prefix' => 'think',
  'type' => '',
  'auto_start' => true,
)
[ info ] [ RUN ] app\admin\controller\Exercises->add[ /Library/WebServer/Documents/dqExam/application/admin/controller/Exercises.php ]
[ info ] [ DB ] INIT sqlite
[ info ] [ VIEW ] /Library/WebServer/Documents/dqExam/thinkphp/tpl/dispatch_jump.tpl [ array (
  0 => 'info',
  1 => 'code',
  2 => 'msg',
  3 => 'data',
  4 => 'url',
  5 => 'wait',
) ]
[ info ] [ LOG ] INIT File

---------------------------------------------------------------
[ 2017-11-17T22:22:16+08:00 ] 127.0.0.1 127.0.0.1 GET /dqExam/index.php/admin/exercises/add/sid/541.html
[ log ] 127.0.0.1/dqExam/index.php/admin/exercises/add/sid/541.html [运行时间：0.019552s][吞吐率：51.15req/s] [内存消耗：1,588.45kb] [文件加载：42]
[ info ] [ LANG ] /Library/WebServer/Documents/dqExam/thinkphp/lang/zh-cn.php
[ info ] [ ROUTE ] array (
  'type' => 'module',
  'module' => 
  array (
    0 => 'admin',
    1 => 'exercises',
    2 => 'add',
  ),
)
[ info ] [ HEADER ] array (
  'host' => '127.0.0.1',
  'cookie' => 'thinkphp_show_page_trace=0|0; thinkphp_show_page_trace=0|0; thinkphp_show_page_trace=0|0; PHPSESSID=94d0e9247f701e12948adad478af75b9',
  'connection' => 'keep-alive',
  'upgrade-insecure-requests' => '1',
  'accept' => 'text/html,application/xhtml+xml,application/xml;q=0.9,*/*;q=0.8',
  'user-agent' => 'Mozilla/5.0 (Macintosh; Intel Mac OS X 10_13_1) AppleWebKit/604.3.5 (KHTML, like Gecko) Version/11.0.1 Safari/604.3.5',
  'referer' => 'http://127.0.0.1/dqExam/index.php/admin/exercises/add.html',
  'accept-language' => 'zh-cn',
  'accept-encoding' => 'gzip, deflate',
)
[ info ] [ PARAM ] array (
  'sid' => '541',
)
[ info ] [ SESSION ] INIT array (
  'id' => '',
  'var_session_id' => '',
  'prefix' => 'think',
  'type' => '',
  'auto_start' => true,
)
[ info ] [ RUN ] app\admin\controller\Exercises->add[ /Library/WebServer/Documents/dqExam/application/admin/controller/Exercises.php ]
[ info ] [ DB ] INIT sqlite
[ info ] [ VIEW ] /Library/WebServer/Documents/dqExam/application/admin/view/exercises/add.html [ array (
  0 => 'info',
  1 => 'sid',
  2 => 'chapters',
) ]
[ info ] [ LOG ] INIT File

---------------------------------------------------------------
[ 2017-11-17T22:23:44+08:00 ] 127.0.0.1 127.0.0.1 GET /dqExam/index.php/admin/exercises/index/sid/541/cid/10.html
[ log ] 127.0.0.1/dqExam/index.php/admin/exercises/index/sid/541/cid/10.html [运行时间：0.021173s][吞吐率：47.23req/s] [内存消耗：1,678.63kb] [文件加载：42]
[ info ] [ LANG ] /Library/WebServer/Documents/dqExam/thinkphp/lang/zh-cn.php
[ info ] [ ROUTE ] array (
  'type' => 'module',
  'module' => 
  array (
    0 => 'admin',
    1 => 'exercises',
    2 => 'index',
  ),
)
[ info ] [ HEADER ] array (
  'host' => '127.0.0.1',
  'cookie' => 'thinkphp_show_page_trace=0|0; thinkphp_show_page_trace=0|0; thinkphp_show_page_trace=0|0; thinkphp_show_page_trace=0|0; PHPSESSID=94d0e9247f701e12948adad478af75b9',
  'connection' => 'keep-alive',
  'upgrade-insecure-requests' => '1',
  'accept' => 'text/html,application/xhtml+xml,application/xml;q=0.9,*/*;q=0.8',
  'user-agent' => 'Mozilla/5.0 (Macintosh; Intel Mac OS X 10_13_1) AppleWebKit/604.3.5 (KHTML, like Gecko) Version/11.0.1 Safari/604.3.5',
  'referer' => 'http://127.0.0.1/dqExam/index.php/admin/exercises/index/sid/541.html',
  'accept-language' => 'zh-cn',
  'accept-encoding' => 'gzip, deflate',
)
[ info ] [ PARAM ] array (
  'sid' => '541',
  'cid' => '10',
)
[ info ] [ SESSION ] INIT array (
  'id' => '',
  'var_session_id' => '',
  'prefix' => 'think',
  'type' => '',
  'auto_start' => true,
)
[ info ] [ RUN ] app\admin\controller\Exercises->index[ /Library/WebServer/Documents/dqExam/application/admin/controller/Exercises.php ]
[ info ] [ DB ] INIT sqlite
[ info ] [ VIEW ] /Library/WebServer/Documents/dqExam/application/admin/view/exercises/exercises.html [ array (
  0 => 'info',
  1 => 'action',
  2 => 'sid',
  3 => 'exercises',
) ]
[ info ] [ LOG ] INIT File

---------------------------------------------------------------
