[ 2017-11-21T13:01:17+08:00 ] 127.0.0.1 127.0.0.1 GET /dqExam/index.php/admin/exercises/add/sid/541.html
[ log ] 127.0.0.1/dqExam/index.php/admin/exercises/add/sid/541.html [运行时间：0.125840s][吞吐率：7.95req/s] [内存消耗：1,282.46kb] [文件加载：38]
[ info ] [ LANG ] /Library/WebServer/Documents/dqExam/thinkphp/lang/zh-cn.php
[ info ] [ ROUTE ] array (
  'type' => 'module',
  'module' => 
  array (
    0 => 'admin',
    1 => 'exercises',
    2 => 'add',
  ),
)
[ info ] [ HEADER ] array (
  'host' => '127.0.0.1',
  'connection' => 'keep-alive',
  'upgrade-insecure-requests' => '1',
  'accept' => 'text/html,application/xhtml+xml,application/xml;q=0.9,*/*;q=0.8',
  'user-agent' => 'Mozilla/5.0 (Macintosh; Intel Mac OS X 10_13_1) AppleWebKit/604.3.5 (KHTML, like Gecko)',
  'accept-language' => 'zh-cn',
  'dnt' => '1',
  'accept-encoding' => 'gzip, deflate',
)
[ info ] [ PARAM ] array (
  'sid' => '541',
)
[ info ] [ SESSION ] INIT array (
  'id' => '',
  'var_session_id' => '',
  'prefix' => 'think',
  'type' => '',
  'auto_start' => true,
)
[ info ] [ LOG ] INIT File

---------------------------------------------------------------
[ 2017-11-21T13:01:17+08:00 ] 127.0.0.1 127.0.0.1 GET /dqExam/index.php/admin/login/signin.html
[ log ] 127.0.0.1/dqExam/index.php/admin/login/signin.html [运行时间：0.023200s][吞吐率：43.10req/s] [内存消耗：1,301.02kb] [文件加载：39]
[ info ] [ LANG ] /Library/WebServer/Documents/dqExam/thinkphp/lang/zh-cn.php
[ info ] [ ROUTE ] array (
  'type' => 'module',
  'module' => 
  array (
    0 => 'admin',
    1 => 'login',
    2 => 'signin',
  ),
)
[ info ] [ HEADER ] array (
  'host' => '127.0.0.1',
  'connection' => 'keep-alive',
  'upgrade-insecure-requests' => '1',
  'accept' => 'text/html,application/xhtml+xml,application/xml;q=0.9,*/*;q=0.8',
  'user-agent' => 'Mozilla/5.0 (Macintosh; Intel Mac OS X 10_13_1) AppleWebKit/604.3.5 (KHTML, like Gecko)',
  'accept-language' => 'zh-cn',
  'dnt' => '1',
  'accept-encoding' => 'gzip, deflate',
)
[ info ] [ PARAM ] array (
)
[ info ] [ RUN ] app\admin\controller\Login->signIn[ /Library/WebServer/Documents/dqExam/application/admin/controller/Login.php ]
[ info ] [ VIEW ] /Library/WebServer/Documents/dqExam/application/admin/view/login/signin.html [ array (
) ]
[ info ] [ LOG ] INIT File

---------------------------------------------------------------
[ 2017-11-21T13:01:18+08:00 ] 127.0.0.1 127.0.0.1 GET /dqExam/index.php/admin/exercises/add/sid/541.html
[ log ] 127.0.0.1/dqExam/index.php/admin/exercises/add/sid/541.html [运行时间：0.014869s][吞吐率：67.25req/s] [内存消耗：1,282.77kb] [文件加载：38]
[ info ] [ LANG ] /Library/WebServer/Documents/dqExam/thinkphp/lang/zh-cn.php
[ info ] [ ROUTE ] array (
  'type' => 'module',
  'module' => 
  array (
    0 => 'admin',
    1 => 'exercises',
    2 => 'add',
  ),
)
[ info ] [ HEADER ] array (
  'host' => '127.0.0.1',
  'connection' => 'keep-alive',
  'upgrade-insecure-requests' => '1',
  'accept' => 'text/html,application/xhtml+xml,application/xml;q=0.9,*/*;q=0.8',
  'user-agent' => 'Mozilla/5.0 (iPhone; CPU iPhone OS 10_3 like Mac OS X) AppleWebKit/603.1.30 (KHTML, like Gecko) Version/10.3 Mobile/14E277 Safari/603.1.30',
  'accept-language' => 'zh-cn',
  'dnt' => '1',
  'accept-encoding' => 'gzip, deflate',
)
[ info ] [ PARAM ] array (
  'sid' => '541',
)
[ info ] [ SESSION ] INIT array (
  'id' => '',
  'var_session_id' => '',
  'prefix' => 'think',
  'type' => '',
  'auto_start' => true,
)
[ info ] [ LOG ] INIT File

---------------------------------------------------------------
[ 2017-11-21T13:01:18+08:00 ] 127.0.0.1 127.0.0.1 GET /dqExam/index.php/admin/login/signin.html
[ log ] 127.0.0.1/dqExam/index.php/admin/login/signin.html [运行时间：0.015954s][吞吐率：62.68req/s] [内存消耗：1,301.32kb] [文件加载：39]
[ info ] [ LANG ] /Library/WebServer/Documents/dqExam/thinkphp/lang/zh-cn.php
[ info ] [ ROUTE ] array (
  'type' => 'module',
  'module' => 
  array (
    0 => 'admin',
    1 => 'login',
    2 => 'signin',
  ),
)
[ info ] [ HEADER ] array (
  'host' => '127.0.0.1',
  'connection' => 'keep-alive',
  'upgrade-insecure-requests' => '1',
  'accept' => 'text/html,application/xhtml+xml,application/xml;q=0.9,*/*;q=0.8',
  'user-agent' => 'Mozilla/5.0 (iPhone; CPU iPhone OS 10_3 like Mac OS X) AppleWebKit/603.1.30 (KHTML, like Gecko) Version/10.3 Mobile/14E277 Safari/603.1.30',
  'accept-language' => 'zh-cn',
  'dnt' => '1',
  'accept-encoding' => 'gzip, deflate',
)
[ info ] [ PARAM ] array (
)
[ info ] [ RUN ] app\admin\controller\Login->signIn[ /Library/WebServer/Documents/dqExam/application/admin/controller/Login.php ]
[ info ] [ VIEW ] /Library/WebServer/Documents/dqExam/application/admin/view/login/signin.html [ array (
) ]
[ info ] [ LOG ] INIT File

---------------------------------------------------------------
[ 2017-11-21T13:50:56+08:00 ] 127.0.0.1 127.0.0.1 GET /dqExam/index.php/admin/exercises/add/sid/541.html
[ log ] 127.0.0.1/dqExam/index.php/admin/exercises/add/sid/541.html [运行时间：0.032584s][吞吐率：30.69req/s] [内存消耗：1,282.47kb] [文件加载：38]
[ info ] [ LANG ] /Library/WebServer/Documents/dqExam/thinkphp/lang/zh-cn.php
[ info ] [ ROUTE ] array (
  'type' => 'module',
  'module' => 
  array (
    0 => 'admin',
    1 => 'exercises',
    2 => 'add',
  ),
)
[ info ] [ HEADER ] array (
  'host' => '127.0.0.1',
  'connection' => 'keep-alive',
  'upgrade-insecure-requests' => '1',
  'accept' => 'text/html,application/xhtml+xml,application/xml;q=0.9,*/*;q=0.8',
  'user-agent' => 'Mozilla/5.0 (Macintosh; Intel Mac OS X 10_13_1) AppleWebKit/604.3.5 (KHTML, like Gecko)',
  'accept-language' => 'zh-cn',
  'dnt' => '1',
  'accept-encoding' => 'gzip, deflate',
)
[ info ] [ PARAM ] array (
  'sid' => '541',
)
[ info ] [ SESSION ] INIT array (
  'id' => '',
  'var_session_id' => '',
  'prefix' => 'think',
  'type' => '',
  'auto_start' => true,
)
[ info ] [ LOG ] INIT File

---------------------------------------------------------------
[ 2017-11-21T13:50:56+08:00 ] 127.0.0.1 127.0.0.1 GET /dqExam/index.php/admin/login/signin.html
[ log ] 127.0.0.1/dqExam/index.php/admin/login/signin.html [运行时间：0.013484s][吞吐率：74.16req/s] [内存消耗：1,301.02kb] [文件加载：39]
[ info ] [ LANG ] /Library/WebServer/Documents/dqExam/thinkphp/lang/zh-cn.php
[ info ] [ ROUTE ] array (
  'type' => 'module',
  'module' => 
  array (
    0 => 'admin',
    1 => 'login',
    2 => 'signin',
  ),
)
[ info ] [ HEADER ] array (
  'host' => '127.0.0.1',
  'connection' => 'keep-alive',
  'upgrade-insecure-requests' => '1',
  'accept' => 'text/html,application/xhtml+xml,application/xml;q=0.9,*/*;q=0.8',
  'user-agent' => 'Mozilla/5.0 (Macintosh; Intel Mac OS X 10_13_1) AppleWebKit/604.3.5 (KHTML, like Gecko)',
  'accept-language' => 'zh-cn',
  'dnt' => '1',
  'accept-encoding' => 'gzip, deflate',
)
[ info ] [ PARAM ] array (
)
[ info ] [ RUN ] app\admin\controller\Login->signIn[ /Library/WebServer/Documents/dqExam/application/admin/controller/Login.php ]
[ info ] [ VIEW ] /Library/WebServer/Documents/dqExam/application/admin/view/login/signin.html [ array (
) ]
[ info ] [ LOG ] INIT File

---------------------------------------------------------------
[ 2017-11-21T13:50:56+08:00 ] 127.0.0.1 127.0.0.1 GET /dqExam/index.php/admin/exercises/add/sid/541.html
[ log ] 127.0.0.1/dqExam/index.php/admin/exercises/add/sid/541.html [运行时间：0.012607s][吞吐率：79.32req/s] [内存消耗：1,282.77kb] [文件加载：38]
[ info ] [ LANG ] /Library/WebServer/Documents/dqExam/thinkphp/lang/zh-cn.php
[ info ] [ ROUTE ] array (
  'type' => 'module',
  'module' => 
  array (
    0 => 'admin',
    1 => 'exercises',
    2 => 'add',
  ),
)
[ info ] [ HEADER ] array (
  'host' => '127.0.0.1',
  'connection' => 'keep-alive',
  'upgrade-insecure-requests' => '1',
  'accept' => 'text/html,application/xhtml+xml,application/xml;q=0.9,*/*;q=0.8',
  'user-agent' => 'Mozilla/5.0 (iPhone; CPU iPhone OS 10_3 like Mac OS X) AppleWebKit/603.1.30 (KHTML, like Gecko) Version/10.3 Mobile/14E277 Safari/603.1.30',
  'accept-language' => 'zh-cn',
  'dnt' => '1',
  'accept-encoding' => 'gzip, deflate',
)
[ info ] [ PARAM ] array (
  'sid' => '541',
)
[ info ] [ SESSION ] INIT array (
  'id' => '',
  'var_session_id' => '',
  'prefix' => 'think',
  'type' => '',
  'auto_start' => true,
)
[ info ] [ LOG ] INIT File

---------------------------------------------------------------
[ 2017-11-21T13:50:56+08:00 ] 127.0.0.1 127.0.0.1 GET /dqExam/index.php/admin/login/signin.html
[ log ] 127.0.0.1/dqExam/index.php/admin/login/signin.html [运行时间：0.014016s][吞吐率：71.35req/s] [内存消耗：1,301.32kb] [文件加载：39]
[ info ] [ LANG ] /Library/WebServer/Documents/dqExam/thinkphp/lang/zh-cn.php
[ info ] [ ROUTE ] array (
  'type' => 'module',
  'module' => 
  array (
    0 => 'admin',
    1 => 'login',
    2 => 'signin',
  ),
)
[ info ] [ HEADER ] array (
  'host' => '127.0.0.1',
  'connection' => 'keep-alive',
  'upgrade-insecure-requests' => '1',
  'accept' => 'text/html,application/xhtml+xml,application/xml;q=0.9,*/*;q=0.8',
  'user-agent' => 'Mozilla/5.0 (iPhone; CPU iPhone OS 10_3 like Mac OS X) AppleWebKit/603.1.30 (KHTML, like Gecko) Version/10.3 Mobile/14E277 Safari/603.1.30',
  'accept-language' => 'zh-cn',
  'dnt' => '1',
  'accept-encoding' => 'gzip, deflate',
)
[ info ] [ PARAM ] array (
)
[ info ] [ RUN ] app\admin\controller\Login->signIn[ /Library/WebServer/Documents/dqExam/application/admin/controller/Login.php ]
[ info ] [ VIEW ] /Library/WebServer/Documents/dqExam/application/admin/view/login/signin.html [ array (
) ]
[ info ] [ LOG ] INIT File

---------------------------------------------------------------
[ 2017-11-21T14:27:10+08:00 ] 127.0.0.1 127.0.0.1 GET /dqExam/index.php/admin/exercises/add/sid/541.html
[ log ] 127.0.0.1/dqExam/index.php/admin/exercises/add/sid/541.html [运行时间：0.026123s][吞吐率：38.28req/s] [内存消耗：1,282.47kb] [文件加载：38]
[ info ] [ LANG ] /Library/WebServer/Documents/dqExam/thinkphp/lang/zh-cn.php
[ info ] [ ROUTE ] array (
  'type' => 'module',
  'module' => 
  array (
    0 => 'admin',
    1 => 'exercises',
    2 => 'add',
  ),
)
[ info ] [ HEADER ] array (
  'host' => '127.0.0.1',
  'connection' => 'keep-alive',
  'upgrade-insecure-requests' => '1',
  'accept' => 'text/html,application/xhtml+xml,application/xml;q=0.9,*/*;q=0.8',
  'user-agent' => 'Mozilla/5.0 (Macintosh; Intel Mac OS X 10_13_1) AppleWebKit/604.3.5 (KHTML, like Gecko)',
  'accept-language' => 'zh-cn',
  'dnt' => '1',
  'accept-encoding' => 'gzip, deflate',
)
[ info ] [ PARAM ] array (
  'sid' => '541',
)
[ info ] [ SESSION ] INIT array (
  'id' => '',
  'var_session_id' => '',
  'prefix' => 'think',
  'type' => '',
  'auto_start' => true,
)
[ info ] [ LOG ] INIT File

---------------------------------------------------------------
[ 2017-11-21T14:27:10+08:00 ] 127.0.0.1 127.0.0.1 GET /dqExam/index.php/admin/login/signin.html
[ log ] 127.0.0.1/dqExam/index.php/admin/login/signin.html [运行时间：0.016642s][吞吐率：60.09req/s] [内存消耗：1,301.02kb] [文件加载：39]
[ info ] [ LANG ] /Library/WebServer/Documents/dqExam/thinkphp/lang/zh-cn.php
[ info ] [ ROUTE ] array (
  'type' => 'module',
  'module' => 
  array (
    0 => 'admin',
    1 => 'login',
    2 => 'signin',
  ),
)
[ info ] [ HEADER ] array (
  'host' => '127.0.0.1',
  'connection' => 'keep-alive',
  'upgrade-insecure-requests' => '1',
  'accept' => 'text/html,application/xhtml+xml,application/xml;q=0.9,*/*;q=0.8',
  'user-agent' => 'Mozilla/5.0 (Macintosh; Intel Mac OS X 10_13_1) AppleWebKit/604.3.5 (KHTML, like Gecko)',
  'accept-language' => 'zh-cn',
  'dnt' => '1',
  'accept-encoding' => 'gzip, deflate',
)
[ info ] [ PARAM ] array (
)
[ info ] [ RUN ] app\admin\controller\Login->signIn[ /Library/WebServer/Documents/dqExam/application/admin/controller/Login.php ]
[ info ] [ VIEW ] /Library/WebServer/Documents/dqExam/application/admin/view/login/signin.html [ array (
) ]
[ info ] [ LOG ] INIT File

---------------------------------------------------------------
[ 2017-11-21T14:27:10+08:00 ] 127.0.0.1 127.0.0.1 GET /dqExam/index.php/admin/exercises/add/sid/541.html
[ log ] 127.0.0.1/dqExam/index.php/admin/exercises/add/sid/541.html [运行时间：0.018989s][吞吐率：52.66req/s] [内存消耗：1,282.77kb] [文件加载：38]
[ info ] [ LANG ] /Library/WebServer/Documents/dqExam/thinkphp/lang/zh-cn.php
[ info ] [ ROUTE ] array (
  'type' => 'module',
  'module' => 
  array (
    0 => 'admin',
    1 => 'exercises',
    2 => 'add',
  ),
)
[ info ] [ HEADER ] array (
  'host' => '127.0.0.1',
  'connection' => 'keep-alive',
  'upgrade-insecure-requests' => '1',
  'accept' => 'text/html,application/xhtml+xml,application/xml;q=0.9,*/*;q=0.8',
  'user-agent' => 'Mozilla/5.0 (iPhone; CPU iPhone OS 10_3 like Mac OS X) AppleWebKit/603.1.30 (KHTML, like Gecko) Version/10.3 Mobile/14E277 Safari/603.1.30',
  'accept-language' => 'zh-cn',
  'dnt' => '1',
  'accept-encoding' => 'gzip, deflate',
)
[ info ] [ PARAM ] array (
  'sid' => '541',
)
[ info ] [ SESSION ] INIT array (
  'id' => '',
  'var_session_id' => '',
  'prefix' => 'think',
  'type' => '',
  'auto_start' => true,
)
[ info ] [ LOG ] INIT File

---------------------------------------------------------------
[ 2017-11-21T14:27:10+08:00 ] 127.0.0.1 127.0.0.1 GET /dqExam/index.php/admin/login/signin.html
[ log ] 127.0.0.1/dqExam/index.php/admin/login/signin.html [运行时间：0.018826s][吞吐率：53.12req/s] [内存消耗：1,301.32kb] [文件加载：39]
[ info ] [ LANG ] /Library/WebServer/Documents/dqExam/thinkphp/lang/zh-cn.php
[ info ] [ ROUTE ] array (
  'type' => 'module',
  'module' => 
  array (
    0 => 'admin',
    1 => 'login',
    2 => 'signin',
  ),
)
[ info ] [ HEADER ] array (
  'host' => '127.0.0.1',
  'connection' => 'keep-alive',
  'upgrade-insecure-requests' => '1',
  'accept' => 'text/html,application/xhtml+xml,application/xml;q=0.9,*/*;q=0.8',
  'user-agent' => 'Mozilla/5.0 (iPhone; CPU iPhone OS 10_3 like Mac OS X) AppleWebKit/603.1.30 (KHTML, like Gecko) Version/10.3 Mobile/14E277 Safari/603.1.30',
  'accept-language' => 'zh-cn',
  'dnt' => '1',
  'accept-encoding' => 'gzip, deflate',
)
[ info ] [ PARAM ] array (
)
[ info ] [ RUN ] app\admin\controller\Login->signIn[ /Library/WebServer/Documents/dqExam/application/admin/controller/Login.php ]
[ info ] [ VIEW ] /Library/WebServer/Documents/dqExam/application/admin/view/login/signin.html [ array (
) ]
[ info ] [ LOG ] INIT File

---------------------------------------------------------------
[ 2017-11-21T14:31:44+08:00 ] 127.0.0.1 127.0.0.1 GET /dqExam/index.php/admin/exercises/add/sid/541.html
[ log ] 127.0.0.1/dqExam/index.php/admin/exercises/add/sid/541.html [运行时间：0.015821s][吞吐率：63.21req/s] [内存消耗：1,282.47kb] [文件加载：38]
[ info ] [ LANG ] /Library/WebServer/Documents/dqExam/thinkphp/lang/zh-cn.php
[ info ] [ ROUTE ] array (
  'type' => 'module',
  'module' => 
  array (
    0 => 'admin',
    1 => 'exercises',
    2 => 'add',
  ),
)
[ info ] [ HEADER ] array (
  'host' => '127.0.0.1',
  'connection' => 'keep-alive',
  'upgrade-insecure-requests' => '1',
  'accept' => 'text/html,application/xhtml+xml,application/xml;q=0.9,*/*;q=0.8',
  'user-agent' => 'Mozilla/5.0 (Macintosh; Intel Mac OS X 10_13_1) AppleWebKit/604.3.5 (KHTML, like Gecko)',
  'accept-language' => 'zh-cn',
  'dnt' => '1',
  'accept-encoding' => 'gzip, deflate',
)
[ info ] [ PARAM ] array (
  'sid' => '541',
)
[ info ] [ SESSION ] INIT array (
  'id' => '',
  'var_session_id' => '',
  'prefix' => 'think',
  'type' => '',
  'auto_start' => true,
)
[ info ] [ LOG ] INIT File

---------------------------------------------------------------
[ 2017-11-21T14:31:44+08:00 ] 127.0.0.1 127.0.0.1 GET /dqExam/index.php/admin/login/signin.html
[ log ] 127.0.0.1/dqExam/index.php/admin/login/signin.html [运行时间：0.013232s][吞吐率：75.57req/s] [内存消耗：1,301.02kb] [文件加载：39]
[ info ] [ LANG ] /Library/WebServer/Documents/dqExam/thinkphp/lang/zh-cn.php
[ info ] [ ROUTE ] array (
  'type' => 'module',
  'module' => 
  array (
    0 => 'admin',
    1 => 'login',
    2 => 'signin',
  ),
)
[ info ] [ HEADER ] array (
  'host' => '127.0.0.1',
  'connection' => 'keep-alive',
  'upgrade-insecure-requests' => '1',
  'accept' => 'text/html,application/xhtml+xml,application/xml;q=0.9,*/*;q=0.8',
  'user-agent' => 'Mozilla/5.0 (Macintosh; Intel Mac OS X 10_13_1) AppleWebKit/604.3.5 (KHTML, like Gecko)',
  'accept-language' => 'zh-cn',
  'dnt' => '1',
  'accept-encoding' => 'gzip, deflate',
)
[ info ] [ PARAM ] array (
)
[ info ] [ RUN ] app\admin\controller\Login->signIn[ /Library/WebServer/Documents/dqExam/application/admin/controller/Login.php ]
[ info ] [ VIEW ] /Library/WebServer/Documents/dqExam/application/admin/view/login/signin.html [ array (
) ]
[ info ] [ LOG ] INIT File

---------------------------------------------------------------
[ 2017-11-21T14:31:44+08:00 ] 127.0.0.1 127.0.0.1 GET /dqExam/index.php/admin/exercises/add/sid/541.html
[ log ] 127.0.0.1/dqExam/index.php/admin/exercises/add/sid/541.html [运行时间：0.013509s][吞吐率：74.02req/s] [内存消耗：1,282.77kb] [文件加载：38]
[ info ] [ LANG ] /Library/WebServer/Documents/dqExam/thinkphp/lang/zh-cn.php
[ info ] [ ROUTE ] array (
  'type' => 'module',
  'module' => 
  array (
    0 => 'admin',
    1 => 'exercises',
    2 => 'add',
  ),
)
[ info ] [ HEADER ] array (
  'host' => '127.0.0.1',
  'connection' => 'keep-alive',
  'upgrade-insecure-requests' => '1',
  'accept' => 'text/html,application/xhtml+xml,application/xml;q=0.9,*/*;q=0.8',
  'user-agent' => 'Mozilla/5.0 (iPhone; CPU iPhone OS 10_3 like Mac OS X) AppleWebKit/603.1.30 (KHTML, like Gecko) Version/10.3 Mobile/14E277 Safari/603.1.30',
  'accept-language' => 'zh-cn',
  'dnt' => '1',
  'accept-encoding' => 'gzip, deflate',
)
[ info ] [ PARAM ] array (
  'sid' => '541',
)
[ info ] [ SESSION ] INIT array (
  'id' => '',
  'var_session_id' => '',
  'prefix' => 'think',
  'type' => '',
  'auto_start' => true,
)
[ info ] [ LOG ] INIT File

---------------------------------------------------------------
[ 2017-11-21T14:31:44+08:00 ] 127.0.0.1 127.0.0.1 GET /dqExam/index.php/admin/login/signin.html
[ log ] 127.0.0.1/dqExam/index.php/admin/login/signin.html [运行时间：0.012390s][吞吐率：80.71req/s] [内存消耗：1,301.32kb] [文件加载：39]
[ info ] [ LANG ] /Library/WebServer/Documents/dqExam/thinkphp/lang/zh-cn.php
[ info ] [ ROUTE ] array (
  'type' => 'module',
  'module' => 
  array (
    0 => 'admin',
    1 => 'login',
    2 => 'signin',
  ),
)
[ info ] [ HEADER ] array (
  'host' => '127.0.0.1',
  'connection' => 'keep-alive',
  'upgrade-insecure-requests' => '1',
  'accept' => 'text/html,application/xhtml+xml,application/xml;q=0.9,*/*;q=0.8',
  'user-agent' => 'Mozilla/5.0 (iPhone; CPU iPhone OS 10_3 like Mac OS X) AppleWebKit/603.1.30 (KHTML, like Gecko) Version/10.3 Mobile/14E277 Safari/603.1.30',
  'accept-language' => 'zh-cn',
  'dnt' => '1',
  'accept-encoding' => 'gzip, deflate',
)
[ info ] [ PARAM ] array (
)
[ info ] [ RUN ] app\admin\controller\Login->signIn[ /Library/WebServer/Documents/dqExam/application/admin/controller/Login.php ]
[ info ] [ VIEW ] /Library/WebServer/Documents/dqExam/application/admin/view/login/signin.html [ array (
) ]
[ info ] [ LOG ] INIT File

---------------------------------------------------------------
[ 2017-11-21T14:35:51+08:00 ] 127.0.0.1 127.0.0.1 GET /dqExam/index.php/admin/exercises/add/sid/541.html
[ log ] 127.0.0.1/dqExam/index.php/admin/exercises/add/sid/541.html [运行时间：0.018155s][吞吐率：55.08req/s] [内存消耗：1,282.47kb] [文件加载：38]
[ info ] [ LANG ] /Library/WebServer/Documents/dqExam/thinkphp/lang/zh-cn.php
[ info ] [ ROUTE ] array (
  'type' => 'module',
  'module' => 
  array (
    0 => 'admin',
    1 => 'exercises',
    2 => 'add',
  ),
)
[ info ] [ HEADER ] array (
  'host' => '127.0.0.1',
  'connection' => 'keep-alive',
  'upgrade-insecure-requests' => '1',
  'accept' => 'text/html,application/xhtml+xml,application/xml;q=0.9,*/*;q=0.8',
  'user-agent' => 'Mozilla/5.0 (Macintosh; Intel Mac OS X 10_13_1) AppleWebKit/604.3.5 (KHTML, like Gecko)',
  'accept-language' => 'zh-cn',
  'dnt' => '1',
  'accept-encoding' => 'gzip, deflate',
)
[ info ] [ PARAM ] array (
  'sid' => '541',
)
[ info ] [ SESSION ] INIT array (
  'id' => '',
  'var_session_id' => '',
  'prefix' => 'think',
  'type' => '',
  'auto_start' => true,
)
[ info ] [ LOG ] INIT File

---------------------------------------------------------------
[ 2017-11-21T14:35:51+08:00 ] 127.0.0.1 127.0.0.1 GET /dqExam/index.php/admin/login/signin.html
[ log ] 127.0.0.1/dqExam/index.php/admin/login/signin.html [运行时间：0.014561s][吞吐率：68.68req/s] [内存消耗：1,301.02kb] [文件加载：39]
[ info ] [ LANG ] /Library/WebServer/Documents/dqExam/thinkphp/lang/zh-cn.php
[ info ] [ ROUTE ] array (
  'type' => 'module',
  'module' => 
  array (
    0 => 'admin',
    1 => 'login',
    2 => 'signin',
  ),
)
[ info ] [ HEADER ] array (
  'host' => '127.0.0.1',
  'connection' => 'keep-alive',
  'upgrade-insecure-requests' => '1',
  'accept' => 'text/html,application/xhtml+xml,application/xml;q=0.9,*/*;q=0.8',
  'user-agent' => 'Mozilla/5.0 (Macintosh; Intel Mac OS X 10_13_1) AppleWebKit/604.3.5 (KHTML, like Gecko)',
  'accept-language' => 'zh-cn',
  'dnt' => '1',
  'accept-encoding' => 'gzip, deflate',
)
[ info ] [ PARAM ] array (
)
[ info ] [ RUN ] app\admin\controller\Login->signIn[ /Library/WebServer/Documents/dqExam/application/admin/controller/Login.php ]
[ info ] [ VIEW ] /Library/WebServer/Documents/dqExam/application/admin/view/login/signin.html [ array (
) ]
[ info ] [ LOG ] INIT File

---------------------------------------------------------------
[ 2017-11-21T14:35:51+08:00 ] 127.0.0.1 127.0.0.1 GET /dqExam/index.php/admin/exercises/add/sid/541.html
[ log ] 127.0.0.1/dqExam/index.php/admin/exercises/add/sid/541.html [运行时间：0.012385s][吞吐率：80.74req/s] [内存消耗：1,282.77kb] [文件加载：38]
[ info ] [ LANG ] /Library/WebServer/Documents/dqExam/thinkphp/lang/zh-cn.php
[ info ] [ ROUTE ] array (
  'type' => 'module',
  'module' => 
  array (
    0 => 'admin',
    1 => 'exercises',
    2 => 'add',
  ),
)
[ info ] [ HEADER ] array (
  'host' => '127.0.0.1',
  'connection' => 'keep-alive',
  'upgrade-insecure-requests' => '1',
  'accept' => 'text/html,application/xhtml+xml,application/xml;q=0.9,*/*;q=0.8',
  'user-agent' => 'Mozilla/5.0 (iPhone; CPU iPhone OS 10_3 like Mac OS X) AppleWebKit/603.1.30 (KHTML, like Gecko) Version/10.3 Mobile/14E277 Safari/603.1.30',
  'accept-language' => 'zh-cn',
  'dnt' => '1',
  'accept-encoding' => 'gzip, deflate',
)
[ info ] [ PARAM ] array (
  'sid' => '541',
)
[ info ] [ SESSION ] INIT array (
  'id' => '',
  'var_session_id' => '',
  'prefix' => 'think',
  'type' => '',
  'auto_start' => true,
)
[ info ] [ LOG ] INIT File

---------------------------------------------------------------
[ 2017-11-21T14:35:51+08:00 ] 127.0.0.1 127.0.0.1 GET /dqExam/index.php/admin/login/signin.html
[ log ] 127.0.0.1/dqExam/index.php/admin/login/signin.html [运行时间：0.015011s][吞吐率：66.62req/s] [内存消耗：1,301.32kb] [文件加载：39]
[ info ] [ LANG ] /Library/WebServer/Documents/dqExam/thinkphp/lang/zh-cn.php
[ info ] [ ROUTE ] array (
  'type' => 'module',
  'module' => 
  array (
    0 => 'admin',
    1 => 'login',
    2 => 'signin',
  ),
)
[ info ] [ HEADER ] array (
  'host' => '127.0.0.1',
  'connection' => 'keep-alive',
  'upgrade-insecure-requests' => '1',
  'accept' => 'text/html,application/xhtml+xml,application/xml;q=0.9,*/*;q=0.8',
  'user-agent' => 'Mozilla/5.0 (iPhone; CPU iPhone OS 10_3 like Mac OS X) AppleWebKit/603.1.30 (KHTML, like Gecko) Version/10.3 Mobile/14E277 Safari/603.1.30',
  'accept-language' => 'zh-cn',
  'dnt' => '1',
  'accept-encoding' => 'gzip, deflate',
)
[ info ] [ PARAM ] array (
)
[ info ] [ RUN ] app\admin\controller\Login->signIn[ /Library/WebServer/Documents/dqExam/application/admin/controller/Login.php ]
[ info ] [ VIEW ] /Library/WebServer/Documents/dqExam/application/admin/view/login/signin.html [ array (
) ]
[ info ] [ LOG ] INIT File

---------------------------------------------------------------
