[ 2017-09-05T12:54:48+08:00 ] ::1 ::1 GET /dqExam/index.php/admin/exercises/add.html
[ log ] localhost/dqExam/index.php/admin/exercises/add.html [运行时间：0.547000s][吞吐率：1.83req/s] [内存消耗：2,319.42kb] [文件加载：54]
[ info ] [ LANG ] D:\Program\www\dqExam\thinkphp\lang\zh-cn.php
[ info ] [ ROUTE ] array (
  'type' => 'module',
  'module' => 
  array (
    0 => 'admin',
    1 => 'exercises',
    2 => 'add',
  ),
)
[ info ] [ HEADER ] array (
  'host' => 'localhost',
  'connection' => 'keep-alive',
  'upgrade-insecure-requests' => '1',
  'user-agent' => 'Mozilla/5.0 (Windows NT 6.1; Win64; x64) AppleWebKit/537.36 (KHTML, like Gecko) Chrome/58.0.3029.110 Safari/537.36',
  'accept' => 'text/html,application/xhtml+xml,application/xml;q=0.9,image/webp,*/*;q=0.8',
  'accept-encoding' => 'gzip, deflate, sdch, br',
  'accept-language' => 'zh-CN,zh;q=0.8',
  'cookie' => 'UM_distinctid=15e4599fa6568-01b1f70d4d51c7-323f5c0f-1fa400-15e4599fa661ac; CNZZDATA1263064637=1612199740-1504401924-%7C1504401924; Hm_lvt_d4b59ce04ebd8fd26e1bfe96b33120e2=1504406274; Hm_lvt_06c1f62923cbb52e17d120bc7e649cde=1504406309; _ga=GA1.1.1851530736.1504416828; pgv_pvi=3396592640; DedeUserID=1; DedeUserID__ckMd5=5d411a88a9429a15; DedeLoginTime=1504574719; DedeLoginTime__ckMd5=2acad01012e2a47a',
)
[ info ] [ PARAM ] array (
)
[ info ] [ SESSION ] INIT array (
  'id' => '',
  'var_session_id' => '',
  'prefix' => 'think',
  'type' => '',
  'auto_start' => true,
)
[ info ] [ RUN ] app\admin\controller\Exercises->add[ D:\Program\www\dqExam\application\admin\controller\Exercises.php ]
[ info ] [ VIEW ] D:\Program\www\dqExam./application/admin\view\exercises\add.html [ array (
  0 => 'info',
) ]
[ info ] [ LOG ] INIT File

---------------------------------------------------------------
[ 2017-09-05T13:51:33+08:00 ] ::1 ::1 POST /dqExam/index.php/admin/exercises/add.html
[ log ] localhost/dqExam/index.php/admin/exercises/add.html [运行时间：0.057000s][吞吐率：17.54req/s] [内存消耗：2,114.48kb] [文件加载：52]
[ info ] [ LANG ] D:\Program\www\dqExam\thinkphp\lang\zh-cn.php
[ info ] [ ROUTE ] array (
  'type' => 'module',
  'module' => 
  array (
    0 => 'admin',
    1 => 'exercises',
    2 => 'add',
  ),
)
[ info ] [ HEADER ] array (
  'host' => 'localhost',
  'connection' => 'keep-alive',
  'content-length' => '937',
  'cache-control' => 'max-age=0',
  'origin' => 'http://localhost',
  'upgrade-insecure-requests' => '1',
  'user-agent' => 'Mozilla/5.0 (Windows NT 6.1; Win64; x64) AppleWebKit/537.36 (KHTML, like Gecko) Chrome/58.0.3029.110 Safari/537.36',
  'content-type' => 'multipart/form-data; boundary=----WebKitFormBoundaryP9vXNqv3wYyeVDvB',
  'accept' => 'text/html,application/xhtml+xml,application/xml;q=0.9,image/webp,*/*;q=0.8',
  'referer' => 'http://localhost/dqExam/index.php/admin/exercises/add.html',
  'accept-encoding' => 'gzip, deflate, br',
  'accept-language' => 'zh-CN,zh;q=0.8',
  'cookie' => 'thinkphp_show_page_trace=0|0; UM_distinctid=15e4599fa6568-01b1f70d4d51c7-323f5c0f-1fa400-15e4599fa661ac; CNZZDATA1263064637=1612199740-1504401924-%7C1504401924; Hm_lvt_d4b59ce04ebd8fd26e1bfe96b33120e2=1504406274; Hm_lvt_06c1f62923cbb52e17d120bc7e649cde=1504406309; _ga=GA1.1.1851530736.1504416828; pgv_pvi=3396592640; DedeUserID=1; DedeUserID__ckMd5=5d411a88a9429a15; DedeLoginTime=1504574719; DedeLoginTime__ckMd5=2acad01012e2a47a; PHPSESSID=4t7nitdkbegb9hg525d1u2vn84',
)
[ info ] [ PARAM ] array (
  'subject_id' => '-1',
  'chapter_id' => '-1',
  'subject_type' => '1',
  'subject_content' => '',
  'analytical' => '',
  'correct_text' => '',
  'wrong_text' => '',
  'exercises_advice' => '',
  'effective' => '1',
)
[ info ] [ SESSION ] INIT array (
  'id' => '',
  'var_session_id' => '',
  'prefix' => 'think',
  'type' => '',
  'auto_start' => true,
)
[ info ] [ RUN ] app\admin\controller\Exercises->add[ D:\Program\www\dqExam\application\admin\controller\Exercises.php ]
[ info ] [ VIEW ] D:\Program\www\dqExam./application/admin\view\exercises\add.html [ array (
  0 => 'info',
) ]
[ info ] [ LOG ] INIT File

---------------------------------------------------------------
