[ 2017-09-10T14:03:48+08:00 ] ::1 ::1 GET /dqexam/
[ log ] localhost/dqexam/ [运行时间：0.744000s][吞吐率：1.34req/s] [内存消耗：1,679.48kb] [文件加载：43]
[ info ] [ LANG ] D:\Program\www\dqExam\thinkphp\lang\zh-cn.php
[ info ] [ ROUTE ] array (
  'type' => 'module',
  'module' => 
  array (
    0 => '',
    1 => NULL,
    2 => NULL,
  ),
)
[ info ] [ HEADER ] array (
  'host' => 'localhost',
  'connection' => 'keep-alive',
  'upgrade-insecure-requests' => '1',
  'user-agent' => 'Mozilla/5.0 (Windows NT 6.1; Win64; x64) AppleWebKit/537.36 (KHTML, like Gecko) Chrome/58.0.3029.110 Safari/537.36',
  'accept' => 'text/html,application/xhtml+xml,application/xml;q=0.9,image/webp,*/*;q=0.8',
  'accept-encoding' => 'gzip, deflate, sdch, br',
  'accept-language' => 'zh-CN,zh;q=0.8',
)
[ info ] [ PARAM ] array (
)
[ info ] [ RUN ] app\index\controller\Index->index[ D:\Program\www\dqExam\application\index\controller\Index.php ]
[ info ] [ LOG ] INIT File

---------------------------------------------------------------
[ 2017-09-10T14:03:58+08:00 ] ::1 ::1 GET /dqexam/index.php/index/
[ log ] localhost/dqexam/index.php/index/ [运行时间：0.045000s][吞吐率：22.22req/s] [内存消耗：1,679.76kb] [文件加载：43]
[ info ] [ LANG ] D:\Program\www\dqExam\thinkphp\lang\zh-cn.php
[ info ] [ ROUTE ] array (
  'type' => 'module',
  'module' => 
  array (
    0 => 'index',
    1 => NULL,
    2 => NULL,
  ),
)
[ info ] [ HEADER ] array (
  'host' => 'localhost',
  'connection' => 'keep-alive',
  'upgrade-insecure-requests' => '1',
  'user-agent' => 'Mozilla/5.0 (Windows NT 6.1; Win64; x64) AppleWebKit/537.36 (KHTML, like Gecko) Chrome/58.0.3029.110 Safari/537.36',
  'accept' => 'text/html,application/xhtml+xml,application/xml;q=0.9,image/webp,*/*;q=0.8',
  'accept-encoding' => 'gzip, deflate, sdch, br',
  'accept-language' => 'zh-CN,zh;q=0.8',
  'cookie' => 'thinkphp_show_page_trace=0|0; pgv_pvi=3504036864; pgv_si=s5521680384',
)
[ info ] [ PARAM ] array (
)
[ info ] [ RUN ] app\index\controller\Index->index[ D:\Program\www\dqExam\application\index\controller\Index.php ]
[ info ] [ LOG ] INIT File

---------------------------------------------------------------
[ 2017-09-10T14:04:03+08:00 ] ::1 ::1 GET /dqexam/index.php/index/index
[ log ] localhost/dqexam/index.php/index/index [运行时间：0.037000s][吞吐率：27.03req/s] [内存消耗：1,679.88kb] [文件加载：43]
[ info ] [ LANG ] D:\Program\www\dqExam\thinkphp\lang\zh-cn.php
[ info ] [ ROUTE ] array (
  'type' => 'module',
  'module' => 
  array (
    0 => 'index',
    1 => 'index',
    2 => NULL,
  ),
)
[ info ] [ HEADER ] array (
  'host' => 'localhost',
  'connection' => 'keep-alive',
  'upgrade-insecure-requests' => '1',
  'user-agent' => 'Mozilla/5.0 (Windows NT 6.1; Win64; x64) AppleWebKit/537.36 (KHTML, like Gecko) Chrome/58.0.3029.110 Safari/537.36',
  'accept' => 'text/html,application/xhtml+xml,application/xml;q=0.9,image/webp,*/*;q=0.8',
  'accept-encoding' => 'gzip, deflate, sdch, br',
  'accept-language' => 'zh-CN,zh;q=0.8',
  'cookie' => 'thinkphp_show_page_trace=0|0; thinkphp_show_page_trace=0|0; pgv_pvi=3504036864; pgv_si=s5521680384',
)
[ info ] [ PARAM ] array (
)
[ info ] [ RUN ] app\index\controller\Index->index[ D:\Program\www\dqExam\application\index\controller\Index.php ]
[ info ] [ LOG ] INIT File

---------------------------------------------------------------
[ 2017-09-10T14:04:07+08:00 ] ::1 ::1 GET /dqexam/index.php/admin/index
[ log ] localhost/dqexam/index.php/admin/index [运行时间：0.257000s][吞吐率：3.89req/s] [内存消耗：2,097.50kb] [文件加载：52]
[ info ] [ LANG ] D:\Program\www\dqExam\thinkphp\lang\zh-cn.php
[ info ] [ ROUTE ] array (
  'type' => 'module',
  'module' => 
  array (
    0 => 'admin',
    1 => 'index',
    2 => NULL,
  ),
)
[ info ] [ HEADER ] array (
  'host' => 'localhost',
  'connection' => 'keep-alive',
  'upgrade-insecure-requests' => '1',
  'user-agent' => 'Mozilla/5.0 (Windows NT 6.1; Win64; x64) AppleWebKit/537.36 (KHTML, like Gecko) Chrome/58.0.3029.110 Safari/537.36',
  'accept' => 'text/html,application/xhtml+xml,application/xml;q=0.9,image/webp,*/*;q=0.8',
  'accept-encoding' => 'gzip, deflate, sdch, br',
  'accept-language' => 'zh-CN,zh;q=0.8',
  'cookie' => 'thinkphp_show_page_trace=0|0; pgv_pvi=3504036864; pgv_si=s5521680384',
)
[ info ] [ PARAM ] array (
)
[ info ] [ SESSION ] INIT array (
  'id' => '',
  'var_session_id' => '',
  'prefix' => 'think',
  'type' => '',
  'auto_start' => true,
)
[ info ] [ RUN ] app\admin\controller\Index->index[ D:\Program\www\dqExam\application\admin\controller\Index.php ]
[ info ] [ VIEW ] D:\Program\www\dqExam./application/admin\view\index\index.html [ array (
  0 => 'info',
) ]
[ info ] [ LOG ] INIT File

---------------------------------------------------------------
[ 2017-09-10T14:04:12+08:00 ] ::1 ::1 GET /dqexam/index.php/admin/exercises/index.html
[ log ] localhost/dqexam/index.php/admin/exercises/index.html [运行时间：0.102000s][吞吐率：9.80req/s] [内存消耗：2,104.23kb] [文件加载：52]
[ info ] [ LANG ] D:\Program\www\dqExam\thinkphp\lang\zh-cn.php
[ info ] [ ROUTE ] array (
  'type' => 'module',
  'module' => 
  array (
    0 => 'admin',
    1 => 'exercises',
    2 => 'index',
  ),
)
[ info ] [ HEADER ] array (
  'host' => 'localhost',
  'connection' => 'keep-alive',
  'upgrade-insecure-requests' => '1',
  'user-agent' => 'Mozilla/5.0 (Windows NT 6.1; Win64; x64) AppleWebKit/537.36 (KHTML, like Gecko) Chrome/58.0.3029.110 Safari/537.36',
  'accept' => 'text/html,application/xhtml+xml,application/xml;q=0.9,image/webp,*/*;q=0.8',
  'referer' => 'http://localhost/dqexam/index.php/admin/index',
  'accept-encoding' => 'gzip, deflate, sdch, br',
  'accept-language' => 'zh-CN,zh;q=0.8',
  'cookie' => 'thinkphp_show_page_trace=0|0; thinkphp_show_page_trace=0|0; pgv_pvi=3504036864; pgv_si=s5521680384; PHPSESSID=g6m576rvklem92uhefprmft8b5',
)
[ info ] [ PARAM ] array (
)
[ info ] [ SESSION ] INIT array (
  'id' => '',
  'var_session_id' => '',
  'prefix' => 'think',
  'type' => '',
  'auto_start' => true,
)
[ info ] [ RUN ] app\admin\controller\Exercises->index[ D:\Program\www\dqExam\application\admin\controller\Exercises.php ]
[ info ] [ VIEW ] D:\Program\www\dqExam./application/admin\view\exercises\index.html [ array (
  0 => 'info',
) ]
[ info ] [ LOG ] INIT File

---------------------------------------------------------------
[ 2017-09-10T14:04:13+08:00 ] ::1 ::1 GET /dqexam/index.php/admin/exercises/add.html
[ log ] localhost/dqexam/index.php/admin/exercises/add.html [运行时间：0.071000s][吞吐率：14.08req/s] [内存消耗：2,112.36kb] [文件加载：52]
[ info ] [ LANG ] D:\Program\www\dqExam\thinkphp\lang\zh-cn.php
[ info ] [ ROUTE ] array (
  'type' => 'module',
  'module' => 
  array (
    0 => 'admin',
    1 => 'exercises',
    2 => 'add',
  ),
)
[ info ] [ HEADER ] array (
  'host' => 'localhost',
  'connection' => 'keep-alive',
  'upgrade-insecure-requests' => '1',
  'user-agent' => 'Mozilla/5.0 (Windows NT 6.1; Win64; x64) AppleWebKit/537.36 (KHTML, like Gecko) Chrome/58.0.3029.110 Safari/537.36',
  'accept' => 'text/html,application/xhtml+xml,application/xml;q=0.9,image/webp,*/*;q=0.8',
  'referer' => 'http://localhost/dqexam/index.php/admin/exercises/index.html',
  'accept-encoding' => 'gzip, deflate, sdch, br',
  'accept-language' => 'zh-CN,zh;q=0.8',
  'cookie' => 'thinkphp_show_page_trace=0|0; thinkphp_show_page_trace=0|0; thinkphp_show_page_trace=0|0; pgv_pvi=3504036864; pgv_si=s5521680384; PHPSESSID=g6m576rvklem92uhefprmft8b5',
)
[ info ] [ PARAM ] array (
)
[ info ] [ SESSION ] INIT array (
  'id' => '',
  'var_session_id' => '',
  'prefix' => 'think',
  'type' => '',
  'auto_start' => true,
)
[ info ] [ RUN ] app\admin\controller\Exercises->add[ D:\Program\www\dqExam\application\admin\controller\Exercises.php ]
[ info ] [ VIEW ] D:\Program\www\dqExam./application/admin\view\exercises\add.html [ array (
  0 => 'info',
) ]
[ info ] [ LOG ] INIT File

---------------------------------------------------------------
[ 2017-09-10T14:04:28+08:00 ] ::1 ::1 POST /dqexam/index.php/admin/exercises/upload.html
[ log ] localhost/dqexam/index.php/admin/exercises/upload.html [运行时间：0.127000s][吞吐率：7.87req/s] [内存消耗：1,937.02kb] [文件加载：46]
[ info ] [ LANG ] D:\Program\www\dqExam\thinkphp\lang\zh-cn.php
[ info ] [ ROUTE ] array (
  'type' => 'module',
  'module' => 
  array (
    0 => 'admin',
    1 => 'exercises',
    2 => 'upload',
  ),
)
[ info ] [ HEADER ] array (
  'host' => 'localhost',
  'connection' => 'keep-alive',
  'content-length' => '278979',
  'origin' => 'http://localhost',
  'user-agent' => 'Mozilla/5.0 (Windows NT 6.1; Win64; x64) AppleWebKit/537.36 (KHTML, like Gecko) Chrome/58.0.3029.110 Safari/537.36',
  'content-type' => 'multipart/form-data; boundary=----WebKitFormBoundaryZVIwMnh8Fg3HutkV',
  'accept' => '*/*',
  'referer' => 'http://localhost/dqexam/index.php/admin/exercises/add.html',
  'accept-encoding' => 'gzip, deflate, br',
  'accept-language' => 'zh-CN,zh;q=0.8',
  'cookie' => 'thinkphp_show_page_trace=0|0; thinkphp_show_page_trace=0|0; thinkphp_show_page_trace=0|0; pgv_pvi=3504036864; pgv_si=s5521680384; PHPSESSID=g6m576rvklem92uhefprmft8b5',
)
[ info ] [ PARAM ] array (
)
[ info ] [ SESSION ] INIT array (
  'id' => '',
  'var_session_id' => '',
  'prefix' => 'think',
  'type' => '',
  'auto_start' => true,
)
[ info ] [ RUN ] app\admin\controller\Exercises->upload[ D:\Program\www\dqExam\application\admin\controller\Exercises.php ]
[ info ] [ LOG ] INIT File

---------------------------------------------------------------
[ 2017-09-10T14:08:58+08:00 ] ::1 ::1 GET /dqexam/index.php/admin/users.html
[ log ] localhost/dqexam/index.php/admin/users.html [运行时间：0.232000s][吞吐率：4.31req/s] [内存消耗：3,208.88kb] [文件加载：59]
[ info ] [ LANG ] D:\Program\www\dqExam\thinkphp\lang\zh-cn.php
[ info ] [ ROUTE ] array (
  'type' => 'module',
  'module' => 
  array (
    0 => 'admin',
    1 => 'admin',
    2 => 'index',
  ),
  'convert' => false,
)
[ info ] [ HEADER ] array (
  'host' => 'localhost',
  'connection' => 'keep-alive',
  'upgrade-insecure-requests' => '1',
  'user-agent' => 'Mozilla/5.0 (Windows NT 6.1; Win64; x64) AppleWebKit/537.36 (KHTML, like Gecko) Chrome/58.0.3029.110 Safari/537.36',
  'accept' => 'text/html,application/xhtml+xml,application/xml;q=0.9,image/webp,*/*;q=0.8',
  'referer' => 'http://localhost/dqexam/index.php/admin/exercises/add.html',
  'accept-encoding' => 'gzip, deflate, sdch, br',
  'accept-language' => 'zh-CN,zh;q=0.8',
  'cookie' => 'thinkphp_show_page_trace=0|0; thinkphp_show_page_trace=0|0; pgv_pvi=3504036864; pgv_si=s5521680384; PHPSESSID=g6m576rvklem92uhefprmft8b5',
)
[ info ] [ PARAM ] array (
)
[ info ] [ SESSION ] INIT array (
  'id' => '',
  'var_session_id' => '',
  'prefix' => 'think',
  'type' => '',
  'auto_start' => true,
)
[ info ] [ RUN ] app\admin\controller\Admin->index[ D:\Program\www\dqExam\application\admin\controller\Admin.php ]
[ info ] [ DB ] INIT mysql
[ info ] [ VIEW ] D:\Program\www\dqExam./application/admin\view\admin\index.html [ array (
  0 => 'info',
  1 => 'admins',
) ]
[ info ] [ LOG ] INIT File
[ sql ] [ DB ] CONNECT:[ UseTime:0.011000s ] mysql:dbname=dq_exam_db;host=127.0.0.1;charset=utf8
[ sql ] [ SQL ] SHOW COLUMNS FROM `dq_admin` [ RunTime:0.010000s ]
[ sql ] [ SQL ] SELECT `a`.`user_id`,`a`.`user_name`,`a`.`phone_number`,`a`.`email`,`a`.`area`,`a`.`campus`,`a`.`jobtitle`,`a`.`isValid`,`c`.`group_id`,`g`.`title` FROM `dq_admin` `a` INNER JOIN `dq_auth_group_access` `c` ON `a`.`user_id`=`c`.`uid` INNER JOIN `dq_auth_group` `g` ON `c`.`group_id`=`g`.`id` [ RunTime:0.013000s ]

---------------------------------------------------------------
[ 2017-09-10T14:08:59+08:00 ] ::1 ::1 GET /dqexam/index.php/admin/user/add.html
[ log ] localhost/dqexam/index.php/admin/user/add.html [运行时间：0.105000s][吞吐率：9.52req/s] [内存消耗：2,874.94kb] [文件加载：57]
[ info ] [ LANG ] D:\Program\www\dqExam\thinkphp\lang\zh-cn.php
[ info ] [ ROUTE ] array (
  'type' => 'module',
  'module' => 
  array (
    0 => 'admin',
    1 => 'admin',
    2 => 'add',
  ),
  'convert' => false,
)
[ info ] [ HEADER ] array (
  'host' => 'localhost',
  'connection' => 'keep-alive',
  'upgrade-insecure-requests' => '1',
  'user-agent' => 'Mozilla/5.0 (Windows NT 6.1; Win64; x64) AppleWebKit/537.36 (KHTML, like Gecko) Chrome/58.0.3029.110 Safari/537.36',
  'accept' => 'text/html,application/xhtml+xml,application/xml;q=0.9,image/webp,*/*;q=0.8',
  'referer' => 'http://localhost/dqexam/index.php/admin/users.html',
  'accept-encoding' => 'gzip, deflate, sdch, br',
  'accept-language' => 'zh-CN,zh;q=0.8',
  'cookie' => 'thinkphp_show_page_trace=0|0; thinkphp_show_page_trace=0|0; pgv_pvi=3504036864; pgv_si=s5521680384; PHPSESSID=g6m576rvklem92uhefprmft8b5',
)
[ info ] [ PARAM ] array (
)
[ info ] [ SESSION ] INIT array (
  'id' => '',
  'var_session_id' => '',
  'prefix' => 'think',
  'type' => '',
  'auto_start' => true,
)
[ info ] [ RUN ] app\admin\controller\Admin->add[ D:\Program\www\dqExam\application\admin\controller\Admin.php ]
[ info ] [ DB ] INIT mysql
[ info ] [ VIEW ] D:\Program\www\dqExam./application/admin\view\admin\add.html [ array (
  0 => 'info',
  1 => 'group',
) ]
[ info ] [ LOG ] INIT File
[ sql ] [ DB ] CONNECT:[ UseTime:0.010000s ] mysql:dbname=dq_exam_db;host=127.0.0.1;charset=utf8
[ sql ] [ SQL ] SHOW COLUMNS FROM `dq_auth_group` [ RunTime:0.004000s ]
[ sql ] [ SQL ] SELECT * FROM `dq_auth_group` [ RunTime:0.000000s ]

---------------------------------------------------------------
[ 2017-09-10T14:13:40+08:00 ] ::1 ::1 GET /dqexam/index.php/admin/subjects.html
[ log ] localhost/dqexam/index.php/admin/subjects.html [运行时间：0.218000s][吞吐率：4.59req/s] [内存消耗：3,332.45kb] [文件加载：62]
[ info ] [ LANG ] D:\Program\www\dqExam\thinkphp\lang\zh-cn.php
[ info ] [ ROUTE ] array (
  'type' => 'module',
  'module' => 
  array (
    0 => 'admin',
    1 => 'subject',
    2 => 'index',
  ),
  'convert' => false,
)
[ info ] [ HEADER ] array (
  'host' => 'localhost',
  'connection' => 'keep-alive',
  'upgrade-insecure-requests' => '1',
  'user-agent' => 'Mozilla/5.0 (Windows NT 6.1; Win64; x64) AppleWebKit/537.36 (KHTML, like Gecko) Chrome/58.0.3029.110 Safari/537.36',
  'accept' => 'text/html,application/xhtml+xml,application/xml;q=0.9,image/webp,*/*;q=0.8',
  'referer' => 'http://localhost/dqexam/index.php/admin/user/add.html',
  'accept-encoding' => 'gzip, deflate, sdch, br',
  'accept-language' => 'zh-CN,zh;q=0.8',
  'cookie' => 'thinkphp_show_page_trace=0|0; thinkphp_show_page_trace=0|0; pgv_pvi=3504036864; pgv_si=s5521680384; PHPSESSID=g6m576rvklem92uhefprmft8b5',
)
[ info ] [ PARAM ] array (
)
[ info ] [ SESSION ] INIT array (
  'id' => '',
  'var_session_id' => '',
  'prefix' => 'think',
  'type' => '',
  'auto_start' => true,
)
[ info ] [ RUN ] app\admin\controller\Subject->index[ D:\Program\www\dqExam\application\admin\controller\Subject.php ]
[ info ] [ DB ] INIT mysql
[ info ] [ VIEW ] D:\Program\www\dqExam./application/admin\view\subject\index.html [ array (
  0 => 'info',
  1 => 'lists',
  2 => 'page',
) ]
[ info ] [ LOG ] INIT File
[ sql ] [ DB ] CONNECT:[ UseTime:0.010000s ] mysql:dbname=dq_exam_db;host=127.0.0.1;charset=utf8
[ sql ] [ SQL ] SHOW COLUMNS FROM `dq_subject` [ RunTime:0.025000s ]
[ sql ] [ SQL ] SELECT COUNT(*) AS tp_count FROM `dq_subject` LIMIT 1 [ RunTime:0.000000s ]
[ sql ] [ SQL ] SELECT * FROM `dq_subject` ORDER BY `subject_id`  desc LIMIT 0,20 [ RunTime:0.000000s ]

---------------------------------------------------------------
[ 2017-09-10T14:13:42+08:00 ] ::1 ::1 GET /dqexam/index.php/admin/subject/add.html
[ log ] localhost/dqexam/index.php/admin/subject/add.html [运行时间：0.119000s][吞吐率：8.40req/s] [内存消耗：2,887.10kb] [文件加载：57]
[ info ] [ LANG ] D:\Program\www\dqExam\thinkphp\lang\zh-cn.php
[ info ] [ ROUTE ] array (
  'type' => 'module',
  'module' => 
  array (
    0 => 'admin',
    1 => 'subject',
    2 => 'add',
  ),
)
[ info ] [ HEADER ] array (
  'host' => 'localhost',
  'connection' => 'keep-alive',
  'upgrade-insecure-requests' => '1',
  'user-agent' => 'Mozilla/5.0 (Windows NT 6.1; Win64; x64) AppleWebKit/537.36 (KHTML, like Gecko) Chrome/58.0.3029.110 Safari/537.36',
  'accept' => 'text/html,application/xhtml+xml,application/xml;q=0.9,image/webp,*/*;q=0.8',
  'referer' => 'http://localhost/dqexam/index.php/admin/subjects.html',
  'accept-encoding' => 'gzip, deflate, sdch, br',
  'accept-language' => 'zh-CN,zh;q=0.8',
  'cookie' => 'thinkphp_show_page_trace=0|0; thinkphp_show_page_trace=0|0; pgv_pvi=3504036864; pgv_si=s5521680384; PHPSESSID=g6m576rvklem92uhefprmft8b5',
)
[ info ] [ PARAM ] array (
)
[ info ] [ SESSION ] INIT array (
  'id' => '',
  'var_session_id' => '',
  'prefix' => 'think',
  'type' => '',
  'auto_start' => true,
)
[ info ] [ RUN ] app\admin\controller\Subject->add[ D:\Program\www\dqExam\application\admin\controller\Subject.php ]
[ info ] [ DB ] INIT mysql
[ info ] [ VIEW ] D:\Program\www\dqExam./application/admin\view\subject\add.html [ array (
  0 => 'info',
  1 => 'subs',
) ]
[ info ] [ LOG ] INIT File
[ sql ] [ DB ] CONNECT:[ UseTime:0.001000s ] mysql:dbname=dq_exam_db;host=127.0.0.1;charset=utf8
[ sql ] [ SQL ] SHOW COLUMNS FROM `dq_subject` [ RunTime:0.003000s ]
[ sql ] [ SQL ] SELECT * FROM `dq_subject` [ RunTime:0.000000s ]

---------------------------------------------------------------
[ 2017-09-10T14:13:44+08:00 ] ::1 ::1 GET /dqexam/index.php/admin/chapter/index.html
[ log ] localhost/dqexam/index.php/admin/chapter/index.html [运行时间：0.124000s][吞吐率：8.06req/s] [内存消耗：3,318.73kb] [文件加载：62]
[ info ] [ LANG ] D:\Program\www\dqExam\thinkphp\lang\zh-cn.php
[ info ] [ ROUTE ] array (
  'type' => 'module',
  'module' => 
  array (
    0 => 'admin',
    1 => 'chapter',
    2 => 'index',
  ),
)
[ info ] [ HEADER ] array (
  'host' => 'localhost',
  'connection' => 'keep-alive',
  'upgrade-insecure-requests' => '1',
  'user-agent' => 'Mozilla/5.0 (Windows NT 6.1; Win64; x64) AppleWebKit/537.36 (KHTML, like Gecko) Chrome/58.0.3029.110 Safari/537.36',
  'accept' => 'text/html,application/xhtml+xml,application/xml;q=0.9,image/webp,*/*;q=0.8',
  'referer' => 'http://localhost/dqexam/index.php/admin/subject/add.html',
  'accept-encoding' => 'gzip, deflate, sdch, br',
  'accept-language' => 'zh-CN,zh;q=0.8',
  'cookie' => 'thinkphp_show_page_trace=0|0; thinkphp_show_page_trace=0|0; pgv_pvi=3504036864; pgv_si=s5521680384; PHPSESSID=g6m576rvklem92uhefprmft8b5',
)
[ info ] [ PARAM ] array (
)
[ info ] [ SESSION ] INIT array (
  'id' => '',
  'var_session_id' => '',
  'prefix' => 'think',
  'type' => '',
  'auto_start' => true,
)
[ info ] [ RUN ] app\admin\controller\Chapter->index[ D:\Program\www\dqExam\application\admin\controller\Chapter.php ]
[ info ] [ DB ] INIT mysql
[ info ] [ VIEW ] D:\Program\www\dqExam./application/admin\view\chapter\subject.html [ array (
  0 => 'info',
  1 => 'action',
  2 => 'lists',
  3 => 'page',
) ]
[ info ] [ LOG ] INIT File
[ sql ] [ DB ] CONNECT:[ UseTime:0.010000s ] mysql:dbname=dq_exam_db;host=127.0.0.1;charset=utf8
[ sql ] [ SQL ] SHOW COLUMNS FROM `dq_subject` [ RunTime:0.004000s ]
[ sql ] [ SQL ] SELECT COUNT(*) AS tp_count FROM `dq_subject` LIMIT 1 [ RunTime:0.001000s ]
[ sql ] [ SQL ] SELECT * FROM `dq_subject` ORDER BY `subject_id`  desc LIMIT 0,20 [ RunTime:0.001000s ]

---------------------------------------------------------------
[ 2017-09-10T14:13:46+08:00 ] ::1 ::1 GET /dqexam/index.php/admin/chapter/index/sid/8.html
[ log ] localhost/dqexam/index.php/admin/chapter/index/sid/8.html [运行时间：0.104000s][吞吐率：9.62req/s] [内存消耗：2,108.27kb] [文件加载：52]
[ info ] [ LANG ] D:\Program\www\dqExam\thinkphp\lang\zh-cn.php
[ info ] [ ROUTE ] array (
  'type' => 'module',
  'module' => 
  array (
    0 => 'admin',
    1 => 'chapter',
    2 => 'index',
  ),
)
[ info ] [ HEADER ] array (
  'host' => 'localhost',
  'connection' => 'keep-alive',
  'upgrade-insecure-requests' => '1',
  'user-agent' => 'Mozilla/5.0 (Windows NT 6.1; Win64; x64) AppleWebKit/537.36 (KHTML, like Gecko) Chrome/58.0.3029.110 Safari/537.36',
  'accept' => 'text/html,application/xhtml+xml,application/xml;q=0.9,image/webp,*/*;q=0.8',
  'referer' => 'http://localhost/dqexam/index.php/admin/chapter/index.html',
  'accept-encoding' => 'gzip, deflate, sdch, br',
  'accept-language' => 'zh-CN,zh;q=0.8',
  'cookie' => 'thinkphp_show_page_trace=0|0; thinkphp_show_page_trace=0|0; thinkphp_show_page_trace=0|0; pgv_pvi=3504036864; pgv_si=s5521680384; PHPSESSID=g6m576rvklem92uhefprmft8b5',
)
[ info ] [ PARAM ] array (
  'sid' => '8',
)
[ info ] [ SESSION ] INIT array (
  'id' => '',
  'var_session_id' => '',
  'prefix' => 'think',
  'type' => '',
  'auto_start' => true,
)
[ info ] [ RUN ] app\admin\controller\Chapter->index[ D:\Program\www\dqExam\application\admin\controller\Chapter.php ]
[ info ] [ VIEW ] D:\Program\www\dqExam./application/admin\view\chapter\index.html [ array (
  0 => 'info',
  1 => 'action',
) ]
[ info ] [ LOG ] INIT File

---------------------------------------------------------------
[ 2017-09-10T14:13:50+08:00 ] ::1 ::1 GET /dqexam/index.php/admin/exercises/index.html
[ log ] localhost/dqexam/index.php/admin/exercises/index.html [运行时间：0.099000s][吞吐率：10.10req/s] [内存消耗：2,104.35kb] [文件加载：52]
[ info ] [ LANG ] D:\Program\www\dqExam\thinkphp\lang\zh-cn.php
[ info ] [ ROUTE ] array (
  'type' => 'module',
  'module' => 
  array (
    0 => 'admin',
    1 => 'exercises',
    2 => 'index',
  ),
)
[ info ] [ HEADER ] array (
  'host' => 'localhost',
  'connection' => 'keep-alive',
  'upgrade-insecure-requests' => '1',
  'user-agent' => 'Mozilla/5.0 (Windows NT 6.1; Win64; x64) AppleWebKit/537.36 (KHTML, like Gecko) Chrome/58.0.3029.110 Safari/537.36',
  'accept' => 'text/html,application/xhtml+xml,application/xml;q=0.9,image/webp,*/*;q=0.8',
  'referer' => 'http://localhost/dqexam/index.php/admin/chapter/index/sid/8.html',
  'accept-encoding' => 'gzip, deflate, sdch, br',
  'accept-language' => 'zh-CN,zh;q=0.8',
  'cookie' => 'thinkphp_show_page_trace=0|0; thinkphp_show_page_trace=0|0; thinkphp_show_page_trace=0|0; pgv_pvi=3504036864; pgv_si=s5521680384; PHPSESSID=g6m576rvklem92uhefprmft8b5',
)
[ info ] [ PARAM ] array (
)
[ info ] [ SESSION ] INIT array (
  'id' => '',
  'var_session_id' => '',
  'prefix' => 'think',
  'type' => '',
  'auto_start' => true,
)
[ info ] [ RUN ] app\admin\controller\Exercises->index[ D:\Program\www\dqExam\application\admin\controller\Exercises.php ]
[ info ] [ VIEW ] D:\Program\www\dqExam./application/admin\view\exercises\index.html [ array (
  0 => 'info',
) ]
[ info ] [ LOG ] INIT File

---------------------------------------------------------------
[ 2017-09-10T14:13:51+08:00 ] ::1 ::1 GET /dqexam/index.php/admin/exercises/add.html
[ log ] localhost/dqexam/index.php/admin/exercises/add.html [运行时间：0.071000s][吞吐率：14.08req/s] [内存消耗：2,112.36kb] [文件加载：52]
[ info ] [ LANG ] D:\Program\www\dqExam\thinkphp\lang\zh-cn.php
[ info ] [ ROUTE ] array (
  'type' => 'module',
  'module' => 
  array (
    0 => 'admin',
    1 => 'exercises',
    2 => 'add',
  ),
)
[ info ] [ HEADER ] array (
  'host' => 'localhost',
  'connection' => 'keep-alive',
  'upgrade-insecure-requests' => '1',
  'user-agent' => 'Mozilla/5.0 (Windows NT 6.1; Win64; x64) AppleWebKit/537.36 (KHTML, like Gecko) Chrome/58.0.3029.110 Safari/537.36',
  'accept' => 'text/html,application/xhtml+xml,application/xml;q=0.9,image/webp,*/*;q=0.8',
  'referer' => 'http://localhost/dqexam/index.php/admin/exercises/index.html',
  'accept-encoding' => 'gzip, deflate, sdch, br',
  'accept-language' => 'zh-CN,zh;q=0.8',
  'cookie' => 'thinkphp_show_page_trace=0|0; thinkphp_show_page_trace=0|0; thinkphp_show_page_trace=0|0; pgv_pvi=3504036864; pgv_si=s5521680384; PHPSESSID=g6m576rvklem92uhefprmft8b5',
)
[ info ] [ PARAM ] array (
)
[ info ] [ SESSION ] INIT array (
  'id' => '',
  'var_session_id' => '',
  'prefix' => 'think',
  'type' => '',
  'auto_start' => true,
)
[ info ] [ RUN ] app\admin\controller\Exercises->add[ D:\Program\www\dqExam\application\admin\controller\Exercises.php ]
[ info ] [ VIEW ] D:\Program\www\dqExam./application/admin\view\exercises\add.html [ array (
  0 => 'info',
) ]
[ info ] [ LOG ] INIT File

---------------------------------------------------------------
[ 2017-09-10T14:13:53+08:00 ] ::1 ::1 GET /dqexam/index.php/admin/exercises/pages/tables/data.html
[ log ] localhost/dqexam/index.php/admin/exercises/pages/tables/data.html [运行时间：0.071000s][吞吐率：14.08req/s] [内存消耗：2,042.74kb] [文件加载：53]
[ info ] [ LANG ] D:\Program\www\dqExam\thinkphp\lang\zh-cn.php
[ info ] [ ROUTE ] array (
  'type' => 'module',
  'module' => 
  array (
    0 => 'admin',
    1 => 'exercises',
    2 => 'pages',
  ),
)
[ info ] [ HEADER ] array (
  'host' => 'localhost',
  'connection' => 'keep-alive',
  'upgrade-insecure-requests' => '1',
  'user-agent' => 'Mozilla/5.0 (Windows NT 6.1; Win64; x64) AppleWebKit/537.36 (KHTML, like Gecko) Chrome/58.0.3029.110 Safari/537.36',
  'accept' => 'text/html,application/xhtml+xml,application/xml;q=0.9,image/webp,*/*;q=0.8',
  'referer' => 'http://localhost/dqexam/index.php/admin/exercises/add.html',
  'accept-encoding' => 'gzip, deflate, sdch, br',
  'accept-language' => 'zh-CN,zh;q=0.8',
  'cookie' => 'thinkphp_show_page_trace=0|0; thinkphp_show_page_trace=0|0; thinkphp_show_page_trace=0|0; pgv_pvi=3504036864; pgv_si=s5521680384; PHPSESSID=g6m576rvklem92uhefprmft8b5',
)
[ info ] [ PARAM ] array (
  'tables' => 'data',
)
[ info ] [ SESSION ] INIT array (
  'id' => '',
  'var_session_id' => '',
  'prefix' => 'think',
  'type' => '',
  'auto_start' => true,
)
[ info ] [ LOG ] INIT File

---------------------------------------------------------------
[ 2017-09-10T14:13:55+08:00 ] ::1 ::1 GET /dqexam/index.php/admin/exercises/add.html
[ log ] localhost/dqexam/index.php/admin/exercises/add.html [运行时间：0.083000s][吞吐率：12.05req/s] [内存消耗：2,112.36kb] [文件加载：52]
[ info ] [ LANG ] D:\Program\www\dqExam\thinkphp\lang\zh-cn.php
[ info ] [ ROUTE ] array (
  'type' => 'module',
  'module' => 
  array (
    0 => 'admin',
    1 => 'exercises',
    2 => 'add',
  ),
)
[ info ] [ HEADER ] array (
  'host' => 'localhost',
  'connection' => 'keep-alive',
  'upgrade-insecure-requests' => '1',
  'user-agent' => 'Mozilla/5.0 (Windows NT 6.1; Win64; x64) AppleWebKit/537.36 (KHTML, like Gecko) Chrome/58.0.3029.110 Safari/537.36',
  'accept' => 'text/html,application/xhtml+xml,application/xml;q=0.9,image/webp,*/*;q=0.8',
  'referer' => 'http://localhost/dqexam/index.php/admin/exercises/index.html',
  'accept-encoding' => 'gzip, deflate, sdch, br',
  'accept-language' => 'zh-CN,zh;q=0.8',
  'cookie' => 'thinkphp_show_page_trace=0|0; thinkphp_show_page_trace=0|0; thinkphp_show_page_trace=0|0; pgv_pvi=3504036864; pgv_si=s5521680384; PHPSESSID=g6m576rvklem92uhefprmft8b5',
)
[ info ] [ PARAM ] array (
)
[ info ] [ SESSION ] INIT array (
  'id' => '',
  'var_session_id' => '',
  'prefix' => 'think',
  'type' => '',
  'auto_start' => true,
)
[ info ] [ RUN ] app\admin\controller\Exercises->add[ D:\Program\www\dqExam\application\admin\controller\Exercises.php ]
[ info ] [ VIEW ] D:\Program\www\dqExam./application/admin\view\exercises\add.html [ array (
  0 => 'info',
) ]
[ info ] [ LOG ] INIT File

---------------------------------------------------------------
[ 2017-09-10T14:13:56+08:00 ] ::1 ::1 GET /dqexam/index.php/admin/dashboard.html
[ log ] localhost/dqexam/index.php/admin/dashboard.html [运行时间：0.064000s][吞吐率：15.62req/s] [内存消耗：2,098.04kb] [文件加载：52]
[ info ] [ LANG ] D:\Program\www\dqExam\thinkphp\lang\zh-cn.php
[ info ] [ ROUTE ] array (
  'type' => 'module',
  'module' => 
  array (
    0 => 'admin',
    1 => 'index',
    2 => 'index',
  ),
  'convert' => false,
)
[ info ] [ HEADER ] array (
  'host' => 'localhost',
  'connection' => 'keep-alive',
  'upgrade-insecure-requests' => '1',
  'user-agent' => 'Mozilla/5.0 (Windows NT 6.1; Win64; x64) AppleWebKit/537.36 (KHTML, like Gecko) Chrome/58.0.3029.110 Safari/537.36',
  'accept' => 'text/html,application/xhtml+xml,application/xml;q=0.9,image/webp,*/*;q=0.8',
  'referer' => 'http://localhost/dqexam/index.php/admin/exercises/add.html',
  'accept-encoding' => 'gzip, deflate, sdch, br',
  'accept-language' => 'zh-CN,zh;q=0.8',
  'cookie' => 'thinkphp_show_page_trace=0|0; thinkphp_show_page_trace=0|0; pgv_pvi=3504036864; pgv_si=s5521680384; PHPSESSID=g6m576rvklem92uhefprmft8b5',
)
[ info ] [ PARAM ] array (
)
[ info ] [ SESSION ] INIT array (
  'id' => '',
  'var_session_id' => '',
  'prefix' => 'think',
  'type' => '',
  'auto_start' => true,
)
[ info ] [ RUN ] app\admin\controller\Index->index[ D:\Program\www\dqExam\application\admin\controller\Index.php ]
[ info ] [ VIEW ] D:\Program\www\dqExam./application/admin\view\index\index.html [ array (
  0 => 'info',
) ]
[ info ] [ LOG ] INIT File

---------------------------------------------------------------
[ 2017-09-10T14:14:04+08:00 ] ::1 ::1 GET /dqexam/index.php/admin/subjects.html
[ log ] localhost/dqexam/index.php/admin/subjects.html [运行时间：0.128000s][吞吐率：7.81req/s] [内存消耗：3,332.45kb] [文件加载：62]
[ info ] [ LANG ] D:\Program\www\dqExam\thinkphp\lang\zh-cn.php
[ info ] [ ROUTE ] array (
  'type' => 'module',
  'module' => 
  array (
    0 => 'admin',
    1 => 'subject',
    2 => 'index',
  ),
  'convert' => false,
)
[ info ] [ HEADER ] array (
  'host' => 'localhost',
  'connection' => 'keep-alive',
  'upgrade-insecure-requests' => '1',
  'user-agent' => 'Mozilla/5.0 (Windows NT 6.1; Win64; x64) AppleWebKit/537.36 (KHTML, like Gecko) Chrome/58.0.3029.110 Safari/537.36',
  'accept' => 'text/html,application/xhtml+xml,application/xml;q=0.9,image/webp,*/*;q=0.8',
  'referer' => 'http://localhost/dqexam/index.php/admin/dashboard.html',
  'accept-encoding' => 'gzip, deflate, sdch, br',
  'accept-language' => 'zh-CN,zh;q=0.8',
  'cookie' => 'thinkphp_show_page_trace=0|0; thinkphp_show_page_trace=0|0; pgv_pvi=3504036864; pgv_si=s5521680384; PHPSESSID=g6m576rvklem92uhefprmft8b5',
)
[ info ] [ PARAM ] array (
)
[ info ] [ SESSION ] INIT array (
  'id' => '',
  'var_session_id' => '',
  'prefix' => 'think',
  'type' => '',
  'auto_start' => true,
)
[ info ] [ RUN ] app\admin\controller\Subject->index[ D:\Program\www\dqExam\application\admin\controller\Subject.php ]
[ info ] [ DB ] INIT mysql
[ info ] [ VIEW ] D:\Program\www\dqExam./application/admin\view\subject\index.html [ array (
  0 => 'info',
  1 => 'lists',
  2 => 'page',
) ]
[ info ] [ LOG ] INIT File
[ sql ] [ DB ] CONNECT:[ UseTime:0.000000s ] mysql:dbname=dq_exam_db;host=127.0.0.1;charset=utf8
[ sql ] [ SQL ] SHOW COLUMNS FROM `dq_subject` [ RunTime:0.005000s ]
[ sql ] [ SQL ] SELECT COUNT(*) AS tp_count FROM `dq_subject` LIMIT 1 [ RunTime:0.001000s ]
[ sql ] [ SQL ] SELECT * FROM `dq_subject` ORDER BY `subject_id`  desc LIMIT 0,20 [ RunTime:0.000000s ]

---------------------------------------------------------------
[ 2017-09-10T14:14:06+08:00 ] ::1 ::1 GET /dqexam/index.php/admin/subject/add.html
[ log ] localhost/dqexam/index.php/admin/subject/add.html [运行时间：0.117000s][吞吐率：8.55req/s] [内存消耗：2,887.16kb] [文件加载：57]
[ info ] [ LANG ] D:\Program\www\dqExam\thinkphp\lang\zh-cn.php
[ info ] [ ROUTE ] array (
  'type' => 'module',
  'module' => 
  array (
    0 => 'admin',
    1 => 'subject',
    2 => 'add',
  ),
)
[ info ] [ HEADER ] array (
  'host' => 'localhost',
  'connection' => 'keep-alive',
  'upgrade-insecure-requests' => '1',
  'user-agent' => 'Mozilla/5.0 (Windows NT 6.1; Win64; x64) AppleWebKit/537.36 (KHTML, like Gecko) Chrome/58.0.3029.110 Safari/537.36',
  'accept' => 'text/html,application/xhtml+xml,application/xml;q=0.9,image/webp,*/*;q=0.8',
  'referer' => 'http://localhost/dqexam/index.php/admin/subjects.html',
  'accept-encoding' => 'gzip, deflate, sdch, br',
  'accept-language' => 'zh-CN,zh;q=0.8',
  'cookie' => 'thinkphp_show_page_trace=0|0; thinkphp_show_page_trace=0|0; thinkphp_show_page_trace=0|0; pgv_pvi=3504036864; pgv_si=s5521680384; PHPSESSID=g6m576rvklem92uhefprmft8b5',
)
[ info ] [ PARAM ] array (
)
[ info ] [ SESSION ] INIT array (
  'id' => '',
  'var_session_id' => '',
  'prefix' => 'think',
  'type' => '',
  'auto_start' => true,
)
[ info ] [ RUN ] app\admin\controller\Subject->add[ D:\Program\www\dqExam\application\admin\controller\Subject.php ]
[ info ] [ DB ] INIT mysql
[ info ] [ VIEW ] D:\Program\www\dqExam./application/admin\view\subject\add.html [ array (
  0 => 'info',
  1 => 'subs',
) ]
[ info ] [ LOG ] INIT File
[ sql ] [ DB ] CONNECT:[ UseTime:0.010000s ] mysql:dbname=dq_exam_db;host=127.0.0.1;charset=utf8
[ sql ] [ SQL ] SHOW COLUMNS FROM `dq_subject` [ RunTime:0.005000s ]
[ sql ] [ SQL ] SELECT * FROM `dq_subject` [ RunTime:0.000000s ]

---------------------------------------------------------------
[ 2017-09-10T14:14:10+08:00 ] ::1 ::1 GET /dqexam/index.php/admin/auth/group.html
[ log ] localhost/dqexam/index.php/admin/auth/group.html [运行时间：0.145000s][吞吐率：6.90req/s] [内存消耗：3,222.37kb] [文件加载：59]
[ info ] [ LANG ] D:\Program\www\dqExam\thinkphp\lang\zh-cn.php
[ info ] [ ROUTE ] array (
  'type' => 'module',
  'module' => 
  array (
    0 => 'admin',
    1 => 'auth',
    2 => 'group',
  ),
)
[ info ] [ HEADER ] array (
  'host' => 'localhost',
  'connection' => 'keep-alive',
  'upgrade-insecure-requests' => '1',
  'user-agent' => 'Mozilla/5.0 (Windows NT 6.1; Win64; x64) AppleWebKit/537.36 (KHTML, like Gecko) Chrome/58.0.3029.110 Safari/537.36',
  'accept' => 'text/html,application/xhtml+xml,application/xml;q=0.9,image/webp,*/*;q=0.8',
  'referer' => 'http://localhost/dqexam/index.php/admin/subject/add.html',
  'accept-encoding' => 'gzip, deflate, sdch, br',
  'accept-language' => 'zh-CN,zh;q=0.8',
  'cookie' => 'thinkphp_show_page_trace=0|0; thinkphp_show_page_trace=0|0; pgv_pvi=3504036864; pgv_si=s5521680384; PHPSESSID=g6m576rvklem92uhefprmft8b5',
)
[ info ] [ PARAM ] array (
)
[ info ] [ SESSION ] INIT array (
  'id' => '',
  'var_session_id' => '',
  'prefix' => 'think',
  'type' => '',
  'auto_start' => true,
)
[ info ] [ RUN ] app\admin\controller\Auth->group[ D:\Program\www\dqExam\application\admin\controller\Auth.php ]
[ info ] [ DB ] INIT mysql
[ info ] [ VIEW ] D:\Program\www\dqExam./application/admin\view\auth\group.html [ array (
  0 => 'info',
  1 => 'groups',
) ]
[ info ] [ LOG ] INIT File
[ sql ] [ DB ] CONNECT:[ UseTime:0.010000s ] mysql:dbname=dq_exam_db;host=127.0.0.1;charset=utf8
[ sql ] [ SQL ] SHOW COLUMNS FROM `dq_auth_group` [ RunTime:0.003000s ]
[ sql ] [ SQL ] SELECT * FROM `dq_auth_group` [ RunTime:0.000000s ]

---------------------------------------------------------------
[ 2017-09-10T14:14:14+08:00 ] ::1 ::1 GET /dqexam/index.php/admin/auths.html
[ log ] localhost/dqexam/index.php/admin/auths.html [运行时间：0.148000s][吞吐率：6.76req/s] [内存消耗：3,217.89kb] [文件加载：59]
[ info ] [ LANG ] D:\Program\www\dqExam\thinkphp\lang\zh-cn.php
[ info ] [ ROUTE ] array (
  'type' => 'module',
  'module' => 
  array (
    0 => 'admin',
    1 => 'auth',
    2 => 'auth',
  ),
  'convert' => false,
)
[ info ] [ HEADER ] array (
  'host' => 'localhost',
  'connection' => 'keep-alive',
  'upgrade-insecure-requests' => '1',
  'user-agent' => 'Mozilla/5.0 (Windows NT 6.1; Win64; x64) AppleWebKit/537.36 (KHTML, like Gecko) Chrome/58.0.3029.110 Safari/537.36',
  'accept' => 'text/html,application/xhtml+xml,application/xml;q=0.9,image/webp,*/*;q=0.8',
  'referer' => 'http://localhost/dqexam/index.php/admin/auth/group.html',
  'accept-encoding' => 'gzip, deflate, sdch, br',
  'accept-language' => 'zh-CN,zh;q=0.8',
  'cookie' => 'thinkphp_show_page_trace=0|0; thinkphp_show_page_trace=0|0; pgv_pvi=3504036864; pgv_si=s5521680384; PHPSESSID=g6m576rvklem92uhefprmft8b5',
)
[ info ] [ PARAM ] array (
)
[ info ] [ SESSION ] INIT array (
  'id' => '',
  'var_session_id' => '',
  'prefix' => 'think',
  'type' => '',
  'auto_start' => true,
)
[ info ] [ RUN ] app\admin\controller\Auth->auth[ D:\Program\www\dqExam\application\admin\controller\Auth.php ]
[ info ] [ DB ] INIT mysql
[ info ] [ VIEW ] D:\Program\www\dqExam./application/admin\view\auth\auth.html [ array (
  0 => 'info',
  1 => 'rules',
) ]
[ info ] [ LOG ] INIT File
[ sql ] [ DB ] CONNECT:[ UseTime:0.010000s ] mysql:dbname=dq_exam_db;host=127.0.0.1;charset=utf8
[ sql ] [ SQL ] SHOW COLUMNS FROM `dq_auth_rule` [ RunTime:0.019000s ]
[ sql ] [ SQL ] SELECT * FROM `dq_auth_rule` [ RunTime:0.001000s ]

---------------------------------------------------------------
[ 2017-09-10T14:14:15+08:00 ] ::1 ::1 GET /dqexam/index.php/admin/dashboard.html
[ log ] localhost/dqexam/index.php/admin/dashboard.html [运行时间：0.083000s][吞吐率：12.05req/s] [内存消耗：2,098.10kb] [文件加载：52]
[ info ] [ LANG ] D:\Program\www\dqExam\thinkphp\lang\zh-cn.php
[ info ] [ ROUTE ] array (
  'type' => 'module',
  'module' => 
  array (
    0 => 'admin',
    1 => 'index',
    2 => 'index',
  ),
  'convert' => false,
)
[ info ] [ HEADER ] array (
  'host' => 'localhost',
  'connection' => 'keep-alive',
  'upgrade-insecure-requests' => '1',
  'user-agent' => 'Mozilla/5.0 (Windows NT 6.1; Win64; x64) AppleWebKit/537.36 (KHTML, like Gecko) Chrome/58.0.3029.110 Safari/537.36',
  'accept' => 'text/html,application/xhtml+xml,application/xml;q=0.9,image/webp,*/*;q=0.8',
  'referer' => 'http://localhost/dqexam/index.php/admin/auths.html',
  'accept-encoding' => 'gzip, deflate, sdch, br',
  'accept-language' => 'zh-CN,zh;q=0.8',
  'cookie' => 'thinkphp_show_page_trace=0|0; thinkphp_show_page_trace=0|0; pgv_pvi=3504036864; pgv_si=s5521680384; PHPSESSID=g6m576rvklem92uhefprmft8b5',
)
[ info ] [ PARAM ] array (
)
[ info ] [ SESSION ] INIT array (
  'id' => '',
  'var_session_id' => '',
  'prefix' => 'think',
  'type' => '',
  'auto_start' => true,
)
[ info ] [ RUN ] app\admin\controller\Index->index[ D:\Program\www\dqExam\application\admin\controller\Index.php ]
[ info ] [ VIEW ] D:\Program\www\dqExam./application/admin\view\index\index.html [ array (
  0 => 'info',
) ]
[ info ] [ LOG ] INIT File

---------------------------------------------------------------
[ 2017-09-10T14:45:23+08:00 ] ::1 ::1 GET /dqexam/index.php/admin/subjects.html
[ log ] localhost/dqexam/index.php/admin/subjects.html [运行时间：0.066000s][吞吐率：15.15req/s] [内存消耗：3,332.43kb] [文件加载：62]
[ info ] [ LANG ] D:\Program\www\dqExam\thinkphp\lang\zh-cn.php
[ info ] [ ROUTE ] array (
  'type' => 'module',
  'module' => 
  array (
    0 => 'admin',
    1 => 'subject',
    2 => 'index',
  ),
  'convert' => false,
)
[ info ] [ HEADER ] array (
  'host' => 'localhost',
  'connection' => 'keep-alive',
  'upgrade-insecure-requests' => '1',
  'user-agent' => 'Mozilla/5.0 (Windows NT 6.1; Win64; x64) AppleWebKit/537.36 (KHTML, like Gecko) Chrome/58.0.3029.110 Safari/537.36',
  'accept' => 'text/html,application/xhtml+xml,application/xml;q=0.9,image/webp,*/*;q=0.8',
  'referer' => 'http://localhost/dqexam/index.php/admin/dashboard.html',
  'accept-encoding' => 'gzip, deflate, sdch, br',
  'accept-language' => 'zh-CN,zh;q=0.8',
  'cookie' => 'thinkphp_show_page_trace=0|0; thinkphp_show_page_trace=0|0; pgv_pvi=3504036864; pgv_si=s5521680384; PHPSESSID=g6m576rvklem92uhefprmft8b5',
)
[ info ] [ PARAM ] array (
)
[ info ] [ SESSION ] INIT array (
  'id' => '',
  'var_session_id' => '',
  'prefix' => 'think',
  'type' => '',
  'auto_start' => true,
)
[ info ] [ RUN ] app\admin\controller\Subject->index[ D:\Program\www\dqExam\application\admin\controller\Subject.php ]
[ info ] [ DB ] INIT mysql
[ info ] [ VIEW ] D:\Program\www\dqExam./application/admin\view\subject\index.html [ array (
  0 => 'info',
  1 => 'lists',
  2 => 'page',
) ]
[ info ] [ LOG ] INIT File
[ sql ] [ DB ] CONNECT:[ UseTime:0.001000s ] mysql:dbname=dq_exam_db;host=127.0.0.1;charset=utf8
[ sql ] [ SQL ] SHOW COLUMNS FROM `dq_subject` [ RunTime:0.004000s ]
[ sql ] [ SQL ] SELECT COUNT(*) AS tp_count FROM `dq_subject` LIMIT 1 [ RunTime:0.001000s ]
[ sql ] [ SQL ] SELECT * FROM `dq_subject` ORDER BY `subject_id`  desc LIMIT 0,20 [ RunTime:0.001000s ]

---------------------------------------------------------------
[ 2017-09-10T14:45:28+08:00 ] ::1 ::1 GET /dqexam/index.php/admin/subject/edit/id/6.html
[ log ] localhost/dqexam/index.php/admin/subject/edit/id/6.html [运行时间：0.166000s][吞吐率：6.02req/s] [内存消耗：3,210.33kb] [文件加载：59]
[ info ] [ LANG ] D:\Program\www\dqExam\thinkphp\lang\zh-cn.php
[ info ] [ ROUTE ] array (
  'type' => 'module',
  'module' => 
  array (
    0 => 'admin',
    1 => 'subject',
    2 => 'edit',
  ),
)
[ info ] [ HEADER ] array (
  'host' => 'localhost',
  'connection' => 'keep-alive',
  'upgrade-insecure-requests' => '1',
  'user-agent' => 'Mozilla/5.0 (Windows NT 6.1; Win64; x64) AppleWebKit/537.36 (KHTML, like Gecko) Chrome/58.0.3029.110 Safari/537.36',
  'accept' => 'text/html,application/xhtml+xml,application/xml;q=0.9,image/webp,*/*;q=0.8',
  'referer' => 'http://localhost/dqexam/index.php/admin/subjects.html',
  'accept-encoding' => 'gzip, deflate, sdch, br',
  'accept-language' => 'zh-CN,zh;q=0.8',
  'cookie' => 'thinkphp_show_page_trace=0|0; thinkphp_show_page_trace=0|0; thinkphp_show_page_trace=0|0; pgv_pvi=3504036864; pgv_si=s5521680384; PHPSESSID=g6m576rvklem92uhefprmft8b5',
)
[ info ] [ PARAM ] array (
  'id' => '6',
)
[ info ] [ SESSION ] INIT array (
  'id' => '',
  'var_session_id' => '',
  'prefix' => 'think',
  'type' => '',
  'auto_start' => true,
)
[ info ] [ RUN ] app\admin\controller\Subject->edit[ D:\Program\www\dqExam\application\admin\controller\Subject.php ]
[ info ] [ DB ] INIT mysql
[ info ] [ VIEW ] D:\Program\www\dqExam./application/admin\view\subject\edit.html [ array (
  0 => 'info',
  1 => 'subs',
  2 => 'subject',
) ]
[ info ] [ LOG ] INIT File
[ sql ] [ DB ] CONNECT:[ UseTime:0.011000s ] mysql:dbname=dq_exam_db;host=127.0.0.1;charset=utf8
[ sql ] [ SQL ] SHOW COLUMNS FROM `dq_subject` [ RunTime:0.004000s ]
[ sql ] [ SQL ] SELECT * FROM `dq_subject` [ RunTime:0.001000s ]
[ sql ] [ SQL ] SELECT * FROM `dq_subject` WHERE  (  subject_id=6 ) LIMIT 1 [ RunTime:0.001000s ]

---------------------------------------------------------------
[ 2017-09-10T14:45:32+08:00 ] ::1 ::1 GET /dqexam/index.php/admin/subjects.html
[ log ] localhost/dqexam/index.php/admin/subjects.html [运行时间：0.108000s][吞吐率：9.26req/s] [内存消耗：3,332.45kb] [文件加载：62]
[ info ] [ LANG ] D:\Program\www\dqExam\thinkphp\lang\zh-cn.php
[ info ] [ ROUTE ] array (
  'type' => 'module',
  'module' => 
  array (
    0 => 'admin',
    1 => 'subject',
    2 => 'index',
  ),
  'convert' => false,
)
[ info ] [ HEADER ] array (
  'host' => 'localhost',
  'connection' => 'keep-alive',
  'upgrade-insecure-requests' => '1',
  'user-agent' => 'Mozilla/5.0 (Windows NT 6.1; Win64; x64) AppleWebKit/537.36 (KHTML, like Gecko) Chrome/58.0.3029.110 Safari/537.36',
  'accept' => 'text/html,application/xhtml+xml,application/xml;q=0.9,image/webp,*/*;q=0.8',
  'referer' => 'http://localhost/dqexam/index.php/admin/dashboard.html',
  'accept-encoding' => 'gzip, deflate, sdch, br',
  'accept-language' => 'zh-CN,zh;q=0.8',
  'cookie' => 'thinkphp_show_page_trace=0|0; thinkphp_show_page_trace=0|0; pgv_pvi=3504036864; pgv_si=s5521680384; PHPSESSID=g6m576rvklem92uhefprmft8b5',
)
[ info ] [ PARAM ] array (
)
[ info ] [ SESSION ] INIT array (
  'id' => '',
  'var_session_id' => '',
  'prefix' => 'think',
  'type' => '',
  'auto_start' => true,
)
[ info ] [ RUN ] app\admin\controller\Subject->index[ D:\Program\www\dqExam\application\admin\controller\Subject.php ]
[ info ] [ DB ] INIT mysql
[ info ] [ VIEW ] D:\Program\www\dqExam./application/admin\view\subject\index.html [ array (
  0 => 'info',
  1 => 'lists',
  2 => 'page',
) ]
[ info ] [ LOG ] INIT File
[ sql ] [ DB ] CONNECT:[ UseTime:0.010000s ] mysql:dbname=dq_exam_db;host=127.0.0.1;charset=utf8
[ sql ] [ SQL ] SHOW COLUMNS FROM `dq_subject` [ RunTime:0.003000s ]
[ sql ] [ SQL ] SELECT COUNT(*) AS tp_count FROM `dq_subject` LIMIT 1 [ RunTime:0.000000s ]
[ sql ] [ SQL ] SELECT * FROM `dq_subject` ORDER BY `subject_id`  desc LIMIT 0,20 [ RunTime:0.000000s ]

---------------------------------------------------------------
[ 2017-09-10T14:45:35+08:00 ] ::1 ::1 GET /dqexam/index.php/admin/chapter/index.html
[ log ] localhost/dqexam/index.php/admin/chapter/index.html [运行时间：0.115000s][吞吐率：8.70req/s] [内存消耗：3,318.76kb] [文件加载：62]
[ info ] [ LANG ] D:\Program\www\dqExam\thinkphp\lang\zh-cn.php
[ info ] [ ROUTE ] array (
  'type' => 'module',
  'module' => 
  array (
    0 => 'admin',
    1 => 'chapter',
    2 => 'index',
  ),
)
[ info ] [ HEADER ] array (
  'host' => 'localhost',
  'connection' => 'keep-alive',
  'upgrade-insecure-requests' => '1',
  'user-agent' => 'Mozilla/5.0 (Windows NT 6.1; Win64; x64) AppleWebKit/537.36 (KHTML, like Gecko) Chrome/58.0.3029.110 Safari/537.36',
  'accept' => 'text/html,application/xhtml+xml,application/xml;q=0.9,image/webp,*/*;q=0.8',
  'referer' => 'http://localhost/dqexam/index.php/admin/subjects.html',
  'accept-encoding' => 'gzip, deflate, sdch, br',
  'accept-language' => 'zh-CN,zh;q=0.8',
  'cookie' => 'thinkphp_show_page_trace=0|0; thinkphp_show_page_trace=0|0; thinkphp_show_page_trace=0|0; pgv_pvi=3504036864; pgv_si=s5521680384; PHPSESSID=g6m576rvklem92uhefprmft8b5',
)
[ info ] [ PARAM ] array (
)
[ info ] [ SESSION ] INIT array (
  'id' => '',
  'var_session_id' => '',
  'prefix' => 'think',
  'type' => '',
  'auto_start' => true,
)
[ info ] [ RUN ] app\admin\controller\Chapter->index[ D:\Program\www\dqExam\application\admin\controller\Chapter.php ]
[ info ] [ DB ] INIT mysql
[ info ] [ VIEW ] D:\Program\www\dqExam./application/admin\view\chapter\subject.html [ array (
  0 => 'info',
  1 => 'action',
  2 => 'lists',
  3 => 'page',
) ]
[ info ] [ LOG ] INIT File
[ sql ] [ DB ] CONNECT:[ UseTime:0.011000s ] mysql:dbname=dq_exam_db;host=127.0.0.1;charset=utf8
[ sql ] [ SQL ] SHOW COLUMNS FROM `dq_subject` [ RunTime:0.004000s ]
[ sql ] [ SQL ] SELECT COUNT(*) AS tp_count FROM `dq_subject` LIMIT 1 [ RunTime:0.001000s ]
[ sql ] [ SQL ] SELECT * FROM `dq_subject` ORDER BY `subject_id`  desc LIMIT 0,20 [ RunTime:0.001000s ]

---------------------------------------------------------------
[ 2017-09-10T14:45:37+08:00 ] ::1 ::1 GET /dqexam/index.php/admin/chapter/index/sid/8.html
[ log ] localhost/dqexam/index.php/admin/chapter/index/sid/8.html [运行时间：0.042000s][吞吐率：23.81req/s] [内存消耗：2,108.32kb] [文件加载：52]
[ info ] [ LANG ] D:\Program\www\dqExam\thinkphp\lang\zh-cn.php
[ info ] [ ROUTE ] array (
  'type' => 'module',
  'module' => 
  array (
    0 => 'admin',
    1 => 'chapter',
    2 => 'index',
  ),
)
[ info ] [ HEADER ] array (
  'host' => 'localhost',
  'connection' => 'keep-alive',
  'upgrade-insecure-requests' => '1',
  'user-agent' => 'Mozilla/5.0 (Windows NT 6.1; Win64; x64) AppleWebKit/537.36 (KHTML, like Gecko) Chrome/58.0.3029.110 Safari/537.36',
  'accept' => 'text/html,application/xhtml+xml,application/xml;q=0.9,image/webp,*/*;q=0.8',
  'referer' => 'http://localhost/dqexam/index.php/admin/chapter/index.html',
  'accept-encoding' => 'gzip, deflate, sdch, br',
  'accept-language' => 'zh-CN,zh;q=0.8',
  'cookie' => 'thinkphp_show_page_trace=0|0; thinkphp_show_page_trace=0|0; thinkphp_show_page_trace=0|0; thinkphp_show_page_trace=0|0; pgv_pvi=3504036864; pgv_si=s5521680384; PHPSESSID=g6m576rvklem92uhefprmft8b5',
)
[ info ] [ PARAM ] array (
  'sid' => '8',
)
[ info ] [ SESSION ] INIT array (
  'id' => '',
  'var_session_id' => '',
  'prefix' => 'think',
  'type' => '',
  'auto_start' => true,
)
[ info ] [ RUN ] app\admin\controller\Chapter->index[ D:\Program\www\dqExam\application\admin\controller\Chapter.php ]
[ info ] [ VIEW ] D:\Program\www\dqExam./application/admin\view\chapter\index.html [ array (
  0 => 'info',
  1 => 'action',
) ]
[ info ] [ LOG ] INIT File

---------------------------------------------------------------
[ 2017-09-10T14:45:38+08:00 ] ::1 ::1 GET /dqexam/index.php/admin/chapter/index.html
[ log ] localhost/dqexam/index.php/admin/chapter/index.html [运行时间：0.108000s][吞吐率：9.26req/s] [内存消耗：3,318.76kb] [文件加载：62]
[ info ] [ LANG ] D:\Program\www\dqExam\thinkphp\lang\zh-cn.php
[ info ] [ ROUTE ] array (
  'type' => 'module',
  'module' => 
  array (
    0 => 'admin',
    1 => 'chapter',
    2 => 'index',
  ),
)
[ info ] [ HEADER ] array (
  'host' => 'localhost',
  'connection' => 'keep-alive',
  'upgrade-insecure-requests' => '1',
  'user-agent' => 'Mozilla/5.0 (Windows NT 6.1; Win64; x64) AppleWebKit/537.36 (KHTML, like Gecko) Chrome/58.0.3029.110 Safari/537.36',
  'accept' => 'text/html,application/xhtml+xml,application/xml;q=0.9,image/webp,*/*;q=0.8',
  'referer' => 'http://localhost/dqexam/index.php/admin/subjects.html',
  'accept-encoding' => 'gzip, deflate, sdch, br',
  'accept-language' => 'zh-CN,zh;q=0.8',
  'cookie' => 'thinkphp_show_page_trace=0|0; thinkphp_show_page_trace=0|0; thinkphp_show_page_trace=0|0; pgv_pvi=3504036864; pgv_si=s5521680384; PHPSESSID=g6m576rvklem92uhefprmft8b5',
)
[ info ] [ PARAM ] array (
)
[ info ] [ SESSION ] INIT array (
  'id' => '',
  'var_session_id' => '',
  'prefix' => 'think',
  'type' => '',
  'auto_start' => true,
)
[ info ] [ RUN ] app\admin\controller\Chapter->index[ D:\Program\www\dqExam\application\admin\controller\Chapter.php ]
[ info ] [ DB ] INIT mysql
[ info ] [ VIEW ] D:\Program\www\dqExam./application/admin\view\chapter\subject.html [ array (
  0 => 'info',
  1 => 'action',
  2 => 'lists',
  3 => 'page',
) ]
[ info ] [ LOG ] INIT File
[ sql ] [ DB ] CONNECT:[ UseTime:0.010000s ] mysql:dbname=dq_exam_db;host=127.0.0.1;charset=utf8
[ sql ] [ SQL ] SHOW COLUMNS FROM `dq_subject` [ RunTime:0.003000s ]
[ sql ] [ SQL ] SELECT COUNT(*) AS tp_count FROM `dq_subject` LIMIT 1 [ RunTime:0.000000s ]
[ sql ] [ SQL ] SELECT * FROM `dq_subject` ORDER BY `subject_id`  desc LIMIT 0,20 [ RunTime:0.000000s ]

---------------------------------------------------------------
[ 2017-09-10T15:34:39+08:00 ] ::1 ::1 GET /dqexam/index.php/admin/chapter/index/sid/8.html
[ log ] localhost/dqexam/index.php/admin/chapter/index/sid/8.html [运行时间：0.069000s][吞吐率：14.49req/s] [内存消耗：2,108.32kb] [文件加载：52]
[ info ] [ LANG ] D:\Program\www\dqExam\thinkphp\lang\zh-cn.php
[ info ] [ ROUTE ] array (
  'type' => 'module',
  'module' => 
  array (
    0 => 'admin',
    1 => 'chapter',
    2 => 'index',
  ),
)
[ info ] [ HEADER ] array (
  'host' => 'localhost',
  'connection' => 'keep-alive',
  'upgrade-insecure-requests' => '1',
  'user-agent' => 'Mozilla/5.0 (Windows NT 6.1; Win64; x64) AppleWebKit/537.36 (KHTML, like Gecko) Chrome/58.0.3029.110 Safari/537.36',
  'accept' => 'text/html,application/xhtml+xml,application/xml;q=0.9,image/webp,*/*;q=0.8',
  'referer' => 'http://localhost/dqexam/index.php/admin/chapter/index.html',
  'accept-encoding' => 'gzip, deflate, sdch, br',
  'accept-language' => 'zh-CN,zh;q=0.8',
  'cookie' => 'thinkphp_show_page_trace=0|0; thinkphp_show_page_trace=0|0; thinkphp_show_page_trace=0|0; thinkphp_show_page_trace=0|0; pgv_pvi=3504036864; pgv_si=s5521680384; PHPSESSID=g6m576rvklem92uhefprmft8b5',
)
[ info ] [ PARAM ] array (
  'sid' => '8',
)
[ info ] [ SESSION ] INIT array (
  'id' => '',
  'var_session_id' => '',
  'prefix' => 'think',
  'type' => '',
  'auto_start' => true,
)
[ info ] [ RUN ] app\admin\controller\Chapter->index[ D:\Program\www\dqExam\application\admin\controller\Chapter.php ]
[ info ] [ VIEW ] D:\Program\www\dqExam./application/admin\view\chapter\index.html [ array (
  0 => 'info',
  1 => 'action',
) ]
[ info ] [ LOG ] INIT File

---------------------------------------------------------------
[ 2017-09-10T15:34:42+08:00 ] ::1 ::1 GET /dqexam/index.php/admin/users.html
[ log ] localhost/dqexam/index.php/admin/users.html [运行时间：0.058000s][吞吐率：17.24req/s] [内存消耗：3,208.87kb] [文件加载：59]
[ info ] [ LANG ] D:\Program\www\dqExam\thinkphp\lang\zh-cn.php
[ info ] [ ROUTE ] array (
  'type' => 'module',
  'module' => 
  array (
    0 => 'admin',
    1 => 'admin',
    2 => 'index',
  ),
  'convert' => false,
)
[ info ] [ HEADER ] array (
  'host' => 'localhost',
  'connection' => 'keep-alive',
  'upgrade-insecure-requests' => '1',
  'user-agent' => 'Mozilla/5.0 (Windows NT 6.1; Win64; x64) AppleWebKit/537.36 (KHTML, like Gecko) Chrome/58.0.3029.110 Safari/537.36',
  'accept' => 'text/html,application/xhtml+xml,application/xml;q=0.9,image/webp,*/*;q=0.8',
  'referer' => 'http://localhost/dqexam/index.php/admin/chapter/index/sid/8.html',
  'accept-encoding' => 'gzip, deflate, sdch, br',
  'accept-language' => 'zh-CN,zh;q=0.8',
  'cookie' => 'thinkphp_show_page_trace=0|0; thinkphp_show_page_trace=0|0; pgv_pvi=3504036864; pgv_si=s5521680384; PHPSESSID=g6m576rvklem92uhefprmft8b5',
)
[ info ] [ PARAM ] array (
)
[ info ] [ SESSION ] INIT array (
  'id' => '',
  'var_session_id' => '',
  'prefix' => 'think',
  'type' => '',
  'auto_start' => true,
)
[ info ] [ RUN ] app\admin\controller\Admin->index[ D:\Program\www\dqExam\application\admin\controller\Admin.php ]
[ info ] [ DB ] INIT mysql
[ info ] [ VIEW ] D:\Program\www\dqExam./application/admin\view\admin\index.html [ array (
  0 => 'info',
  1 => 'admins',
) ]
[ info ] [ LOG ] INIT File
[ sql ] [ DB ] CONNECT:[ UseTime:0.001000s ] mysql:dbname=dq_exam_db;host=127.0.0.1;charset=utf8
[ sql ] [ SQL ] SHOW COLUMNS FROM `dq_admin` [ RunTime:0.004000s ]
[ sql ] [ SQL ] SELECT `a`.`user_id`,`a`.`user_name`,`a`.`phone_number`,`a`.`email`,`a`.`area`,`a`.`campus`,`a`.`jobtitle`,`a`.`isValid`,`c`.`group_id`,`g`.`title` FROM `dq_admin` `a` INNER JOIN `dq_auth_group_access` `c` ON `a`.`user_id`=`c`.`uid` INNER JOIN `dq_auth_group` `g` ON `c`.`group_id`=`g`.`id` [ RunTime:0.001000s ]

---------------------------------------------------------------
[ 2017-09-10T15:34:43+08:00 ] ::1 ::1 GET /dqexam/index.php/admin/user/add.html
[ log ] localhost/dqexam/index.php/admin/user/add.html [运行时间：0.077000s][吞吐率：12.99req/s] [内存消耗：2,874.94kb] [文件加载：57]
[ info ] [ LANG ] D:\Program\www\dqExam\thinkphp\lang\zh-cn.php
[ info ] [ ROUTE ] array (
  'type' => 'module',
  'module' => 
  array (
    0 => 'admin',
    1 => 'admin',
    2 => 'add',
  ),
  'convert' => false,
)
[ info ] [ HEADER ] array (
  'host' => 'localhost',
  'connection' => 'keep-alive',
  'upgrade-insecure-requests' => '1',
  'user-agent' => 'Mozilla/5.0 (Windows NT 6.1; Win64; x64) AppleWebKit/537.36 (KHTML, like Gecko) Chrome/58.0.3029.110 Safari/537.36',
  'accept' => 'text/html,application/xhtml+xml,application/xml;q=0.9,image/webp,*/*;q=0.8',
  'referer' => 'http://localhost/dqexam/index.php/admin/users.html',
  'accept-encoding' => 'gzip, deflate, sdch, br',
  'accept-language' => 'zh-CN,zh;q=0.8',
  'cookie' => 'thinkphp_show_page_trace=0|0; thinkphp_show_page_trace=0|0; thinkphp_show_page_trace=0|0; pgv_pvi=3504036864; pgv_si=s5521680384; PHPSESSID=g6m576rvklem92uhefprmft8b5',
)
[ info ] [ PARAM ] array (
)
[ info ] [ SESSION ] INIT array (
  'id' => '',
  'var_session_id' => '',
  'prefix' => 'think',
  'type' => '',
  'auto_start' => true,
)
[ info ] [ RUN ] app\admin\controller\Admin->add[ D:\Program\www\dqExam\application\admin\controller\Admin.php ]
[ info ] [ DB ] INIT mysql
[ info ] [ VIEW ] D:\Program\www\dqExam./application/admin\view\admin\add.html [ array (
  0 => 'info',
  1 => 'group',
) ]
[ info ] [ LOG ] INIT File
[ sql ] [ DB ] CONNECT:[ UseTime:0.001000s ] mysql:dbname=dq_exam_db;host=127.0.0.1;charset=utf8
[ sql ] [ SQL ] SHOW COLUMNS FROM `dq_auth_group` [ RunTime:0.003000s ]
[ sql ] [ SQL ] SELECT * FROM `dq_auth_group` [ RunTime:0.001000s ]

---------------------------------------------------------------
[ 2017-09-10T15:34:47+08:00 ] ::1 ::1 GET /dqexam/index.php/admin/exercises/index.html
[ log ] localhost/dqexam/index.php/admin/exercises/index.html [运行时间：0.070000s][吞吐率：14.29req/s] [内存消耗：2,104.34kb] [文件加载：52]
[ info ] [ LANG ] D:\Program\www\dqExam\thinkphp\lang\zh-cn.php
[ info ] [ ROUTE ] array (
  'type' => 'module',
  'module' => 
  array (
    0 => 'admin',
    1 => 'exercises',
    2 => 'index',
  ),
)
[ info ] [ HEADER ] array (
  'host' => 'localhost',
  'connection' => 'keep-alive',
  'upgrade-insecure-requests' => '1',
  'user-agent' => 'Mozilla/5.0 (Windows NT 6.1; Win64; x64) AppleWebKit/537.36 (KHTML, like Gecko) Chrome/58.0.3029.110 Safari/537.36',
  'accept' => 'text/html,application/xhtml+xml,application/xml;q=0.9,image/webp,*/*;q=0.8',
  'referer' => 'http://localhost/dqexam/index.php/admin/user/add.html',
  'accept-encoding' => 'gzip, deflate, sdch, br',
  'accept-language' => 'zh-CN,zh;q=0.8',
  'cookie' => 'thinkphp_show_page_trace=0|0; thinkphp_show_page_trace=0|0; thinkphp_show_page_trace=0|0; pgv_pvi=3504036864; pgv_si=s5521680384; PHPSESSID=g6m576rvklem92uhefprmft8b5',
)
[ info ] [ PARAM ] array (
)
[ info ] [ SESSION ] INIT array (
  'id' => '',
  'var_session_id' => '',
  'prefix' => 'think',
  'type' => '',
  'auto_start' => true,
)
[ info ] [ RUN ] app\admin\controller\Exercises->index[ D:\Program\www\dqExam\application\admin\controller\Exercises.php ]
[ info ] [ VIEW ] D:\Program\www\dqExam./application/admin\view\exercises\index.html [ array (
  0 => 'info',
) ]
[ info ] [ LOG ] INIT File

---------------------------------------------------------------
[ 2017-09-10T15:34:48+08:00 ] ::1 ::1 GET /dqexam/index.php/admin/exercises/add.html
[ log ] localhost/dqexam/index.php/admin/exercises/add.html [运行时间：0.058000s][吞吐率：17.24req/s] [内存消耗：2,112.36kb] [文件加载：52]
[ info ] [ LANG ] D:\Program\www\dqExam\thinkphp\lang\zh-cn.php
[ info ] [ ROUTE ] array (
  'type' => 'module',
  'module' => 
  array (
    0 => 'admin',
    1 => 'exercises',
    2 => 'add',
  ),
)
[ info ] [ HEADER ] array (
  'host' => 'localhost',
  'connection' => 'keep-alive',
  'upgrade-insecure-requests' => '1',
  'user-agent' => 'Mozilla/5.0 (Windows NT 6.1; Win64; x64) AppleWebKit/537.36 (KHTML, like Gecko) Chrome/58.0.3029.110 Safari/537.36',
  'accept' => 'text/html,application/xhtml+xml,application/xml;q=0.9,image/webp,*/*;q=0.8',
  'referer' => 'http://localhost/dqexam/index.php/admin/exercises/index.html',
  'accept-encoding' => 'gzip, deflate, sdch, br',
  'accept-language' => 'zh-CN,zh;q=0.8',
  'cookie' => 'thinkphp_show_page_trace=0|0; thinkphp_show_page_trace=0|0; thinkphp_show_page_trace=0|0; pgv_pvi=3504036864; pgv_si=s5521680384; PHPSESSID=g6m576rvklem92uhefprmft8b5',
)
[ info ] [ PARAM ] array (
)
[ info ] [ SESSION ] INIT array (
  'id' => '',
  'var_session_id' => '',
  'prefix' => 'think',
  'type' => '',
  'auto_start' => true,
)
[ info ] [ RUN ] app\admin\controller\Exercises->add[ D:\Program\www\dqExam\application\admin\controller\Exercises.php ]
[ info ] [ VIEW ] D:\Program\www\dqExam./application/admin\view\exercises\add.html [ array (
  0 => 'info',
) ]
[ info ] [ LOG ] INIT File

---------------------------------------------------------------
[ 2017-09-10T17:20:49+08:00 ] ::1 ::1 POST /dqexam/index.php/admin/exercises/upload.html
[ log ] localhost/dqexam/index.php/admin/exercises/upload.html [运行时间：0.034000s][吞吐率：29.41req/s] [内存消耗：1,937.03kb] [文件加载：46]
[ info ] [ LANG ] D:\Program\www\dqExam\thinkphp\lang\zh-cn.php
[ info ] [ ROUTE ] array (
  'type' => 'module',
  'module' => 
  array (
    0 => 'admin',
    1 => 'exercises',
    2 => 'upload',
  ),
)
[ info ] [ HEADER ] array (
  'host' => 'localhost',
  'connection' => 'keep-alive',
  'content-length' => '278979',
  'origin' => 'http://localhost',
  'user-agent' => 'Mozilla/5.0 (Windows NT 6.1; Win64; x64) AppleWebKit/537.36 (KHTML, like Gecko) Chrome/58.0.3029.110 Safari/537.36',
  'content-type' => 'multipart/form-data; boundary=----WebKitFormBoundaryO3YeDfUQYgWGSBdm',
  'accept' => '*/*',
  'referer' => 'http://localhost/dqexam/index.php/admin/exercises/add.html',
  'accept-encoding' => 'gzip, deflate, br',
  'accept-language' => 'zh-CN,zh;q=0.8',
  'cookie' => 'thinkphp_show_page_trace=0|0; thinkphp_show_page_trace=0|0; thinkphp_show_page_trace=0|0; pgv_pvi=3504036864; pgv_si=s5521680384; PHPSESSID=g6m576rvklem92uhefprmft8b5',
)
[ info ] [ PARAM ] array (
)
[ info ] [ SESSION ] INIT array (
  'id' => '',
  'var_session_id' => '',
  'prefix' => 'think',
  'type' => '',
  'auto_start' => true,
)
[ info ] [ RUN ] app\admin\controller\Exercises->upload[ D:\Program\www\dqExam\application\admin\controller\Exercises.php ]
[ info ] [ LOG ] INIT File

---------------------------------------------------------------
[ 2017-09-10T17:24:37+08:00 ] ::1 ::1 POST /dqexam/index.php/admin/exercises/upload.html
[ log ] localhost/dqexam/index.php/admin/exercises/upload.html [运行时间：0.033000s][吞吐率：30.30req/s] [内存消耗：1,937.03kb] [文件加载：46]
[ info ] [ LANG ] D:\Program\www\dqExam\thinkphp\lang\zh-cn.php
[ info ] [ ROUTE ] array (
  'type' => 'module',
  'module' => 
  array (
    0 => 'admin',
    1 => 'exercises',
    2 => 'upload',
  ),
)
[ info ] [ HEADER ] array (
  'host' => 'localhost',
  'connection' => 'keep-alive',
  'content-length' => '278979',
  'origin' => 'http://localhost',
  'user-agent' => 'Mozilla/5.0 (Windows NT 6.1; Win64; x64) AppleWebKit/537.36 (KHTML, like Gecko) Chrome/58.0.3029.110 Safari/537.36',
  'content-type' => 'multipart/form-data; boundary=----WebKitFormBoundaryncdH9BTqGEenBjCE',
  'accept' => '*/*',
  'referer' => 'http://localhost/dqexam/index.php/admin/exercises/add.html',
  'accept-encoding' => 'gzip, deflate, br',
  'accept-language' => 'zh-CN,zh;q=0.8',
  'cookie' => 'thinkphp_show_page_trace=0|0; thinkphp_show_page_trace=0|0; thinkphp_show_page_trace=0|0; pgv_pvi=3504036864; pgv_si=s5521680384; PHPSESSID=g6m576rvklem92uhefprmft8b5',
)
[ info ] [ PARAM ] array (
)
[ info ] [ SESSION ] INIT array (
  'id' => '',
  'var_session_id' => '',
  'prefix' => 'think',
  'type' => '',
  'auto_start' => true,
)
[ info ] [ RUN ] app\admin\controller\Exercises->upload[ D:\Program\www\dqExam\application\admin\controller\Exercises.php ]
[ info ] [ LOG ] INIT File

---------------------------------------------------------------
[ 2017-09-10T17:29:47+08:00 ] ::1 ::1 GET /dqexam/index.php/admin/exercises/add.html
[ log ] localhost/dqexam/index.php/admin/exercises/add.html [运行时间：0.109000s][吞吐率：9.17req/s] [内存消耗：2,319.69kb] [文件加载：54]
[ info ] [ LANG ] D:\Program\www\dqExam\thinkphp\lang\zh-cn.php
[ info ] [ ROUTE ] array (
  'type' => 'module',
  'module' => 
  array (
    0 => 'admin',
    1 => 'exercises',
    2 => 'add',
  ),
)
[ info ] [ HEADER ] array (
  'host' => 'localhost',
  'connection' => 'keep-alive',
  'cache-control' => 'max-age=0',
  'upgrade-insecure-requests' => '1',
  'user-agent' => 'Mozilla/5.0 (Windows NT 6.1; Win64; x64) AppleWebKit/537.36 (KHTML, like Gecko) Chrome/58.0.3029.110 Safari/537.36',
  'accept' => 'text/html,application/xhtml+xml,application/xml;q=0.9,image/webp,*/*;q=0.8',
  'referer' => 'http://localhost/dqexam/index.php/admin/exercises/index.html',
  'accept-encoding' => 'gzip, deflate, sdch, br',
  'accept-language' => 'zh-CN,zh;q=0.8',
  'cookie' => 'thinkphp_show_page_trace=0|0; thinkphp_show_page_trace=0|0; thinkphp_show_page_trace=0|0; pgv_pvi=3504036864; pgv_si=s5521680384; PHPSESSID=g6m576rvklem92uhefprmft8b5',
)
[ info ] [ PARAM ] array (
)
[ info ] [ SESSION ] INIT array (
  'id' => '',
  'var_session_id' => '',
  'prefix' => 'think',
  'type' => '',
  'auto_start' => true,
)
[ info ] [ RUN ] app\admin\controller\Exercises->add[ D:\Program\www\dqExam\application\admin\controller\Exercises.php ]
[ info ] [ VIEW ] D:\Program\www\dqExam./application/admin\view\exercises\add.html [ array (
  0 => 'info',
) ]
[ info ] [ LOG ] INIT File

---------------------------------------------------------------
[ 2017-09-10T17:30:08+08:00 ] ::1 ::1 GET /dqexam/index.php/admin/exercises/add.html
[ log ] localhost/dqexam/index.php/admin/exercises/add.html [运行时间：0.089000s][吞吐率：11.24req/s] [内存消耗：2,319.70kb] [文件加载：54]
[ info ] [ LANG ] D:\Program\www\dqExam\thinkphp\lang\zh-cn.php
[ info ] [ ROUTE ] array (
  'type' => 'module',
  'module' => 
  array (
    0 => 'admin',
    1 => 'exercises',
    2 => 'add',
  ),
)
[ info ] [ HEADER ] array (
  'host' => 'localhost',
  'connection' => 'keep-alive',
  'cache-control' => 'max-age=0',
  'upgrade-insecure-requests' => '1',
  'user-agent' => 'Mozilla/5.0 (Windows NT 6.1; Win64; x64) AppleWebKit/537.36 (KHTML, like Gecko) Chrome/58.0.3029.110 Safari/537.36',
  'accept' => 'text/html,application/xhtml+xml,application/xml;q=0.9,image/webp,*/*;q=0.8',
  'referer' => 'http://localhost/dqexam/index.php/admin/exercises/index.html',
  'accept-encoding' => 'gzip, deflate, sdch, br',
  'accept-language' => 'zh-CN,zh;q=0.8',
  'cookie' => 'thinkphp_show_page_trace=0|0; thinkphp_show_page_trace=0|0; thinkphp_show_page_trace=0|0; pgv_pvi=3504036864; pgv_si=s5521680384; PHPSESSID=g6m576rvklem92uhefprmft8b5',
)
[ info ] [ PARAM ] array (
)
[ info ] [ SESSION ] INIT array (
  'id' => '',
  'var_session_id' => '',
  'prefix' => 'think',
  'type' => '',
  'auto_start' => true,
)
[ info ] [ RUN ] app\admin\controller\Exercises->add[ D:\Program\www\dqExam\application\admin\controller\Exercises.php ]
[ info ] [ VIEW ] D:\Program\www\dqExam./application/admin\view\exercises\add.html [ array (
  0 => 'info',
) ]
[ info ] [ LOG ] INIT File

---------------------------------------------------------------
[ 2017-09-10T17:30:27+08:00 ] ::1 ::1 GET /dqexam/index.php/admin/exercises/add.html
[ log ] localhost/dqexam/index.php/admin/exercises/add.html [运行时间：0.066000s][吞吐率：15.15req/s] [内存消耗：2,319.72kb] [文件加载：54]
[ info ] [ LANG ] D:\Program\www\dqExam\thinkphp\lang\zh-cn.php
[ info ] [ ROUTE ] array (
  'type' => 'module',
  'module' => 
  array (
    0 => 'admin',
    1 => 'exercises',
    2 => 'add',
  ),
)
[ info ] [ HEADER ] array (
  'host' => 'localhost',
  'connection' => 'keep-alive',
  'cache-control' => 'max-age=0',
  'upgrade-insecure-requests' => '1',
  'user-agent' => 'Mozilla/5.0 (Windows NT 6.1; Win64; x64) AppleWebKit/537.36 (KHTML, like Gecko) Chrome/58.0.3029.110 Safari/537.36',
  'accept' => 'text/html,application/xhtml+xml,application/xml;q=0.9,image/webp,*/*;q=0.8',
  'referer' => 'http://localhost/dqexam/index.php/admin/exercises/index.html',
  'accept-encoding' => 'gzip, deflate, sdch, br',
  'accept-language' => 'zh-CN,zh;q=0.8',
  'cookie' => 'thinkphp_show_page_trace=0|0; thinkphp_show_page_trace=0|0; thinkphp_show_page_trace=0|0; pgv_pvi=3504036864; pgv_si=s5521680384; PHPSESSID=g6m576rvklem92uhefprmft8b5',
)
[ info ] [ PARAM ] array (
)
[ info ] [ SESSION ] INIT array (
  'id' => '',
  'var_session_id' => '',
  'prefix' => 'think',
  'type' => '',
  'auto_start' => true,
)
[ info ] [ RUN ] app\admin\controller\Exercises->add[ D:\Program\www\dqExam\application\admin\controller\Exercises.php ]
[ info ] [ VIEW ] D:\Program\www\dqExam./application/admin\view\exercises\add.html [ array (
  0 => 'info',
) ]
[ info ] [ LOG ] INIT File

---------------------------------------------------------------
[ 2017-09-10T17:30:39+08:00 ] ::1 ::1 POST /dqexam/index.php/admin/exercises/upload.html
[ log ] localhost/dqexam/index.php/admin/exercises/upload.html [运行时间：0.031000s][吞吐率：32.26req/s] [内存消耗：1,937.03kb] [文件加载：46]
[ info ] [ LANG ] D:\Program\www\dqExam\thinkphp\lang\zh-cn.php
[ info ] [ ROUTE ] array (
  'type' => 'module',
  'module' => 
  array (
    0 => 'admin',
    1 => 'exercises',
    2 => 'upload',
  ),
)
[ info ] [ HEADER ] array (
  'host' => 'localhost',
  'connection' => 'keep-alive',
  'content-length' => '278980',
  'origin' => 'http://localhost',
  'user-agent' => 'Mozilla/5.0 (Windows NT 6.1; Win64; x64) AppleWebKit/537.36 (KHTML, like Gecko) Chrome/58.0.3029.110 Safari/537.36',
  'content-type' => 'multipart/form-data; boundary=----WebKitFormBoundary6SMeAcUj1g7UZCJr',
  'accept' => '*/*',
  'referer' => 'http://localhost/dqexam/index.php/admin/exercises/add.html',
  'accept-encoding' => 'gzip, deflate, br',
  'accept-language' => 'zh-CN,zh;q=0.8',
  'cookie' => 'thinkphp_show_page_trace=0|0; thinkphp_show_page_trace=0|0; thinkphp_show_page_trace=0|0; pgv_pvi=3504036864; pgv_si=s5521680384; PHPSESSID=g6m576rvklem92uhefprmft8b5',
)
[ info ] [ PARAM ] array (
)
[ info ] [ SESSION ] INIT array (
  'id' => '',
  'var_session_id' => '',
  'prefix' => 'think',
  'type' => '',
  'auto_start' => true,
)
[ info ] [ RUN ] app\admin\controller\Exercises->upload[ D:\Program\www\dqExam\application\admin\controller\Exercises.php ]
[ info ] [ LOG ] INIT File

---------------------------------------------------------------
