[ 2017-10-11T08:47:36+08:00 ] 127.0.0.1 127.0.0.1 POST /dqexam/index.php/admin/exercises/add.html
[ log ] 127.0.0.1/dqexam/index.php/admin/exercises/add.html [运行时间：0.210202s][吞吐率：4.76req/s] [内存消耗：3,890.09kb] [文件加载：62]
[ info ] [ LANG ] /Library/WebServer/Documents/dqexam/thinkphp/lang/zh-cn.php
[ info ] [ ROUTE ] array (
  'type' => 'module',
  'module' => 
  array (
    0 => 'admin',
    1 => 'exercises',
    2 => 'add',
  ),
)
[ info ] [ HEADER ] array (
  'host' => '127.0.0.1',
  'accept' => 'text/html,application/xhtml+xml,application/xml;q=0.9,*/*;q=0.8',
  'accept-encoding' => 'gzip, deflate',
  'accept-language' => 'zh-cn',
  'content-type' => 'multipart/form-data; boundary=----WebKitFormBoundaryqs1TL32ra5Ndrac8',
  'origin' => 'http://127.0.0.1',
  'user-agent' => 'Mozilla/5.0 (Macintosh; Intel Mac OS X 10_12_6) AppleWebKit/604.1.38 (KHTML, like Gecko) Version/11.0 Safari/604.1.38',
  'connection' => 'keep-alive',
  'upgrade-insecure-requests' => '1',
  'referer' => 'http://127.0.0.1/dqexam/index.php/admin/exercises/add/sid/529.html',
  'content-length' => '859',
  'cookie' => 'thinkphp_show_page_trace=0|0; thinkphp_show_page_trace=0|0; thinkphp_show_page_trace=0|0; thinkphp_show_page_trace=0|0; PHPSESSID=14dbf0a60b4b3fb8a09bba53b58683a4',
)
[ info ] [ PARAM ] array (
  'chapter_id' => '5533',
  'question_type' => '1',
  'question_content' => '<p>cxc</p>',
  'right_answer' => 'A',
  'option' => 
  array (
    0 => 'dsndjsnd',
    1 => 'dads',
  ),
  'analytical' => 'dddd',
  'effective' => '1',
)
[ info ] [ SESSION ] INIT array (
  'id' => '',
  'var_session_id' => '',
  'prefix' => 'think',
  'type' => '',
  'auto_start' => true,
)
[ info ] [ RUN ] app\admin\controller\Exercises->add[ /Library/WebServer/Documents/dqexam/application/admin/controller/Exercises.php ]
[ info ] [ DB ] INIT mysql
[ info ] [ VIEW ] /Library/WebServer/Documents/dqexam/application/admin/view/exercises/subject.html [ array (
  0 => 'info',
  1 => 'action',
  2 => 'lists',
  3 => 'page',
) ]
[ info ] [ LOG ] INIT File
[ sql ] [ DB ] CONNECT:[ UseTime:0.044364s ] mysql:dbname=dq_exam_db;host=127.0.0.1;charset=utf8
[ sql ] [ SQL ] SHOW COLUMNS FROM `dq_product` [ RunTime:0.042674s ]
[ sql ] [ SQL ] SELECT COUNT(*) AS tp_count FROM `dq_product` LIMIT 1 [ RunTime:0.004216s ]
[ sql ] [ SQL ] SELECT * FROM `dq_product` LIMIT 0,20 [ RunTime:0.000599s ]

---------------------------------------------------------------
[ 2017-10-11T08:47:40+08:00 ] 127.0.0.1 127.0.0.1 GET /dqexam/index.php/admin/exercises/add.html?page=13
[ log ] 127.0.0.1/dqexam/index.php/admin/exercises/add.html?page=13 [运行时间：0.030180s][吞吐率：33.13req/s] [内存消耗：3,857.88kb] [文件加载：62]
[ info ] [ LANG ] /Library/WebServer/Documents/dqexam/thinkphp/lang/zh-cn.php
[ info ] [ ROUTE ] array (
  'type' => 'module',
  'module' => 
  array (
    0 => 'admin',
    1 => 'exercises',
    2 => 'add',
  ),
)
[ info ] [ HEADER ] array (
  'host' => '127.0.0.1',
  'cookie' => 'thinkphp_show_page_trace=0|0; thinkphp_show_page_trace=0|0; thinkphp_show_page_trace=0|0; thinkphp_show_page_trace=0|0; PHPSESSID=14dbf0a60b4b3fb8a09bba53b58683a4',
  'connection' => 'keep-alive',
  'upgrade-insecure-requests' => '1',
  'accept' => 'text/html,application/xhtml+xml,application/xml;q=0.9,*/*;q=0.8',
  'user-agent' => 'Mozilla/5.0 (Macintosh; Intel Mac OS X 10_12_6) AppleWebKit/604.1.38 (KHTML, like Gecko) Version/11.0 Safari/604.1.38',
  'referer' => 'http://127.0.0.1/dqexam/index.php/admin/exercises/add.html',
  'accept-language' => 'zh-cn',
  'accept-encoding' => 'gzip, deflate',
)
[ info ] [ PARAM ] array (
  'page' => '13',
)
[ info ] [ SESSION ] INIT array (
  'id' => '',
  'var_session_id' => '',
  'prefix' => 'think',
  'type' => '',
  'auto_start' => true,
)
[ info ] [ RUN ] app\admin\controller\Exercises->add[ /Library/WebServer/Documents/dqexam/application/admin/controller/Exercises.php ]
[ info ] [ DB ] INIT mysql
[ info ] [ VIEW ] /Library/WebServer/Documents/dqexam/application/admin/view/exercises/subject.html [ array (
  0 => 'info',
  1 => 'action',
  2 => 'lists',
  3 => 'page',
) ]
[ info ] [ LOG ] INIT File
[ sql ] [ DB ] CONNECT:[ UseTime:0.001614s ] mysql:dbname=dq_exam_db;host=127.0.0.1;charset=utf8
[ sql ] [ SQL ] SHOW COLUMNS FROM `dq_product` [ RunTime:0.001697s ]
[ sql ] [ SQL ] SELECT COUNT(*) AS tp_count FROM `dq_product` LIMIT 1 [ RunTime:0.000655s ]
[ sql ] [ SQL ] SELECT * FROM `dq_product` LIMIT 240,20 [ RunTime:0.001432s ]

---------------------------------------------------------------
[ 2017-10-11T08:47:41+08:00 ] 127.0.0.1 127.0.0.1 GET /dqexam/index.php/admin/exercises/add/sid/529.html
[ log ] 127.0.0.1/dqexam/index.php/admin/exercises/add/sid/529.html [运行时间：0.034046s][吞吐率：29.37req/s] [内存消耗：2,768.85kb] [文件加载：54]
[ info ] [ LANG ] /Library/WebServer/Documents/dqexam/thinkphp/lang/zh-cn.php
[ info ] [ ROUTE ] array (
  'type' => 'module',
  'module' => 
  array (
    0 => 'admin',
    1 => 'exercises',
    2 => 'add',
  ),
)
[ info ] [ HEADER ] array (
  'host' => '127.0.0.1',
  'cookie' => 'thinkphp_show_page_trace=0|0; thinkphp_show_page_trace=0|0; thinkphp_show_page_trace=0|0; thinkphp_show_page_trace=0|0; thinkphp_show_page_trace=0|0; PHPSESSID=14dbf0a60b4b3fb8a09bba53b58683a4',
  'connection' => 'keep-alive',
  'upgrade-insecure-requests' => '1',
  'accept' => 'text/html,application/xhtml+xml,application/xml;q=0.9,*/*;q=0.8',
  'user-agent' => 'Mozilla/5.0 (Macintosh; Intel Mac OS X 10_12_6) AppleWebKit/604.1.38 (KHTML, like Gecko) Version/11.0 Safari/604.1.38',
  'referer' => 'http://127.0.0.1/dqexam/index.php/admin/exercises/add.html?page=13',
  'accept-language' => 'zh-cn',
  'accept-encoding' => 'gzip, deflate',
)
[ info ] [ PARAM ] array (
  'sid' => '529',
)
[ info ] [ SESSION ] INIT array (
  'id' => '',
  'var_session_id' => '',
  'prefix' => 'think',
  'type' => '',
  'auto_start' => true,
)
[ info ] [ RUN ] app\admin\controller\Exercises->add[ /Library/WebServer/Documents/dqexam/application/admin/controller/Exercises.php ]
[ info ] [ DB ] INIT sqlite
[ info ] [ VIEW ] /Library/WebServer/Documents/dqexam/application/admin/view/exercises/add.html [ array (
  0 => 'info',
  1 => 'chapters',
) ]
[ info ] [ LOG ] INIT File

---------------------------------------------------------------
[ 2017-10-11T08:47:50+08:00 ] 127.0.0.1 127.0.0.1 POST /dqexam/index.php/admin/exercises/add.html
[ log ] 127.0.0.1/dqexam/index.php/admin/exercises/add.html [运行时间：0.048018s][吞吐率：20.83req/s] [内存消耗：3,890.24kb] [文件加载：62]
[ info ] [ LANG ] /Library/WebServer/Documents/dqexam/thinkphp/lang/zh-cn.php
[ info ] [ ROUTE ] array (
  'type' => 'module',
  'module' => 
  array (
    0 => 'admin',
    1 => 'exercises',
    2 => 'add',
  ),
)
[ info ] [ HEADER ] array (
  'host' => '127.0.0.1',
  'accept' => 'text/html,application/xhtml+xml,application/xml;q=0.9,*/*;q=0.8',
  'accept-encoding' => 'gzip, deflate',
  'accept-language' => 'zh-cn',
  'content-type' => 'multipart/form-data; boundary=----WebKitFormBoundaryBleEoG33t1gFp6AZ',
  'origin' => 'http://127.0.0.1',
  'user-agent' => 'Mozilla/5.0 (Macintosh; Intel Mac OS X 10_12_6) AppleWebKit/604.1.38 (KHTML, like Gecko) Version/11.0 Safari/604.1.38',
  'connection' => 'keep-alive',
  'upgrade-insecure-requests' => '1',
  'referer' => 'http://127.0.0.1/dqexam/index.php/admin/exercises/add/sid/529.html',
  'content-length' => '855',
  'cookie' => 'thinkphp_show_page_trace=0|0; thinkphp_show_page_trace=0|0; thinkphp_show_page_trace=0|0; thinkphp_show_page_trace=0|0; PHPSESSID=14dbf0a60b4b3fb8a09bba53b58683a4',
)
[ info ] [ PARAM ] array (
  'chapter_id' => '5533',
  'question_type' => '1',
  'question_content' => '<p>dads</p>',
  'right_answer' => 'A',
  'option' => 
  array (
    0 => '1111',
    1 => '222',
  ),
  'analytical' => 'dads',
  'effective' => '1',
)
[ info ] [ SESSION ] INIT array (
  'id' => '',
  'var_session_id' => '',
  'prefix' => 'think',
  'type' => '',
  'auto_start' => true,
)
[ info ] [ RUN ] app\admin\controller\Exercises->add[ /Library/WebServer/Documents/dqexam/application/admin/controller/Exercises.php ]
[ info ] [ DB ] INIT mysql
[ info ] [ VIEW ] /Library/WebServer/Documents/dqexam/application/admin/view/exercises/subject.html [ array (
  0 => 'info',
  1 => 'action',
  2 => 'lists',
  3 => 'page',
) ]
[ info ] [ LOG ] INIT File
[ sql ] [ DB ] CONNECT:[ UseTime:0.000682s ] mysql:dbname=dq_exam_db;host=127.0.0.1;charset=utf8
[ sql ] [ SQL ] SHOW COLUMNS FROM `dq_product` [ RunTime:0.000881s ]
[ sql ] [ SQL ] SELECT COUNT(*) AS tp_count FROM `dq_product` LIMIT 1 [ RunTime:0.000337s ]
[ sql ] [ SQL ] SELECT * FROM `dq_product` LIMIT 0,20 [ RunTime:0.000905s ]

---------------------------------------------------------------
[ 2017-10-11T08:48:58+08:00 ] 127.0.0.1 127.0.0.1 POST /dqexam/index.php/admin/exercises/add.html
[ log ] 127.0.0.1/dqexam/index.php/admin/exercises/add.html [运行时间：0.052086s][吞吐率：19.20req/s] [内存消耗：3,890.31kb] [文件加载：62]
[ info ] [ LANG ] /Library/WebServer/Documents/dqexam/thinkphp/lang/zh-cn.php
[ info ] [ ROUTE ] array (
  'type' => 'module',
  'module' => 
  array (
    0 => 'admin',
    1 => 'exercises',
    2 => 'add',
  ),
)
[ info ] [ HEADER ] array (
  'host' => '127.0.0.1',
  'accept' => 'text/html,application/xhtml+xml,application/xml;q=0.9,*/*;q=0.8',
  'accept-encoding' => 'gzip, deflate',
  'accept-language' => 'zh-cn',
  'content-type' => 'multipart/form-data; boundary=----WebKitFormBoundaryBleEoG33t1gFp6AZ',
  'origin' => 'http://127.0.0.1',
  'user-agent' => 'Mozilla/5.0 (Macintosh; Intel Mac OS X 10_12_6) AppleWebKit/604.1.38 (KHTML, like Gecko) Version/11.0 Safari/604.1.38',
  'connection' => 'keep-alive',
  'upgrade-insecure-requests' => '1',
  'referer' => 'http://127.0.0.1/dqexam/index.php/admin/exercises/add/sid/529.html',
  'content-length' => '855',
  'cookie' => 'thinkphp_show_page_trace=0|0; thinkphp_show_page_trace=0|0; thinkphp_show_page_trace=0|0; thinkphp_show_page_trace=0|0; PHPSESSID=14dbf0a60b4b3fb8a09bba53b58683a4',
)
[ info ] [ PARAM ] array (
  'chapter_id' => '5533',
  'question_type' => '1',
  'question_content' => '<p>dads</p>',
  'right_answer' => 'A',
  'option' => 
  array (
    0 => '1111',
    1 => '222',
  ),
  'analytical' => 'dads',
  'effective' => '1',
)
[ info ] [ SESSION ] INIT array (
  'id' => '',
  'var_session_id' => '',
  'prefix' => 'think',
  'type' => '',
  'auto_start' => true,
)
[ info ] [ RUN ] app\admin\controller\Exercises->add[ /Library/WebServer/Documents/dqexam/application/admin/controller/Exercises.php ]
[ info ] [ DB ] INIT mysql
[ info ] [ VIEW ] /Library/WebServer/Documents/dqexam/application/admin/view/exercises/subject.html [ array (
  0 => 'info',
  1 => 'action',
  2 => 'lists',
  3 => 'page',
) ]
[ info ] [ LOG ] INIT File
[ sql ] [ DB ] CONNECT:[ UseTime:0.000679s ] mysql:dbname=dq_exam_db;host=127.0.0.1;charset=utf8
[ sql ] [ SQL ] SHOW COLUMNS FROM `dq_product` [ RunTime:0.000772s ]
[ sql ] [ SQL ] SELECT COUNT(*) AS tp_count FROM `dq_product` LIMIT 1 [ RunTime:0.000282s ]
[ sql ] [ SQL ] SELECT * FROM `dq_product` LIMIT 0,20 [ RunTime:0.000306s ]

---------------------------------------------------------------
[ 2017-10-11T08:50:32+08:00 ] 127.0.0.1 127.0.0.1 POST /dqexam/index.php/admin/exercises/add.html
[ log ] 127.0.0.1/dqexam/index.php/admin/exercises/add.html [运行时间：0.055370s][吞吐率：18.06req/s] [内存消耗：3,891.59kb] [文件加载：62]
[ info ] [ LANG ] /Library/WebServer/Documents/dqexam/thinkphp/lang/zh-cn.php
[ info ] [ ROUTE ] array (
  'type' => 'module',
  'module' => 
  array (
    0 => 'admin',
    1 => 'exercises',
    2 => 'add',
  ),
)
[ info ] [ HEADER ] array (
  'host' => '127.0.0.1',
  'accept' => 'text/html,application/xhtml+xml,application/xml;q=0.9,*/*;q=0.8',
  'accept-encoding' => 'gzip, deflate',
  'accept-language' => 'zh-cn',
  'content-type' => 'multipart/form-data; boundary=----WebKitFormBoundaryBleEoG33t1gFp6AZ',
  'origin' => 'http://127.0.0.1',
  'user-agent' => 'Mozilla/5.0 (Macintosh; Intel Mac OS X 10_12_6) AppleWebKit/604.1.38 (KHTML, like Gecko) Version/11.0 Safari/604.1.38',
  'connection' => 'keep-alive',
  'upgrade-insecure-requests' => '1',
  'referer' => 'http://127.0.0.1/dqexam/index.php/admin/exercises/add/sid/529.html',
  'content-length' => '855',
  'cookie' => 'thinkphp_show_page_trace=0|0; thinkphp_show_page_trace=0|0; thinkphp_show_page_trace=0|0; thinkphp_show_page_trace=0|0; PHPSESSID=14dbf0a60b4b3fb8a09bba53b58683a4',
)
[ info ] [ PARAM ] array (
  'chapter_id' => '5533',
  'question_type' => '1',
  'question_content' => '<p>dads</p>',
  'right_answer' => 'A',
  'option' => 
  array (
    0 => '1111',
    1 => '222',
  ),
  'analytical' => 'dads',
  'effective' => '1',
)
[ info ] [ SESSION ] INIT array (
  'id' => '',
  'var_session_id' => '',
  'prefix' => 'think',
  'type' => '',
  'auto_start' => true,
)
[ info ] [ RUN ] app\admin\controller\Exercises->add[ /Library/WebServer/Documents/dqexam/application/admin/controller/Exercises.php ]
[ info ] [ DB ] INIT mysql
[ info ] [ VIEW ] /Library/WebServer/Documents/dqexam/application/admin/view/exercises/subject.html [ array (
  0 => 'info',
  1 => 'action',
  2 => 'lists',
  3 => 'page',
) ]
[ info ] [ LOG ] INIT File
[ sql ] [ DB ] CONNECT:[ UseTime:0.000620s ] mysql:dbname=dq_exam_db;host=127.0.0.1;charset=utf8
[ sql ] [ SQL ] SHOW COLUMNS FROM `dq_product` [ RunTime:0.001500s ]
[ sql ] [ SQL ] SELECT COUNT(*) AS tp_count FROM `dq_product` LIMIT 1 [ RunTime:0.000498s ]
[ sql ] [ SQL ] SELECT * FROM `dq_product` LIMIT 0,20 [ RunTime:0.000476s ]

---------------------------------------------------------------
[ 2017-10-11T08:50:46+08:00 ] 127.0.0.1 127.0.0.1 POST /dqexam/index.php/admin/exercises/add.html
[ log ] 127.0.0.1/dqexam/index.php/admin/exercises/add.html [运行时间：0.026728s][吞吐率：37.41req/s] [内存消耗：2,164.93kb] [文件加载：44]
[ info ] [ LANG ] /Library/WebServer/Documents/dqexam/thinkphp/lang/zh-cn.php
[ info ] [ ROUTE ] array (
  'type' => 'module',
  'module' => 
  array (
    0 => 'admin',
    1 => 'exercises',
    2 => 'add',
  ),
)
[ info ] [ HEADER ] array (
  'host' => '127.0.0.1',
  'accept' => 'text/html,application/xhtml+xml,application/xml;q=0.9,*/*;q=0.8',
  'accept-encoding' => 'gzip, deflate',
  'accept-language' => 'zh-cn',
  'content-type' => 'multipart/form-data; boundary=----WebKitFormBoundaryBleEoG33t1gFp6AZ',
  'origin' => 'http://127.0.0.1',
  'user-agent' => 'Mozilla/5.0 (Macintosh; Intel Mac OS X 10_12_6) AppleWebKit/604.1.38 (KHTML, like Gecko) Version/11.0 Safari/604.1.38',
  'connection' => 'keep-alive',
  'upgrade-insecure-requests' => '1',
  'referer' => 'http://127.0.0.1/dqexam/index.php/admin/exercises/add/sid/529.html',
  'content-length' => '855',
  'cookie' => 'thinkphp_show_page_trace=0|0; thinkphp_show_page_trace=0|0; thinkphp_show_page_trace=0|0; thinkphp_show_page_trace=0|0; PHPSESSID=14dbf0a60b4b3fb8a09bba53b58683a4',
)
[ info ] [ PARAM ] array (
  'chapter_id' => '5533',
  'question_type' => '1',
  'question_content' => '<p>dads</p>',
  'right_answer' => 'A',
  'option' => 
  array (
    0 => '1111',
    1 => '222',
  ),
  'analytical' => 'dads',
  'effective' => '1',
)
[ info ] [ SESSION ] INIT array (
  'id' => '',
  'var_session_id' => '',
  'prefix' => 'think',
  'type' => '',
  'auto_start' => true,
)
[ info ] [ RUN ] app\admin\controller\Exercises->add[ /Library/WebServer/Documents/dqexam/application/admin/controller/Exercises.php ]
[ info ] [ LOG ] INIT File

---------------------------------------------------------------
[ 2017-10-11T08:51:51+08:00 ] 127.0.0.1 127.0.0.1 POST /dqexam/index.php/admin/exercises/add.html
[ log ] 127.0.0.1/dqexam/index.php/admin/exercises/add.html [运行时间：0.030469s][吞吐率：32.82req/s] [内存消耗：2,164.92kb] [文件加载：44]
[ info ] [ LANG ] /Library/WebServer/Documents/dqexam/thinkphp/lang/zh-cn.php
[ info ] [ ROUTE ] array (
  'type' => 'module',
  'module' => 
  array (
    0 => 'admin',
    1 => 'exercises',
    2 => 'add',
  ),
)
[ info ] [ HEADER ] array (
  'host' => '127.0.0.1',
  'accept' => 'text/html,application/xhtml+xml,application/xml;q=0.9,*/*;q=0.8',
  'accept-encoding' => 'gzip, deflate',
  'accept-language' => 'zh-cn',
  'content-type' => 'multipart/form-data; boundary=----WebKitFormBoundaryBleEoG33t1gFp6AZ',
  'origin' => 'http://127.0.0.1',
  'user-agent' => 'Mozilla/5.0 (Macintosh; Intel Mac OS X 10_12_6) AppleWebKit/604.1.38 (KHTML, like Gecko) Version/11.0 Safari/604.1.38',
  'connection' => 'keep-alive',
  'upgrade-insecure-requests' => '1',
  'referer' => 'http://127.0.0.1/dqexam/index.php/admin/exercises/add/sid/529.html',
  'content-length' => '855',
  'cookie' => 'thinkphp_show_page_trace=0|0; thinkphp_show_page_trace=0|0; thinkphp_show_page_trace=0|0; thinkphp_show_page_trace=0|0; PHPSESSID=14dbf0a60b4b3fb8a09bba53b58683a4',
)
[ info ] [ PARAM ] array (
  'chapter_id' => '5533',
  'question_type' => '1',
  'question_content' => '<p>dads</p>',
  'right_answer' => 'A',
  'option' => 
  array (
    0 => '1111',
    1 => '222',
  ),
  'analytical' => 'dads',
  'effective' => '1',
)
[ info ] [ SESSION ] INIT array (
  'id' => '',
  'var_session_id' => '',
  'prefix' => 'think',
  'type' => '',
  'auto_start' => true,
)
[ info ] [ RUN ] app\admin\controller\Exercises->add[ /Library/WebServer/Documents/dqexam/application/admin/controller/Exercises.php ]
[ info ] [ LOG ] INIT File

---------------------------------------------------------------
[ 2017-10-11T08:52:16+08:00 ] 127.0.0.1 127.0.0.1 POST /dqexam/index.php/admin/exercises/add.html
[ log ] 127.0.0.1/dqexam/index.php/admin/exercises/add.html [运行时间：0.025572s][吞吐率：39.11req/s] [内存消耗：2,165.12kb] [文件加载：44]
[ info ] [ LANG ] /Library/WebServer/Documents/dqexam/thinkphp/lang/zh-cn.php
[ info ] [ ROUTE ] array (
  'type' => 'module',
  'module' => 
  array (
    0 => 'admin',
    1 => 'exercises',
    2 => 'add',
  ),
)
[ info ] [ HEADER ] array (
  'host' => '127.0.0.1',
  'accept' => 'text/html,application/xhtml+xml,application/xml;q=0.9,*/*;q=0.8',
  'accept-encoding' => 'gzip, deflate',
  'accept-language' => 'zh-cn',
  'content-type' => 'multipart/form-data; boundary=----WebKitFormBoundaryBleEoG33t1gFp6AZ',
  'origin' => 'http://127.0.0.1',
  'user-agent' => 'Mozilla/5.0 (Macintosh; Intel Mac OS X 10_12_6) AppleWebKit/604.1.38 (KHTML, like Gecko) Version/11.0 Safari/604.1.38',
  'connection' => 'keep-alive',
  'upgrade-insecure-requests' => '1',
  'referer' => 'http://127.0.0.1/dqexam/index.php/admin/exercises/add/sid/529.html',
  'content-length' => '855',
  'cookie' => 'thinkphp_show_page_trace=0|0; thinkphp_show_page_trace=0|0; thinkphp_show_page_trace=0|0; thinkphp_show_page_trace=0|0; PHPSESSID=14dbf0a60b4b3fb8a09bba53b58683a4',
)
[ info ] [ PARAM ] array (
  'chapter_id' => '5533',
  'question_type' => '1',
  'question_content' => '<p>dads</p>',
  'right_answer' => 'A',
  'option' => 
  array (
    0 => '1111',
    1 => '222',
  ),
  'analytical' => 'dads',
  'effective' => '1',
)
[ info ] [ SESSION ] INIT array (
  'id' => '',
  'var_session_id' => '',
  'prefix' => 'think',
  'type' => '',
  'auto_start' => true,
)
[ info ] [ RUN ] app\admin\controller\Exercises->add[ /Library/WebServer/Documents/dqexam/application/admin/controller/Exercises.php ]
[ info ] [ LOG ] INIT File

---------------------------------------------------------------
[ 2017-10-11T08:56:31+08:00 ] 127.0.0.1 127.0.0.1 GET /dqexam/index.php/admin/exercises/add/sid/529.html
[ log ] 127.0.0.1/dqexam/index.php/admin/exercises/add/sid/529.html [运行时间：0.039406s][吞吐率：25.38req/s] [内存消耗：2,772.24kb] [文件加载：54]
[ info ] [ LANG ] /Library/WebServer/Documents/dqexam/thinkphp/lang/zh-cn.php
[ info ] [ ROUTE ] array (
  'type' => 'module',
  'module' => 
  array (
    0 => 'admin',
    1 => 'exercises',
    2 => 'add',
  ),
)
[ info ] [ HEADER ] array (
  'host' => '127.0.0.1',
  'cookie' => 'thinkphp_show_page_trace=0|0; thinkphp_show_page_trace=0|0; thinkphp_show_page_trace=0|0; thinkphp_show_page_trace=0|0; thinkphp_show_page_trace=0|0; PHPSESSID=14dbf0a60b4b3fb8a09bba53b58683a4',
  'connection' => 'keep-alive',
  'upgrade-insecure-requests' => '1',
  'accept' => 'text/html,application/xhtml+xml,application/xml;q=0.9,*/*;q=0.8',
  'user-agent' => 'Mozilla/5.0 (Macintosh; Intel Mac OS X 10_12_6) AppleWebKit/604.1.38 (KHTML, like Gecko) Version/11.0 Safari/604.1.38',
  'referer' => 'http://127.0.0.1/dqexam/index.php/admin/exercises/add.html?page=13',
  'accept-language' => 'zh-cn',
  'accept-encoding' => 'gzip, deflate',
)
[ info ] [ PARAM ] array (
  'sid' => '529',
)
[ info ] [ SESSION ] INIT array (
  'id' => '',
  'var_session_id' => '',
  'prefix' => 'think',
  'type' => '',
  'auto_start' => true,
)
[ info ] [ RUN ] app\admin\controller\Exercises->add[ /Library/WebServer/Documents/dqexam/application/admin/controller/Exercises.php ]
[ info ] [ DB ] INIT sqlite
[ info ] [ VIEW ] /Library/WebServer/Documents/dqexam/application/admin/view/exercises/add.html [ array (
  0 => 'info',
  1 => 'chapters',
) ]
[ info ] [ LOG ] INIT File

---------------------------------------------------------------
[ 2017-10-11T08:56:46+08:00 ] 127.0.0.1 127.0.0.1 POST /dqexam/index.php/admin/exercises/add.html
[ log ] 127.0.0.1/dqexam/index.php/admin/exercises/add.html [运行时间：0.024525s][吞吐率：40.77req/s] [内存消耗：2,166.69kb] [文件加载：44]
[ info ] [ LANG ] /Library/WebServer/Documents/dqexam/thinkphp/lang/zh-cn.php
[ info ] [ ROUTE ] array (
  'type' => 'module',
  'module' => 
  array (
    0 => 'admin',
    1 => 'exercises',
    2 => 'add',
  ),
)
[ info ] [ HEADER ] array (
  'host' => '127.0.0.1',
  'accept' => 'text/html,application/xhtml+xml,application/xml;q=0.9,*/*;q=0.8',
  'accept-encoding' => 'gzip, deflate',
  'accept-language' => 'zh-cn',
  'content-type' => 'multipart/form-data; boundary=----WebKitFormBoundaryN5Q1q5XSEsQfw8YL',
  'origin' => 'http://127.0.0.1',
  'user-agent' => 'Mozilla/5.0 (Macintosh; Intel Mac OS X 10_12_6) AppleWebKit/604.1.38 (KHTML, like Gecko) Version/11.0 Safari/604.1.38',
  'connection' => 'keep-alive',
  'upgrade-insecure-requests' => '1',
  'referer' => 'http://127.0.0.1/dqexam/index.php/admin/exercises/add/sid/529.html',
  'content-length' => '1054',
  'cookie' => 'thinkphp_show_page_trace=0|0; thinkphp_show_page_trace=0|0; thinkphp_show_page_trace=0|0; thinkphp_show_page_trace=0|0; PHPSESSID=14dbf0a60b4b3fb8a09bba53b58683a4',
)
[ info ] [ PARAM ] array (
  'chapter_id' => '5533',
  'question_type' => '2',
  'question_content' => '<p>dads</p>',
  'right_answer' => 'B',
  'option' => 
  array (
    0 => '111',
    1 => '222',
    2 => '3333',
  ),
  'analytical' => 'sdfsd',
  'effective' => '1',
)
[ info ] [ SESSION ] INIT array (
  'id' => '',
  'var_session_id' => '',
  'prefix' => 'think',
  'type' => '',
  'auto_start' => true,
)
[ info ] [ RUN ] app\admin\controller\Exercises->add[ /Library/WebServer/Documents/dqexam/application/admin/controller/Exercises.php ]
[ info ] [ LOG ] INIT File

---------------------------------------------------------------
[ 2017-10-11T08:57:34+08:00 ] 127.0.0.1 127.0.0.1 POST /dqexam/index.php/admin/exercises/add.html
[ log ] 127.0.0.1/dqexam/index.php/admin/exercises/add.html [运行时间：0.025708s][吞吐率：38.90req/s] [内存消耗：2,166.69kb] [文件加载：44]
[ info ] [ LANG ] /Library/WebServer/Documents/dqexam/thinkphp/lang/zh-cn.php
[ info ] [ ROUTE ] array (
  'type' => 'module',
  'module' => 
  array (
    0 => 'admin',
    1 => 'exercises',
    2 => 'add',
  ),
)
[ info ] [ HEADER ] array (
  'host' => '127.0.0.1',
  'accept' => 'text/html,application/xhtml+xml,application/xml;q=0.9,*/*;q=0.8',
  'accept-encoding' => 'gzip, deflate',
  'accept-language' => 'zh-cn',
  'content-type' => 'multipart/form-data; boundary=----WebKitFormBoundaryN5Q1q5XSEsQfw8YL',
  'origin' => 'http://127.0.0.1',
  'user-agent' => 'Mozilla/5.0 (Macintosh; Intel Mac OS X 10_12_6) AppleWebKit/604.1.38 (KHTML, like Gecko) Version/11.0 Safari/604.1.38',
  'connection' => 'keep-alive',
  'upgrade-insecure-requests' => '1',
  'referer' => 'http://127.0.0.1/dqexam/index.php/admin/exercises/add/sid/529.html',
  'content-length' => '1054',
  'cookie' => 'thinkphp_show_page_trace=0|0; thinkphp_show_page_trace=0|0; thinkphp_show_page_trace=0|0; thinkphp_show_page_trace=0|0; PHPSESSID=14dbf0a60b4b3fb8a09bba53b58683a4',
)
[ info ] [ PARAM ] array (
  'chapter_id' => '5533',
  'question_type' => '2',
  'question_content' => '<p>dads</p>',
  'right_answer' => 'B',
  'option' => 
  array (
    0 => '111',
    1 => '222',
    2 => '3333',
  ),
  'analytical' => 'sdfsd',
  'effective' => '1',
)
[ info ] [ SESSION ] INIT array (
  'id' => '',
  'var_session_id' => '',
  'prefix' => 'think',
  'type' => '',
  'auto_start' => true,
)
[ info ] [ RUN ] app\admin\controller\Exercises->add[ /Library/WebServer/Documents/dqexam/application/admin/controller/Exercises.php ]
[ info ] [ LOG ] INIT File

---------------------------------------------------------------
[ 2017-10-11T08:57:40+08:00 ] 127.0.0.1 127.0.0.1 GET /dqexam/index.php/admin/exercises/add/sid/529.html
[ log ] 127.0.0.1/dqexam/index.php/admin/exercises/add/sid/529.html [运行时间：0.026018s][吞吐率：38.43req/s] [内存消耗：3,024.10kb] [文件加载：56]
[ info ] [ LANG ] /Library/WebServer/Documents/dqexam/thinkphp/lang/zh-cn.php
[ info ] [ ROUTE ] array (
  'type' => 'module',
  'module' => 
  array (
    0 => 'admin',
    1 => 'exercises',
    2 => 'add',
  ),
)
[ info ] [ HEADER ] array (
  'host' => '127.0.0.1',
  'cookie' => 'thinkphp_show_page_trace=0|0; thinkphp_show_page_trace=0|0; thinkphp_show_page_trace=0|0; thinkphp_show_page_trace=0|0; thinkphp_show_page_trace=0|0; PHPSESSID=14dbf0a60b4b3fb8a09bba53b58683a4',
  'connection' => 'keep-alive',
  'upgrade-insecure-requests' => '1',
  'accept' => 'text/html,application/xhtml+xml,application/xml;q=0.9,*/*;q=0.8',
  'user-agent' => 'Mozilla/5.0 (Macintosh; Intel Mac OS X 10_12_6) AppleWebKit/604.1.38 (KHTML, like Gecko) Version/11.0 Safari/604.1.38',
  'referer' => 'http://127.0.0.1/dqexam/index.php/admin/exercises/add.html?page=13',
  'accept-language' => 'zh-cn',
  'accept-encoding' => 'gzip, deflate',
)
[ info ] [ PARAM ] array (
  'sid' => '529',
)
[ info ] [ SESSION ] INIT array (
  'id' => '',
  'var_session_id' => '',
  'prefix' => 'think',
  'type' => '',
  'auto_start' => true,
)
[ info ] [ RUN ] app\admin\controller\Exercises->add[ /Library/WebServer/Documents/dqexam/application/admin/controller/Exercises.php ]
[ info ] [ DB ] INIT sqlite
[ info ] [ VIEW ] /Library/WebServer/Documents/dqexam/application/admin/view/exercises/add.html [ array (
  0 => 'info',
  1 => 'chapters',
) ]
[ info ] [ LOG ] INIT File

---------------------------------------------------------------
[ 2017-10-11T08:58:07+08:00 ] 127.0.0.1 127.0.0.1 POST /dqexam/index.php/admin/exercises/add.html
[ log ] 127.0.0.1/dqexam/index.php/admin/exercises/add.html [运行时间：0.022965s][吞吐率：43.54req/s] [内存消耗：2,374.01kb] [文件加载：52]
[ info ] [ LANG ] /Library/WebServer/Documents/dqexam/thinkphp/lang/zh-cn.php
[ info ] [ ROUTE ] array (
  'type' => 'module',
  'module' => 
  array (
    0 => 'admin',
    1 => 'exercises',
    2 => 'add',
  ),
)
[ info ] [ HEADER ] array (
  'host' => '127.0.0.1',
  'accept' => 'text/html,application/xhtml+xml,application/xml;q=0.9,*/*;q=0.8',
  'accept-encoding' => 'gzip, deflate',
  'accept-language' => 'zh-cn',
  'content-type' => 'multipart/form-data; boundary=----WebKitFormBoundarycuwh4XtlNqNtMpmf',
  'origin' => 'http://127.0.0.1',
  'user-agent' => 'Mozilla/5.0 (Macintosh; Intel Mac OS X 10_12_6) AppleWebKit/604.1.38 (KHTML, like Gecko) Version/11.0 Safari/604.1.38',
  'connection' => 'keep-alive',
  'upgrade-insecure-requests' => '1',
  'referer' => 'http://127.0.0.1/dqexam/index.php/admin/exercises/add/sid/529.html',
  'content-length' => '1052',
  'cookie' => 'thinkphp_show_page_trace=0|0; thinkphp_show_page_trace=0|0; thinkphp_show_page_trace=0|0; thinkphp_show_page_trace=0|0; PHPSESSID=14dbf0a60b4b3fb8a09bba53b58683a4',
)
[ info ] [ PARAM ] array (
  'chapter_id' => '5533',
  'question_type' => '2',
  'question_content' => '<p>cxcxc</p>',
  'right_answer' => 
  array (
    0 => 'A',
    1 => 'B',
  ),
  'option' => 
  array (
    0 => '111',
    1 => 'seeds',
    2 => '',
  ),
  'analytical' => '',
  'effective' => '1',
)
[ info ] [ SESSION ] INIT array (
  'id' => '',
  'var_session_id' => '',
  'prefix' => 'think',
  'type' => '',
  'auto_start' => true,
)
[ info ] [ RUN ] app\admin\controller\Exercises->add[ /Library/WebServer/Documents/dqexam/application/admin/controller/Exercises.php ]
[ info ] [ LOG ] INIT File
[ error ] [0]variable type error：array[/Library/WebServer/Documents/dqexam/thinkphp/library/think/Request.php:1108]

---------------------------------------------------------------
[ 2017-10-11T08:59:09+08:00 ] 127.0.0.1 127.0.0.1 POST /dqexam/index.php/admin/exercises/add.html
[ log ] 127.0.0.1/dqexam/index.php/admin/exercises/add.html [运行时间：0.015259s][吞吐率：65.53req/s] [内存消耗：2,166.64kb] [文件加载：44]
[ info ] [ LANG ] /Library/WebServer/Documents/dqexam/thinkphp/lang/zh-cn.php
[ info ] [ ROUTE ] array (
  'type' => 'module',
  'module' => 
  array (
    0 => 'admin',
    1 => 'exercises',
    2 => 'add',
  ),
)
[ info ] [ HEADER ] array (
  'host' => '127.0.0.1',
  'accept' => 'text/html,application/xhtml+xml,application/xml;q=0.9,*/*;q=0.8',
  'accept-encoding' => 'gzip, deflate',
  'accept-language' => 'zh-cn',
  'content-type' => 'multipart/form-data; boundary=----WebKitFormBoundarycuwh4XtlNqNtMpmf',
  'origin' => 'http://127.0.0.1',
  'user-agent' => 'Mozilla/5.0 (Macintosh; Intel Mac OS X 10_12_6) AppleWebKit/604.1.38 (KHTML, like Gecko) Version/11.0 Safari/604.1.38',
  'connection' => 'keep-alive',
  'upgrade-insecure-requests' => '1',
  'referer' => 'http://127.0.0.1/dqexam/index.php/admin/exercises/add/sid/529.html',
  'content-length' => '1052',
  'cookie' => 'thinkphp_show_page_trace=0|0; thinkphp_show_page_trace=0|0; thinkphp_show_page_trace=0|0; thinkphp_show_page_trace=0|0; PHPSESSID=14dbf0a60b4b3fb8a09bba53b58683a4',
)
[ info ] [ PARAM ] array (
  'chapter_id' => '5533',
  'question_type' => '2',
  'question_content' => '<p>cxcxc</p>',
  'right_answer' => 
  array (
    0 => 'A',
    1 => 'B',
  ),
  'option' => 
  array (
    0 => '111',
    1 => 'seeds',
    2 => '',
  ),
  'analytical' => '',
  'effective' => '1',
)
[ info ] [ SESSION ] INIT array (
  'id' => '',
  'var_session_id' => '',
  'prefix' => 'think',
  'type' => '',
  'auto_start' => true,
)
[ info ] [ RUN ] app\admin\controller\Exercises->add[ /Library/WebServer/Documents/dqexam/application/admin/controller/Exercises.php ]
[ info ] [ LOG ] INIT File

---------------------------------------------------------------
[ 2017-10-11T09:05:00+08:00 ] 127.0.0.1 127.0.0.1 POST /dqexam/index.php/admin/exercises/add.html
[ log ] 127.0.0.1/dqexam/index.php/admin/exercises/add.html [运行时间：0.016348s][吞吐率：61.17req/s] [内存消耗：2,169.37kb] [文件加载：44]
[ info ] [ LANG ] /Library/WebServer/Documents/dqexam/thinkphp/lang/zh-cn.php
[ info ] [ ROUTE ] array (
  'type' => 'module',
  'module' => 
  array (
    0 => 'admin',
    1 => 'exercises',
    2 => 'add',
  ),
)
[ info ] [ HEADER ] array (
  'host' => '127.0.0.1',
  'accept' => 'text/html,application/xhtml+xml,application/xml;q=0.9,*/*;q=0.8',
  'accept-encoding' => 'gzip, deflate',
  'accept-language' => 'zh-cn',
  'content-type' => 'multipart/form-data; boundary=----WebKitFormBoundarycuwh4XtlNqNtMpmf',
  'origin' => 'http://127.0.0.1',
  'user-agent' => 'Mozilla/5.0 (Macintosh; Intel Mac OS X 10_12_6) AppleWebKit/604.1.38 (KHTML, like Gecko) Version/11.0 Safari/604.1.38',
  'connection' => 'keep-alive',
  'upgrade-insecure-requests' => '1',
  'referer' => 'http://127.0.0.1/dqexam/index.php/admin/exercises/add/sid/529.html',
  'content-length' => '1052',
  'cookie' => 'thinkphp_show_page_trace=0|0; thinkphp_show_page_trace=0|0; thinkphp_show_page_trace=0|0; thinkphp_show_page_trace=0|0; PHPSESSID=14dbf0a60b4b3fb8a09bba53b58683a4',
)
[ info ] [ PARAM ] array (
  'chapter_id' => '5533',
  'question_type' => '2',
  'question_content' => '<p>cxcxc</p>',
  'right_answer' => 
  array (
    0 => 'A',
    1 => 'B',
  ),
  'option' => 
  array (
    0 => '111',
    1 => 'seeds',
    2 => '',
  ),
  'analytical' => '',
  'effective' => '1',
)
[ info ] [ SESSION ] INIT array (
  'id' => '',
  'var_session_id' => '',
  'prefix' => 'think',
  'type' => '',
  'auto_start' => true,
)
[ info ] [ RUN ] app\admin\controller\Exercises->add[ /Library/WebServer/Documents/dqexam/application/admin/controller/Exercises.php ]
[ info ] [ LOG ] INIT File

---------------------------------------------------------------
[ 2017-10-11T09:10:46+08:00 ] 127.0.0.1 127.0.0.1 POST /dqexam/index.php/admin/exercises/add.html
[ log ] 127.0.0.1/dqexam/index.php/admin/exercises/add.html [运行时间：0.023558s][吞吐率：42.45req/s] [内存消耗：2,397.38kb] [文件加载：54]
[ info ] [ LANG ] /Library/WebServer/Documents/dqexam/thinkphp/lang/zh-cn.php
[ info ] [ ROUTE ] array (
  'type' => 'module',
  'module' => 
  array (
    0 => 'admin',
    1 => 'exercises',
    2 => 'add',
  ),
)
[ info ] [ HEADER ] array (
  'host' => '127.0.0.1',
  'accept' => 'text/html,application/xhtml+xml,application/xml;q=0.9,*/*;q=0.8',
  'accept-encoding' => 'gzip, deflate',
  'accept-language' => 'zh-cn',
  'content-type' => 'multipart/form-data; boundary=----WebKitFormBoundarycuwh4XtlNqNtMpmf',
  'origin' => 'http://127.0.0.1',
  'user-agent' => 'Mozilla/5.0 (Macintosh; Intel Mac OS X 10_12_6) AppleWebKit/604.1.38 (KHTML, like Gecko) Version/11.0 Safari/604.1.38',
  'connection' => 'keep-alive',
  'upgrade-insecure-requests' => '1',
  'referer' => 'http://127.0.0.1/dqexam/index.php/admin/exercises/add/sid/529.html',
  'content-length' => '1052',
  'cookie' => 'thinkphp_show_page_trace=0|0; thinkphp_show_page_trace=0|0; thinkphp_show_page_trace=0|0; thinkphp_show_page_trace=0|0; PHPSESSID=14dbf0a60b4b3fb8a09bba53b58683a4',
)
[ info ] [ PARAM ] array (
  'chapter_id' => '5533',
  'question_type' => '2',
  'question_content' => '<p>cxcxc</p>',
  'right_answer' => 
  array (
    0 => 'A',
    1 => 'B',
  ),
  'option' => 
  array (
    0 => '111',
    1 => 'seeds',
    2 => '',
  ),
  'analytical' => '',
  'effective' => '1',
)
[ info ] [ SESSION ] INIT array (
  'id' => '',
  'var_session_id' => '',
  'prefix' => 'think',
  'type' => '',
  'auto_start' => true,
)
[ info ] [ RUN ] app\admin\controller\Exercises->add[ /Library/WebServer/Documents/dqexam/application/admin/controller/Exercises.php ]
[ info ] [ LOG ] INIT File
[ error ] [8]未定义变量: sid[/Library/WebServer/Documents/dqexam/application/admin/controller/Exercises.php:59]

---------------------------------------------------------------
[ 2017-10-11T09:11:03+08:00 ] 127.0.0.1 127.0.0.1 GET /dqexam/index.php/admin/exercises/add/sid/529.html
[ log ] 127.0.0.1/dqexam/index.php/admin/exercises/add/sid/529.html [运行时间：0.023756s][吞吐率：42.09req/s] [内存消耗：2,774.55kb] [文件加载：54]
[ info ] [ LANG ] /Library/WebServer/Documents/dqexam/thinkphp/lang/zh-cn.php
[ info ] [ ROUTE ] array (
  'type' => 'module',
  'module' => 
  array (
    0 => 'admin',
    1 => 'exercises',
    2 => 'add',
  ),
)
[ info ] [ HEADER ] array (
  'host' => '127.0.0.1',
  'cookie' => 'thinkphp_show_page_trace=0|0; thinkphp_show_page_trace=0|0; thinkphp_show_page_trace=0|0; thinkphp_show_page_trace=0|0; thinkphp_show_page_trace=0|0; PHPSESSID=14dbf0a60b4b3fb8a09bba53b58683a4',
  'connection' => 'keep-alive',
  'upgrade-insecure-requests' => '1',
  'accept' => 'text/html,application/xhtml+xml,application/xml;q=0.9,*/*;q=0.8',
  'user-agent' => 'Mozilla/5.0 (Macintosh; Intel Mac OS X 10_12_6) AppleWebKit/604.1.38 (KHTML, like Gecko) Version/11.0 Safari/604.1.38',
  'referer' => 'http://127.0.0.1/dqexam/index.php/admin/exercises/add.html?page=13',
  'accept-language' => 'zh-cn',
  'accept-encoding' => 'gzip, deflate',
)
[ info ] [ PARAM ] array (
  'sid' => '529',
)
[ info ] [ SESSION ] INIT array (
  'id' => '',
  'var_session_id' => '',
  'prefix' => 'think',
  'type' => '',
  'auto_start' => true,
)
[ info ] [ RUN ] app\admin\controller\Exercises->add[ /Library/WebServer/Documents/dqexam/application/admin/controller/Exercises.php ]
[ info ] [ DB ] INIT sqlite
[ info ] [ VIEW ] /Library/WebServer/Documents/dqexam/application/admin/view/exercises/add.html [ array (
  0 => 'info',
  1 => 'chapters',
) ]
[ info ] [ LOG ] INIT File

---------------------------------------------------------------
[ 2017-10-11T09:12:14+08:00 ] 127.0.0.1 127.0.0.1 GET /dqexam/index.php/admin/exercises/add/sid/529.html
[ log ] 127.0.0.1/dqexam/index.php/admin/exercises/add/sid/529.html [运行时间：0.026945s][吞吐率：37.11req/s] [内存消耗：3,027.26kb] [文件加载：56]
[ info ] [ LANG ] /Library/WebServer/Documents/dqexam/thinkphp/lang/zh-cn.php
[ info ] [ ROUTE ] array (
  'type' => 'module',
  'module' => 
  array (
    0 => 'admin',
    1 => 'exercises',
    2 => 'add',
  ),
)
[ info ] [ HEADER ] array (
  'host' => '127.0.0.1',
  'cookie' => 'thinkphp_show_page_trace=0|0; thinkphp_show_page_trace=0|0; thinkphp_show_page_trace=0|0; thinkphp_show_page_trace=0|0; thinkphp_show_page_trace=0|0; PHPSESSID=14dbf0a60b4b3fb8a09bba53b58683a4',
  'connection' => 'keep-alive',
  'upgrade-insecure-requests' => '1',
  'accept' => 'text/html,application/xhtml+xml,application/xml;q=0.9,*/*;q=0.8',
  'user-agent' => 'Mozilla/5.0 (Macintosh; Intel Mac OS X 10_12_6) AppleWebKit/604.1.38 (KHTML, like Gecko) Version/11.0 Safari/604.1.38',
  'referer' => 'http://127.0.0.1/dqexam/index.php/admin/exercises/add.html?page=13',
  'accept-language' => 'zh-cn',
  'accept-encoding' => 'gzip, deflate',
)
[ info ] [ PARAM ] array (
  'sid' => '529',
)
[ info ] [ SESSION ] INIT array (
  'id' => '',
  'var_session_id' => '',
  'prefix' => 'think',
  'type' => '',
  'auto_start' => true,
)
[ info ] [ RUN ] app\admin\controller\Exercises->add[ /Library/WebServer/Documents/dqexam/application/admin/controller/Exercises.php ]
[ info ] [ DB ] INIT sqlite
[ info ] [ VIEW ] /Library/WebServer/Documents/dqexam/application/admin/view/exercises/add.html [ array (
  0 => 'info',
  1 => 'sid',
  2 => 'chapters',
) ]
[ info ] [ LOG ] INIT File

---------------------------------------------------------------
[ 2017-10-11T09:14:26+08:00 ] 127.0.0.1 127.0.0.1 POST /dqexam/index.php/admin/exercises/add.html
[ log ] 127.0.0.1/dqexam/index.php/admin/exercises/add.html [运行时间：0.018480s][吞吐率：54.11req/s] [内存消耗：2,778.27kb] [文件加载：54]
[ info ] [ LANG ] /Library/WebServer/Documents/dqexam/thinkphp/lang/zh-cn.php
[ info ] [ ROUTE ] array (
  'type' => 'module',
  'module' => 
  array (
    0 => 'admin',
    1 => 'exercises',
    2 => 'add',
  ),
)
[ info ] [ HEADER ] array (
  'host' => '127.0.0.1',
  'accept' => 'text/html,application/xhtml+xml,application/xml;q=0.9,*/*;q=0.8',
  'accept-encoding' => 'gzip, deflate',
  'accept-language' => 'zh-cn',
  'content-type' => 'multipart/form-data; boundary=----WebKitFormBoundaryM9hos8Pl6BqlYKrg',
  'origin' => 'http://127.0.0.1',
  'user-agent' => 'Mozilla/5.0 (Macintosh; Intel Mac OS X 10_12_6) AppleWebKit/604.1.38 (KHTML, like Gecko) Version/11.0 Safari/604.1.38',
  'connection' => 'keep-alive',
  'upgrade-insecure-requests' => '1',
  'referer' => 'http://127.0.0.1/dqexam/index.php/admin/exercises/add/sid/529.html',
  'content-length' => '948',
  'cookie' => 'thinkphp_show_page_trace=0|0; thinkphp_show_page_trace=0|0; thinkphp_show_page_trace=0|0; thinkphp_show_page_trace=0|0; PHPSESSID=14dbf0a60b4b3fb8a09bba53b58683a4',
)
[ info ] [ PARAM ] array (
  'chapter_id' => '5533',
  'question_type' => '1',
  'question_content' => '<p>dddd</p>',
  'right_answer' => 'A',
  'option' => 
  array (
    0 => '111',
    1 => '2222',
  ),
  'analytical' => 'cssd',
  'effective' => '1',
  'sid' => '529',
)
[ info ] [ SESSION ] INIT array (
  'id' => '',
  'var_session_id' => '',
  'prefix' => 'think',
  'type' => '',
  'auto_start' => true,
)
[ info ] [ RUN ] app\admin\controller\Exercises->add[ /Library/WebServer/Documents/dqexam/application/admin/controller/Exercises.php ]
[ info ] [ DB ] INIT sqlite
[ info ] [ VIEW ] /Library/WebServer/Documents/dqexam/application/admin/view/exercises/add.html [ array (
  0 => 'info',
  1 => 'sid',
  2 => 'chapters',
) ]
[ info ] [ LOG ] INIT File

---------------------------------------------------------------
[ 2017-10-11T09:15:12+08:00 ] 127.0.0.1 127.0.0.1 POST /dqexam/index.php/admin/exercises/add.html
[ log ] 127.0.0.1/dqexam/index.php/admin/exercises/add.html [运行时间：0.021377s][吞吐率：46.78req/s] [内存消耗：2,778.37kb] [文件加载：54]
[ info ] [ LANG ] /Library/WebServer/Documents/dqexam/thinkphp/lang/zh-cn.php
[ info ] [ ROUTE ] array (
  'type' => 'module',
  'module' => 
  array (
    0 => 'admin',
    1 => 'exercises',
    2 => 'add',
  ),
)
[ info ] [ HEADER ] array (
  'host' => '127.0.0.1',
  'accept' => 'text/html,application/xhtml+xml,application/xml;q=0.9,*/*;q=0.8',
  'accept-encoding' => 'gzip, deflate',
  'accept-language' => 'zh-cn',
  'content-type' => 'multipart/form-data; boundary=----WebKitFormBoundaryM9hos8Pl6BqlYKrg',
  'origin' => 'http://127.0.0.1',
  'user-agent' => 'Mozilla/5.0 (Macintosh; Intel Mac OS X 10_12_6) AppleWebKit/604.1.38 (KHTML, like Gecko) Version/11.0 Safari/604.1.38',
  'connection' => 'keep-alive',
  'upgrade-insecure-requests' => '1',
  'referer' => 'http://127.0.0.1/dqexam/index.php/admin/exercises/add/sid/529.html',
  'content-length' => '948',
  'cookie' => 'thinkphp_show_page_trace=0|0; thinkphp_show_page_trace=0|0; thinkphp_show_page_trace=0|0; thinkphp_show_page_trace=0|0; PHPSESSID=14dbf0a60b4b3fb8a09bba53b58683a4',
)
[ info ] [ PARAM ] array (
  'chapter_id' => '5533',
  'question_type' => '1',
  'question_content' => '<p>dddd</p>',
  'right_answer' => 'A',
  'option' => 
  array (
    0 => '111',
    1 => '2222',
  ),
  'analytical' => 'cssd',
  'effective' => '1',
  'sid' => '529',
)
[ info ] [ SESSION ] INIT array (
  'id' => '',
  'var_session_id' => '',
  'prefix' => 'think',
  'type' => '',
  'auto_start' => true,
)
[ info ] [ RUN ] app\admin\controller\Exercises->add[ /Library/WebServer/Documents/dqexam/application/admin/controller/Exercises.php ]
[ info ] [ DB ] INIT sqlite
[ info ] [ VIEW ] /Library/WebServer/Documents/dqexam/application/admin/view/exercises/add.html [ array (
  0 => 'info',
  1 => 'sid',
  2 => 'chapters',
) ]
[ info ] [ LOG ] INIT File

---------------------------------------------------------------
[ 2017-10-11T09:15:21+08:00 ] 127.0.0.1 127.0.0.1 POST /dqexam/index.php/admin/exercises/add.html
[ log ] 127.0.0.1/dqexam/index.php/admin/exercises/add.html [运行时间：0.029294s][吞吐率：34.14req/s] [内存消耗：2,778.42kb] [文件加载：54]
[ info ] [ LANG ] /Library/WebServer/Documents/dqexam/thinkphp/lang/zh-cn.php
[ info ] [ ROUTE ] array (
  'type' => 'module',
  'module' => 
  array (
    0 => 'admin',
    1 => 'exercises',
    2 => 'add',
  ),
)
[ info ] [ HEADER ] array (
  'host' => '127.0.0.1',
  'accept' => 'text/html,application/xhtml+xml,application/xml;q=0.9,*/*;q=0.8',
  'accept-encoding' => 'gzip, deflate',
  'accept-language' => 'zh-cn',
  'content-type' => 'multipart/form-data; boundary=----WebKitFormBoundary03zN7LIiomU6Kk1X',
  'origin' => 'http://127.0.0.1',
  'user-agent' => 'Mozilla/5.0 (Macintosh; Intel Mac OS X 10_12_6) AppleWebKit/604.1.38 (KHTML, like Gecko) Version/11.0 Safari/604.1.38',
  'connection' => 'keep-alive',
  'upgrade-insecure-requests' => '1',
  'referer' => 'http://127.0.0.1/dqexam/index.php/admin/exercises/add.html',
  'content-length' => '950',
  'cookie' => 'thinkphp_show_page_trace=0|0; thinkphp_show_page_trace=0|0; thinkphp_show_page_trace=0|0; thinkphp_show_page_trace=0|0; PHPSESSID=14dbf0a60b4b3fb8a09bba53b58683a4',
)
[ info ] [ PARAM ] array (
  'chapter_id' => '5533',
  'question_type' => '1',
  'question_content' => '<p>csdsds</p>',
  'right_answer' => 'A',
  'option' => 
  array (
    0 => '123',
    1 => 'dddd',
  ),
  'analytical' => 'dads',
  'effective' => '1',
  'sid' => '529',
)
[ info ] [ SESSION ] INIT array (
  'id' => '',
  'var_session_id' => '',
  'prefix' => 'think',
  'type' => '',
  'auto_start' => true,
)
[ info ] [ RUN ] app\admin\controller\Exercises->add[ /Library/WebServer/Documents/dqexam/application/admin/controller/Exercises.php ]
[ info ] [ DB ] INIT sqlite
[ info ] [ VIEW ] /Library/WebServer/Documents/dqexam/application/admin/view/exercises/add.html [ array (
  0 => 'info',
  1 => 'sid',
  2 => 'chapters',
) ]
[ info ] [ LOG ] INIT File

---------------------------------------------------------------
[ 2017-10-11T09:16:37+08:00 ] 127.0.0.1 127.0.0.1 POST /dqexam/index.php/admin/exercises/add.html
[ log ] 127.0.0.1/dqexam/index.php/admin/exercises/add.html [运行时间：0.022086s][吞吐率：45.28req/s] [内存消耗：3,030.33kb] [文件加载：56]
[ info ] [ LANG ] /Library/WebServer/Documents/dqexam/thinkphp/lang/zh-cn.php
[ info ] [ ROUTE ] array (
  'type' => 'module',
  'module' => 
  array (
    0 => 'admin',
    1 => 'exercises',
    2 => 'add',
  ),
)
[ info ] [ HEADER ] array (
  'host' => '127.0.0.1',
  'accept' => 'text/html,application/xhtml+xml,application/xml;q=0.9,*/*;q=0.8',
  'accept-encoding' => 'gzip, deflate',
  'accept-language' => 'zh-cn',
  'content-type' => 'multipart/form-data; boundary=----WebKitFormBoundary03zN7LIiomU6Kk1X',
  'origin' => 'http://127.0.0.1',
  'user-agent' => 'Mozilla/5.0 (Macintosh; Intel Mac OS X 10_12_6) AppleWebKit/604.1.38 (KHTML, like Gecko) Version/11.0 Safari/604.1.38',
  'connection' => 'keep-alive',
  'upgrade-insecure-requests' => '1',
  'referer' => 'http://127.0.0.1/dqexam/index.php/admin/exercises/add.html',
  'content-length' => '950',
  'cookie' => 'thinkphp_show_page_trace=0|0; thinkphp_show_page_trace=0|0; thinkphp_show_page_trace=0|0; thinkphp_show_page_trace=0|0; PHPSESSID=14dbf0a60b4b3fb8a09bba53b58683a4',
)
[ info ] [ PARAM ] array (
  'chapter_id' => '5533',
  'question_type' => '1',
  'question_content' => '<p>csdsds</p>',
  'right_answer' => 'A',
  'option' => 
  array (
    0 => '123',
    1 => 'dddd',
  ),
  'analytical' => 'dads',
  'effective' => '1',
  'sid' => '529',
)
[ info ] [ SESSION ] INIT array (
  'id' => '',
  'var_session_id' => '',
  'prefix' => 'think',
  'type' => '',
  'auto_start' => true,
)
[ info ] [ RUN ] app\admin\controller\Exercises->add[ /Library/WebServer/Documents/dqexam/application/admin/controller/Exercises.php ]
[ info ] [ DB ] INIT sqlite
[ info ] [ VIEW ] /Library/WebServer/Documents/dqexam/application/admin/view/exercises/add.html [ array (
  0 => 'info',
  1 => 'sid',
  2 => 'chapters',
) ]
[ info ] [ LOG ] INIT File

---------------------------------------------------------------
[ 2017-10-11T09:16:48+08:00 ] 127.0.0.1 127.0.0.1 POST /dqexam/index.php/admin/exercises/add.html
[ log ] 127.0.0.1/dqexam/index.php/admin/exercises/add.html [运行时间：0.022082s][吞吐率：45.29req/s] [内存消耗：2,778.10kb] [文件加载：54]
[ info ] [ LANG ] /Library/WebServer/Documents/dqexam/thinkphp/lang/zh-cn.php
[ info ] [ ROUTE ] array (
  'type' => 'module',
  'module' => 
  array (
    0 => 'admin',
    1 => 'exercises',
    2 => 'add',
  ),
)
[ info ] [ HEADER ] array (
  'host' => '127.0.0.1',
  'accept' => 'text/html,application/xhtml+xml,application/xml;q=0.9,*/*;q=0.8',
  'accept-encoding' => 'gzip, deflate',
  'accept-language' => 'zh-cn',
  'content-type' => 'multipart/form-data; boundary=----WebKitFormBoundaryQEle4ZiBf5lAKbYj',
  'origin' => 'http://127.0.0.1',
  'user-agent' => 'Mozilla/5.0 (Macintosh; Intel Mac OS X 10_12_6) AppleWebKit/604.1.38 (KHTML, like Gecko) Version/11.0 Safari/604.1.38',
  'connection' => 'keep-alive',
  'upgrade-insecure-requests' => '1',
  'referer' => 'http://127.0.0.1/dqexam/index.php/admin/exercises/add.html',
  'content-length' => '1052',
  'cookie' => 'thinkphp_show_page_trace=0|0; thinkphp_show_page_trace=0|0; thinkphp_show_page_trace=0|0; thinkphp_show_page_trace=0|0; PHPSESSID=14dbf0a60b4b3fb8a09bba53b58683a4',
)
[ info ] [ PARAM ] array (
  'chapter_id' => '5533',
  'question_type' => '1',
  'question_content' => '<p>dsdsdsd</p>',
  'right_answer' => 'A',
  'option' => 
  array (
    0 => '111',
    1 => '222333',
    2 => '3333',
  ),
  'analytical' => 'dads',
  'effective' => '1',
  'sid' => '529',
)
[ info ] [ SESSION ] INIT array (
  'id' => '',
  'var_session_id' => '',
  'prefix' => 'think',
  'type' => '',
  'auto_start' => true,
)
[ info ] [ RUN ] app\admin\controller\Exercises->add[ /Library/WebServer/Documents/dqexam/application/admin/controller/Exercises.php ]
[ info ] [ DB ] INIT sqlite
[ info ] [ VIEW ] /Library/WebServer/Documents/dqexam/application/admin/view/exercises/add.html [ array (
  0 => 'info',
  1 => 'sid',
  2 => 'chapters',
) ]
[ info ] [ LOG ] INIT File

---------------------------------------------------------------
[ 2017-10-11T09:17:20+08:00 ] 127.0.0.1 127.0.0.1 POST /dqexam/index.php/admin/exercises/add.html
[ log ] 127.0.0.1/dqexam/index.php/admin/exercises/add.html [运行时间：0.021661s][吞吐率：46.17req/s] [内存消耗：2,778.10kb] [文件加载：54]
[ info ] [ LANG ] /Library/WebServer/Documents/dqexam/thinkphp/lang/zh-cn.php
[ info ] [ ROUTE ] array (
  'type' => 'module',
  'module' => 
  array (
    0 => 'admin',
    1 => 'exercises',
    2 => 'add',
  ),
)
[ info ] [ HEADER ] array (
  'host' => '127.0.0.1',
  'accept' => 'text/html,application/xhtml+xml,application/xml;q=0.9,*/*;q=0.8',
  'accept-encoding' => 'gzip, deflate',
  'accept-language' => 'zh-cn',
  'content-type' => 'multipart/form-data; boundary=----WebKitFormBoundaryQEle4ZiBf5lAKbYj',
  'origin' => 'http://127.0.0.1',
  'user-agent' => 'Mozilla/5.0 (Macintosh; Intel Mac OS X 10_12_6) AppleWebKit/604.1.38 (KHTML, like Gecko) Version/11.0 Safari/604.1.38',
  'connection' => 'keep-alive',
  'upgrade-insecure-requests' => '1',
  'referer' => 'http://127.0.0.1/dqexam/index.php/admin/exercises/add.html',
  'content-length' => '1052',
  'cookie' => 'thinkphp_show_page_trace=0|0; thinkphp_show_page_trace=0|0; thinkphp_show_page_trace=0|0; thinkphp_show_page_trace=0|0; PHPSESSID=14dbf0a60b4b3fb8a09bba53b58683a4',
)
[ info ] [ PARAM ] array (
  'chapter_id' => '5533',
  'question_type' => '1',
  'question_content' => '<p>dsdsdsd</p>',
  'right_answer' => 'A',
  'option' => 
  array (
    0 => '111',
    1 => '222333',
    2 => '3333',
  ),
  'analytical' => 'dads',
  'effective' => '1',
  'sid' => '529',
)
[ info ] [ SESSION ] INIT array (
  'id' => '',
  'var_session_id' => '',
  'prefix' => 'think',
  'type' => '',
  'auto_start' => true,
)
[ info ] [ RUN ] app\admin\controller\Exercises->add[ /Library/WebServer/Documents/dqexam/application/admin/controller/Exercises.php ]
[ info ] [ DB ] INIT sqlite
[ info ] [ VIEW ] /Library/WebServer/Documents/dqexam/application/admin/view/exercises/add.html [ array (
  0 => 'info',
  1 => 'sid',
  2 => 'chapters',
) ]
[ info ] [ LOG ] INIT File

---------------------------------------------------------------
[ 2017-10-11T09:17:28+08:00 ] 127.0.0.1 127.0.0.1 POST /dqexam/index.php/admin/exercises/add.html
[ log ] 127.0.0.1/dqexam/index.php/admin/exercises/add.html [运行时间：0.023643s][吞吐率：42.30req/s] [内存消耗：2,778.23kb] [文件加载：54]
[ info ] [ LANG ] /Library/WebServer/Documents/dqexam/thinkphp/lang/zh-cn.php
[ info ] [ ROUTE ] array (
  'type' => 'module',
  'module' => 
  array (
    0 => 'admin',
    1 => 'exercises',
    2 => 'add',
  ),
)
[ info ] [ HEADER ] array (
  'host' => '127.0.0.1',
  'accept' => 'text/html,application/xhtml+xml,application/xml;q=0.9,*/*;q=0.8',
  'accept-encoding' => 'gzip, deflate',
  'accept-language' => 'zh-cn',
  'content-type' => 'multipart/form-data; boundary=----WebKitFormBoundaryXAj8lLaXFkB0XY7P',
  'origin' => 'http://127.0.0.1',
  'user-agent' => 'Mozilla/5.0 (Macintosh; Intel Mac OS X 10_12_6) AppleWebKit/604.1.38 (KHTML, like Gecko) Version/11.0 Safari/604.1.38',
  'connection' => 'keep-alive',
  'upgrade-insecure-requests' => '1',
  'referer' => 'http://127.0.0.1/dqexam/index.php/admin/exercises/add.html',
  'content-length' => '943',
  'cookie' => 'thinkphp_show_page_trace=0|0; thinkphp_show_page_trace=0|0; thinkphp_show_page_trace=0|0; thinkphp_show_page_trace=0|0; PHPSESSID=14dbf0a60b4b3fb8a09bba53b58683a4',
)
[ info ] [ PARAM ] array (
  'chapter_id' => '5533',
  'question_type' => '1',
  'question_content' => '<p>dads</p>',
  'right_answer' => 'A',
  'option' => 
  array (
    0 => '111',
    1 => '222',
  ),
  'analytical' => '',
  'effective' => '1',
  'sid' => '529',
)
[ info ] [ SESSION ] INIT array (
  'id' => '',
  'var_session_id' => '',
  'prefix' => 'think',
  'type' => '',
  'auto_start' => true,
)
[ info ] [ RUN ] app\admin\controller\Exercises->add[ /Library/WebServer/Documents/dqexam/application/admin/controller/Exercises.php ]
[ info ] [ DB ] INIT sqlite
[ info ] [ VIEW ] /Library/WebServer/Documents/dqexam/application/admin/view/exercises/add.html [ array (
  0 => 'info',
  1 => 'sid',
  2 => 'chapters',
) ]
[ info ] [ LOG ] INIT File

---------------------------------------------------------------
[ 2017-10-11T09:17:54+08:00 ] 127.0.0.1 127.0.0.1 POST /dqexam/index.php/admin/exercises/add.html
[ log ] 127.0.0.1/dqexam/index.php/admin/exercises/add.html [运行时间：0.020613s][吞吐率：48.51req/s] [内存消耗：2,777.91kb] [文件加载：54]
[ info ] [ LANG ] /Library/WebServer/Documents/dqexam/thinkphp/lang/zh-cn.php
[ info ] [ ROUTE ] array (
  'type' => 'module',
  'module' => 
  array (
    0 => 'admin',
    1 => 'exercises',
    2 => 'add',
  ),
)
[ info ] [ HEADER ] array (
  'host' => '127.0.0.1',
  'accept' => 'text/html,application/xhtml+xml,application/xml;q=0.9,*/*;q=0.8',
  'accept-encoding' => 'gzip, deflate',
  'accept-language' => 'zh-cn',
  'content-type' => 'multipart/form-data; boundary=----WebKitFormBoundary402iEmOM3tnkLRLs',
  'origin' => 'http://127.0.0.1',
  'user-agent' => 'Mozilla/5.0 (Macintosh; Intel Mac OS X 10_12_6) AppleWebKit/604.1.38 (KHTML, like Gecko) Version/11.0 Safari/604.1.38',
  'connection' => 'keep-alive',
  'upgrade-insecure-requests' => '1',
  'referer' => 'http://127.0.0.1/dqexam/index.php/admin/exercises/add.html',
  'content-length' => '646',
  'cookie' => 'thinkphp_show_page_trace=0|0; thinkphp_show_page_trace=0|0; thinkphp_show_page_trace=0|0; thinkphp_show_page_trace=0|0; PHPSESSID=14dbf0a60b4b3fb8a09bba53b58683a4',
)
[ info ] [ PARAM ] array (
  'chapter_id' => '5533',
  'question_type' => '1',
  'question_content' => '<p>ssa</p>',
  'analytical' => '',
  'effective' => '1',
  'sid' => '529',
)
[ info ] [ SESSION ] INIT array (
  'id' => '',
  'var_session_id' => '',
  'prefix' => 'think',
  'type' => '',
  'auto_start' => true,
)
[ info ] [ RUN ] app\admin\controller\Exercises->add[ /Library/WebServer/Documents/dqexam/application/admin/controller/Exercises.php ]
[ info ] [ DB ] INIT sqlite
[ info ] [ VIEW ] /Library/WebServer/Documents/dqexam/application/admin/view/exercises/add.html [ array (
  0 => 'info',
  1 => 'sid',
  2 => 'chapters',
) ]
[ info ] [ LOG ] INIT File

---------------------------------------------------------------
[ 2017-10-11T09:18:36+08:00 ] 127.0.0.1 127.0.0.1 POST /dqexam/index.php/admin/exercises/add.html
[ log ] 127.0.0.1/dqexam/index.php/admin/exercises/add.html [运行时间：0.021346s][吞吐率：46.85req/s] [内存消耗：2,776.95kb] [文件加载：54]
[ info ] [ LANG ] /Library/WebServer/Documents/dqexam/thinkphp/lang/zh-cn.php
[ info ] [ ROUTE ] array (
  'type' => 'module',
  'module' => 
  array (
    0 => 'admin',
    1 => 'exercises',
    2 => 'add',
  ),
)
[ info ] [ HEADER ] array (
  'host' => '127.0.0.1',
  'accept' => 'text/html,application/xhtml+xml,application/xml;q=0.9,*/*;q=0.8',
  'accept-encoding' => 'gzip, deflate',
  'accept-language' => 'zh-cn',
  'content-type' => 'multipart/form-data; boundary=----WebKitFormBoundary5ROISpxfKpab8rOh',
  'origin' => 'http://127.0.0.1',
  'user-agent' => 'Mozilla/5.0 (Macintosh; Intel Mac OS X 10_12_6) AppleWebKit/604.1.38 (KHTML, like Gecko) Version/11.0 Safari/604.1.38',
  'connection' => 'keep-alive',
  'upgrade-insecure-requests' => '1',
  'referer' => 'http://127.0.0.1/dqexam/index.php/admin/exercises/add.html',
  'content-length' => '636',
  'cookie' => 'thinkphp_show_page_trace=0|0; thinkphp_show_page_trace=0|0; thinkphp_show_page_trace=0|0; thinkphp_show_page_trace=0|0; PHPSESSID=14dbf0a60b4b3fb8a09bba53b58683a4',
)
[ info ] [ PARAM ] array (
  'chapter_id' => '5533',
  'question_type' => '1',
  'question_content' => '',
  'analytical' => '',
  'effective' => '1',
  'sid' => '529',
)
[ info ] [ SESSION ] INIT array (
  'id' => '',
  'var_session_id' => '',
  'prefix' => 'think',
  'type' => '',
  'auto_start' => true,
)
[ info ] [ RUN ] app\admin\controller\Exercises->add[ /Library/WebServer/Documents/dqexam/application/admin/controller/Exercises.php ]
[ info ] [ DB ] INIT sqlite
[ info ] [ VIEW ] /Library/WebServer/Documents/dqexam/application/admin/view/exercises/add.html [ array (
  0 => 'info',
  1 => 'sid',
  2 => 'chapters',
) ]
[ info ] [ LOG ] INIT File

---------------------------------------------------------------
[ 2017-10-11T09:18:56+08:00 ] 127.0.0.1 127.0.0.1 POST /dqexam/index.php/admin/exercises/add.html
[ log ] 127.0.0.1/dqexam/index.php/admin/exercises/add.html [运行时间：0.018758s][吞吐率：53.31req/s] [内存消耗：2,396.88kb] [文件加载：54]
[ info ] [ LANG ] /Library/WebServer/Documents/dqexam/thinkphp/lang/zh-cn.php
[ info ] [ ROUTE ] array (
  'type' => 'module',
  'module' => 
  array (
    0 => 'admin',
    1 => 'exercises',
    2 => 'add',
  ),
)
[ info ] [ HEADER ] array (
  'host' => '127.0.0.1',
  'accept' => 'text/html,application/xhtml+xml,application/xml;q=0.9,*/*;q=0.8',
  'accept-encoding' => 'gzip, deflate',
  'accept-language' => 'zh-cn',
  'content-type' => 'multipart/form-data; boundary=----WebKitFormBoundary5ROISpxfKpab8rOh',
  'origin' => 'http://127.0.0.1',
  'user-agent' => 'Mozilla/5.0 (Macintosh; Intel Mac OS X 10_12_6) AppleWebKit/604.1.38 (KHTML, like Gecko) Version/11.0 Safari/604.1.38',
  'connection' => 'keep-alive',
  'upgrade-insecure-requests' => '1',
  'referer' => 'http://127.0.0.1/dqexam/index.php/admin/exercises/add.html',
  'content-length' => '636',
  'cookie' => 'thinkphp_show_page_trace=0|0; thinkphp_show_page_trace=0|0; thinkphp_show_page_trace=0|0; thinkphp_show_page_trace=0|0; PHPSESSID=14dbf0a60b4b3fb8a09bba53b58683a4',
)
[ info ] [ PARAM ] array (
  'chapter_id' => '5533',
  'question_type' => '1',
  'question_content' => '',
  'analytical' => '',
  'effective' => '1',
  'sid' => '529',
)
[ info ] [ SESSION ] INIT array (
  'id' => '',
  'var_session_id' => '',
  'prefix' => 'think',
  'type' => '',
  'auto_start' => true,
)
[ info ] [ RUN ] app\admin\controller\Exercises->add[ /Library/WebServer/Documents/dqexam/application/admin/controller/Exercises.php ]
[ info ] [ LOG ] INIT File
[ error ] [8]未定义数组索引: option[/Library/WebServer/Documents/dqexam/application/admin/controller/Exercises.php:53]

---------------------------------------------------------------
[ 2017-10-11T09:19:49+08:00 ] 127.0.0.1 127.0.0.1 POST /dqexam/index.php/admin/exercises/add.html
[ log ] 127.0.0.1/dqexam/index.php/admin/exercises/add.html [运行时间：0.028536s][吞吐率：35.04req/s] [内存消耗：3,030.07kb] [文件加载：56]
[ info ] [ LANG ] /Library/WebServer/Documents/dqexam/thinkphp/lang/zh-cn.php
[ info ] [ ROUTE ] array (
  'type' => 'module',
  'module' => 
  array (
    0 => 'admin',
    1 => 'exercises',
    2 => 'add',
  ),
)
[ info ] [ HEADER ] array (
  'host' => '127.0.0.1',
  'accept' => 'text/html,application/xhtml+xml,application/xml;q=0.9,*/*;q=0.8',
  'accept-encoding' => 'gzip, deflate',
  'accept-language' => 'zh-cn',
  'content-type' => 'multipart/form-data; boundary=----WebKitFormBoundary5ROISpxfKpab8rOh',
  'origin' => 'http://127.0.0.1',
  'user-agent' => 'Mozilla/5.0 (Macintosh; Intel Mac OS X 10_12_6) AppleWebKit/604.1.38 (KHTML, like Gecko) Version/11.0 Safari/604.1.38',
  'connection' => 'keep-alive',
  'upgrade-insecure-requests' => '1',
  'referer' => 'http://127.0.0.1/dqexam/index.php/admin/exercises/add.html',
  'content-length' => '636',
  'cookie' => 'thinkphp_show_page_trace=0|0; thinkphp_show_page_trace=0|0; thinkphp_show_page_trace=0|0; thinkphp_show_page_trace=0|0; PHPSESSID=14dbf0a60b4b3fb8a09bba53b58683a4',
)
[ info ] [ PARAM ] array (
  'chapter_id' => '5533',
  'question_type' => '1',
  'question_content' => '',
  'analytical' => '',
  'effective' => '1',
  'sid' => '529',
)
[ info ] [ SESSION ] INIT array (
  'id' => '',
  'var_session_id' => '',
  'prefix' => 'think',
  'type' => '',
  'auto_start' => true,
)
[ info ] [ RUN ] app\admin\controller\Exercises->add[ /Library/WebServer/Documents/dqexam/application/admin/controller/Exercises.php ]
[ info ] [ DB ] INIT sqlite
[ info ] [ VIEW ] /Library/WebServer/Documents/dqexam/application/admin/view/exercises/add.html [ array (
  0 => 'info',
  1 => 'sid',
  2 => 'chapters',
) ]
[ info ] [ LOG ] INIT File

---------------------------------------------------------------
[ 2017-10-11T09:20:03+08:00 ] 127.0.0.1 127.0.0.1 POST /dqexam/index.php/admin/exercises/add.html
[ log ] 127.0.0.1/dqexam/index.php/admin/exercises/add.html [运行时间：0.021453s][吞吐率：46.61req/s] [内存消耗：2,374.44kb] [文件加载：47]
[ info ] [ LANG ] /Library/WebServer/Documents/dqexam/thinkphp/lang/zh-cn.php
[ info ] [ ROUTE ] array (
  'type' => 'module',
  'module' => 
  array (
    0 => 'admin',
    1 => 'exercises',
    2 => 'add',
  ),
)
[ info ] [ HEADER ] array (
  'host' => '127.0.0.1',
  'accept' => 'text/html,application/xhtml+xml,application/xml;q=0.9,*/*;q=0.8',
  'accept-encoding' => 'gzip, deflate',
  'accept-language' => 'zh-cn',
  'content-type' => 'multipart/form-data; boundary=----WebKitFormBoundary1SBN2xnborFQsaAi',
  'origin' => 'http://127.0.0.1',
  'user-agent' => 'Mozilla/5.0 (Macintosh; Intel Mac OS X 10_12_6) AppleWebKit/604.1.38 (KHTML, like Gecko) Version/11.0 Safari/604.1.38',
  'connection' => 'keep-alive',
  'upgrade-insecure-requests' => '1',
  'referer' => 'http://127.0.0.1/dqexam/index.php/admin/exercises/add.html',
  'content-length' => '955',
  'cookie' => 'thinkphp_show_page_trace=0|0; thinkphp_show_page_trace=0|0; thinkphp_show_page_trace=0|0; thinkphp_show_page_trace=0|0; PHPSESSID=14dbf0a60b4b3fb8a09bba53b58683a4',
)
[ info ] [ PARAM ] array (
  'chapter_id' => '5533',
  'question_type' => '1',
  'question_content' => '<p>dads</p>',
  'right_answer' => 'A',
  'option' => 
  array (
    0 => '123',
    1 => '345',
  ),
  'analytical' => 'seeds',
  'effective' => '1',
  'subject_id' => '529',
)
[ info ] [ SESSION ] INIT array (
  'id' => '',
  'var_session_id' => '',
  'prefix' => 'think',
  'type' => '',
  'auto_start' => true,
)
[ info ] [ RUN ] app\admin\controller\Exercises->add[ /Library/WebServer/Documents/dqexam/application/admin/controller/Exercises.php ]
[ info ] [ DB ] INIT sqlite
[ info ] [ LOG ] INIT File

---------------------------------------------------------------
[ 2017-10-11T09:23:44+08:00 ] 127.0.0.1 127.0.0.1 POST /dqexam/index.php/admin/exercises/add.html
[ log ] 127.0.0.1/dqexam/index.php/admin/exercises/add.html [运行时间：0.018518s][吞吐率：54.00req/s] [内存消耗：2,374.91kb] [文件加载：47]
[ info ] [ LANG ] /Library/WebServer/Documents/dqexam/thinkphp/lang/zh-cn.php
[ info ] [ ROUTE ] array (
  'type' => 'module',
  'module' => 
  array (
    0 => 'admin',
    1 => 'exercises',
    2 => 'add',
  ),
)
[ info ] [ HEADER ] array (
  'host' => '127.0.0.1',
  'accept' => 'text/html,application/xhtml+xml,application/xml;q=0.9,*/*;q=0.8',
  'accept-encoding' => 'gzip, deflate',
  'accept-language' => 'zh-cn',
  'content-type' => 'multipart/form-data; boundary=----WebKitFormBoundary1SBN2xnborFQsaAi',
  'origin' => 'http://127.0.0.1',
  'user-agent' => 'Mozilla/5.0 (Macintosh; Intel Mac OS X 10_12_6) AppleWebKit/604.1.38 (KHTML, like Gecko) Version/11.0 Safari/604.1.38',
  'connection' => 'keep-alive',
  'upgrade-insecure-requests' => '1',
  'referer' => 'http://127.0.0.1/dqexam/index.php/admin/exercises/add.html',
  'content-length' => '955',
  'cookie' => 'thinkphp_show_page_trace=0|0; thinkphp_show_page_trace=0|0; thinkphp_show_page_trace=0|0; thinkphp_show_page_trace=0|0; PHPSESSID=14dbf0a60b4b3fb8a09bba53b58683a4',
)
[ info ] [ PARAM ] array (
  'chapter_id' => '5533',
  'question_type' => '1',
  'question_content' => '<p>dads</p>',
  'right_answer' => 'A',
  'option' => 
  array (
    0 => '123',
    1 => '345',
  ),
  'analytical' => 'seeds',
  'effective' => '1',
  'subject_id' => '529',
)
[ info ] [ SESSION ] INIT array (
  'id' => '',
  'var_session_id' => '',
  'prefix' => 'think',
  'type' => '',
  'auto_start' => true,
)
[ info ] [ RUN ] app\admin\controller\Exercises->add[ /Library/WebServer/Documents/dqexam/application/admin/controller/Exercises.php ]
[ info ] [ DB ] INIT sqlite
[ info ] [ LOG ] INIT File

---------------------------------------------------------------
[ 2017-10-11T09:33:47+08:00 ] 127.0.0.1 127.0.0.1 POST /dqexam/index.php/admin/exercises/add.html
[ log ] 127.0.0.1/dqexam/index.php/admin/exercises/add.html [运行时间：0.019078s][吞吐率：52.42req/s] [内存消耗：2,779.02kb] [文件加载：54]
[ info ] [ LANG ] /Library/WebServer/Documents/dqexam/thinkphp/lang/zh-cn.php
[ info ] [ ROUTE ] array (
  'type' => 'module',
  'module' => 
  array (
    0 => 'admin',
    1 => 'exercises',
    2 => 'add',
  ),
)
[ info ] [ HEADER ] array (
  'host' => '127.0.0.1',
  'accept' => 'text/html,application/xhtml+xml,application/xml;q=0.9,*/*;q=0.8',
  'accept-encoding' => 'gzip, deflate',
  'accept-language' => 'zh-cn',
  'content-type' => 'multipart/form-data; boundary=----WebKitFormBoundary5ROISpxfKpab8rOh',
  'origin' => 'http://127.0.0.1',
  'user-agent' => 'Mozilla/5.0 (Macintosh; Intel Mac OS X 10_12_6) AppleWebKit/604.1.38 (KHTML, like Gecko) Version/11.0 Safari/604.1.38',
  'connection' => 'keep-alive',
  'upgrade-insecure-requests' => '1',
  'referer' => 'http://127.0.0.1/dqexam/index.php/admin/exercises/add.html',
  'content-length' => '636',
  'cookie' => 'thinkphp_show_page_trace=0|0; thinkphp_show_page_trace=0|0; thinkphp_show_page_trace=0|0; thinkphp_show_page_trace=0|0; PHPSESSID=14dbf0a60b4b3fb8a09bba53b58683a4',
)
[ info ] [ PARAM ] array (
  'chapter_id' => '5533',
  'question_type' => '1',
  'question_content' => '',
  'analytical' => '',
  'effective' => '1',
  'sid' => '529',
)
[ info ] [ SESSION ] INIT array (
  'id' => '',
  'var_session_id' => '',
  'prefix' => 'think',
  'type' => '',
  'auto_start' => true,
)
[ info ] [ RUN ] app\admin\controller\Exercises->add[ /Library/WebServer/Documents/dqexam/application/admin/controller/Exercises.php ]
[ info ] [ DB ] INIT sqlite
[ info ] [ VIEW ] /Library/WebServer/Documents/dqexam/application/admin/view/exercises/add.html [ array (
  0 => 'info',
  1 => 'sid',
  2 => 'chapters',
) ]
[ info ] [ LOG ] INIT File

---------------------------------------------------------------
[ 2017-10-11T09:38:44+08:00 ] 127.0.0.1 127.0.0.1 POST /dqexam/index.php/admin/exercises/add.html
[ log ] 127.0.0.1/dqexam/index.php/admin/exercises/add.html [运行时间：0.027071s][吞吐率：36.94req/s] [内存消耗：2,734.17kb] [文件加载：56]
[ info ] [ LANG ] /Library/WebServer/Documents/dqexam/thinkphp/lang/zh-cn.php
[ info ] [ ROUTE ] array (
  'type' => 'module',
  'module' => 
  array (
    0 => 'admin',
    1 => 'exercises',
    2 => 'add',
  ),
)
[ info ] [ HEADER ] array (
  'host' => '127.0.0.1',
  'accept' => 'text/html,application/xhtml+xml,application/xml;q=0.9,*/*;q=0.8',
  'accept-encoding' => 'gzip, deflate',
  'accept-language' => 'zh-cn',
  'content-type' => 'multipart/form-data; boundary=----WebKitFormBoundaryxzuA3FYoDWJPDKmm',
  'origin' => 'http://127.0.0.1',
  'user-agent' => 'Mozilla/5.0 (Macintosh; Intel Mac OS X 10_12_6) AppleWebKit/604.1.38 (KHTML, like Gecko) Version/11.0 Safari/604.1.38',
  'connection' => 'keep-alive',
  'upgrade-insecure-requests' => '1',
  'referer' => 'http://127.0.0.1/dqexam/index.php/admin/exercises/add.html',
  'content-length' => '1379',
  'cookie' => 'thinkphp_show_page_trace=0|0; thinkphp_show_page_trace=0|0; thinkphp_show_page_trace=0|0; thinkphp_show_page_trace=0|0; PHPSESSID=14dbf0a60b4b3fb8a09bba53b58683a4',
)
[ info ] [ PARAM ] array (
  'chapter_id' => '54318',
  'question_type' => '1',
  'question_content' => '<p>&nbsp;风险是指（　　）&nbsp;</p><p><br></p>',
  'option' => 
  array (
    0 => '损失的大小 ',
    1 => '损失的分布',
    2 => '未来结果的不确定性 ',
    3 => '收益的分布',
  ),
  'right_answer' => 'C',
  'analytical' => '风险的一种定义强调了风险表现为不确定性；而另一种定义则强调风险表现为损失的不确定性。 ',
  'effective' => '1',
  'subject_id' => '529',
)
[ info ] [ SESSION ] INIT array (
  'id' => '',
  'var_session_id' => '',
  'prefix' => 'think',
  'type' => '',
  'auto_start' => true,
)
[ info ] [ RUN ] app\admin\controller\Exercises->add[ /Library/WebServer/Documents/dqexam/application/admin/controller/Exercises.php ]
[ info ] [ DB ] INIT sqlite
[ info ] [ VIEW ] /Library/WebServer/Documents/dqexam/thinkphp/tpl/dispatch_jump.tpl [ array (
  0 => 'info',
  1 => 'code',
  2 => 'msg',
  3 => 'data',
  4 => 'url',
  5 => 'wait',
) ]
[ info ] [ LOG ] INIT File

---------------------------------------------------------------
[ 2017-10-11T09:38:46+08:00 ] 127.0.0.1 127.0.0.1 GET /dqexam/index.php/admin/exercises/add.html
[ log ] 127.0.0.1/dqexam/index.php/admin/exercises/add.html [运行时间：0.037458s][吞吐率：26.70req/s] [内存消耗：4,122.80kb] [文件加载：64]
[ info ] [ LANG ] /Library/WebServer/Documents/dqexam/thinkphp/lang/zh-cn.php
[ info ] [ ROUTE ] array (
  'type' => 'module',
  'module' => 
  array (
    0 => 'admin',
    1 => 'exercises',
    2 => 'add',
  ),
)
[ info ] [ HEADER ] array (
  'host' => '127.0.0.1',
  'cookie' => 'thinkphp_show_page_trace=0|0; thinkphp_show_page_trace=0|0; thinkphp_show_page_trace=0|0; thinkphp_show_page_trace=0|0; PHPSESSID=14dbf0a60b4b3fb8a09bba53b58683a4',
  'connection' => 'keep-alive',
  'upgrade-insecure-requests' => '1',
  'accept' => 'text/html,application/xhtml+xml,application/xml;q=0.9,*/*;q=0.8',
  'user-agent' => 'Mozilla/5.0 (Macintosh; Intel Mac OS X 10_12_6) AppleWebKit/604.1.38 (KHTML, like Gecko) Version/11.0 Safari/604.1.38',
  'referer' => 'http://127.0.0.1/dqexam/index.php/admin/exercises/add.html',
  'accept-language' => 'zh-cn',
  'accept-encoding' => 'gzip, deflate',
)
[ info ] [ PARAM ] array (
)
[ info ] [ SESSION ] INIT array (
  'id' => '',
  'var_session_id' => '',
  'prefix' => 'think',
  'type' => '',
  'auto_start' => true,
)
[ info ] [ RUN ] app\admin\controller\Exercises->add[ /Library/WebServer/Documents/dqexam/application/admin/controller/Exercises.php ]
[ info ] [ DB ] INIT mysql
[ info ] [ VIEW ] /Library/WebServer/Documents/dqexam/application/admin/view/exercises/subject.html [ array (
  0 => 'info',
  1 => 'action',
  2 => 'lists',
  3 => 'page',
) ]
[ info ] [ LOG ] INIT File
[ sql ] [ DB ] CONNECT:[ UseTime:0.000535s ] mysql:dbname=dq_exam_db;host=127.0.0.1;charset=utf8
[ sql ] [ SQL ] SHOW COLUMNS FROM `dq_product` [ RunTime:0.000669s ]
[ sql ] [ SQL ] SELECT COUNT(*) AS tp_count FROM `dq_product` LIMIT 1 [ RunTime:0.000273s ]
[ sql ] [ SQL ] SELECT * FROM `dq_product` LIMIT 0,20 [ RunTime:0.000246s ]

---------------------------------------------------------------
[ 2017-10-11T09:38:49+08:00 ] 127.0.0.1 127.0.0.1 GET /dqexam/index.php/admin/exercises/add.html?page=13
[ log ] 127.0.0.1/dqexam/index.php/admin/exercises/add.html?page=13 [运行时间：0.029741s][吞吐率：33.62req/s] [内存消耗：3,865.66kb] [文件加载：62]
[ info ] [ LANG ] /Library/WebServer/Documents/dqexam/thinkphp/lang/zh-cn.php
[ info ] [ ROUTE ] array (
  'type' => 'module',
  'module' => 
  array (
    0 => 'admin',
    1 => 'exercises',
    2 => 'add',
  ),
)
[ info ] [ HEADER ] array (
  'host' => '127.0.0.1',
  'cookie' => 'thinkphp_show_page_trace=0|0; thinkphp_show_page_trace=0|0; thinkphp_show_page_trace=0|0; thinkphp_show_page_trace=0|0; PHPSESSID=14dbf0a60b4b3fb8a09bba53b58683a4',
  'connection' => 'keep-alive',
  'upgrade-insecure-requests' => '1',
  'accept' => 'text/html,application/xhtml+xml,application/xml;q=0.9,*/*;q=0.8',
  'user-agent' => 'Mozilla/5.0 (Macintosh; Intel Mac OS X 10_12_6) AppleWebKit/604.1.38 (KHTML, like Gecko) Version/11.0 Safari/604.1.38',
  'referer' => 'http://127.0.0.1/dqexam/index.php/admin/exercises/add.html',
  'accept-language' => 'zh-cn',
  'accept-encoding' => 'gzip, deflate',
)
[ info ] [ PARAM ] array (
  'page' => '13',
)
[ info ] [ SESSION ] INIT array (
  'id' => '',
  'var_session_id' => '',
  'prefix' => 'think',
  'type' => '',
  'auto_start' => true,
)
[ info ] [ RUN ] app\admin\controller\Exercises->add[ /Library/WebServer/Documents/dqexam/application/admin/controller/Exercises.php ]
[ info ] [ DB ] INIT mysql
[ info ] [ VIEW ] /Library/WebServer/Documents/dqexam/application/admin/view/exercises/subject.html [ array (
  0 => 'info',
  1 => 'action',
  2 => 'lists',
  3 => 'page',
) ]
[ info ] [ LOG ] INIT File
[ sql ] [ DB ] CONNECT:[ UseTime:0.002541s ] mysql:dbname=dq_exam_db;host=127.0.0.1;charset=utf8
[ sql ] [ SQL ] SHOW COLUMNS FROM `dq_product` [ RunTime:0.001645s ]
[ sql ] [ SQL ] SELECT COUNT(*) AS tp_count FROM `dq_product` LIMIT 1 [ RunTime:0.000483s ]
[ sql ] [ SQL ] SELECT * FROM `dq_product` LIMIT 240,20 [ RunTime:0.000487s ]

---------------------------------------------------------------
[ 2017-10-11T09:38:50+08:00 ] 127.0.0.1 127.0.0.1 GET /dqexam/index.php/admin/exercises/add/sid/529.html
[ log ] 127.0.0.1/dqexam/index.php/admin/exercises/add/sid/529.html [运行时间：0.020884s][吞吐率：47.88req/s] [内存消耗：2,777.13kb] [文件加载：54]
[ info ] [ LANG ] /Library/WebServer/Documents/dqexam/thinkphp/lang/zh-cn.php
[ info ] [ ROUTE ] array (
  'type' => 'module',
  'module' => 
  array (
    0 => 'admin',
    1 => 'exercises',
    2 => 'add',
  ),
)
[ info ] [ HEADER ] array (
  'host' => '127.0.0.1',
  'cookie' => 'thinkphp_show_page_trace=0|0; thinkphp_show_page_trace=0|0; thinkphp_show_page_trace=0|0; thinkphp_show_page_trace=0|0; thinkphp_show_page_trace=0|0; PHPSESSID=14dbf0a60b4b3fb8a09bba53b58683a4',
  'connection' => 'keep-alive',
  'upgrade-insecure-requests' => '1',
  'accept' => 'text/html,application/xhtml+xml,application/xml;q=0.9,*/*;q=0.8',
  'user-agent' => 'Mozilla/5.0 (Macintosh; Intel Mac OS X 10_12_6) AppleWebKit/604.1.38 (KHTML, like Gecko) Version/11.0 Safari/604.1.38',
  'referer' => 'http://127.0.0.1/dqexam/index.php/admin/exercises/add.html?page=13',
  'accept-language' => 'zh-cn',
  'accept-encoding' => 'gzip, deflate',
)
[ info ] [ PARAM ] array (
  'sid' => '529',
)
[ info ] [ SESSION ] INIT array (
  'id' => '',
  'var_session_id' => '',
  'prefix' => 'think',
  'type' => '',
  'auto_start' => true,
)
[ info ] [ RUN ] app\admin\controller\Exercises->add[ /Library/WebServer/Documents/dqexam/application/admin/controller/Exercises.php ]
[ info ] [ DB ] INIT sqlite
[ info ] [ VIEW ] /Library/WebServer/Documents/dqexam/application/admin/view/exercises/add.html [ array (
  0 => 'info',
  1 => 'sid',
  2 => 'chapters',
) ]
[ info ] [ LOG ] INIT File

---------------------------------------------------------------
[ 2017-10-11T09:42:27+08:00 ] 127.0.0.1 127.0.0.1 POST /dqexam/index.php/admin/exercises/add.html
[ log ] 127.0.0.1/dqexam/index.php/admin/exercises/add.html [运行时间：0.023624s][吞吐率：42.33req/s] [内存消耗：2,544.84kb] [文件加载：54]
[ info ] [ LANG ] /Library/WebServer/Documents/dqexam/thinkphp/lang/zh-cn.php
[ info ] [ ROUTE ] array (
  'type' => 'module',
  'module' => 
  array (
    0 => 'admin',
    1 => 'exercises',
    2 => 'add',
  ),
)
[ info ] [ HEADER ] array (
  'host' => '127.0.0.1',
  'accept' => 'text/html,application/xhtml+xml,application/xml;q=0.9,*/*;q=0.8',
  'accept-encoding' => 'gzip, deflate',
  'accept-language' => 'zh-cn',
  'content-type' => 'multipart/form-data; boundary=----WebKitFormBoundaryokqPX5krp3eKIJQ9',
  'origin' => 'http://127.0.0.1',
  'user-agent' => 'Mozilla/5.0 (Macintosh; Intel Mac OS X 10_12_6) AppleWebKit/604.1.38 (KHTML, like Gecko) Version/11.0 Safari/604.1.38',
  'connection' => 'keep-alive',
  'upgrade-insecure-requests' => '1',
  'referer' => 'http://127.0.0.1/dqexam/index.php/admin/exercises/add/sid/529.html',
  'content-length' => '1419',
  'cookie' => 'thinkphp_show_page_trace=0|0; thinkphp_show_page_trace=0|0; thinkphp_show_page_trace=0|0; thinkphp_show_page_trace=0|0; PHPSESSID=14dbf0a60b4b3fb8a09bba53b58683a4',
)
[ info ] [ PARAM ] array (
  'chapter_id' => '54318',
  'question_type' => '1',
  'question_content' => '<p>&nbsp;全面的风险管理模式强调信用风险、（　　）和操作风险并举，组织流程再造与技术手段创新并举。&nbsp;</p><p><br></p>',
  'right_answer' => 'A',
  'option' => 
  array (
    0 => '市场风险 ',
    1 => '流动风险 ',
    2 => '战略风险 ',
    3 => '法律风险',
  ),
  'analytical' => '全面风险管理模式强调信用风险、市场风险和操作风险并举。 ',
  'effective' => '1',
  'subject_id' => '529',
)
[ info ] [ SESSION ] INIT array (
  'id' => '',
  'var_session_id' => '',
  'prefix' => 'think',
  'type' => '',
  'auto_start' => true,
)
[ info ] [ RUN ] app\admin\controller\Exercises->add[ /Library/WebServer/Documents/dqexam/application/admin/controller/Exercises.php ]
[ info ] [ DB ] INIT sqlite
[ info ] [ VIEW ] /Library/WebServer/Documents/dqexam/thinkphp/tpl/dispatch_jump.tpl [ array (
  0 => 'info',
  1 => 'code',
  2 => 'msg',
  3 => 'data',
  4 => 'url',
  5 => 'wait',
) ]
[ info ] [ LOG ] INIT File

---------------------------------------------------------------
[ 2017-10-11T09:42:30+08:00 ] 127.0.0.1 127.0.0.1 GET /dqexam/index.php/admin/exercises/add/sid/529.html
[ log ] 127.0.0.1/dqexam/index.php/admin/exercises/add/sid/529.html [运行时间：0.019894s][吞吐率：50.27req/s] [内存消耗：2,777.03kb] [文件加载：54]
[ info ] [ LANG ] /Library/WebServer/Documents/dqexam/thinkphp/lang/zh-cn.php
[ info ] [ ROUTE ] array (
  'type' => 'module',
  'module' => 
  array (
    0 => 'admin',
    1 => 'exercises',
    2 => 'add',
  ),
)
[ info ] [ HEADER ] array (
  'host' => '127.0.0.1',
  'cookie' => 'thinkphp_show_page_trace=0|0; thinkphp_show_page_trace=0|0; thinkphp_show_page_trace=0|0; thinkphp_show_page_trace=0|0; thinkphp_show_page_trace=0|0; PHPSESSID=14dbf0a60b4b3fb8a09bba53b58683a4',
  'connection' => 'keep-alive',
  'upgrade-insecure-requests' => '1',
  'accept' => 'text/html,application/xhtml+xml,application/xml;q=0.9,*/*;q=0.8',
  'user-agent' => 'Mozilla/5.0 (Macintosh; Intel Mac OS X 10_12_6) AppleWebKit/604.1.38 (KHTML, like Gecko) Version/11.0 Safari/604.1.38',
  'referer' => 'http://127.0.0.1/dqexam/index.php/admin/exercises/add.html',
  'accept-language' => 'zh-cn',
  'accept-encoding' => 'gzip, deflate',
)
[ info ] [ PARAM ] array (
  'sid' => '529',
)
[ info ] [ SESSION ] INIT array (
  'id' => '',
  'var_session_id' => '',
  'prefix' => 'think',
  'type' => '',
  'auto_start' => true,
)
[ info ] [ RUN ] app\admin\controller\Exercises->add[ /Library/WebServer/Documents/dqexam/application/admin/controller/Exercises.php ]
[ info ] [ DB ] INIT sqlite
[ info ] [ VIEW ] /Library/WebServer/Documents/dqexam/application/admin/view/exercises/add.html [ array (
  0 => 'info',
  1 => 'sid',
  2 => 'chapters',
) ]
[ info ] [ LOG ] INIT File

---------------------------------------------------------------
[ 2017-10-11T09:47:21+08:00 ] 127.0.0.1 127.0.0.1 POST /dqexam/index.php/admin/exercises/add.html
[ log ] 127.0.0.1/dqexam/index.php/admin/exercises/add.html [运行时间：0.018728s][吞吐率：53.40req/s] [内存消耗：2,544.74kb] [文件加载：54]
[ info ] [ LANG ] /Library/WebServer/Documents/dqexam/thinkphp/lang/zh-cn.php
[ info ] [ ROUTE ] array (
  'type' => 'module',
  'module' => 
  array (
    0 => 'admin',
    1 => 'exercises',
    2 => 'add',
  ),
)
[ info ] [ HEADER ] array (
  'host' => '127.0.0.1',
  'accept' => 'text/html,application/xhtml+xml,application/xml;q=0.9,*/*;q=0.8',
  'accept-encoding' => 'gzip, deflate',
  'accept-language' => 'zh-cn',
  'content-type' => 'multipart/form-data; boundary=----WebKitFormBoundaryAhb68qjmOxSdHrHQ',
  'origin' => 'http://127.0.0.1',
  'user-agent' => 'Mozilla/5.0 (Macintosh; Intel Mac OS X 10_12_6) AppleWebKit/604.1.38 (KHTML, like Gecko) Version/11.0 Safari/604.1.38',
  'connection' => 'keep-alive',
  'upgrade-insecure-requests' => '1',
  'referer' => 'http://127.0.0.1/dqexam/index.php/admin/exercises/add/sid/529.html',
  'content-length' => '1437',
  'cookie' => 'thinkphp_show_page_trace=0|0; thinkphp_show_page_trace=0|0; thinkphp_show_page_trace=0|0; thinkphp_show_page_trace=0|0; PHPSESSID=14dbf0a60b4b3fb8a09bba53b58683a4',
)
[ info ] [ PARAM ] array (
  'chapter_id' => '54318',
  'question_type' => '1',
  'question_content' => '<p>&nbsp;全面风险管理体系有三个维度，下列选项不属于这三个维度的是（　　）&nbsp;</p><p><br></p>',
  'right_answer' => 'A',
  'option' => 
  array (
    0 => '企业的资产规模 ',
    1 => '企业的目标 ',
    2 => '全面风险管理要素 ',
    3 => '企业的各个层级 ',
  ),
  'analytical' => '横向是企业目标，纵向是备个层级，分散于各个部门角落的是风险管理要素。',
  'effective' => '1',
  'subject_id' => '529',
)
[ info ] [ SESSION ] INIT array (
  'id' => '',
  'var_session_id' => '',
  'prefix' => 'think',
  'type' => '',
  'auto_start' => true,
)
[ info ] [ RUN ] app\admin\controller\Exercises->add[ /Library/WebServer/Documents/dqexam/application/admin/controller/Exercises.php ]
[ info ] [ DB ] INIT sqlite
[ info ] [ VIEW ] /Library/WebServer/Documents/dqexam/thinkphp/tpl/dispatch_jump.tpl [ array (
  0 => 'info',
  1 => 'code',
  2 => 'msg',
  3 => 'data',
  4 => 'url',
  5 => 'wait',
) ]
[ info ] [ LOG ] INIT File

---------------------------------------------------------------
[ 2017-10-11T09:47:24+08:00 ] 127.0.0.1 127.0.0.1 GET /dqexam/index.php/admin/exercises/add/sid/529.html
[ log ] 127.0.0.1/dqexam/index.php/admin/exercises/add/sid/529.html [运行时间：0.020810s][吞吐率：48.05req/s] [内存消耗：2,777.09kb] [文件加载：54]
[ info ] [ LANG ] /Library/WebServer/Documents/dqexam/thinkphp/lang/zh-cn.php
[ info ] [ ROUTE ] array (
  'type' => 'module',
  'module' => 
  array (
    0 => 'admin',
    1 => 'exercises',
    2 => 'add',
  ),
)
[ info ] [ HEADER ] array (
  'host' => '127.0.0.1',
  'cookie' => 'thinkphp_show_page_trace=0|0; thinkphp_show_page_trace=0|0; thinkphp_show_page_trace=0|0; thinkphp_show_page_trace=0|0; thinkphp_show_page_trace=0|0; PHPSESSID=14dbf0a60b4b3fb8a09bba53b58683a4',
  'connection' => 'keep-alive',
  'upgrade-insecure-requests' => '1',
  'accept' => 'text/html,application/xhtml+xml,application/xml;q=0.9,*/*;q=0.8',
  'user-agent' => 'Mozilla/5.0 (Macintosh; Intel Mac OS X 10_12_6) AppleWebKit/604.1.38 (KHTML, like Gecko) Version/11.0 Safari/604.1.38',
  'referer' => 'http://127.0.0.1/dqexam/index.php/admin/exercises/add.html',
  'accept-language' => 'zh-cn',
  'accept-encoding' => 'gzip, deflate',
)
[ info ] [ PARAM ] array (
  'sid' => '529',
)
[ info ] [ SESSION ] INIT array (
  'id' => '',
  'var_session_id' => '',
  'prefix' => 'think',
  'type' => '',
  'auto_start' => true,
)
[ info ] [ RUN ] app\admin\controller\Exercises->add[ /Library/WebServer/Documents/dqexam/application/admin/controller/Exercises.php ]
[ info ] [ DB ] INIT sqlite
[ info ] [ VIEW ] /Library/WebServer/Documents/dqexam/application/admin/view/exercises/add.html [ array (
  0 => 'info',
  1 => 'sid',
  2 => 'chapters',
) ]
[ info ] [ LOG ] INIT File

---------------------------------------------------------------
