[ 2017-10-19T09:02:24+08:00 ] 127.0.0.1 127.0.0.1 GET /dqExam/index.php/admin/chapter/add/sid/541.html
[ log ] 127.0.0.1/dqExam/index.php/admin/chapter/add/sid/541.html [运行时间：0.177728s][吞吐率：5.63req/s] [内存消耗：2,651.45kb] [文件加载：54]
[ info ] [ LANG ] /Library/WebServer/Documents/dqExam/thinkphp/lang/zh-cn.php
[ info ] [ ROUTE ] array (
  'type' => 'module',
  'module' => 
  array (
    0 => 'admin',
    1 => 'chapter',
    2 => 'add',
  ),
)
[ info ] [ HEADER ] array (
  'host' => '127.0.0.1',
  'cookie' => 'thinkphp_show_page_trace=0|0; thinkphp_show_page_trace=0|0; thinkphp_show_page_trace=0|0; exam_currentuser=%25C4pl%259E%25AC%25AAma%2596%259FX%25D9%25C6%25D6%25A3%25A1%25D3%25D4%25DA%25A4%2595%25A5%259C%259ATp%25A3%259Dd%259FYc%2585q%25A7%259EblmR%25D6%25CA%25A9%25D9%25CA%25D2%259E%25A8%25C5%25D9%25D8%25A8%259F%25A5%2597Xm%25A8j%2596e%259FYd%2597je%2599d%2598ee%259C%259E%2598%25CB%2598%2599hm%25C7%2599%2597%2595bekg%2598jg%25C4%2598%259BnT%259E%25A9n%259DkY%25A6%2595%25D6%25D8%259F%25D5%25CF%25CC%25A0Z%259F%25D9%259FjjUdhic%2560%2591c%2593hT%259E%25A9n%2595eqU%25A3%25C8%25D8%25A9%25CF%25D0%25D1%2597%25AA%25D3%25DB%25D5%259A%2594Un%25A9lfj%2585d%2587r%25A5%259Dgj%259ES%25AA%2598%25A3%25D6%25CE%25A5%25D4%25CD%25D2%2597%25A1%25D2%25DA%25CE%259E%2595Un%259Flfe%2593k%2597ph%2595fg%259F%25A4qde%259D%2587%25A9%25CB%25D4%25D6%2599%25A7%25D2%25DB%25D8%2596%25A2%25A1%2594%25A3%2597Wk%25D6m%259CqT%25D3%259B%2595%25C8%259E%25A0%25A1R%259E%25D8p%2597%2597%259DR%25AB%25C9%25D9%25D8%259A%259F%25A1%25A7%259F%259F%259A%259C%25CC%25A0%25CE%25ABT%259E%259Fn%2595fgkb%259C%259Bh%2596%2594%259E%25A3r%259D%25A0%2587%25A4%2595%25A6%25A6%259F%25A1%25A3%2599%25C7U%25A0%25AAl%2596hn%2586%2597o%2597e%2593%25C6k%259A%2591%2594%2595i%259B%25C9%25C8cig%2596%259Ck%2596%2596%2594f%2595id%25C7ne%2595Sr%25B0; exam_psid=f8d50a5401e17cc294cf9af13022d811; PHPSESSID=f8d50a5401e17cc294cf9af13022d811',
  'connection' => 'keep-alive',
  'upgrade-insecure-requests' => '1',
  'accept' => 'text/html,application/xhtml+xml,application/xml;q=0.9,*/*;q=0.8',
  'user-agent' => 'Mozilla/5.0 (Macintosh; Intel Mac OS X 10_12_6) AppleWebKit/604.1.38 (KHTML, like Gecko) Version/11.0 Safari/604.1.38',
  'referer' => 'http://127.0.0.1/dqExam/index.php/admin/chapter/add.html',
  'accept-language' => 'zh-cn',
  'accept-encoding' => 'gzip, deflate',
)
[ info ] [ PARAM ] array (
  'sid' => '541',
)
[ info ] [ SESSION ] INIT array (
  'id' => '',
  'var_session_id' => '',
  'prefix' => 'think',
  'type' => '',
  'auto_start' => true,
)
[ info ] [ RUN ] app\admin\controller\Chapter->add[ /Library/WebServer/Documents/dqExam/application/admin/controller/Chapter.php ]
[ info ] [ DB ] INIT sqlite
[ info ] [ VIEW ] /Library/WebServer/Documents/dqExam/application/admin/view/chapter/add.html [ array (
  0 => 'info',
  1 => 'action',
  2 => 'chapters',
  3 => 'sid',
) ]
[ info ] [ LOG ] INIT File

---------------------------------------------------------------
[ 2017-10-19T09:04:33+08:00 ] 127.0.0.1 127.0.0.1 GET /dqExam/index.php/admin/exercises/add.html
[ log ] 127.0.0.1/dqExam/index.php/admin/exercises/add.html [运行时间：0.195734s][吞吐率：5.11req/s] [内存消耗：3,920.14kb] [文件加载：62]
[ info ] [ LANG ] /Library/WebServer/Documents/dqExam/thinkphp/lang/zh-cn.php
[ info ] [ ROUTE ] array (
  'type' => 'module',
  'module' => 
  array (
    0 => 'admin',
    1 => 'exercises',
    2 => 'add',
  ),
)
[ info ] [ HEADER ] array (
  'host' => '127.0.0.1',
  'cookie' => 'thinkphp_show_page_trace=0|0; thinkphp_show_page_trace=0|0; exam_currentuser=%25C4pl%259E%25AC%25AAma%2596%259FX%25D9%25C6%25D6%25A3%25A1%25D3%25D4%25DA%25A4%2595%25A5%259C%259ATp%25A3%259Dd%259FYc%2585q%25A7%259EblmR%25D6%25CA%25A9%25D9%25CA%25D2%259E%25A8%25C5%25D9%25D8%25A8%259F%25A5%2597Xm%25A8j%2596e%259FYd%2597je%2599d%2598ee%259C%259E%2598%25CB%2598%2599hm%25C7%2599%2597%2595bekg%2598jg%25C4%2598%259BnT%259E%25A9n%259DkY%25A6%2595%25D6%25D8%259F%25D5%25CF%25CC%25A0Z%259F%25D9%259FjjUdhic%2560%2591c%2593hT%259E%25A9n%2595eqU%25A3%25C8%25D8%25A9%25CF%25D0%25D1%2597%25AA%25D3%25DB%25D5%259A%2594Un%25A9lfj%2585d%2587r%25A5%259Dgj%259ES%25AA%2598%25A3%25D6%25CE%25A5%25D4%25CD%25D2%2597%25A1%25D2%25DA%25CE%259E%2595Un%259Flfe%2593k%2597ph%2595fg%259F%25A4qde%259D%2587%25A9%25CB%25D4%25D6%2599%25A7%25D2%25DB%25D8%2596%25A2%25A1%2594%25A3%2597Wk%25D6m%259CqT%25D3%259B%2595%25C8%259E%25A0%25A1R%259E%25D8p%2597%2597%259DR%25AB%25C9%25D9%25D8%259A%259F%25A1%25A7%259F%259F%259A%259C%25CC%25A0%25CE%25ABT%259E%259Fn%2595fgkb%259C%259Bh%2596%2594%259E%25A3r%259D%25A0%2587%25A4%2595%25A6%25A6%259F%25A1%25A3%2599%25C7U%25A0%25AAl%2596hn%2586%2597o%2597e%2593%25C6k%259A%2591%2594%2595i%259B%25C9%25C8cig%2596%259Ck%2596%2596%2594f%2595id%25C7ne%2595Sr%25B0; exam_psid=f8d50a5401e17cc294cf9af13022d811; PHPSESSID=f8d50a5401e17cc294cf9af13022d811',
  'connection' => 'keep-alive',
  'upgrade-insecure-requests' => '1',
  'accept' => 'text/html,application/xhtml+xml,application/xml;q=0.9,*/*;q=0.8',
  'user-agent' => 'Mozilla/5.0 (Macintosh; Intel Mac OS X 10_12_6) AppleWebKit/604.1.38 (KHTML, like Gecko) Version/11.0 Safari/604.1.38',
  'referer' => 'http://127.0.0.1/dqExam/index.php/admin/exercises/add/sid/541.html',
  'accept-language' => 'zh-cn',
  'accept-encoding' => 'gzip, deflate',
)
[ info ] [ PARAM ] array (
)
[ info ] [ SESSION ] INIT array (
  'id' => '',
  'var_session_id' => '',
  'prefix' => 'think',
  'type' => '',
  'auto_start' => true,
)
[ info ] [ RUN ] app\admin\controller\Exercises->add[ /Library/WebServer/Documents/dqExam/application/admin/controller/Exercises.php ]
[ info ] [ DB ] INIT mysql
[ info ] [ VIEW ] /Library/WebServer/Documents/dqExam/application/admin/view/exercises/subject.html [ array (
  0 => 'info',
  1 => 'action',
  2 => 'lists',
  3 => 'page',
) ]
[ info ] [ LOG ] INIT File
[ sql ] [ DB ] CONNECT:[ UseTime:0.035548s ] mysql:dbname=dq_exam_db;host=127.0.0.1;charset=utf8
[ sql ] [ SQL ] SHOW COLUMNS FROM `dq_product` [ RunTime:0.052127s ]
[ sql ] [ SQL ] SELECT COUNT(*) AS tp_count FROM `dq_product` LIMIT 1 [ RunTime:0.004550s ]
[ sql ] [ SQL ] SELECT * FROM `dq_product` LIMIT 0,20 [ RunTime:0.001217s ]

---------------------------------------------------------------
[ 2017-10-19T09:04:34+08:00 ] 127.0.0.1 127.0.0.1 GET /dqExam/index.php/admin/exercises/index.html
[ log ] 127.0.0.1/dqExam/index.php/admin/exercises/index.html [运行时间：0.033690s][吞吐率：29.68req/s] [内存消耗：3,919.80kb] [文件加载：62]
[ info ] [ LANG ] /Library/WebServer/Documents/dqExam/thinkphp/lang/zh-cn.php
[ info ] [ ROUTE ] array (
  'type' => 'module',
  'module' => 
  array (
    0 => 'admin',
    1 => 'exercises',
    2 => 'index',
  ),
)
[ info ] [ HEADER ] array (
  'host' => '127.0.0.1',
  'cookie' => 'thinkphp_show_page_trace=0|0; thinkphp_show_page_trace=0|0; exam_currentuser=%25C4pl%259E%25AC%25AAma%2596%259FX%25D9%25C6%25D6%25A3%25A1%25D3%25D4%25DA%25A4%2595%25A5%259C%259ATp%25A3%259Dd%259FYc%2585q%25A7%259EblmR%25D6%25CA%25A9%25D9%25CA%25D2%259E%25A8%25C5%25D9%25D8%25A8%259F%25A5%2597Xm%25A8j%2596e%259FYd%2597je%2599d%2598ee%259C%259E%2598%25CB%2598%2599hm%25C7%2599%2597%2595bekg%2598jg%25C4%2598%259BnT%259E%25A9n%259DkY%25A6%2595%25D6%25D8%259F%25D5%25CF%25CC%25A0Z%259F%25D9%259FjjUdhic%2560%2591c%2593hT%259E%25A9n%2595eqU%25A3%25C8%25D8%25A9%25CF%25D0%25D1%2597%25AA%25D3%25DB%25D5%259A%2594Un%25A9lfj%2585d%2587r%25A5%259Dgj%259ES%25AA%2598%25A3%25D6%25CE%25A5%25D4%25CD%25D2%2597%25A1%25D2%25DA%25CE%259E%2595Un%259Flfe%2593k%2597ph%2595fg%259F%25A4qde%259D%2587%25A9%25CB%25D4%25D6%2599%25A7%25D2%25DB%25D8%2596%25A2%25A1%2594%25A3%2597Wk%25D6m%259CqT%25D3%259B%2595%25C8%259E%25A0%25A1R%259E%25D8p%2597%2597%259DR%25AB%25C9%25D9%25D8%259A%259F%25A1%25A7%259F%259F%259A%259C%25CC%25A0%25CE%25ABT%259E%259Fn%2595fgkb%259C%259Bh%2596%2594%259E%25A3r%259D%25A0%2587%25A4%2595%25A6%25A6%259F%25A1%25A3%2599%25C7U%25A0%25AAl%2596hn%2586%2597o%2597e%2593%25C6k%259A%2591%2594%2595i%259B%25C9%25C8cig%2596%259Ck%2596%2596%2594f%2595id%25C7ne%2595Sr%25B0; exam_psid=f8d50a5401e17cc294cf9af13022d811; PHPSESSID=f8d50a5401e17cc294cf9af13022d811',
  'connection' => 'keep-alive',
  'upgrade-insecure-requests' => '1',
  'accept' => 'text/html,application/xhtml+xml,application/xml;q=0.9,*/*;q=0.8',
  'user-agent' => 'Mozilla/5.0 (Macintosh; Intel Mac OS X 10_12_6) AppleWebKit/604.1.38 (KHTML, like Gecko) Version/11.0 Safari/604.1.38',
  'referer' => 'http://127.0.0.1/dqExam/index.php/admin/exercises/add.html',
  'accept-language' => 'zh-cn',
  'accept-encoding' => 'gzip, deflate',
)
[ info ] [ PARAM ] array (
)
[ info ] [ SESSION ] INIT array (
  'id' => '',
  'var_session_id' => '',
  'prefix' => 'think',
  'type' => '',
  'auto_start' => true,
)
[ info ] [ RUN ] app\admin\controller\Exercises->index[ /Library/WebServer/Documents/dqExam/application/admin/controller/Exercises.php ]
[ info ] [ DB ] INIT mysql
[ info ] [ VIEW ] /Library/WebServer/Documents/dqExam/application/admin/view/exercises/subject.html [ array (
  0 => 'info',
  1 => 'action',
  2 => 'lists',
  3 => 'page',
) ]
[ info ] [ LOG ] INIT File
[ sql ] [ DB ] CONNECT:[ UseTime:0.001699s ] mysql:dbname=dq_exam_db;host=127.0.0.1;charset=utf8
[ sql ] [ SQL ] SHOW COLUMNS FROM `dq_product` [ RunTime:0.004319s ]
[ sql ] [ SQL ] SELECT COUNT(*) AS tp_count FROM `dq_product` LIMIT 1 [ RunTime:0.000588s ]
[ sql ] [ SQL ] SELECT * FROM `dq_product` LIMIT 0,20 [ RunTime:0.000950s ]

---------------------------------------------------------------
[ 2017-10-19T09:04:35+08:00 ] 127.0.0.1 127.0.0.1 GET /dqExam/index.php/admin/exercises/index.html?page=13
[ log ] 127.0.0.1/dqExam/index.php/admin/exercises/index.html?page=13 [运行时间：0.030201s][吞吐率：33.11req/s] [内存消耗：3,895.99kb] [文件加载：62]
[ info ] [ LANG ] /Library/WebServer/Documents/dqExam/thinkphp/lang/zh-cn.php
[ info ] [ ROUTE ] array (
  'type' => 'module',
  'module' => 
  array (
    0 => 'admin',
    1 => 'exercises',
    2 => 'index',
  ),
)
[ info ] [ HEADER ] array (
  'host' => '127.0.0.1',
  'cookie' => 'thinkphp_show_page_trace=0|0; thinkphp_show_page_trace=0|0; exam_currentuser=%25C4pl%259E%25AC%25AAma%2596%259FX%25D9%25C6%25D6%25A3%25A1%25D3%25D4%25DA%25A4%2595%25A5%259C%259ATp%25A3%259Dd%259FYc%2585q%25A7%259EblmR%25D6%25CA%25A9%25D9%25CA%25D2%259E%25A8%25C5%25D9%25D8%25A8%259F%25A5%2597Xm%25A8j%2596e%259FYd%2597je%2599d%2598ee%259C%259E%2598%25CB%2598%2599hm%25C7%2599%2597%2595bekg%2598jg%25C4%2598%259BnT%259E%25A9n%259DkY%25A6%2595%25D6%25D8%259F%25D5%25CF%25CC%25A0Z%259F%25D9%259FjjUdhic%2560%2591c%2593hT%259E%25A9n%2595eqU%25A3%25C8%25D8%25A9%25CF%25D0%25D1%2597%25AA%25D3%25DB%25D5%259A%2594Un%25A9lfj%2585d%2587r%25A5%259Dgj%259ES%25AA%2598%25A3%25D6%25CE%25A5%25D4%25CD%25D2%2597%25A1%25D2%25DA%25CE%259E%2595Un%259Flfe%2593k%2597ph%2595fg%259F%25A4qde%259D%2587%25A9%25CB%25D4%25D6%2599%25A7%25D2%25DB%25D8%2596%25A2%25A1%2594%25A3%2597Wk%25D6m%259CqT%25D3%259B%2595%25C8%259E%25A0%25A1R%259E%25D8p%2597%2597%259DR%25AB%25C9%25D9%25D8%259A%259F%25A1%25A7%259F%259F%259A%259C%25CC%25A0%25CE%25ABT%259E%259Fn%2595fgkb%259C%259Bh%2596%2594%259E%25A3r%259D%25A0%2587%25A4%2595%25A6%25A6%259F%25A1%25A3%2599%25C7U%25A0%25AAl%2596hn%2586%2597o%2597e%2593%25C6k%259A%2591%2594%2595i%259B%25C9%25C8cig%2596%259Ck%2596%2596%2594f%2595id%25C7ne%2595Sr%25B0; exam_psid=f8d50a5401e17cc294cf9af13022d811; PHPSESSID=f8d50a5401e17cc294cf9af13022d811',
  'connection' => 'keep-alive',
  'upgrade-insecure-requests' => '1',
  'accept' => 'text/html,application/xhtml+xml,application/xml;q=0.9,*/*;q=0.8',
  'user-agent' => 'Mozilla/5.0 (Macintosh; Intel Mac OS X 10_12_6) AppleWebKit/604.1.38 (KHTML, like Gecko) Version/11.0 Safari/604.1.38',
  'referer' => 'http://127.0.0.1/dqExam/index.php/admin/exercises/index.html',
  'accept-language' => 'zh-cn',
  'accept-encoding' => 'gzip, deflate',
)
[ info ] [ PARAM ] array (
  'page' => '13',
)
[ info ] [ SESSION ] INIT array (
  'id' => '',
  'var_session_id' => '',
  'prefix' => 'think',
  'type' => '',
  'auto_start' => true,
)
[ info ] [ RUN ] app\admin\controller\Exercises->index[ /Library/WebServer/Documents/dqExam/application/admin/controller/Exercises.php ]
[ info ] [ DB ] INIT mysql
[ info ] [ VIEW ] /Library/WebServer/Documents/dqExam/application/admin/view/exercises/subject.html [ array (
  0 => 'info',
  1 => 'action',
  2 => 'lists',
  3 => 'page',
) ]
[ info ] [ LOG ] INIT File
[ sql ] [ DB ] CONNECT:[ UseTime:0.000657s ] mysql:dbname=dq_exam_db;host=127.0.0.1;charset=utf8
[ sql ] [ SQL ] SHOW COLUMNS FROM `dq_product` [ RunTime:0.003368s ]
[ sql ] [ SQL ] SELECT COUNT(*) AS tp_count FROM `dq_product` LIMIT 1 [ RunTime:0.000369s ]
[ sql ] [ SQL ] SELECT * FROM `dq_product` LIMIT 240,20 [ RunTime:0.000454s ]

---------------------------------------------------------------
[ 2017-10-19T09:04:38+08:00 ] 127.0.0.1 127.0.0.1 GET /dqExam/index.php/admin/exercises/index/sid/541.html
[ log ] 127.0.0.1/dqExam/index.php/admin/exercises/index/sid/541.html [运行时间：0.023964s][吞吐率：41.73req/s] [内存消耗：2,672.38kb] [文件加载：54]
[ info ] [ LANG ] /Library/WebServer/Documents/dqExam/thinkphp/lang/zh-cn.php
[ info ] [ ROUTE ] array (
  'type' => 'module',
  'module' => 
  array (
    0 => 'admin',
    1 => 'exercises',
    2 => 'index',
  ),
)
[ info ] [ HEADER ] array (
  'host' => '127.0.0.1',
  'cookie' => 'thinkphp_show_page_trace=0|0; thinkphp_show_page_trace=0|0; thinkphp_show_page_trace=0|0; exam_currentuser=%25C4pl%259E%25AC%25AAma%2596%259FX%25D9%25C6%25D6%25A3%25A1%25D3%25D4%25DA%25A4%2595%25A5%259C%259ATp%25A3%259Dd%259FYc%2585q%25A7%259EblmR%25D6%25CA%25A9%25D9%25CA%25D2%259E%25A8%25C5%25D9%25D8%25A8%259F%25A5%2597Xm%25A8j%2596e%259FYd%2597je%2599d%2598ee%259C%259E%2598%25CB%2598%2599hm%25C7%2599%2597%2595bekg%2598jg%25C4%2598%259BnT%259E%25A9n%259DkY%25A6%2595%25D6%25D8%259F%25D5%25CF%25CC%25A0Z%259F%25D9%259FjjUdhic%2560%2591c%2593hT%259E%25A9n%2595eqU%25A3%25C8%25D8%25A9%25CF%25D0%25D1%2597%25AA%25D3%25DB%25D5%259A%2594Un%25A9lfj%2585d%2587r%25A5%259Dgj%259ES%25AA%2598%25A3%25D6%25CE%25A5%25D4%25CD%25D2%2597%25A1%25D2%25DA%25CE%259E%2595Un%259Flfe%2593k%2597ph%2595fg%259F%25A4qde%259D%2587%25A9%25CB%25D4%25D6%2599%25A7%25D2%25DB%25D8%2596%25A2%25A1%2594%25A3%2597Wk%25D6m%259CqT%25D3%259B%2595%25C8%259E%25A0%25A1R%259E%25D8p%2597%2597%259DR%25AB%25C9%25D9%25D8%259A%259F%25A1%25A7%259F%259F%259A%259C%25CC%25A0%25CE%25ABT%259E%259Fn%2595fgkb%259C%259Bh%2596%2594%259E%25A3r%259D%25A0%2587%25A4%2595%25A6%25A6%259F%25A1%25A3%2599%25C7U%25A0%25AAl%2596hn%2586%2597o%2597e%2593%25C6k%259A%2591%2594%2595i%259B%25C9%25C8cig%2596%259Ck%2596%2596%2594f%2595id%25C7ne%2595Sr%25B0; exam_psid=f8d50a5401e17cc294cf9af13022d811; PHPSESSID=f8d50a5401e17cc294cf9af13022d811',
  'connection' => 'keep-alive',
  'upgrade-insecure-requests' => '1',
  'accept' => 'text/html,application/xhtml+xml,application/xml;q=0.9,*/*;q=0.8',
  'user-agent' => 'Mozilla/5.0 (Macintosh; Intel Mac OS X 10_12_6) AppleWebKit/604.1.38 (KHTML, like Gecko) Version/11.0 Safari/604.1.38',
  'referer' => 'http://127.0.0.1/dqExam/index.php/admin/exercises/index.html?page=13',
  'accept-language' => 'zh-cn',
  'accept-encoding' => 'gzip, deflate',
)
[ info ] [ PARAM ] array (
  'sid' => '541',
)
[ info ] [ SESSION ] INIT array (
  'id' => '',
  'var_session_id' => '',
  'prefix' => 'think',
  'type' => '',
  'auto_start' => true,
)
[ info ] [ RUN ] app\admin\controller\Exercises->index[ /Library/WebServer/Documents/dqExam/application/admin/controller/Exercises.php ]
[ info ] [ DB ] INIT sqlite
[ info ] [ VIEW ] /Library/WebServer/Documents/dqExam/application/admin/view/exercises/chapters.html [ array (
  0 => 'info',
  1 => 'action',
  2 => 'sid',
  3 => 'chapters',
) ]
[ info ] [ LOG ] INIT File

---------------------------------------------------------------
[ 2017-10-19T09:04:49+08:00 ] 127.0.0.1 127.0.0.1 GET /dqExam/index.php/admin/exercises/index/sid/541/cid/7.html
[ log ] 127.0.0.1/dqExam/index.php/admin/exercises/index/sid/541/cid/7.html [运行时间：0.043055s][吞吐率：23.23req/s] [内存消耗：2,684.03kb] [文件加载：54]
[ info ] [ LANG ] /Library/WebServer/Documents/dqExam/thinkphp/lang/zh-cn.php
[ info ] [ ROUTE ] array (
  'type' => 'module',
  'module' => 
  array (
    0 => 'admin',
    1 => 'exercises',
    2 => 'index',
  ),
)
[ info ] [ HEADER ] array (
  'host' => '127.0.0.1',
  'cookie' => 'thinkphp_show_page_trace=0|0; thinkphp_show_page_trace=0|0; thinkphp_show_page_trace=0|0; thinkphp_show_page_trace=0|0; exam_currentuser=%25C4pl%259E%25AC%25AAma%2596%259FX%25D9%25C6%25D6%25A3%25A1%25D3%25D4%25DA%25A4%2595%25A5%259C%259ATp%25A3%259Dd%259FYc%2585q%25A7%259EblmR%25D6%25CA%25A9%25D9%25CA%25D2%259E%25A8%25C5%25D9%25D8%25A8%259F%25A5%2597Xm%25A8j%2596e%259FYd%2597je%2599d%2598ee%259C%259E%2598%25CB%2598%2599hm%25C7%2599%2597%2595bekg%2598jg%25C4%2598%259BnT%259E%25A9n%259DkY%25A6%2595%25D6%25D8%259F%25D5%25CF%25CC%25A0Z%259F%25D9%259FjjUdhic%2560%2591c%2593hT%259E%25A9n%2595eqU%25A3%25C8%25D8%25A9%25CF%25D0%25D1%2597%25AA%25D3%25DB%25D5%259A%2594Un%25A9lfj%2585d%2587r%25A5%259Dgj%259ES%25AA%2598%25A3%25D6%25CE%25A5%25D4%25CD%25D2%2597%25A1%25D2%25DA%25CE%259E%2595Un%259Flfe%2593k%2597ph%2595fg%259F%25A4qde%259D%2587%25A9%25CB%25D4%25D6%2599%25A7%25D2%25DB%25D8%2596%25A2%25A1%2594%25A3%2597Wk%25D6m%259CqT%25D3%259B%2595%25C8%259E%25A0%25A1R%259E%25D8p%2597%2597%259DR%25AB%25C9%25D9%25D8%259A%259F%25A1%25A7%259F%259F%259A%259C%25CC%25A0%25CE%25ABT%259E%259Fn%2595fgkb%259C%259Bh%2596%2594%259E%25A3r%259D%25A0%2587%25A4%2595%25A6%25A6%259F%25A1%25A3%2599%25C7U%25A0%25AAl%2596hn%2586%2597o%2597e%2593%25C6k%259A%2591%2594%2595i%259B%25C9%25C8cig%2596%259Ck%2596%2596%2594f%2595id%25C7ne%2595Sr%25B0; exam_psid=f8d50a5401e17cc294cf9af13022d811; PHPSESSID=f8d50a5401e17cc294cf9af13022d811',
  'connection' => 'keep-alive',
  'upgrade-insecure-requests' => '1',
  'accept' => 'text/html,application/xhtml+xml,application/xml;q=0.9,*/*;q=0.8',
  'user-agent' => 'Mozilla/5.0 (Macintosh; Intel Mac OS X 10_12_6) AppleWebKit/604.1.38 (KHTML, like Gecko) Version/11.0 Safari/604.1.38',
  'referer' => 'http://127.0.0.1/dqExam/index.php/admin/exercises/index/sid/541.html',
  'accept-language' => 'zh-cn',
  'accept-encoding' => 'gzip, deflate',
)
[ info ] [ PARAM ] array (
  'sid' => '541',
  'cid' => '7',
)
[ info ] [ SESSION ] INIT array (
  'id' => '',
  'var_session_id' => '',
  'prefix' => 'think',
  'type' => '',
  'auto_start' => true,
)
[ info ] [ RUN ] app\admin\controller\Exercises->index[ /Library/WebServer/Documents/dqExam/application/admin/controller/Exercises.php ]
[ info ] [ DB ] INIT sqlite
[ info ] [ VIEW ] /Library/WebServer/Documents/dqExam/application/admin/view/exercises/exercises.html [ array (
  0 => 'info',
  1 => 'action',
  2 => 'sid',
  3 => 'exercises',
) ]
[ info ] [ LOG ] INIT File

---------------------------------------------------------------
[ 2017-10-19T09:04:53+08:00 ] 127.0.0.1 127.0.0.1 GET /dqExam/index.php/admin/exercises/index/sid/541/cid/5.html
[ log ] 127.0.0.1/dqExam/index.php/admin/exercises/index/sid/541/cid/5.html [运行时间：0.024937s][吞吐率：40.10req/s] [内存消耗：3,010.44kb] [文件加载：54]
[ info ] [ LANG ] /Library/WebServer/Documents/dqExam/thinkphp/lang/zh-cn.php
[ info ] [ ROUTE ] array (
  'type' => 'module',
  'module' => 
  array (
    0 => 'admin',
    1 => 'exercises',
    2 => 'index',
  ),
)
[ info ] [ HEADER ] array (
  'host' => '127.0.0.1',
  'cookie' => 'thinkphp_show_page_trace=0|0; thinkphp_show_page_trace=0|0; thinkphp_show_page_trace=0|0; thinkphp_show_page_trace=0|0; exam_currentuser=%25C4pl%259E%25AC%25AAma%2596%259FX%25D9%25C6%25D6%25A3%25A1%25D3%25D4%25DA%25A4%2595%25A5%259C%259ATp%25A3%259Dd%259FYc%2585q%25A7%259EblmR%25D6%25CA%25A9%25D9%25CA%25D2%259E%25A8%25C5%25D9%25D8%25A8%259F%25A5%2597Xm%25A8j%2596e%259FYd%2597je%2599d%2598ee%259C%259E%2598%25CB%2598%2599hm%25C7%2599%2597%2595bekg%2598jg%25C4%2598%259BnT%259E%25A9n%259DkY%25A6%2595%25D6%25D8%259F%25D5%25CF%25CC%25A0Z%259F%25D9%259FjjUdhic%2560%2591c%2593hT%259E%25A9n%2595eqU%25A3%25C8%25D8%25A9%25CF%25D0%25D1%2597%25AA%25D3%25DB%25D5%259A%2594Un%25A9lfj%2585d%2587r%25A5%259Dgj%259ES%25AA%2598%25A3%25D6%25CE%25A5%25D4%25CD%25D2%2597%25A1%25D2%25DA%25CE%259E%2595Un%259Flfe%2593k%2597ph%2595fg%259F%25A4qde%259D%2587%25A9%25CB%25D4%25D6%2599%25A7%25D2%25DB%25D8%2596%25A2%25A1%2594%25A3%2597Wk%25D6m%259CqT%25D3%259B%2595%25C8%259E%25A0%25A1R%259E%25D8p%2597%2597%259DR%25AB%25C9%25D9%25D8%259A%259F%25A1%25A7%259F%259F%259A%259C%25CC%25A0%25CE%25ABT%259E%259Fn%2595fgkb%259C%259Bh%2596%2594%259E%25A3r%259D%25A0%2587%25A4%2595%25A6%25A6%259F%25A1%25A3%2599%25C7U%25A0%25AAl%2596hn%2586%2597o%2597e%2593%25C6k%259A%2591%2594%2595i%259B%25C9%25C8cig%2596%259Ck%2596%2596%2594f%2595id%25C7ne%2595Sr%25B0; exam_psid=f8d50a5401e17cc294cf9af13022d811; PHPSESSID=f8d50a5401e17cc294cf9af13022d811',
  'connection' => 'keep-alive',
  'upgrade-insecure-requests' => '1',
  'accept' => 'text/html,application/xhtml+xml,application/xml;q=0.9,*/*;q=0.8',
  'user-agent' => 'Mozilla/5.0 (Macintosh; Intel Mac OS X 10_12_6) AppleWebKit/604.1.38 (KHTML, like Gecko) Version/11.0 Safari/604.1.38',
  'referer' => 'http://127.0.0.1/dqExam/index.php/admin/exercises/index/sid/541.html',
  'accept-language' => 'zh-cn',
  'accept-encoding' => 'gzip, deflate',
)
[ info ] [ PARAM ] array (
  'sid' => '541',
  'cid' => '5',
)
[ info ] [ SESSION ] INIT array (
  'id' => '',
  'var_session_id' => '',
  'prefix' => 'think',
  'type' => '',
  'auto_start' => true,
)
[ info ] [ RUN ] app\admin\controller\Exercises->index[ /Library/WebServer/Documents/dqExam/application/admin/controller/Exercises.php ]
[ info ] [ DB ] INIT sqlite
[ info ] [ VIEW ] /Library/WebServer/Documents/dqExam/application/admin/view/exercises/exercises.html [ array (
  0 => 'info',
  1 => 'action',
  2 => 'sid',
  3 => 'exercises',
) ]
[ info ] [ LOG ] INIT File

---------------------------------------------------------------
[ 2017-10-19T09:33:00+08:00 ] 127.0.0.1 127.0.0.1 GET /dqExam/index.php/admin/exercises/index/sid/541/cid/5.html
[ log ] 127.0.0.1/dqExam/index.php/admin/exercises/index/sid/541/cid/5.html [运行时间：0.360333s][吞吐率：2.78req/s] [内存消耗：3,010.43kb] [文件加载：54]
[ info ] [ LANG ] /Library/WebServer/Documents/dqExam/thinkphp/lang/zh-cn.php
[ info ] [ ROUTE ] array (
  'type' => 'module',
  'module' => 
  array (
    0 => 'admin',
    1 => 'exercises',
    2 => 'index',
  ),
)
[ info ] [ HEADER ] array (
  'host' => '127.0.0.1',
  'cookie' => 'thinkphp_show_page_trace=0|0; thinkphp_show_page_trace=0|0; thinkphp_show_page_trace=0|0; thinkphp_show_page_trace=0|0; exam_currentuser=%25C4pl%259E%25AC%25AAma%2596%259FX%25D9%25C6%25D6%25A3%25A1%25D3%25D4%25DA%25A4%2595%25A5%259C%259ATp%25A3%259Dd%259FYc%2585q%25A7%259EblmR%25D6%25CA%25A9%25D9%25CA%25D2%259E%25A8%25C5%25D9%25D8%25A8%259F%25A5%2597Xm%25A8j%2596e%259FYd%2597je%2599d%2598ee%259C%259E%2598%25CB%2598%2599hm%25C7%2599%2597%2595bekg%2598jg%25C4%2598%259BnT%259E%25A9n%259DkY%25A6%2595%25D6%25D8%259F%25D5%25CF%25CC%25A0Z%259F%25D9%259FjjUdhic%2560%2591c%2593hT%259E%25A9n%2595eqU%25A3%25C8%25D8%25A9%25CF%25D0%25D1%2597%25AA%25D3%25DB%25D5%259A%2594Un%25A9lfj%2585d%2587r%25A5%259Dgj%259ES%25AA%2598%25A3%25D6%25CE%25A5%25D4%25CD%25D2%2597%25A1%25D2%25DA%25CE%259E%2595Un%259Flfe%2593k%2597ph%2595fg%259F%25A4qde%259D%2587%25A9%25CB%25D4%25D6%2599%25A7%25D2%25DB%25D8%2596%25A2%25A1%2594%25A3%2597Wk%25D6m%259CqT%25D3%259B%2595%25C8%259E%25A0%25A1R%259E%25D8p%2597%2597%259DR%25AB%25C9%25D9%25D8%259A%259F%25A1%25A7%259F%259F%259A%259C%25CC%25A0%25CE%25ABT%259E%259Fn%2595fgkb%259C%259Bh%2596%2594%259E%25A3r%259D%25A0%2587%25A4%2595%25A6%25A6%259F%25A1%25A3%2599%25C7U%25A0%25AAl%2596hn%2586%2597o%2597e%2593%25C6k%259A%2591%2594%2595i%259B%25C9%25C8cig%2596%259Ck%2596%2596%2594f%2595id%25C7ne%2595Sr%25B0; exam_psid=f8d50a5401e17cc294cf9af13022d811; PHPSESSID=f8d50a5401e17cc294cf9af13022d811',
  'connection' => 'keep-alive',
  'upgrade-insecure-requests' => '1',
  'accept' => 'text/html,application/xhtml+xml,application/xml;q=0.9,*/*;q=0.8',
  'user-agent' => 'Mozilla/5.0 (Macintosh; Intel Mac OS X 10_12_6) AppleWebKit/604.1.38 (KHTML, like Gecko) Version/11.0 Safari/604.1.38',
  'referer' => 'http://127.0.0.1/dqExam/index.php/admin/exercises/index/sid/541.html',
  'accept-language' => 'zh-cn',
  'accept-encoding' => 'gzip, deflate',
)
[ info ] [ PARAM ] array (
  'sid' => '541',
  'cid' => '5',
)
[ info ] [ SESSION ] INIT array (
  'id' => '',
  'var_session_id' => '',
  'prefix' => 'think',
  'type' => '',
  'auto_start' => true,
)
[ info ] [ RUN ] app\admin\controller\Exercises->index[ /Library/WebServer/Documents/dqExam/application/admin/controller/Exercises.php ]
[ info ] [ DB ] INIT sqlite
[ info ] [ VIEW ] /Library/WebServer/Documents/dqExam/application/admin/view/exercises/exercises.html [ array (
  0 => 'info',
  1 => 'action',
  2 => 'sid',
  3 => 'exercises',
) ]
[ info ] [ LOG ] INIT File

---------------------------------------------------------------
