[ 2017-10-28T23:00:19+08:00 ] 127.0.0.1 127.0.0.1 GET /dqExam/index.php/admin/exercises/add/sid/541.html
[ log ] 127.0.0.1/dqExam/index.php/admin/exercises/add/sid/541.html [运行时间：0.050967s][吞吐率：19.62req/s] [内存消耗：1,282.16kb] [文件加载：38]
[ info ] [ LANG ] /Library/WebServer/Documents/dqExam/thinkphp/lang/zh-cn.php
[ info ] [ ROUTE ] array (
  'type' => 'module',
  'module' => 
  array (
    0 => 'admin',
    1 => 'exercises',
    2 => 'add',
  ),
)
[ info ] [ HEADER ] array (
  'host' => '127.0.0.1',
  'upgrade-insecure-requests' => '1',
  'accept' => 'text/html,application/xhtml+xml,application/xml;q=0.9,*/*;q=0.8',
  'user-agent' => 'Mozilla/5.0 (Macintosh; Intel Mac OS X 10_13) AppleWebKit/604.1.38 (KHTML, like Gecko) Version/11.0 Safari/604.1.38',
  'accept-language' => 'zh-cn',
  'accept-encoding' => 'gzip, deflate',
  'connection' => 'keep-alive',
)
[ info ] [ PARAM ] array (
  'sid' => '541',
)
[ info ] [ SESSION ] INIT array (
  'id' => '',
  'var_session_id' => '',
  'prefix' => 'think',
  'type' => '',
  'auto_start' => true,
)
[ info ] [ LOG ] INIT File

---------------------------------------------------------------
[ 2017-10-28T23:00:19+08:00 ] 127.0.0.1 127.0.0.1 GET /dqExam/index.php/admin/login/signin.html
[ log ] 127.0.0.1/dqExam/index.php/admin/login/signin.html [运行时间：0.017121s][吞吐率：58.41req/s] [内存消耗：1,301.68kb] [文件加载：39]
[ info ] [ LANG ] /Library/WebServer/Documents/dqExam/thinkphp/lang/zh-cn.php
[ info ] [ ROUTE ] array (
  'type' => 'module',
  'module' => 
  array (
    0 => 'admin',
    1 => 'login',
    2 => 'signin',
  ),
)
[ info ] [ HEADER ] array (
  'host' => '127.0.0.1',
  'accept' => 'text/html,application/xhtml+xml,application/xml;q=0.9,*/*;q=0.8',
  'upgrade-insecure-requests' => '1',
  'cookie' => 'PHPSESSID=67ae3c2f61c0bd36ea27074ddf21689a',
  'user-agent' => 'Mozilla/5.0 (Macintosh; Intel Mac OS X 10_13) AppleWebKit/604.1.38 (KHTML, like Gecko) Version/11.0 Safari/604.1.38',
  'accept-language' => 'zh-cn',
  'accept-encoding' => 'gzip, deflate',
  'connection' => 'keep-alive',
)
[ info ] [ PARAM ] array (
)
[ info ] [ RUN ] app\admin\controller\Login->signIn[ /Library/WebServer/Documents/dqExam/application/admin/controller/Login.php ]
[ info ] [ VIEW ] /Library/WebServer/Documents/dqExam/application/admin/view/login/signin.html [ array (
) ]
[ info ] [ LOG ] INIT File

---------------------------------------------------------------
[ 2017-10-28T23:00:22+08:00 ] 127.0.0.1 127.0.0.1 POST /dqExam/index.php/admin/login/signin.html
[ log ] 127.0.0.1/dqExam/index.php/admin/login/signin.html [运行时间：0.178096s][吞吐率：5.61req/s] [内存消耗：2,170.73kb] [文件加载：47]
[ info ] [ LANG ] /Library/WebServer/Documents/dqExam/thinkphp/lang/zh-cn.php
[ info ] [ ROUTE ] array (
  'type' => 'module',
  'module' => 
  array (
    0 => 'admin',
    1 => 'login',
    2 => 'signin',
  ),
)
[ info ] [ HEADER ] array (
  'host' => '127.0.0.1',
  'accept' => 'text/html,application/xhtml+xml,application/xml;q=0.9,*/*;q=0.8',
  'accept-encoding' => 'gzip, deflate',
  'accept-language' => 'zh-cn',
  'content-type' => 'application/x-www-form-urlencoded',
  'origin' => 'http://127.0.0.1',
  'user-agent' => 'Mozilla/5.0 (Macintosh; Intel Mac OS X 10_13) AppleWebKit/604.1.38 (KHTML, like Gecko) Version/11.0 Safari/604.1.38',
  'connection' => 'keep-alive',
  'upgrade-insecure-requests' => '1',
  'referer' => 'http://127.0.0.1/dqExam/index.php/admin/login/signin.html',
  'content-length' => '30',
  'cookie' => 'thinkphp_show_page_trace=0|0; PHPSESSID=67ae3c2f61c0bd36ea27074ddf21689a',
)
[ info ] [ PARAM ] array (
  'account' => 'sug3rs',
  'password' => '123456',
)
[ info ] [ RUN ] app\admin\controller\Login->signIn[ /Library/WebServer/Documents/dqExam/application/admin/controller/Login.php ]
[ info ] [ DB ] INIT mysql
[ info ] [ SESSION ] INIT array (
  'id' => '',
  'var_session_id' => '',
  'prefix' => 'think',
  'type' => '',
  'auto_start' => true,
)
[ info ] [ VIEW ] /Library/WebServer/Documents/dqExam/thinkphp/tpl/dispatch_jump.tpl [ array (
  0 => 'code',
  1 => 'msg',
  2 => 'data',
  3 => 'url',
  4 => 'wait',
) ]
[ info ] [ LOG ] INIT File
[ sql ] [ DB ] CONNECT:[ UseTime:0.051430s ] mysql:dbname=dq_exam_db;host=127.0.0.1;charset=utf8
[ sql ] [ SQL ] SHOW COLUMNS FROM `dq_admin` [ RunTime:0.064357s ]
[ sql ] [ SQL ] SELECT `a`.`user_id`,`a`.`user_name`,`a`.`phone_number`,`a`.`email`,`a`.`area`,`a`.`campus`,`a`.`jobtitle`,`a`.`isValid`,`c`.`group_id`,`g`.`title` FROM `dq_admin` `a` INNER JOIN `dq_auth_group_access` `c` ON `a`.`user_id`=`c`.`uid` INNER JOIN `dq_auth_group` `g` ON `c`.`group_id`=`g`.`id` WHERE  (  a.user_name="sug3rs" AND a.password="e10adc3949ba59abbe56e057f20f883e" ) OR (  a.phone_number="sug3rs" AND a.password="e10adc3949ba59abbe56e057f20f883e" )  OR (  a.email="sug3rs" AND a.password="e10adc3949ba59abbe56e057f20f883e" ) LIMIT 1 [ RunTime:0.018964s ]

---------------------------------------------------------------
[ 2017-10-28T23:00:24+08:00 ] 127.0.0.1 127.0.0.1 GET /dqExam/index.php/admin/dashboard.html
[ log ] 127.0.0.1/dqExam/index.php/admin/dashboard.html [运行时间：0.054152s][吞吐率：18.47req/s] [内存消耗：1,359.24kb] [文件加载：40]
[ info ] [ LANG ] /Library/WebServer/Documents/dqExam/thinkphp/lang/zh-cn.php
[ info ] [ ROUTE ] array (
  'type' => 'module',
  'module' => 
  array (
    0 => 'admin',
    1 => 'index',
    2 => 'index',
  ),
  'convert' => false,
)
[ info ] [ HEADER ] array (
  'host' => '127.0.0.1',
  'cookie' => 'PHPSESSID=67ae3c2f61c0bd36ea27074ddf21689a',
  'connection' => 'keep-alive',
  'upgrade-insecure-requests' => '1',
  'accept' => 'text/html,application/xhtml+xml,application/xml;q=0.9,*/*;q=0.8',
  'user-agent' => 'Mozilla/5.0 (Macintosh; Intel Mac OS X 10_13) AppleWebKit/604.1.38 (KHTML, like Gecko) Version/11.0 Safari/604.1.38',
  'referer' => 'http://127.0.0.1/dqExam/index.php/admin/login/signin.html',
  'accept-language' => 'zh-cn',
  'accept-encoding' => 'gzip, deflate',
)
[ info ] [ PARAM ] array (
)
[ info ] [ SESSION ] INIT array (
  'id' => '',
  'var_session_id' => '',
  'prefix' => 'think',
  'type' => '',
  'auto_start' => true,
)
[ info ] [ RUN ] app\admin\controller\Index->index[ /Library/WebServer/Documents/dqExam/application/admin/controller/Index.php ]
[ info ] [ VIEW ] /Library/WebServer/Documents/dqExam/application/admin/view/index/index.html [ array (
  0 => 'info',
) ]
[ info ] [ LOG ] INIT File

---------------------------------------------------------------
[ 2017-10-28T23:00:47+08:00 ] 127.0.0.1 127.0.0.1 GET /dqExam/index.php/admin/exercises/index/sid/541/cid/7.html
[ log ] 127.0.0.1/dqExam/index.php/admin/exercises/index/sid/541/cid/7.html [运行时间：0.043953s][吞吐率：22.75req/s] [内存消耗：1,675.67kb] [文件加载：42]
[ info ] [ LANG ] /Library/WebServer/Documents/dqExam/thinkphp/lang/zh-cn.php
[ info ] [ ROUTE ] array (
  'type' => 'module',
  'module' => 
  array (
    0 => 'admin',
    1 => 'exercises',
    2 => 'index',
  ),
)
[ info ] [ HEADER ] array (
  'host' => '127.0.0.1',
  'accept' => 'text/html,application/xhtml+xml,application/xml;q=0.9,*/*;q=0.8',
  'upgrade-insecure-requests' => '1',
  'cookie' => 'thinkphp_show_page_trace=0|0; PHPSESSID=67ae3c2f61c0bd36ea27074ddf21689a',
  'user-agent' => 'Mozilla/5.0 (Macintosh; Intel Mac OS X 10_13) AppleWebKit/604.1.38 (KHTML, like Gecko) Version/11.0 Safari/604.1.38',
  'accept-language' => 'zh-cn',
  'accept-encoding' => 'gzip, deflate',
  'connection' => 'keep-alive',
)
[ info ] [ PARAM ] array (
  'sid' => '541',
  'cid' => '7',
)
[ info ] [ SESSION ] INIT array (
  'id' => '',
  'var_session_id' => '',
  'prefix' => 'think',
  'type' => '',
  'auto_start' => true,
)
[ info ] [ RUN ] app\admin\controller\Exercises->index[ /Library/WebServer/Documents/dqExam/application/admin/controller/Exercises.php ]
[ info ] [ DB ] INIT sqlite
[ info ] [ VIEW ] /Library/WebServer/Documents/dqExam/application/admin/view/exercises/exercises.html [ array (
  0 => 'info',
  1 => 'action',
  2 => 'sid',
  3 => 'exercises',
) ]
[ info ] [ LOG ] INIT File

---------------------------------------------------------------
[ 2017-10-28T23:00:54+08:00 ] 127.0.0.1 127.0.0.1 GET /dqExam/index.php/admin/exercises/add/sid/541/cid/7.html
[ log ] 127.0.0.1/dqExam/index.php/admin/exercises/add/sid/541/cid/7.html [运行时间：0.033381s][吞吐率：29.96req/s] [内存消耗：1,572.13kb] [文件加载：42]
[ info ] [ LANG ] /Library/WebServer/Documents/dqExam/thinkphp/lang/zh-cn.php
[ info ] [ ROUTE ] array (
  'type' => 'module',
  'module' => 
  array (
    0 => 'admin',
    1 => 'exercises',
    2 => 'add',
  ),
)
[ info ] [ HEADER ] array (
  'host' => '127.0.0.1',
  'accept' => 'text/html,application/xhtml+xml,application/xml;q=0.9,*/*;q=0.8',
  'upgrade-insecure-requests' => '1',
  'cookie' => 'thinkphp_show_page_trace=0|0; PHPSESSID=67ae3c2f61c0bd36ea27074ddf21689a',
  'user-agent' => 'Mozilla/5.0 (Macintosh; Intel Mac OS X 10_13) AppleWebKit/604.1.38 (KHTML, like Gecko) Version/11.0 Safari/604.1.38',
  'accept-language' => 'zh-cn',
  'accept-encoding' => 'gzip, deflate',
  'connection' => 'keep-alive',
)
[ info ] [ PARAM ] array (
  'sid' => '541',
  'cid' => '7',
)
[ info ] [ SESSION ] INIT array (
  'id' => '',
  'var_session_id' => '',
  'prefix' => 'think',
  'type' => '',
  'auto_start' => true,
)
[ info ] [ RUN ] app\admin\controller\Exercises->add[ /Library/WebServer/Documents/dqExam/application/admin/controller/Exercises.php ]
[ info ] [ DB ] INIT sqlite
[ info ] [ VIEW ] /Library/WebServer/Documents/dqExam/application/admin/view/exercises/add.html [ array (
  0 => 'info',
  1 => 'sid',
  2 => 'chapters',
) ]
[ info ] [ LOG ] INIT File

---------------------------------------------------------------
[ 2017-10-28T23:03:16+08:00 ] 127.0.0.1 127.0.0.1 POST /dqExam/index.php/admin/exercises/add.html
[ log ] 127.0.0.1/dqExam/index.php/admin/exercises/add.html [运行时间：0.026107s][吞吐率：38.30req/s] [内存消耗：1,451.53kb] [文件加载：42]
[ info ] [ LANG ] /Library/WebServer/Documents/dqExam/thinkphp/lang/zh-cn.php
[ info ] [ ROUTE ] array (
  'type' => 'module',
  'module' => 
  array (
    0 => 'admin',
    1 => 'exercises',
    2 => 'add',
  ),
)
[ info ] [ HEADER ] array (
  'host' => '127.0.0.1',
  'accept' => 'text/html,application/xhtml+xml,application/xml;q=0.9,*/*;q=0.8',
  'accept-encoding' => 'gzip, deflate',
  'accept-language' => 'zh-cn',
  'content-type' => 'multipart/form-data; boundary=----WebKitFormBoundaryYixB0JHYoy3P16uM',
  'origin' => 'http://127.0.0.1',
  'user-agent' => 'Mozilla/5.0 (Macintosh; Intel Mac OS X 10_13) AppleWebKit/604.1.38 (KHTML, like Gecko) Version/11.0 Safari/604.1.38',
  'connection' => 'keep-alive',
  'upgrade-insecure-requests' => '1',
  'referer' => 'http://127.0.0.1/dqExam/index.php/admin/exercises/add/sid/541/cid/7.html',
  'content-length' => '1517',
  'cookie' => 'thinkphp_show_page_trace=0|0; PHPSESSID=67ae3c2f61c0bd36ea27074ddf21689a',
)
[ info ] [ PARAM ] array (
  'chapter_id' => '9',
  'question_type' => '1',
  'question_content' => '<p>选择1个与画线部分意义最相近的词或短语。</p>Did she accept his research&nbsp;<u>proposal</u>?<p></p><p><br></p>',
  'option' => 
  array (
    0 => 'invitation',
    1 => 'plan',
    2 => 'offer',
    3 => 'view',
  ),
  'right_answer' => 'B',
  'analytical' => '答案选B。划线词表示“提议；建议”。A表示“邀请”；B表示“计划；打算”；C表示“出价；意图”；D表示“观察；意见”。本题中research proposal表示“研究计划”，故B是最贴近的。',
  'effective' => '1',
  'subject_id' => '541',
)
[ info ] [ SESSION ] INIT array (
  'id' => '',
  'var_session_id' => '',
  'prefix' => 'think',
  'type' => '',
  'auto_start' => true,
)
[ info ] [ RUN ] app\admin\controller\Exercises->add[ /Library/WebServer/Documents/dqExam/application/admin/controller/Exercises.php ]
[ info ] [ DB ] INIT sqlite
[ info ] [ VIEW ] /Library/WebServer/Documents/dqExam/thinkphp/tpl/dispatch_jump.tpl [ array (
  0 => 'info',
  1 => 'code',
  2 => 'msg',
  3 => 'data',
  4 => 'url',
  5 => 'wait',
) ]
[ info ] [ LOG ] INIT File

---------------------------------------------------------------
[ 2017-10-28T23:03:17+08:00 ] 127.0.0.1 127.0.0.1 GET /dqExam/index.php/admin/exercises/add/sid/541/cid/7.html
[ log ] 127.0.0.1/dqExam/index.php/admin/exercises/add/sid/541/cid/7.html [运行时间：0.028542s][吞吐率：35.04req/s] [内存消耗：1,573.09kb] [文件加载：42]
[ info ] [ LANG ] /Library/WebServer/Documents/dqExam/thinkphp/lang/zh-cn.php
[ info ] [ ROUTE ] array (
  'type' => 'module',
  'module' => 
  array (
    0 => 'admin',
    1 => 'exercises',
    2 => 'add',
  ),
)
[ info ] [ HEADER ] array (
  'host' => '127.0.0.1',
  'cookie' => 'thinkphp_show_page_trace=0|0; thinkphp_show_page_trace=0|0; thinkphp_show_page_trace=0|0; PHPSESSID=67ae3c2f61c0bd36ea27074ddf21689a',
  'connection' => 'keep-alive',
  'upgrade-insecure-requests' => '1',
  'accept' => 'text/html,application/xhtml+xml,application/xml;q=0.9,*/*;q=0.8',
  'user-agent' => 'Mozilla/5.0 (Macintosh; Intel Mac OS X 10_13) AppleWebKit/604.1.38 (KHTML, like Gecko) Version/11.0 Safari/604.1.38',
  'referer' => 'http://127.0.0.1/dqExam/index.php/admin/exercises/add.html',
  'accept-language' => 'zh-cn',
  'accept-encoding' => 'gzip, deflate',
)
[ info ] [ PARAM ] array (
  'sid' => '541',
  'cid' => '7',
)
[ info ] [ SESSION ] INIT array (
  'id' => '',
  'var_session_id' => '',
  'prefix' => 'think',
  'type' => '',
  'auto_start' => true,
)
[ info ] [ RUN ] app\admin\controller\Exercises->add[ /Library/WebServer/Documents/dqExam/application/admin/controller/Exercises.php ]
[ info ] [ DB ] INIT sqlite
[ info ] [ VIEW ] /Library/WebServer/Documents/dqExam/application/admin/view/exercises/add.html [ array (
  0 => 'info',
  1 => 'sid',
  2 => 'chapters',
) ]
[ info ] [ LOG ] INIT File

---------------------------------------------------------------
[ 2017-10-28T23:03:57+08:00 ] 127.0.0.1 127.0.0.1 POST /dqExam/index.php/admin/exercises/add.html
[ log ] 127.0.0.1/dqExam/index.php/admin/exercises/add.html [运行时间：0.033739s][吞吐率：29.64req/s] [内存消耗：1,451.58kb] [文件加载：42]
[ info ] [ LANG ] /Library/WebServer/Documents/dqExam/thinkphp/lang/zh-cn.php
[ info ] [ ROUTE ] array (
  'type' => 'module',
  'module' => 
  array (
    0 => 'admin',
    1 => 'exercises',
    2 => 'add',
  ),
)
[ info ] [ HEADER ] array (
  'host' => '127.0.0.1',
  'accept' => 'text/html,application/xhtml+xml,application/xml;q=0.9,*/*;q=0.8',
  'accept-encoding' => 'gzip, deflate',
  'accept-language' => 'zh-cn',
  'content-type' => 'multipart/form-data; boundary=----WebKitFormBoundary1mupfJrNzmLHikMz',
  'origin' => 'http://127.0.0.1',
  'user-agent' => 'Mozilla/5.0 (Macintosh; Intel Mac OS X 10_13) AppleWebKit/604.1.38 (KHTML, like Gecko) Version/11.0 Safari/604.1.38',
  'connection' => 'keep-alive',
  'upgrade-insecure-requests' => '1',
  'referer' => 'http://127.0.0.1/dqExam/index.php/admin/exercises/add/sid/541/cid/7.html',
  'content-length' => '1387',
  'cookie' => 'thinkphp_show_page_trace=0|0; thinkphp_show_page_trace=0|0; PHPSESSID=67ae3c2f61c0bd36ea27074ddf21689a',
)
[ info ] [ PARAM ] array (
  'chapter_id' => '9',
  'question_type' => '1',
  'question_content' => '<p>选择1个与画线部分意义最相近的词或短语。</p><p>John&nbsp;<u>survives</u>&nbsp;on 100 pounds a month.</p>',
  'option' => 
  array (
    0 => 'puts',
    1 => 'lives',
    2 => 'borrows',
    3 => 'spends',
  ),
  'right_answer' => 'B',
  'analytical' => '答案选B。句子的意思为：约翰靠每月100英镑生活。live意思为：生活，生存。因此答案为B。',
  'effective' => '1',
  'subject_id' => '541',
)
[ info ] [ SESSION ] INIT array (
  'id' => '',
  'var_session_id' => '',
  'prefix' => 'think',
  'type' => '',
  'auto_start' => true,
)
[ info ] [ RUN ] app\admin\controller\Exercises->add[ /Library/WebServer/Documents/dqExam/application/admin/controller/Exercises.php ]
[ info ] [ DB ] INIT sqlite
[ info ] [ VIEW ] /Library/WebServer/Documents/dqExam/thinkphp/tpl/dispatch_jump.tpl [ array (
  0 => 'info',
  1 => 'code',
  2 => 'msg',
  3 => 'data',
  4 => 'url',
  5 => 'wait',
) ]
[ info ] [ LOG ] INIT File

---------------------------------------------------------------
[ 2017-10-28T23:03:59+08:00 ] 127.0.0.1 127.0.0.1 GET /dqExam/index.php/admin/exercises/add/sid/541/cid/7.html
[ log ] 127.0.0.1/dqExam/index.php/admin/exercises/add/sid/541/cid/7.html [运行时间：0.018072s][吞吐率：55.33req/s] [内存消耗：1,573.09kb] [文件加载：42]
[ info ] [ LANG ] /Library/WebServer/Documents/dqExam/thinkphp/lang/zh-cn.php
[ info ] [ ROUTE ] array (
  'type' => 'module',
  'module' => 
  array (
    0 => 'admin',
    1 => 'exercises',
    2 => 'add',
  ),
)
[ info ] [ HEADER ] array (
  'host' => '127.0.0.1',
  'cookie' => 'thinkphp_show_page_trace=0|0; thinkphp_show_page_trace=0|0; thinkphp_show_page_trace=0|0; PHPSESSID=67ae3c2f61c0bd36ea27074ddf21689a',
  'connection' => 'keep-alive',
  'upgrade-insecure-requests' => '1',
  'accept' => 'text/html,application/xhtml+xml,application/xml;q=0.9,*/*;q=0.8',
  'user-agent' => 'Mozilla/5.0 (Macintosh; Intel Mac OS X 10_13) AppleWebKit/604.1.38 (KHTML, like Gecko) Version/11.0 Safari/604.1.38',
  'referer' => 'http://127.0.0.1/dqExam/index.php/admin/exercises/add.html',
  'accept-language' => 'zh-cn',
  'accept-encoding' => 'gzip, deflate',
)
[ info ] [ PARAM ] array (
  'sid' => '541',
  'cid' => '7',
)
[ info ] [ SESSION ] INIT array (
  'id' => '',
  'var_session_id' => '',
  'prefix' => 'think',
  'type' => '',
  'auto_start' => true,
)
[ info ] [ RUN ] app\admin\controller\Exercises->add[ /Library/WebServer/Documents/dqExam/application/admin/controller/Exercises.php ]
[ info ] [ DB ] INIT sqlite
[ info ] [ VIEW ] /Library/WebServer/Documents/dqExam/application/admin/view/exercises/add.html [ array (
  0 => 'info',
  1 => 'sid',
  2 => 'chapters',
) ]
[ info ] [ LOG ] INIT File

---------------------------------------------------------------
[ 2017-10-28T23:04:35+08:00 ] 127.0.0.1 127.0.0.1 POST /dqExam/index.php/admin/exercises/add.html
[ log ] 127.0.0.1/dqExam/index.php/admin/exercises/add.html [运行时间：0.033156s][吞吐率：30.16req/s] [内存消耗：1,451.70kb] [文件加载：42]
[ info ] [ LANG ] /Library/WebServer/Documents/dqExam/thinkphp/lang/zh-cn.php
[ info ] [ ROUTE ] array (
  'type' => 'module',
  'module' => 
  array (
    0 => 'admin',
    1 => 'exercises',
    2 => 'add',
  ),
)
[ info ] [ HEADER ] array (
  'host' => '127.0.0.1',
  'accept' => 'text/html,application/xhtml+xml,application/xml;q=0.9,*/*;q=0.8',
  'accept-encoding' => 'gzip, deflate',
  'accept-language' => 'zh-cn',
  'content-type' => 'multipart/form-data; boundary=----WebKitFormBoundary4cu1qVdlWdJR3ATr',
  'origin' => 'http://127.0.0.1',
  'user-agent' => 'Mozilla/5.0 (Macintosh; Intel Mac OS X 10_13) AppleWebKit/604.1.38 (KHTML, like Gecko) Version/11.0 Safari/604.1.38',
  'connection' => 'keep-alive',
  'upgrade-insecure-requests' => '1',
  'referer' => 'http://127.0.0.1/dqExam/index.php/admin/exercises/add/sid/541/cid/7.html',
  'content-length' => '1495',
  'cookie' => 'thinkphp_show_page_trace=0|0; thinkphp_show_page_trace=0|0; PHPSESSID=67ae3c2f61c0bd36ea27074ddf21689a',
)
[ info ] [ PARAM ] array (
  'chapter_id' => '9',
  'question_type' => '1',
  'question_content' => '<p>选择1个与画线部分意义最相近的词或短语。</p><p>We shall keep the money in a&nbsp;<u>secure</u>&nbsp;place.</p>',
  'option' => 
  array (
    0 => 'clean',
    1 => 'secret',
    2 => 'distant',
    3 => 'safe',
  ),
  'right_answer' => 'D',
  'analytical' => '答案选D。划线词表示“安全的；无虑的”。A表示“清洁的；干净的”；B表示“秘密的；机密的”；C表示“遥远的；冷漠的”；D表示“安全的”。故D是最贴近词义的。',
  'effective' => '1',
  'subject_id' => '541',
)
[ info ] [ SESSION ] INIT array (
  'id' => '',
  'var_session_id' => '',
  'prefix' => 'think',
  'type' => '',
  'auto_start' => true,
)
[ info ] [ RUN ] app\admin\controller\Exercises->add[ /Library/WebServer/Documents/dqExam/application/admin/controller/Exercises.php ]
[ info ] [ DB ] INIT sqlite
[ info ] [ VIEW ] /Library/WebServer/Documents/dqExam/thinkphp/tpl/dispatch_jump.tpl [ array (
  0 => 'info',
  1 => 'code',
  2 => 'msg',
  3 => 'data',
  4 => 'url',
  5 => 'wait',
) ]
[ info ] [ LOG ] INIT File

---------------------------------------------------------------
[ 2017-10-28T23:04:36+08:00 ] 127.0.0.1 127.0.0.1 GET /dqExam/index.php/admin/exercises/add/sid/541/cid/7.html
[ log ] 127.0.0.1/dqExam/index.php/admin/exercises/add/sid/541/cid/7.html [运行时间：0.020897s][吞吐率：47.85req/s] [内存消耗：1,573.09kb] [文件加载：42]
[ info ] [ LANG ] /Library/WebServer/Documents/dqExam/thinkphp/lang/zh-cn.php
[ info ] [ ROUTE ] array (
  'type' => 'module',
  'module' => 
  array (
    0 => 'admin',
    1 => 'exercises',
    2 => 'add',
  ),
)
[ info ] [ HEADER ] array (
  'host' => '127.0.0.1',
  'cookie' => 'thinkphp_show_page_trace=0|0; thinkphp_show_page_trace=0|0; thinkphp_show_page_trace=0|0; PHPSESSID=67ae3c2f61c0bd36ea27074ddf21689a',
  'connection' => 'keep-alive',
  'upgrade-insecure-requests' => '1',
  'accept' => 'text/html,application/xhtml+xml,application/xml;q=0.9,*/*;q=0.8',
  'user-agent' => 'Mozilla/5.0 (Macintosh; Intel Mac OS X 10_13) AppleWebKit/604.1.38 (KHTML, like Gecko) Version/11.0 Safari/604.1.38',
  'referer' => 'http://127.0.0.1/dqExam/index.php/admin/exercises/add.html',
  'accept-language' => 'zh-cn',
  'accept-encoding' => 'gzip, deflate',
)
[ info ] [ PARAM ] array (
  'sid' => '541',
  'cid' => '7',
)
[ info ] [ SESSION ] INIT array (
  'id' => '',
  'var_session_id' => '',
  'prefix' => 'think',
  'type' => '',
  'auto_start' => true,
)
[ info ] [ RUN ] app\admin\controller\Exercises->add[ /Library/WebServer/Documents/dqExam/application/admin/controller/Exercises.php ]
[ info ] [ DB ] INIT sqlite
[ info ] [ VIEW ] /Library/WebServer/Documents/dqExam/application/admin/view/exercises/add.html [ array (
  0 => 'info',
  1 => 'sid',
  2 => 'chapters',
) ]
[ info ] [ LOG ] INIT File

---------------------------------------------------------------
[ 2017-10-28T23:05:22+08:00 ] 127.0.0.1 127.0.0.1 POST /dqExam/index.php/admin/exercises/add.html
[ log ] 127.0.0.1/dqExam/index.php/admin/exercises/add.html [运行时间：0.032090s][吞吐率：31.16req/s] [内存消耗：1,451.58kb] [文件加载：42]
[ info ] [ LANG ] /Library/WebServer/Documents/dqExam/thinkphp/lang/zh-cn.php
[ info ] [ ROUTE ] array (
  'type' => 'module',
  'module' => 
  array (
    0 => 'admin',
    1 => 'exercises',
    2 => 'add',
  ),
)
[ info ] [ HEADER ] array (
  'host' => '127.0.0.1',
  'accept' => 'text/html,application/xhtml+xml,application/xml;q=0.9,*/*;q=0.8',
  'accept-encoding' => 'gzip, deflate',
  'accept-language' => 'zh-cn',
  'content-type' => 'multipart/form-data; boundary=----WebKitFormBoundaryWmiSH7ie4Xxh3PjA',
  'origin' => 'http://127.0.0.1',
  'user-agent' => 'Mozilla/5.0 (Macintosh; Intel Mac OS X 10_13) AppleWebKit/604.1.38 (KHTML, like Gecko) Version/11.0 Safari/604.1.38',
  'connection' => 'keep-alive',
  'upgrade-insecure-requests' => '1',
  'referer' => 'http://127.0.0.1/dqExam/index.php/admin/exercises/add/sid/541/cid/7.html',
  'content-length' => '1421',
  'cookie' => 'thinkphp_show_page_trace=0|0; thinkphp_show_page_trace=0|0; PHPSESSID=67ae3c2f61c0bd36ea27074ddf21689a',
)
[ info ] [ PARAM ] array (
  'chapter_id' => '9',
  'question_type' => '1',
  'question_content' => '<p>选择1个与画线部分意义最相近的词或短语。</p><p>It is&nbsp;<u>highly</u>&nbsp;unlikely that she will arrive today.</p><p><br></p>',
  'option' => 
  array (
    0 => 'probably',
    1 => 'very',
    2 => 'hardly',
    3 => 'possibly',
  ),
  'right_answer' => 'B',
  'analytical' => '答案选B。句子的意思为：她今天到达是极不可能的。very意思为：极，很，非常。因此答案为B。',
  'effective' => '1',
  'subject_id' => '541',
)
[ info ] [ SESSION ] INIT array (
  'id' => '',
  'var_session_id' => '',
  'prefix' => 'think',
  'type' => '',
  'auto_start' => true,
)
[ info ] [ RUN ] app\admin\controller\Exercises->add[ /Library/WebServer/Documents/dqExam/application/admin/controller/Exercises.php ]
[ info ] [ DB ] INIT sqlite
[ info ] [ VIEW ] /Library/WebServer/Documents/dqExam/thinkphp/tpl/dispatch_jump.tpl [ array (
  0 => 'info',
  1 => 'code',
  2 => 'msg',
  3 => 'data',
  4 => 'url',
  5 => 'wait',
) ]
[ info ] [ LOG ] INIT File

---------------------------------------------------------------
[ 2017-10-28T23:05:23+08:00 ] 127.0.0.1 127.0.0.1 GET /dqExam/index.php/admin/exercises/add/sid/541/cid/7.html
[ log ] 127.0.0.1/dqExam/index.php/admin/exercises/add/sid/541/cid/7.html [运行时间：0.017959s][吞吐率：55.68req/s] [内存消耗：1,573.09kb] [文件加载：42]
[ info ] [ LANG ] /Library/WebServer/Documents/dqExam/thinkphp/lang/zh-cn.php
[ info ] [ ROUTE ] array (
  'type' => 'module',
  'module' => 
  array (
    0 => 'admin',
    1 => 'exercises',
    2 => 'add',
  ),
)
[ info ] [ HEADER ] array (
  'host' => '127.0.0.1',
  'cookie' => 'thinkphp_show_page_trace=0|0; thinkphp_show_page_trace=0|0; thinkphp_show_page_trace=0|0; PHPSESSID=67ae3c2f61c0bd36ea27074ddf21689a',
  'connection' => 'keep-alive',
  'upgrade-insecure-requests' => '1',
  'accept' => 'text/html,application/xhtml+xml,application/xml;q=0.9,*/*;q=0.8',
  'user-agent' => 'Mozilla/5.0 (Macintosh; Intel Mac OS X 10_13) AppleWebKit/604.1.38 (KHTML, like Gecko) Version/11.0 Safari/604.1.38',
  'referer' => 'http://127.0.0.1/dqExam/index.php/admin/exercises/add.html',
  'accept-language' => 'zh-cn',
  'accept-encoding' => 'gzip, deflate',
)
[ info ] [ PARAM ] array (
  'sid' => '541',
  'cid' => '7',
)
[ info ] [ SESSION ] INIT array (
  'id' => '',
  'var_session_id' => '',
  'prefix' => 'think',
  'type' => '',
  'auto_start' => true,
)
[ info ] [ RUN ] app\admin\controller\Exercises->add[ /Library/WebServer/Documents/dqExam/application/admin/controller/Exercises.php ]
[ info ] [ DB ] INIT sqlite
[ info ] [ VIEW ] /Library/WebServer/Documents/dqExam/application/admin/view/exercises/add.html [ array (
  0 => 'info',
  1 => 'sid',
  2 => 'chapters',
) ]
[ info ] [ LOG ] INIT File

---------------------------------------------------------------
[ 2017-10-28T23:06:46+08:00 ] 127.0.0.1 127.0.0.1 POST /dqExam/index.php/admin/exercises/add.html
[ log ] 127.0.0.1/dqExam/index.php/admin/exercises/add.html [运行时间：0.038624s][吞吐率：25.89req/s] [内存消耗：1,451.58kb] [文件加载：42]
[ info ] [ LANG ] /Library/WebServer/Documents/dqExam/thinkphp/lang/zh-cn.php
[ info ] [ ROUTE ] array (
  'type' => 'module',
  'module' => 
  array (
    0 => 'admin',
    1 => 'exercises',
    2 => 'add',
  ),
)
[ info ] [ HEADER ] array (
  'host' => '127.0.0.1',
  'accept' => 'text/html,application/xhtml+xml,application/xml;q=0.9,*/*;q=0.8',
  'accept-encoding' => 'gzip, deflate',
  'accept-language' => 'zh-cn',
  'content-type' => 'multipart/form-data; boundary=----WebKitFormBoundary6FqhYfWhubAeBSdi',
  'origin' => 'http://127.0.0.1',
  'user-agent' => 'Mozilla/5.0 (Macintosh; Intel Mac OS X 10_13) AppleWebKit/604.1.38 (KHTML, like Gecko) Version/11.0 Safari/604.1.38',
  'connection' => 'keep-alive',
  'upgrade-insecure-requests' => '1',
  'referer' => 'http://127.0.0.1/dqExam/index.php/admin/exercises/add/sid/541/cid/7.html',
  'content-length' => '1423',
  'cookie' => 'thinkphp_show_page_trace=0|0; thinkphp_show_page_trace=0|0; PHPSESSID=67ae3c2f61c0bd36ea27074ddf21689a',
)
[ info ] [ PARAM ] array (
  'chapter_id' => '9',
  'question_type' => '1',
  'question_content' => '<p>选择1个与画线部分意义最相近的词或短语。</p><p>He was&nbsp;<u>elevated</u>&nbsp;to the post of prime minister.</p><p><br></p>',
  'option' => 
  array (
    0 => 'pulled',
    1 => 'promoted',
    2 => 'pushed',
    3 => 'treated',
  ),
  'right_answer' => 'B',
  'analytical' => 'elevate：提升，举起。promote：提升，促进。两者意思相近。pull：拉。 push：推。treat：对待，探讨。',
  'effective' => '1',
  'subject_id' => '541',
)
[ info ] [ SESSION ] INIT array (
  'id' => '',
  'var_session_id' => '',
  'prefix' => 'think',
  'type' => '',
  'auto_start' => true,
)
[ info ] [ RUN ] app\admin\controller\Exercises->add[ /Library/WebServer/Documents/dqExam/application/admin/controller/Exercises.php ]
[ info ] [ DB ] INIT sqlite
[ info ] [ VIEW ] /Library/WebServer/Documents/dqExam/thinkphp/tpl/dispatch_jump.tpl [ array (
  0 => 'info',
  1 => 'code',
  2 => 'msg',
  3 => 'data',
  4 => 'url',
  5 => 'wait',
) ]
[ info ] [ LOG ] INIT File

---------------------------------------------------------------
[ 2017-10-28T23:06:46+08:00 ] 127.0.0.1 127.0.0.1 GET /dqExam/index.php/admin/exercises/add/sid/541/cid/7.html
[ log ] 127.0.0.1/dqExam/index.php/admin/exercises/add/sid/541/cid/7.html [运行时间：0.017905s][吞吐率：55.85req/s] [内存消耗：1,573.09kb] [文件加载：42]
[ info ] [ LANG ] /Library/WebServer/Documents/dqExam/thinkphp/lang/zh-cn.php
[ info ] [ ROUTE ] array (
  'type' => 'module',
  'module' => 
  array (
    0 => 'admin',
    1 => 'exercises',
    2 => 'add',
  ),
)
[ info ] [ HEADER ] array (
  'host' => '127.0.0.1',
  'cookie' => 'thinkphp_show_page_trace=0|0; thinkphp_show_page_trace=0|0; thinkphp_show_page_trace=0|0; PHPSESSID=67ae3c2f61c0bd36ea27074ddf21689a',
  'connection' => 'keep-alive',
  'upgrade-insecure-requests' => '1',
  'accept' => 'text/html,application/xhtml+xml,application/xml;q=0.9,*/*;q=0.8',
  'user-agent' => 'Mozilla/5.0 (Macintosh; Intel Mac OS X 10_13) AppleWebKit/604.1.38 (KHTML, like Gecko) Version/11.0 Safari/604.1.38',
  'referer' => 'http://127.0.0.1/dqExam/index.php/admin/exercises/add.html',
  'accept-language' => 'zh-cn',
  'accept-encoding' => 'gzip, deflate',
)
[ info ] [ PARAM ] array (
  'sid' => '541',
  'cid' => '7',
)
[ info ] [ SESSION ] INIT array (
  'id' => '',
  'var_session_id' => '',
  'prefix' => 'think',
  'type' => '',
  'auto_start' => true,
)
[ info ] [ RUN ] app\admin\controller\Exercises->add[ /Library/WebServer/Documents/dqExam/application/admin/controller/Exercises.php ]
[ info ] [ DB ] INIT sqlite
[ info ] [ VIEW ] /Library/WebServer/Documents/dqExam/application/admin/view/exercises/add.html [ array (
  0 => 'info',
  1 => 'sid',
  2 => 'chapters',
) ]
[ info ] [ LOG ] INIT File

---------------------------------------------------------------
[ 2017-10-28T23:07:38+08:00 ] 127.0.0.1 127.0.0.1 POST /dqExam/index.php/admin/exercises/add.html
[ log ] 127.0.0.1/dqExam/index.php/admin/exercises/add.html [运行时间：0.033577s][吞吐率：29.78req/s] [内存消耗：1,451.83kb] [文件加载：42]
[ info ] [ LANG ] /Library/WebServer/Documents/dqExam/thinkphp/lang/zh-cn.php
[ info ] [ ROUTE ] array (
  'type' => 'module',
  'module' => 
  array (
    0 => 'admin',
    1 => 'exercises',
    2 => 'add',
  ),
)
[ info ] [ HEADER ] array (
  'host' => '127.0.0.1',
  'accept' => 'text/html,application/xhtml+xml,application/xml;q=0.9,*/*;q=0.8',
  'accept-encoding' => 'gzip, deflate',
  'accept-language' => 'zh-cn',
  'content-type' => 'multipart/form-data; boundary=----WebKitFormBoundaryBcQUGauJF1KYztHj',
  'origin' => 'http://127.0.0.1',
  'user-agent' => 'Mozilla/5.0 (Macintosh; Intel Mac OS X 10_13) AppleWebKit/604.1.38 (KHTML, like Gecko) Version/11.0 Safari/604.1.38',
  'connection' => 'keep-alive',
  'upgrade-insecure-requests' => '1',
  'referer' => 'http://127.0.0.1/dqExam/index.php/admin/exercises/add/sid/541/cid/7.html',
  'content-length' => '1594',
  'cookie' => 'thinkphp_show_page_trace=0|0; thinkphp_show_page_trace=0|0; PHPSESSID=67ae3c2f61c0bd36ea27074ddf21689a',
)
[ info ] [ PARAM ] array (
  'chapter_id' => '9',
  'question_type' => '1',
  'question_content' => '<p>选择1个与画线部分意义最相近的词或短语。</p><p>The curious look from the strangers around her made her feel&nbsp;<u>uneasy</u>.</p><p><br></p>',
  'option' => 
  array (
    0 => 'difficult',
    1 => 'worried',
    2 => 'anxious',
    3 => 'unhappy',
  ),
  'right_answer' => 'C',
  'analytical' => '通过前面给出的语境“周围陌生人对她奇怪的眼神（使她感到）”，可以推断出uneasy的含义与四个选项（A 困难的，B担心的、烦恼的，C 忧虑的、不安的，D 不高兴）中C的意思相同，表示“局促不安的，忧虑的”。',
  'effective' => '1',
  'subject_id' => '541',
)
[ info ] [ SESSION ] INIT array (
  'id' => '',
  'var_session_id' => '',
  'prefix' => 'think',
  'type' => '',
  'auto_start' => true,
)
[ info ] [ RUN ] app\admin\controller\Exercises->add[ /Library/WebServer/Documents/dqExam/application/admin/controller/Exercises.php ]
[ info ] [ DB ] INIT sqlite
[ info ] [ VIEW ] /Library/WebServer/Documents/dqExam/thinkphp/tpl/dispatch_jump.tpl [ array (
  0 => 'info',
  1 => 'code',
  2 => 'msg',
  3 => 'data',
  4 => 'url',
  5 => 'wait',
) ]
[ info ] [ LOG ] INIT File

---------------------------------------------------------------
[ 2017-10-28T23:07:39+08:00 ] 127.0.0.1 127.0.0.1 GET /dqExam/index.php/admin/exercises/add/sid/541/cid/7.html
[ log ] 127.0.0.1/dqExam/index.php/admin/exercises/add/sid/541/cid/7.html [运行时间：0.018823s][吞吐率：53.13req/s] [内存消耗：1,573.09kb] [文件加载：42]
[ info ] [ LANG ] /Library/WebServer/Documents/dqExam/thinkphp/lang/zh-cn.php
[ info ] [ ROUTE ] array (
  'type' => 'module',
  'module' => 
  array (
    0 => 'admin',
    1 => 'exercises',
    2 => 'add',
  ),
)
[ info ] [ HEADER ] array (
  'host' => '127.0.0.1',
  'cookie' => 'thinkphp_show_page_trace=0|0; thinkphp_show_page_trace=0|0; thinkphp_show_page_trace=0|0; PHPSESSID=67ae3c2f61c0bd36ea27074ddf21689a',
  'connection' => 'keep-alive',
  'upgrade-insecure-requests' => '1',
  'accept' => 'text/html,application/xhtml+xml,application/xml;q=0.9,*/*;q=0.8',
  'user-agent' => 'Mozilla/5.0 (Macintosh; Intel Mac OS X 10_13) AppleWebKit/604.1.38 (KHTML, like Gecko) Version/11.0 Safari/604.1.38',
  'referer' => 'http://127.0.0.1/dqExam/index.php/admin/exercises/add.html',
  'accept-language' => 'zh-cn',
  'accept-encoding' => 'gzip, deflate',
)
[ info ] [ PARAM ] array (
  'sid' => '541',
  'cid' => '7',
)
[ info ] [ SESSION ] INIT array (
  'id' => '',
  'var_session_id' => '',
  'prefix' => 'think',
  'type' => '',
  'auto_start' => true,
)
[ info ] [ RUN ] app\admin\controller\Exercises->add[ /Library/WebServer/Documents/dqExam/application/admin/controller/Exercises.php ]
[ info ] [ DB ] INIT sqlite
[ info ] [ VIEW ] /Library/WebServer/Documents/dqExam/application/admin/view/exercises/add.html [ array (
  0 => 'info',
  1 => 'sid',
  2 => 'chapters',
) ]
[ info ] [ LOG ] INIT File

---------------------------------------------------------------
[ 2017-10-28T23:08:48+08:00 ] 127.0.0.1 127.0.0.1 POST /dqExam/index.php/admin/exercises/add.html
[ log ] 127.0.0.1/dqExam/index.php/admin/exercises/add.html [运行时间：0.026263s][吞吐率：38.08req/s] [内存消耗：1,451.70kb] [文件加载：42]
[ info ] [ LANG ] /Library/WebServer/Documents/dqExam/thinkphp/lang/zh-cn.php
[ info ] [ ROUTE ] array (
  'type' => 'module',
  'module' => 
  array (
    0 => 'admin',
    1 => 'exercises',
    2 => 'add',
  ),
)
[ info ] [ HEADER ] array (
  'host' => '127.0.0.1',
  'accept' => 'text/html,application/xhtml+xml,application/xml;q=0.9,*/*;q=0.8',
  'accept-encoding' => 'gzip, deflate',
  'accept-language' => 'zh-cn',
  'content-type' => 'multipart/form-data; boundary=----WebKitFormBoundaryEotxWPdsQNIzt3GB',
  'origin' => 'http://127.0.0.1',
  'user-agent' => 'Mozilla/5.0 (Macintosh; Intel Mac OS X 10_13) AppleWebKit/604.1.38 (KHTML, like Gecko) Version/11.0 Safari/604.1.38',
  'connection' => 'keep-alive',
  'upgrade-insecure-requests' => '1',
  'referer' => 'http://127.0.0.1/dqExam/index.php/admin/exercises/add/sid/541/cid/7.html',
  'content-length' => '1529',
  'cookie' => 'thinkphp_show_page_trace=0|0; thinkphp_show_page_trace=0|0; PHPSESSID=67ae3c2f61c0bd36ea27074ddf21689a',
)
[ info ] [ PARAM ] array (
  'chapter_id' => '9',
  'question_type' => '1',
  'question_content' => '<p>选择1个与画线部分意义最相近的词或短语。</p><p>Not all of the students in this school&nbsp;<u>participated</u> in&nbsp;the sports competition.</p><p><br></p>',
  'option' => 
  array (
    0 => 'enjoyed in',
    1 => 'took part in',
    2 => 'took pleasure in',
    3 => 'contributed in',
  ),
  'right_answer' => 'B',
  'analytical' => 'participate in “参与，参加”，与四个选项中的B选项take part in 同意，其它三个选项A 享受……的乐趣，C 乐于做某事，D 对……做出贡献。',
  'effective' => '1',
  'subject_id' => '541',
)
[ info ] [ SESSION ] INIT array (
  'id' => '',
  'var_session_id' => '',
  'prefix' => 'think',
  'type' => '',
  'auto_start' => true,
)
[ info ] [ RUN ] app\admin\controller\Exercises->add[ /Library/WebServer/Documents/dqExam/application/admin/controller/Exercises.php ]
[ info ] [ DB ] INIT sqlite
[ info ] [ VIEW ] /Library/WebServer/Documents/dqExam/thinkphp/tpl/dispatch_jump.tpl [ array (
  0 => 'info',
  1 => 'code',
  2 => 'msg',
  3 => 'data',
  4 => 'url',
  5 => 'wait',
) ]
[ info ] [ LOG ] INIT File

---------------------------------------------------------------
[ 2017-10-28T23:08:49+08:00 ] 127.0.0.1 127.0.0.1 GET /dqExam/index.php/admin/exercises/add/sid/541/cid/7.html
[ log ] 127.0.0.1/dqExam/index.php/admin/exercises/add/sid/541/cid/7.html [运行时间：0.017771s][吞吐率：56.27req/s] [内存消耗：1,573.09kb] [文件加载：42]
[ info ] [ LANG ] /Library/WebServer/Documents/dqExam/thinkphp/lang/zh-cn.php
[ info ] [ ROUTE ] array (
  'type' => 'module',
  'module' => 
  array (
    0 => 'admin',
    1 => 'exercises',
    2 => 'add',
  ),
)
[ info ] [ HEADER ] array (
  'host' => '127.0.0.1',
  'cookie' => 'thinkphp_show_page_trace=0|0; thinkphp_show_page_trace=0|0; thinkphp_show_page_trace=0|0; PHPSESSID=67ae3c2f61c0bd36ea27074ddf21689a',
  'connection' => 'keep-alive',
  'upgrade-insecure-requests' => '1',
  'accept' => 'text/html,application/xhtml+xml,application/xml;q=0.9,*/*;q=0.8',
  'user-agent' => 'Mozilla/5.0 (Macintosh; Intel Mac OS X 10_13) AppleWebKit/604.1.38 (KHTML, like Gecko) Version/11.0 Safari/604.1.38',
  'referer' => 'http://127.0.0.1/dqExam/index.php/admin/exercises/add.html',
  'accept-language' => 'zh-cn',
  'accept-encoding' => 'gzip, deflate',
)
[ info ] [ PARAM ] array (
  'sid' => '541',
  'cid' => '7',
)
[ info ] [ SESSION ] INIT array (
  'id' => '',
  'var_session_id' => '',
  'prefix' => 'think',
  'type' => '',
  'auto_start' => true,
)
[ info ] [ RUN ] app\admin\controller\Exercises->add[ /Library/WebServer/Documents/dqExam/application/admin/controller/Exercises.php ]
[ info ] [ DB ] INIT sqlite
[ info ] [ VIEW ] /Library/WebServer/Documents/dqExam/application/admin/view/exercises/add.html [ array (
  0 => 'info',
  1 => 'sid',
  2 => 'chapters',
) ]
[ info ] [ LOG ] INIT File

---------------------------------------------------------------
[ 2017-10-28T23:09:40+08:00 ] 127.0.0.1 127.0.0.1 POST /dqExam/index.php/admin/exercises/add.html
[ log ] 127.0.0.1/dqExam/index.php/admin/exercises/add.html [运行时间：0.019624s][吞吐率：50.96req/s] [内存消耗：1,451.58kb] [文件加载：42]
[ info ] [ LANG ] /Library/WebServer/Documents/dqExam/thinkphp/lang/zh-cn.php
[ info ] [ ROUTE ] array (
  'type' => 'module',
  'module' => 
  array (
    0 => 'admin',
    1 => 'exercises',
    2 => 'add',
  ),
)
[ info ] [ HEADER ] array (
  'host' => '127.0.0.1',
  'accept' => 'text/html,application/xhtml+xml,application/xml;q=0.9,*/*;q=0.8',
  'accept-encoding' => 'gzip, deflate',
  'accept-language' => 'zh-cn',
  'content-type' => 'multipart/form-data; boundary=----WebKitFormBoundaryIGFBR6NA5fkkGWRt',
  'origin' => 'http://127.0.0.1',
  'user-agent' => 'Mozilla/5.0 (Macintosh; Intel Mac OS X 10_13) AppleWebKit/604.1.38 (KHTML, like Gecko) Version/11.0 Safari/604.1.38',
  'connection' => 'keep-alive',
  'upgrade-insecure-requests' => '1',
  'referer' => 'http://127.0.0.1/dqExam/index.php/admin/exercises/add/sid/541/cid/7.html',
  'content-length' => '1423',
  'cookie' => 'thinkphp_show_page_trace=0|0; thinkphp_show_page_trace=0|0; PHPSESSID=67ae3c2f61c0bd36ea27074ddf21689a',
)
[ info ] [ PARAM ] array (
  'chapter_id' => '9',
  'question_type' => '1',
  'question_content' => '<p>选择1个与画线部分意义最相近的词或短语。</p><p>The nursery is bright and&nbsp;<u>cheerful</u>.</p><p><br></p>',
  'right_answer' => 'A',
  'option' => 
  array (
    0 => 'pleasant',
    1 => 'clean',
    2 => 'peaceful',
    3 => 'large',
  ),
  'analytical' => 'cheerful 快乐的、活泼的；四个选项中：A快乐的；B干净的；C和平的，安宁的；D 大的；只有A选项与划线词同意。',
  'effective' => '1',
  'subject_id' => '541',
)
[ info ] [ SESSION ] INIT array (
  'id' => '',
  'var_session_id' => '',
  'prefix' => 'think',
  'type' => '',
  'auto_start' => true,
)
[ info ] [ RUN ] app\admin\controller\Exercises->add[ /Library/WebServer/Documents/dqExam/application/admin/controller/Exercises.php ]
[ info ] [ DB ] INIT sqlite
[ info ] [ VIEW ] /Library/WebServer/Documents/dqExam/thinkphp/tpl/dispatch_jump.tpl [ array (
  0 => 'info',
  1 => 'code',
  2 => 'msg',
  3 => 'data',
  4 => 'url',
  5 => 'wait',
) ]
[ info ] [ LOG ] INIT File

---------------------------------------------------------------
[ 2017-10-28T23:09:42+08:00 ] 127.0.0.1 127.0.0.1 GET /dqExam/index.php/admin/exercises/add/sid/541/cid/7.html
[ log ] 127.0.0.1/dqExam/index.php/admin/exercises/add/sid/541/cid/7.html [运行时间：0.018942s][吞吐率：52.79req/s] [内存消耗：1,573.09kb] [文件加载：42]
[ info ] [ LANG ] /Library/WebServer/Documents/dqExam/thinkphp/lang/zh-cn.php
[ info ] [ ROUTE ] array (
  'type' => 'module',
  'module' => 
  array (
    0 => 'admin',
    1 => 'exercises',
    2 => 'add',
  ),
)
[ info ] [ HEADER ] array (
  'host' => '127.0.0.1',
  'cookie' => 'thinkphp_show_page_trace=0|0; thinkphp_show_page_trace=0|0; thinkphp_show_page_trace=0|0; PHPSESSID=67ae3c2f61c0bd36ea27074ddf21689a',
  'connection' => 'keep-alive',
  'upgrade-insecure-requests' => '1',
  'accept' => 'text/html,application/xhtml+xml,application/xml;q=0.9,*/*;q=0.8',
  'user-agent' => 'Mozilla/5.0 (Macintosh; Intel Mac OS X 10_13) AppleWebKit/604.1.38 (KHTML, like Gecko) Version/11.0 Safari/604.1.38',
  'referer' => 'http://127.0.0.1/dqExam/index.php/admin/exercises/add.html',
  'accept-language' => 'zh-cn',
  'accept-encoding' => 'gzip, deflate',
)
[ info ] [ PARAM ] array (
  'sid' => '541',
  'cid' => '7',
)
[ info ] [ SESSION ] INIT array (
  'id' => '',
  'var_session_id' => '',
  'prefix' => 'think',
  'type' => '',
  'auto_start' => true,
)
[ info ] [ RUN ] app\admin\controller\Exercises->add[ /Library/WebServer/Documents/dqExam/application/admin/controller/Exercises.php ]
[ info ] [ DB ] INIT sqlite
[ info ] [ VIEW ] /Library/WebServer/Documents/dqExam/application/admin/view/exercises/add.html [ array (
  0 => 'info',
  1 => 'sid',
  2 => 'chapters',
) ]
[ info ] [ LOG ] INIT File

---------------------------------------------------------------
[ 2017-10-28T23:10:24+08:00 ] 127.0.0.1 127.0.0.1 POST /dqExam/index.php/admin/exercises/add.html
[ log ] 127.0.0.1/dqExam/index.php/admin/exercises/add.html [运行时间：0.026692s][吞吐率：37.46req/s] [内存消耗：1,451.58kb] [文件加载：42]
[ info ] [ LANG ] /Library/WebServer/Documents/dqExam/thinkphp/lang/zh-cn.php
[ info ] [ ROUTE ] array (
  'type' => 'module',
  'module' => 
  array (
    0 => 'admin',
    1 => 'exercises',
    2 => 'add',
  ),
)
[ info ] [ HEADER ] array (
  'host' => '127.0.0.1',
  'accept' => 'text/html,application/xhtml+xml,application/xml;q=0.9,*/*;q=0.8',
  'accept-encoding' => 'gzip, deflate',
  'accept-language' => 'zh-cn',
  'content-type' => 'multipart/form-data; boundary=----WebKitFormBoundaryDx1AL1BE9awZrQAc',
  'origin' => 'http://127.0.0.1',
  'user-agent' => 'Mozilla/5.0 (Macintosh; Intel Mac OS X 10_13) AppleWebKit/604.1.38 (KHTML, like Gecko) Version/11.0 Safari/604.1.38',
  'connection' => 'keep-alive',
  'upgrade-insecure-requests' => '1',
  'referer' => 'http://127.0.0.1/dqExam/index.php/admin/exercises/add/sid/541/cid/7.html',
  'content-length' => '1419',
  'cookie' => 'thinkphp_show_page_trace=0|0; thinkphp_show_page_trace=0|0; PHPSESSID=67ae3c2f61c0bd36ea27074ddf21689a',
)
[ info ] [ PARAM ] array (
  'chapter_id' => '9',
  'question_type' => '1',
  'question_content' => '<p>选择1个与画线部分意义最相近的词或短语。</p><p>The weather is a constant&nbsp;<u>subject</u>&nbsp;of conversation in Britain.</p>',
  'option' => 
  array (
    0 => 'question',
    1 => 'problem',
    2 => 'issue',
    3 => 'topic',
  ),
  'right_answer' => 'D',
  'analytical' => '句意：天气在英国是谈话的永恒话题。topic也是“话题”，为“subject”的同义词。因此选择D。',
  'effective' => '1',
  'subject_id' => '541',
)
[ info ] [ SESSION ] INIT array (
  'id' => '',
  'var_session_id' => '',
  'prefix' => 'think',
  'type' => '',
  'auto_start' => true,
)
[ info ] [ RUN ] app\admin\controller\Exercises->add[ /Library/WebServer/Documents/dqExam/application/admin/controller/Exercises.php ]
[ info ] [ DB ] INIT sqlite
[ info ] [ VIEW ] /Library/WebServer/Documents/dqExam/thinkphp/tpl/dispatch_jump.tpl [ array (
  0 => 'info',
  1 => 'code',
  2 => 'msg',
  3 => 'data',
  4 => 'url',
  5 => 'wait',
) ]
[ info ] [ LOG ] INIT File

---------------------------------------------------------------
[ 2017-10-28T23:10:25+08:00 ] 127.0.0.1 127.0.0.1 GET /dqExam/index.php/admin/exercises/add/sid/541/cid/7.html
[ log ] 127.0.0.1/dqExam/index.php/admin/exercises/add/sid/541/cid/7.html [运行时间：0.018792s][吞吐率：53.21req/s] [内存消耗：1,573.09kb] [文件加载：42]
[ info ] [ LANG ] /Library/WebServer/Documents/dqExam/thinkphp/lang/zh-cn.php
[ info ] [ ROUTE ] array (
  'type' => 'module',
  'module' => 
  array (
    0 => 'admin',
    1 => 'exercises',
    2 => 'add',
  ),
)
[ info ] [ HEADER ] array (
  'host' => '127.0.0.1',
  'cookie' => 'thinkphp_show_page_trace=0|0; thinkphp_show_page_trace=0|0; thinkphp_show_page_trace=0|0; PHPSESSID=67ae3c2f61c0bd36ea27074ddf21689a',
  'connection' => 'keep-alive',
  'upgrade-insecure-requests' => '1',
  'accept' => 'text/html,application/xhtml+xml,application/xml;q=0.9,*/*;q=0.8',
  'user-agent' => 'Mozilla/5.0 (Macintosh; Intel Mac OS X 10_13) AppleWebKit/604.1.38 (KHTML, like Gecko) Version/11.0 Safari/604.1.38',
  'referer' => 'http://127.0.0.1/dqExam/index.php/admin/exercises/add.html',
  'accept-language' => 'zh-cn',
  'accept-encoding' => 'gzip, deflate',
)
[ info ] [ PARAM ] array (
  'sid' => '541',
  'cid' => '7',
)
[ info ] [ SESSION ] INIT array (
  'id' => '',
  'var_session_id' => '',
  'prefix' => 'think',
  'type' => '',
  'auto_start' => true,
)
[ info ] [ RUN ] app\admin\controller\Exercises->add[ /Library/WebServer/Documents/dqExam/application/admin/controller/Exercises.php ]
[ info ] [ DB ] INIT sqlite
[ info ] [ VIEW ] /Library/WebServer/Documents/dqExam/application/admin/view/exercises/add.html [ array (
  0 => 'info',
  1 => 'sid',
  2 => 'chapters',
) ]
[ info ] [ LOG ] INIT File

---------------------------------------------------------------
[ 2017-10-28T23:11:05+08:00 ] 127.0.0.1 127.0.0.1 POST /dqExam/index.php/admin/exercises/add.html
[ log ] 127.0.0.1/dqExam/index.php/admin/exercises/add.html [运行时间：0.031248s][吞吐率：32.00req/s] [内存消耗：1,451.58kb] [文件加载：42]
[ info ] [ LANG ] /Library/WebServer/Documents/dqExam/thinkphp/lang/zh-cn.php
[ info ] [ ROUTE ] array (
  'type' => 'module',
  'module' => 
  array (
    0 => 'admin',
    1 => 'exercises',
    2 => 'add',
  ),
)
[ info ] [ HEADER ] array (
  'host' => '127.0.0.1',
  'accept' => 'text/html,application/xhtml+xml,application/xml;q=0.9,*/*;q=0.8',
  'accept-encoding' => 'gzip, deflate',
  'accept-language' => 'zh-cn',
  'content-type' => 'multipart/form-data; boundary=----WebKitFormBoundaryh6kOMvHvtojGYgt6',
  'origin' => 'http://127.0.0.1',
  'user-agent' => 'Mozilla/5.0 (Macintosh; Intel Mac OS X 10_13) AppleWebKit/604.1.38 (KHTML, like Gecko) Version/11.0 Safari/604.1.38',
  'connection' => 'keep-alive',
  'upgrade-insecure-requests' => '1',
  'referer' => 'http://127.0.0.1/dqExam/index.php/admin/exercises/add/sid/541/cid/7.html',
  'content-length' => '1416',
  'cookie' => 'thinkphp_show_page_trace=0|0; thinkphp_show_page_trace=0|0; PHPSESSID=67ae3c2f61c0bd36ea27074ddf21689a',
)
[ info ] [ PARAM ] array (
  'chapter_id' => '9',
  'question_type' => '1',
  'question_content' => '<p>选择1个与画线部分意义最相近的词或短语。</p><p>He&nbsp;<u>achieved</u>&nbsp;his goal by peaceful means.</p>',
  'option' => 
  array (
    0 => 'finished',
    1 => 'improve',
    2 => 'done',
    3 => 'reached',
  ),
  'right_answer' => 'D',
  'analytical' => '他通过和平手段达到了他的目的。A 完成；B改进；C 做；D 达到，reach the goal表示“达到目的”；因此选择D。',
  'effective' => '1',
  'subject_id' => '541',
)
[ info ] [ SESSION ] INIT array (
  'id' => '',
  'var_session_id' => '',
  'prefix' => 'think',
  'type' => '',
  'auto_start' => true,
)
[ info ] [ RUN ] app\admin\controller\Exercises->add[ /Library/WebServer/Documents/dqExam/application/admin/controller/Exercises.php ]
[ info ] [ DB ] INIT sqlite
[ info ] [ VIEW ] /Library/WebServer/Documents/dqExam/thinkphp/tpl/dispatch_jump.tpl [ array (
  0 => 'info',
  1 => 'code',
  2 => 'msg',
  3 => 'data',
  4 => 'url',
  5 => 'wait',
) ]
[ info ] [ LOG ] INIT File

---------------------------------------------------------------
[ 2017-10-28T23:11:06+08:00 ] 127.0.0.1 127.0.0.1 GET /dqExam/index.php/admin/exercises/add/sid/541/cid/7.html
[ log ] 127.0.0.1/dqExam/index.php/admin/exercises/add/sid/541/cid/7.html [运行时间：0.019215s][吞吐率：52.04req/s] [内存消耗：1,573.09kb] [文件加载：42]
[ info ] [ LANG ] /Library/WebServer/Documents/dqExam/thinkphp/lang/zh-cn.php
[ info ] [ ROUTE ] array (
  'type' => 'module',
  'module' => 
  array (
    0 => 'admin',
    1 => 'exercises',
    2 => 'add',
  ),
)
[ info ] [ HEADER ] array (
  'host' => '127.0.0.1',
  'cookie' => 'thinkphp_show_page_trace=0|0; thinkphp_show_page_trace=0|0; thinkphp_show_page_trace=0|0; PHPSESSID=67ae3c2f61c0bd36ea27074ddf21689a',
  'connection' => 'keep-alive',
  'upgrade-insecure-requests' => '1',
  'accept' => 'text/html,application/xhtml+xml,application/xml;q=0.9,*/*;q=0.8',
  'user-agent' => 'Mozilla/5.0 (Macintosh; Intel Mac OS X 10_13) AppleWebKit/604.1.38 (KHTML, like Gecko) Version/11.0 Safari/604.1.38',
  'referer' => 'http://127.0.0.1/dqExam/index.php/admin/exercises/add.html',
  'accept-language' => 'zh-cn',
  'accept-encoding' => 'gzip, deflate',
)
[ info ] [ PARAM ] array (
  'sid' => '541',
  'cid' => '7',
)
[ info ] [ SESSION ] INIT array (
  'id' => '',
  'var_session_id' => '',
  'prefix' => 'think',
  'type' => '',
  'auto_start' => true,
)
[ info ] [ RUN ] app\admin\controller\Exercises->add[ /Library/WebServer/Documents/dqExam/application/admin/controller/Exercises.php ]
[ info ] [ DB ] INIT sqlite
[ info ] [ VIEW ] /Library/WebServer/Documents/dqExam/application/admin/view/exercises/add.html [ array (
  0 => 'info',
  1 => 'sid',
  2 => 'chapters',
) ]
[ info ] [ LOG ] INIT File

---------------------------------------------------------------
[ 2017-10-28T23:11:50+08:00 ] 127.0.0.1 127.0.0.1 POST /dqExam/index.php/admin/exercises/add.html
[ log ] 127.0.0.1/dqExam/index.php/admin/exercises/add.html [运行时间：0.028031s][吞吐率：35.67req/s] [内存消耗：1,451.58kb] [文件加载：42]
[ info ] [ LANG ] /Library/WebServer/Documents/dqExam/thinkphp/lang/zh-cn.php
[ info ] [ ROUTE ] array (
  'type' => 'module',
  'module' => 
  array (
    0 => 'admin',
    1 => 'exercises',
    2 => 'add',
  ),
)
[ info ] [ HEADER ] array (
  'host' => '127.0.0.1',
  'accept' => 'text/html,application/xhtml+xml,application/xml;q=0.9,*/*;q=0.8',
  'accept-encoding' => 'gzip, deflate',
  'accept-language' => 'zh-cn',
  'content-type' => 'multipart/form-data; boundary=----WebKitFormBoundaryhCKZqZFDDNYBdNjv',
  'origin' => 'http://127.0.0.1',
  'user-agent' => 'Mozilla/5.0 (Macintosh; Intel Mac OS X 10_13) AppleWebKit/604.1.38 (KHTML, like Gecko) Version/11.0 Safari/604.1.38',
  'connection' => 'keep-alive',
  'upgrade-insecure-requests' => '1',
  'referer' => 'http://127.0.0.1/dqExam/index.php/admin/exercises/add/sid/541/cid/7.html',
  'content-length' => '1351',
  'cookie' => 'thinkphp_show_page_trace=0|0; thinkphp_show_page_trace=0|0; PHPSESSID=67ae3c2f61c0bd36ea27074ddf21689a',
)
[ info ] [ PARAM ] array (
  'chapter_id' => '9',
  'question_type' => '1',
  'question_content' => '<p>选择1个与画线部分意义最相近的词或短语。</p><p>They walked through the great&nbsp;<u>forest</u>.</p><p><br></p>',
  'option' => 
  array (
    0 => 'tree',
    1 => 'woods',
    2 => 'grassland',
    3 => 'meadow',
  ),
  'right_answer' => 'B',
  'analytical' => '划线词表示“森林”，与woods意思相近，故B是正确答案。',
  'effective' => '1',
  'subject_id' => '541',
)
[ info ] [ SESSION ] INIT array (
  'id' => '',
  'var_session_id' => '',
  'prefix' => 'think',
  'type' => '',
  'auto_start' => true,
)
[ info ] [ RUN ] app\admin\controller\Exercises->add[ /Library/WebServer/Documents/dqExam/application/admin/controller/Exercises.php ]
[ info ] [ DB ] INIT sqlite
[ info ] [ VIEW ] /Library/WebServer/Documents/dqExam/thinkphp/tpl/dispatch_jump.tpl [ array (
  0 => 'info',
  1 => 'code',
  2 => 'msg',
  3 => 'data',
  4 => 'url',
  5 => 'wait',
) ]
[ info ] [ LOG ] INIT File

---------------------------------------------------------------
[ 2017-10-28T23:11:53+08:00 ] 127.0.0.1 127.0.0.1 GET /dqExam/index.php/admin/exercises/add/sid/541/cid/7.html
[ log ] 127.0.0.1/dqExam/index.php/admin/exercises/add/sid/541/cid/7.html [运行时间：0.030007s][吞吐率：33.33req/s] [内存消耗：1,573.09kb] [文件加载：42]
[ info ] [ LANG ] /Library/WebServer/Documents/dqExam/thinkphp/lang/zh-cn.php
[ info ] [ ROUTE ] array (
  'type' => 'module',
  'module' => 
  array (
    0 => 'admin',
    1 => 'exercises',
    2 => 'add',
  ),
)
[ info ] [ HEADER ] array (
  'host' => '127.0.0.1',
  'cookie' => 'thinkphp_show_page_trace=0|0; thinkphp_show_page_trace=0|0; thinkphp_show_page_trace=0|0; PHPSESSID=67ae3c2f61c0bd36ea27074ddf21689a',
  'connection' => 'keep-alive',
  'upgrade-insecure-requests' => '1',
  'accept' => 'text/html,application/xhtml+xml,application/xml;q=0.9,*/*;q=0.8',
  'user-agent' => 'Mozilla/5.0 (Macintosh; Intel Mac OS X 10_13) AppleWebKit/604.1.38 (KHTML, like Gecko) Version/11.0 Safari/604.1.38',
  'referer' => 'http://127.0.0.1/dqExam/index.php/admin/exercises/add.html',
  'accept-language' => 'zh-cn',
  'accept-encoding' => 'gzip, deflate',
)
[ info ] [ PARAM ] array (
  'sid' => '541',
  'cid' => '7',
)
[ info ] [ SESSION ] INIT array (
  'id' => '',
  'var_session_id' => '',
  'prefix' => 'think',
  'type' => '',
  'auto_start' => true,
)
[ info ] [ RUN ] app\admin\controller\Exercises->add[ /Library/WebServer/Documents/dqExam/application/admin/controller/Exercises.php ]
[ info ] [ DB ] INIT sqlite
[ info ] [ VIEW ] /Library/WebServer/Documents/dqExam/application/admin/view/exercises/add.html [ array (
  0 => 'info',
  1 => 'sid',
  2 => 'chapters',
) ]
[ info ] [ LOG ] INIT File

---------------------------------------------------------------
[ 2017-10-28T23:14:05+08:00 ] 127.0.0.1 127.0.0.1 GET /dqExam/index.php/admin/exercises/add.html
[ log ] 127.0.0.1/dqExam/index.php/admin/exercises/add.html [运行时间：0.079066s][吞吐率：12.65req/s] [内存消耗：2,406.33kb] [文件加载：50]
[ info ] [ LANG ] /Library/WebServer/Documents/dqExam/thinkphp/lang/zh-cn.php
[ info ] [ ROUTE ] array (
  'type' => 'module',
  'module' => 
  array (
    0 => 'admin',
    1 => 'exercises',
    2 => 'add',
  ),
)
[ info ] [ HEADER ] array (
  'host' => '127.0.0.1',
  'cookie' => 'thinkphp_show_page_trace=0|0; thinkphp_show_page_trace=0|0; PHPSESSID=67ae3c2f61c0bd36ea27074ddf21689a',
  'connection' => 'keep-alive',
  'upgrade-insecure-requests' => '1',
  'accept' => 'text/html,application/xhtml+xml,application/xml;q=0.9,*/*;q=0.8',
  'user-agent' => 'Mozilla/5.0 (Macintosh; Intel Mac OS X 10_13) AppleWebKit/604.1.38 (KHTML, like Gecko) Version/11.0 Safari/604.1.38',
  'referer' => 'http://127.0.0.1/dqExam/index.php/admin/exercises/add/sid/541/cid/7.html',
  'accept-language' => 'zh-cn',
  'accept-encoding' => 'gzip, deflate',
)
[ info ] [ PARAM ] array (
)
[ info ] [ SESSION ] INIT array (
  'id' => '',
  'var_session_id' => '',
  'prefix' => 'think',
  'type' => '',
  'auto_start' => true,
)
[ info ] [ RUN ] app\admin\controller\Exercises->add[ /Library/WebServer/Documents/dqExam/application/admin/controller/Exercises.php ]
[ info ] [ DB ] INIT mysql
[ info ] [ VIEW ] /Library/WebServer/Documents/dqExam/application/admin/view/exercises/subject.html [ array (
  0 => 'info',
  1 => 'action',
  2 => 'lists',
  3 => 'page',
) ]
[ info ] [ LOG ] INIT File
[ sql ] [ DB ] CONNECT:[ UseTime:0.000751s ] mysql:dbname=dq_exam_db;host=127.0.0.1;charset=utf8
[ sql ] [ SQL ] SHOW COLUMNS FROM `dq_product` [ RunTime:0.002727s ]
[ sql ] [ SQL ] SELECT COUNT(*) AS tp_count FROM `dq_product` LIMIT 1 [ RunTime:0.001674s ]
[ sql ] [ SQL ] SELECT * FROM `dq_product` LIMIT 0,20 [ RunTime:0.000391s ]

---------------------------------------------------------------
[ 2017-10-28T23:14:07+08:00 ] 127.0.0.1 127.0.0.1 GET /dqExam/index.php/admin/exercises/index.html
[ log ] 127.0.0.1/dqExam/index.php/admin/exercises/index.html [运行时间：0.028356s][吞吐率：35.27req/s] [内存消耗：2,406.17kb] [文件加载：50]
[ info ] [ LANG ] /Library/WebServer/Documents/dqExam/thinkphp/lang/zh-cn.php
[ info ] [ ROUTE ] array (
  'type' => 'module',
  'module' => 
  array (
    0 => 'admin',
    1 => 'exercises',
    2 => 'index',
  ),
)
[ info ] [ HEADER ] array (
  'host' => '127.0.0.1',
  'cookie' => 'thinkphp_show_page_trace=0|0; thinkphp_show_page_trace=0|0; PHPSESSID=67ae3c2f61c0bd36ea27074ddf21689a',
  'connection' => 'keep-alive',
  'upgrade-insecure-requests' => '1',
  'accept' => 'text/html,application/xhtml+xml,application/xml;q=0.9,*/*;q=0.8',
  'user-agent' => 'Mozilla/5.0 (Macintosh; Intel Mac OS X 10_13) AppleWebKit/604.1.38 (KHTML, like Gecko) Version/11.0 Safari/604.1.38',
  'referer' => 'http://127.0.0.1/dqExam/index.php/admin/exercises/add.html',
  'accept-language' => 'zh-cn',
  'accept-encoding' => 'gzip, deflate',
)
[ info ] [ PARAM ] array (
)
[ info ] [ SESSION ] INIT array (
  'id' => '',
  'var_session_id' => '',
  'prefix' => 'think',
  'type' => '',
  'auto_start' => true,
)
[ info ] [ RUN ] app\admin\controller\Exercises->index[ /Library/WebServer/Documents/dqExam/application/admin/controller/Exercises.php ]
[ info ] [ DB ] INIT mysql
[ info ] [ VIEW ] /Library/WebServer/Documents/dqExam/application/admin/view/exercises/subject.html [ array (
  0 => 'info',
  1 => 'action',
  2 => 'lists',
  3 => 'page',
) ]
[ info ] [ LOG ] INIT File
[ sql ] [ DB ] CONNECT:[ UseTime:0.000673s ] mysql:dbname=dq_exam_db;host=127.0.0.1;charset=utf8
[ sql ] [ SQL ] SHOW COLUMNS FROM `dq_product` [ RunTime:0.000948s ]
[ sql ] [ SQL ] SELECT COUNT(*) AS tp_count FROM `dq_product` LIMIT 1 [ RunTime:0.000975s ]
[ sql ] [ SQL ] SELECT * FROM `dq_product` LIMIT 0,20 [ RunTime:0.000511s ]

---------------------------------------------------------------
[ 2017-10-28T23:14:10+08:00 ] 127.0.0.1 127.0.0.1 GET /dqExam/index.php/admin/exercises/index/sid/221.html
[ log ] 127.0.0.1/dqExam/index.php/admin/exercises/index/sid/221.html [运行时间：0.019567s][吞吐率：51.11req/s] [内存消耗：1,460.41kb] [文件加载：42]
[ info ] [ LANG ] /Library/WebServer/Documents/dqExam/thinkphp/lang/zh-cn.php
[ info ] [ ROUTE ] array (
  'type' => 'module',
  'module' => 
  array (
    0 => 'admin',
    1 => 'exercises',
    2 => 'index',
  ),
)
[ info ] [ HEADER ] array (
  'host' => '127.0.0.1',
  'cookie' => 'thinkphp_show_page_trace=0|0; thinkphp_show_page_trace=0|0; PHPSESSID=67ae3c2f61c0bd36ea27074ddf21689a',
  'connection' => 'keep-alive',
  'upgrade-insecure-requests' => '1',
  'accept' => 'text/html,application/xhtml+xml,application/xml;q=0.9,*/*;q=0.8',
  'user-agent' => 'Mozilla/5.0 (Macintosh; Intel Mac OS X 10_13) AppleWebKit/604.1.38 (KHTML, like Gecko) Version/11.0 Safari/604.1.38',
  'referer' => 'http://127.0.0.1/dqExam/index.php/admin/exercises/index.html',
  'accept-language' => 'zh-cn',
  'accept-encoding' => 'gzip, deflate',
)
[ info ] [ PARAM ] array (
  'sid' => '221',
)
[ info ] [ SESSION ] INIT array (
  'id' => '',
  'var_session_id' => '',
  'prefix' => 'think',
  'type' => '',
  'auto_start' => true,
)
[ info ] [ RUN ] app\admin\controller\Exercises->index[ /Library/WebServer/Documents/dqExam/application/admin/controller/Exercises.php ]
[ info ] [ DB ] INIT sqlite
[ info ] [ LOG ] INIT File
[ error ] [14]SQLSTATE[HY000] [14] unable to open database file[/Library/WebServer/Documents/dqExam/thinkphp/library/think/db/Connection.php:287]

---------------------------------------------------------------
[ 2017-10-28T23:14:15+08:00 ] 127.0.0.1 127.0.0.1 GET /dqExam/index.php/admin/exercises/index/sid/421.html
[ log ] 127.0.0.1/dqExam/index.php/admin/exercises/index/sid/421.html [运行时间：0.029289s][吞吐率：34.14req/s] [内存消耗：1,459.80kb] [文件加载：42]
[ info ] [ LANG ] /Library/WebServer/Documents/dqExam/thinkphp/lang/zh-cn.php
[ info ] [ ROUTE ] array (
  'type' => 'module',
  'module' => 
  array (
    0 => 'admin',
    1 => 'exercises',
    2 => 'index',
  ),
)
[ info ] [ HEADER ] array (
  'host' => '127.0.0.1',
  'accept' => 'text/html,application/xhtml+xml,application/xml;q=0.9,*/*;q=0.8',
  'upgrade-insecure-requests' => '1',
  'cookie' => 'thinkphp_show_page_trace=0|0; thinkphp_show_page_trace=0|0; thinkphp_show_page_trace=0|0; PHPSESSID=67ae3c2f61c0bd36ea27074ddf21689a',
  'user-agent' => 'Mozilla/5.0 (Macintosh; Intel Mac OS X 10_13) AppleWebKit/604.1.38 (KHTML, like Gecko) Version/11.0 Safari/604.1.38',
  'accept-language' => 'zh-cn',
  'accept-encoding' => 'gzip, deflate',
  'connection' => 'keep-alive',
)
[ info ] [ PARAM ] array (
  'sid' => '421',
)
[ info ] [ SESSION ] INIT array (
  'id' => '',
  'var_session_id' => '',
  'prefix' => 'think',
  'type' => '',
  'auto_start' => true,
)
[ info ] [ RUN ] app\admin\controller\Exercises->index[ /Library/WebServer/Documents/dqExam/application/admin/controller/Exercises.php ]
[ info ] [ DB ] INIT sqlite
[ info ] [ LOG ] INIT File
[ error ] [14]SQLSTATE[HY000] [14] unable to open database file[/Library/WebServer/Documents/dqExam/thinkphp/library/think/db/Connection.php:287]

---------------------------------------------------------------
[ 2017-10-28T23:14:11+08:00 ] 127.0.0.1 127.0.0.1 GET /dqExam/index.php/admin/exercises/index/sid/541.html
[ log ] 127.0.0.1/dqExam/index.php/admin/exercises/index/sid/541.html [运行时间：0.020241s][吞吐率：49.40req/s] [内存消耗：1,557.09kb] [文件加载：42]
[ info ] [ LANG ] /Library/WebServer/Documents/dqExam/thinkphp/lang/zh-cn.php
[ info ] [ ROUTE ] array (
  'type' => 'module',
  'module' => 
  array (
    0 => 'admin',
    1 => 'exercises',
    2 => 'index',
  ),
)
[ info ] [ HEADER ] array (
  'host' => '127.0.0.1',
  'accept' => 'text/html,application/xhtml+xml,application/xml;q=0.9,*/*;q=0.8',
  'upgrade-insecure-requests' => '1',
  'cookie' => 'thinkphp_show_page_trace=0|0; thinkphp_show_page_trace=0|0; thinkphp_show_page_trace=0|0; PHPSESSID=67ae3c2f61c0bd36ea27074ddf21689a',
  'user-agent' => 'Mozilla/5.0 (Macintosh; Intel Mac OS X 10_13) AppleWebKit/604.1.38 (KHTML, like Gecko) Version/11.0 Safari/604.1.38',
  'accept-language' => 'zh-cn',
  'accept-encoding' => 'gzip, deflate',
  'connection' => 'keep-alive',
)
[ info ] [ PARAM ] array (
  'sid' => '541',
)
[ info ] [ SESSION ] INIT array (
  'id' => '',
  'var_session_id' => '',
  'prefix' => 'think',
  'type' => '',
  'auto_start' => true,
)
[ info ] [ RUN ] app\admin\controller\Exercises->index[ /Library/WebServer/Documents/dqExam/application/admin/controller/Exercises.php ]
[ info ] [ DB ] INIT sqlite
[ info ] [ VIEW ] /Library/WebServer/Documents/dqExam/application/admin/view/exercises/chapters.html [ array (
  0 => 'info',
  1 => 'action',
  2 => 'sid',
  3 => 'chapters',
) ]
[ info ] [ LOG ] INIT File

---------------------------------------------------------------
[ 2017-10-28T23:14:11+08:00 ] 127.0.0.1 127.0.0.1 GET /dqExam/index.php/admin/exercises/index/sid/541.html
[ log ] 127.0.0.1/dqExam/index.php/admin/exercises/index/sid/541.html [运行时间：0.047791s][吞吐率：20.92req/s] [内存消耗：1,557.09kb] [文件加载：42]
[ info ] [ LANG ] /Library/WebServer/Documents/dqExam/thinkphp/lang/zh-cn.php
[ info ] [ ROUTE ] array (
  'type' => 'module',
  'module' => 
  array (
    0 => 'admin',
    1 => 'exercises',
    2 => 'index',
  ),
)
[ info ] [ HEADER ] array (
  'host' => '127.0.0.1',
  'accept' => 'text/html,application/xhtml+xml,application/xml;q=0.9,*/*;q=0.8',
  'upgrade-insecure-requests' => '1',
  'cookie' => 'thinkphp_show_page_trace=0|0; thinkphp_show_page_trace=0|0; thinkphp_show_page_trace=0|0; PHPSESSID=67ae3c2f61c0bd36ea27074ddf21689a',
  'user-agent' => 'Mozilla/5.0 (Macintosh; Intel Mac OS X 10_13) AppleWebKit/604.1.38 (KHTML, like Gecko) Version/11.0 Safari/604.1.38',
  'accept-language' => 'zh-cn',
  'accept-encoding' => 'gzip, deflate',
  'connection' => 'keep-alive',
)
[ info ] [ PARAM ] array (
  'sid' => '541',
)
[ info ] [ SESSION ] INIT array (
  'id' => '',
  'var_session_id' => '',
  'prefix' => 'think',
  'type' => '',
  'auto_start' => true,
)
[ info ] [ RUN ] app\admin\controller\Exercises->index[ /Library/WebServer/Documents/dqExam/application/admin/controller/Exercises.php ]
[ info ] [ DB ] INIT sqlite
[ info ] [ VIEW ] /Library/WebServer/Documents/dqExam/application/admin/view/exercises/chapters.html [ array (
  0 => 'info',
  1 => 'action',
  2 => 'sid',
  3 => 'chapters',
) ]
[ info ] [ LOG ] INIT File

---------------------------------------------------------------
[ 2017-10-28T23:14:13+08:00 ] 127.0.0.1 127.0.0.1 GET /dqExam/index.php/admin/exercises/index/sid/541/cid/9.html
[ log ] 127.0.0.1/dqExam/index.php/admin/exercises/index/sid/541/cid/9.html [运行时间：0.018013s][吞吐率：55.52req/s] [内存消耗：1,701.90kb] [文件加载：42]
[ info ] [ LANG ] /Library/WebServer/Documents/dqExam/thinkphp/lang/zh-cn.php
[ info ] [ ROUTE ] array (
  'type' => 'module',
  'module' => 
  array (
    0 => 'admin',
    1 => 'exercises',
    2 => 'index',
  ),
)
[ info ] [ HEADER ] array (
  'host' => '127.0.0.1',
  'cookie' => 'thinkphp_show_page_trace=0|0; thinkphp_show_page_trace=0|0; thinkphp_show_page_trace=0|0; thinkphp_show_page_trace=0|0; PHPSESSID=67ae3c2f61c0bd36ea27074ddf21689a',
  'connection' => 'keep-alive',
  'upgrade-insecure-requests' => '1',
  'accept' => 'text/html,application/xhtml+xml,application/xml;q=0.9,*/*;q=0.8',
  'user-agent' => 'Mozilla/5.0 (Macintosh; Intel Mac OS X 10_13) AppleWebKit/604.1.38 (KHTML, like Gecko) Version/11.0 Safari/604.1.38',
  'referer' => 'http://127.0.0.1/dqExam/index.php/admin/exercises/index/sid/541.html',
  'accept-language' => 'zh-cn',
  'accept-encoding' => 'gzip, deflate',
)
[ info ] [ PARAM ] array (
  'sid' => '541',
  'cid' => '9',
)
[ info ] [ SESSION ] INIT array (
  'id' => '',
  'var_session_id' => '',
  'prefix' => 'think',
  'type' => '',
  'auto_start' => true,
)
[ info ] [ RUN ] app\admin\controller\Exercises->index[ /Library/WebServer/Documents/dqExam/application/admin/controller/Exercises.php ]
[ info ] [ DB ] INIT sqlite
[ info ] [ VIEW ] /Library/WebServer/Documents/dqExam/application/admin/view/exercises/exercises.html [ array (
  0 => 'info',
  1 => 'action',
  2 => 'sid',
  3 => 'exercises',
) ]
[ info ] [ LOG ] INIT File

---------------------------------------------------------------
[ 2017-10-28T23:14:28+08:00 ] 127.0.0.1 127.0.0.1 GET /dqExam/index.php/admin/exercises/index/sid/541/cid/5.html
[ log ] 127.0.0.1/dqExam/index.php/admin/exercises/index/sid/541/cid/5.html [运行时间：0.021923s][吞吐率：45.61req/s] [内存消耗：1,810.24kb] [文件加载：42]
[ info ] [ LANG ] /Library/WebServer/Documents/dqExam/thinkphp/lang/zh-cn.php
[ info ] [ ROUTE ] array (
  'type' => 'module',
  'module' => 
  array (
    0 => 'admin',
    1 => 'exercises',
    2 => 'index',
  ),
)
[ info ] [ HEADER ] array (
  'host' => '127.0.0.1',
  'cookie' => 'thinkphp_show_page_trace=0|0; thinkphp_show_page_trace=0|0; thinkphp_show_page_trace=0|0; thinkphp_show_page_trace=0|0; PHPSESSID=67ae3c2f61c0bd36ea27074ddf21689a',
  'connection' => 'keep-alive',
  'upgrade-insecure-requests' => '1',
  'accept' => 'text/html,application/xhtml+xml,application/xml;q=0.9,*/*;q=0.8',
  'user-agent' => 'Mozilla/5.0 (Macintosh; Intel Mac OS X 10_13) AppleWebKit/604.1.38 (KHTML, like Gecko) Version/11.0 Safari/604.1.38',
  'referer' => 'http://127.0.0.1/dqExam/index.php/admin/exercises/index/sid/541.html',
  'accept-language' => 'zh-cn',
  'accept-encoding' => 'gzip, deflate',
)
[ info ] [ PARAM ] array (
  'sid' => '541',
  'cid' => '5',
)
[ info ] [ SESSION ] INIT array (
  'id' => '',
  'var_session_id' => '',
  'prefix' => 'think',
  'type' => '',
  'auto_start' => true,
)
[ info ] [ RUN ] app\admin\controller\Exercises->index[ /Library/WebServer/Documents/dqExam/application/admin/controller/Exercises.php ]
[ info ] [ DB ] INIT sqlite
[ info ] [ VIEW ] /Library/WebServer/Documents/dqExam/application/admin/view/exercises/exercises.html [ array (
  0 => 'info',
  1 => 'action',
  2 => 'sid',
  3 => 'exercises',
) ]
[ info ] [ LOG ] INIT File

---------------------------------------------------------------
[ 2017-10-28T23:14:39+08:00 ] 127.0.0.1 127.0.0.1 GET /dqExam/index.php/admin/exercises/index/sid/541/cid/1.html
[ log ] 127.0.0.1/dqExam/index.php/admin/exercises/index/sid/541/cid/1.html [运行时间：0.021809s][吞吐率：45.85req/s] [内存消耗：1,551.43kb] [文件加载：42]
[ info ] [ LANG ] /Library/WebServer/Documents/dqExam/thinkphp/lang/zh-cn.php
[ info ] [ ROUTE ] array (
  'type' => 'module',
  'module' => 
  array (
    0 => 'admin',
    1 => 'exercises',
    2 => 'index',
  ),
)
[ info ] [ HEADER ] array (
  'host' => '127.0.0.1',
  'cookie' => 'thinkphp_show_page_trace=0|0; thinkphp_show_page_trace=0|0; thinkphp_show_page_trace=0|0; thinkphp_show_page_trace=0|0; PHPSESSID=67ae3c2f61c0bd36ea27074ddf21689a',
  'connection' => 'keep-alive',
  'upgrade-insecure-requests' => '1',
  'accept' => 'text/html,application/xhtml+xml,application/xml;q=0.9,*/*;q=0.8',
  'user-agent' => 'Mozilla/5.0 (Macintosh; Intel Mac OS X 10_13) AppleWebKit/604.1.38 (KHTML, like Gecko) Version/11.0 Safari/604.1.38',
  'referer' => 'http://127.0.0.1/dqExam/index.php/admin/exercises/index/sid/541.html',
  'accept-language' => 'zh-cn',
  'accept-encoding' => 'gzip, deflate',
)
[ info ] [ PARAM ] array (
  'sid' => '541',
  'cid' => '1',
)
[ info ] [ SESSION ] INIT array (
  'id' => '',
  'var_session_id' => '',
  'prefix' => 'think',
  'type' => '',
  'auto_start' => true,
)
[ info ] [ RUN ] app\admin\controller\Exercises->index[ /Library/WebServer/Documents/dqExam/application/admin/controller/Exercises.php ]
[ info ] [ DB ] INIT sqlite
[ info ] [ VIEW ] /Library/WebServer/Documents/dqExam/application/admin/view/exercises/exercises.html [ array (
  0 => 'info',
  1 => 'action',
  2 => 'sid',
  3 => 'exercises',
) ]
[ info ] [ LOG ] INIT File

---------------------------------------------------------------
[ 2017-10-28T23:14:45+08:00 ] 127.0.0.1 127.0.0.1 GET /dqExam/index.php/admin/exercises/index/sid/541/cid/8.html
[ log ] 127.0.0.1/dqExam/index.php/admin/exercises/index/sid/541/cid/8.html [运行时间：0.026614s][吞吐率：37.57req/s] [内存消耗：1,568.46kb] [文件加载：42]
[ info ] [ LANG ] /Library/WebServer/Documents/dqExam/thinkphp/lang/zh-cn.php
[ info ] [ ROUTE ] array (
  'type' => 'module',
  'module' => 
  array (
    0 => 'admin',
    1 => 'exercises',
    2 => 'index',
  ),
)
[ info ] [ HEADER ] array (
  'host' => '127.0.0.1',
  'cookie' => 'thinkphp_show_page_trace=0|0; thinkphp_show_page_trace=0|0; thinkphp_show_page_trace=0|0; thinkphp_show_page_trace=0|0; PHPSESSID=67ae3c2f61c0bd36ea27074ddf21689a',
  'connection' => 'keep-alive',
  'upgrade-insecure-requests' => '1',
  'accept' => 'text/html,application/xhtml+xml,application/xml;q=0.9,*/*;q=0.8',
  'user-agent' => 'Mozilla/5.0 (Macintosh; Intel Mac OS X 10_13) AppleWebKit/604.1.38 (KHTML, like Gecko) Version/11.0 Safari/604.1.38',
  'referer' => 'http://127.0.0.1/dqExam/index.php/admin/exercises/index/sid/541.html',
  'accept-language' => 'zh-cn',
  'accept-encoding' => 'gzip, deflate',
)
[ info ] [ PARAM ] array (
  'sid' => '541',
  'cid' => '8',
)
[ info ] [ SESSION ] INIT array (
  'id' => '',
  'var_session_id' => '',
  'prefix' => 'think',
  'type' => '',
  'auto_start' => true,
)
[ info ] [ RUN ] app\admin\controller\Exercises->index[ /Library/WebServer/Documents/dqExam/application/admin/controller/Exercises.php ]
[ info ] [ DB ] INIT sqlite
[ info ] [ VIEW ] /Library/WebServer/Documents/dqExam/application/admin/view/exercises/exercises.html [ array (
  0 => 'info',
  1 => 'action',
  2 => 'sid',
  3 => 'exercises',
) ]
[ info ] [ LOG ] INIT File

---------------------------------------------------------------
[ 2017-10-28T23:14:50+08:00 ] 127.0.0.1 127.0.0.1 GET /dqExam/index.php/admin/exercises/index/sid/541/cid/3.html
[ log ] 127.0.0.1/dqExam/index.php/admin/exercises/index/sid/541/cid/3.html [运行时间：0.019069s][吞吐率：52.44req/s] [内存消耗：1,678.94kb] [文件加载：42]
[ info ] [ LANG ] /Library/WebServer/Documents/dqExam/thinkphp/lang/zh-cn.php
[ info ] [ ROUTE ] array (
  'type' => 'module',
  'module' => 
  array (
    0 => 'admin',
    1 => 'exercises',
    2 => 'index',
  ),
)
[ info ] [ HEADER ] array (
  'host' => '127.0.0.1',
  'cookie' => 'thinkphp_show_page_trace=0|0; thinkphp_show_page_trace=0|0; thinkphp_show_page_trace=0|0; thinkphp_show_page_trace=0|0; PHPSESSID=67ae3c2f61c0bd36ea27074ddf21689a',
  'connection' => 'keep-alive',
  'upgrade-insecure-requests' => '1',
  'accept' => 'text/html,application/xhtml+xml,application/xml;q=0.9,*/*;q=0.8',
  'user-agent' => 'Mozilla/5.0 (Macintosh; Intel Mac OS X 10_13) AppleWebKit/604.1.38 (KHTML, like Gecko) Version/11.0 Safari/604.1.38',
  'referer' => 'http://127.0.0.1/dqExam/index.php/admin/exercises/index/sid/541.html',
  'accept-language' => 'zh-cn',
  'accept-encoding' => 'gzip, deflate',
)
[ info ] [ PARAM ] array (
  'sid' => '541',
  'cid' => '3',
)
[ info ] [ SESSION ] INIT array (
  'id' => '',
  'var_session_id' => '',
  'prefix' => 'think',
  'type' => '',
  'auto_start' => true,
)
[ info ] [ RUN ] app\admin\controller\Exercises->index[ /Library/WebServer/Documents/dqExam/application/admin/controller/Exercises.php ]
[ info ] [ DB ] INIT sqlite
[ info ] [ VIEW ] /Library/WebServer/Documents/dqExam/application/admin/view/exercises/exercises.html [ array (
  0 => 'info',
  1 => 'action',
  2 => 'sid',
  3 => 'exercises',
) ]
[ info ] [ LOG ] INIT File

---------------------------------------------------------------
[ 2017-10-28T23:15:01+08:00 ] 127.0.0.1 127.0.0.1 GET /dqExam/index.php/admin/exercises/index/sid/541/cid/3.html
[ log ] 127.0.0.1/dqExam/index.php/admin/exercises/index/sid/541/cid/3.html [运行时间：0.021038s][吞吐率：47.53req/s] [内存消耗：1,678.94kb] [文件加载：42]
[ info ] [ LANG ] /Library/WebServer/Documents/dqExam/thinkphp/lang/zh-cn.php
[ info ] [ ROUTE ] array (
  'type' => 'module',
  'module' => 
  array (
    0 => 'admin',
    1 => 'exercises',
    2 => 'index',
  ),
)
[ info ] [ HEADER ] array (
  'host' => '127.0.0.1',
  'cookie' => 'thinkphp_show_page_trace=0|0; thinkphp_show_page_trace=0|0; thinkphp_show_page_trace=0|0; thinkphp_show_page_trace=0|0; PHPSESSID=67ae3c2f61c0bd36ea27074ddf21689a',
  'connection' => 'keep-alive',
  'upgrade-insecure-requests' => '1',
  'accept' => 'text/html,application/xhtml+xml,application/xml;q=0.9,*/*;q=0.8',
  'user-agent' => 'Mozilla/5.0 (Macintosh; Intel Mac OS X 10_13) AppleWebKit/604.1.38 (KHTML, like Gecko) Version/11.0 Safari/604.1.38',
  'referer' => 'http://127.0.0.1/dqExam/index.php/admin/exercises/index/sid/541.html',
  'accept-language' => 'zh-cn',
  'accept-encoding' => 'gzip, deflate',
)
[ info ] [ PARAM ] array (
  'sid' => '541',
  'cid' => '3',
)
[ info ] [ SESSION ] INIT array (
  'id' => '',
  'var_session_id' => '',
  'prefix' => 'think',
  'type' => '',
  'auto_start' => true,
)
[ info ] [ RUN ] app\admin\controller\Exercises->index[ /Library/WebServer/Documents/dqExam/application/admin/controller/Exercises.php ]
[ info ] [ DB ] INIT sqlite
[ info ] [ VIEW ] /Library/WebServer/Documents/dqExam/application/admin/view/exercises/exercises.html [ array (
  0 => 'info',
  1 => 'action',
  2 => 'sid',
  3 => 'exercises',
) ]
[ info ] [ LOG ] INIT File

---------------------------------------------------------------
[ 2017-10-28T23:15:23+08:00 ] 127.0.0.1 127.0.0.1 GET /dqExam/index.php/admin/exercises/add.html
[ log ] 127.0.0.1/dqExam/index.php/admin/exercises/add.html [运行时间：0.066858s][吞吐率：14.96req/s] [内存消耗：2,406.16kb] [文件加载：50]
[ info ] [ LANG ] /Library/WebServer/Documents/dqExam/thinkphp/lang/zh-cn.php
[ info ] [ ROUTE ] array (
  'type' => 'module',
  'module' => 
  array (
    0 => 'admin',
    1 => 'exercises',
    2 => 'add',
  ),
)
[ info ] [ HEADER ] array (
  'host' => '127.0.0.1',
  'cookie' => 'thinkphp_show_page_trace=0|0; thinkphp_show_page_trace=0|0; PHPSESSID=67ae3c2f61c0bd36ea27074ddf21689a',
  'connection' => 'keep-alive',
  'upgrade-insecure-requests' => '1',
  'accept' => 'text/html,application/xhtml+xml,application/xml;q=0.9,*/*;q=0.8',
  'user-agent' => 'Mozilla/5.0 (Macintosh; Intel Mac OS X 10_13) AppleWebKit/604.1.38 (KHTML, like Gecko) Version/11.0 Safari/604.1.38',
  'referer' => 'http://127.0.0.1/dqExam/index.php/admin/exercises/index/sid/541.html',
  'accept-language' => 'zh-cn',
  'accept-encoding' => 'gzip, deflate',
)
[ info ] [ PARAM ] array (
)
[ info ] [ SESSION ] INIT array (
  'id' => '',
  'var_session_id' => '',
  'prefix' => 'think',
  'type' => '',
  'auto_start' => true,
)
[ info ] [ RUN ] app\admin\controller\Exercises->add[ /Library/WebServer/Documents/dqExam/application/admin/controller/Exercises.php ]
[ info ] [ DB ] INIT mysql
[ info ] [ VIEW ] /Library/WebServer/Documents/dqExam/application/admin/view/exercises/subject.html [ array (
  0 => 'info',
  1 => 'action',
  2 => 'lists',
  3 => 'page',
) ]
[ info ] [ LOG ] INIT File
[ sql ] [ DB ] CONNECT:[ UseTime:0.000700s ] mysql:dbname=dq_exam_db;host=127.0.0.1;charset=utf8
[ sql ] [ SQL ] SHOW COLUMNS FROM `dq_product` [ RunTime:0.003333s ]
[ sql ] [ SQL ] SELECT COUNT(*) AS tp_count FROM `dq_product` LIMIT 1 [ RunTime:0.000407s ]
[ sql ] [ SQL ] SELECT * FROM `dq_product` LIMIT 0,20 [ RunTime:0.006324s ]

---------------------------------------------------------------
[ 2017-10-28T23:15:26+08:00 ] 127.0.0.1 127.0.0.1 GET /dqExam/index.php/admin/exercises/add.html?page=13
[ log ] 127.0.0.1/dqExam/index.php/admin/exercises/add.html?page=13 [运行时间：0.038564s][吞吐率：25.93req/s] [内存消耗：2,393.28kb] [文件加载：50]
[ info ] [ LANG ] /Library/WebServer/Documents/dqExam/thinkphp/lang/zh-cn.php
[ info ] [ ROUTE ] array (
  'type' => 'module',
  'module' => 
  array (
    0 => 'admin',
    1 => 'exercises',
    2 => 'add',
  ),
)
[ info ] [ HEADER ] array (
  'host' => '127.0.0.1',
  'cookie' => 'thinkphp_show_page_trace=0|0; thinkphp_show_page_trace=0|0; PHPSESSID=67ae3c2f61c0bd36ea27074ddf21689a',
  'connection' => 'keep-alive',
  'upgrade-insecure-requests' => '1',
  'accept' => 'text/html,application/xhtml+xml,application/xml;q=0.9,*/*;q=0.8',
  'user-agent' => 'Mozilla/5.0 (Macintosh; Intel Mac OS X 10_13) AppleWebKit/604.1.38 (KHTML, like Gecko) Version/11.0 Safari/604.1.38',
  'referer' => 'http://127.0.0.1/dqExam/index.php/admin/exercises/add.html',
  'accept-language' => 'zh-cn',
  'accept-encoding' => 'gzip, deflate',
)
[ info ] [ PARAM ] array (
  'page' => '13',
)
[ info ] [ SESSION ] INIT array (
  'id' => '',
  'var_session_id' => '',
  'prefix' => 'think',
  'type' => '',
  'auto_start' => true,
)
[ info ] [ RUN ] app\admin\controller\Exercises->add[ /Library/WebServer/Documents/dqExam/application/admin/controller/Exercises.php ]
[ info ] [ DB ] INIT mysql
[ info ] [ VIEW ] /Library/WebServer/Documents/dqExam/application/admin/view/exercises/subject.html [ array (
  0 => 'info',
  1 => 'action',
  2 => 'lists',
  3 => 'page',
) ]
[ info ] [ LOG ] INIT File
[ sql ] [ DB ] CONNECT:[ UseTime:0.000553s ] mysql:dbname=dq_exam_db;host=127.0.0.1;charset=utf8
[ sql ] [ SQL ] SHOW COLUMNS FROM `dq_product` [ RunTime:0.009276s ]
[ sql ] [ SQL ] SELECT COUNT(*) AS tp_count FROM `dq_product` LIMIT 1 [ RunTime:0.001641s ]
[ sql ] [ SQL ] SELECT * FROM `dq_product` LIMIT 240,20 [ RunTime:0.000644s ]

---------------------------------------------------------------
[ 2017-10-28T23:15:31+08:00 ] 127.0.0.1 127.0.0.1 GET /dqExam/index.php/admin/exercises/add/sid/528.html
[ log ] 127.0.0.1/dqExam/index.php/admin/exercises/add/sid/528.html [运行时间：0.019336s][吞吐率：51.72req/s] [内存消耗：1,608.36kb] [文件加载：42]
[ info ] [ LANG ] /Library/WebServer/Documents/dqExam/thinkphp/lang/zh-cn.php
[ info ] [ ROUTE ] array (
  'type' => 'module',
  'module' => 
  array (
    0 => 'admin',
    1 => 'exercises',
    2 => 'add',
  ),
)
[ info ] [ HEADER ] array (
  'host' => '127.0.0.1',
  'cookie' => 'thinkphp_show_page_trace=0|0; thinkphp_show_page_trace=0|0; PHPSESSID=67ae3c2f61c0bd36ea27074ddf21689a',
  'connection' => 'keep-alive',
  'upgrade-insecure-requests' => '1',
  'accept' => 'text/html,application/xhtml+xml,application/xml;q=0.9,*/*;q=0.8',
  'user-agent' => 'Mozilla/5.0 (Macintosh; Intel Mac OS X 10_13) AppleWebKit/604.1.38 (KHTML, like Gecko) Version/11.0 Safari/604.1.38',
  'referer' => 'http://127.0.0.1/dqExam/index.php/admin/exercises/add.html?page=13',
  'accept-language' => 'zh-cn',
  'accept-encoding' => 'gzip, deflate',
)
[ info ] [ PARAM ] array (
  'sid' => '528',
)
[ info ] [ SESSION ] INIT array (
  'id' => '',
  'var_session_id' => '',
  'prefix' => 'think',
  'type' => '',
  'auto_start' => true,
)
[ info ] [ RUN ] app\admin\controller\Exercises->add[ /Library/WebServer/Documents/dqExam/application/admin/controller/Exercises.php ]
[ info ] [ DB ] INIT sqlite
[ info ] [ VIEW ] /Library/WebServer/Documents/dqExam/application/admin/view/exercises/add.html [ array (
  0 => 'info',
  1 => 'sid',
  2 => 'chapters',
) ]
[ info ] [ LOG ] INIT File

---------------------------------------------------------------
[ 2017-10-28T23:15:36+08:00 ] 127.0.0.1 127.0.0.1 GET /dqExam/index.php/admin/exercises/add/sid/541.html
[ log ] 127.0.0.1/dqExam/index.php/admin/exercises/add/sid/541.html [运行时间：0.014647s][吞吐率：68.27req/s] [内存消耗：1,572.11kb] [文件加载：42]
[ info ] [ LANG ] /Library/WebServer/Documents/dqExam/thinkphp/lang/zh-cn.php
[ info ] [ ROUTE ] array (
  'type' => 'module',
  'module' => 
  array (
    0 => 'admin',
    1 => 'exercises',
    2 => 'add',
  ),
)
[ info ] [ HEADER ] array (
  'host' => '127.0.0.1',
  'accept' => 'text/html,application/xhtml+xml,application/xml;q=0.9,*/*;q=0.8',
  'upgrade-insecure-requests' => '1',
  'cookie' => 'thinkphp_show_page_trace=0|0; thinkphp_show_page_trace=0|0; thinkphp_show_page_trace=0|0; PHPSESSID=67ae3c2f61c0bd36ea27074ddf21689a',
  'user-agent' => 'Mozilla/5.0 (Macintosh; Intel Mac OS X 10_13) AppleWebKit/604.1.38 (KHTML, like Gecko) Version/11.0 Safari/604.1.38',
  'accept-language' => 'zh-cn',
  'accept-encoding' => 'gzip, deflate',
  'connection' => 'keep-alive',
)
[ info ] [ PARAM ] array (
  'sid' => '541',
)
[ info ] [ SESSION ] INIT array (
  'id' => '',
  'var_session_id' => '',
  'prefix' => 'think',
  'type' => '',
  'auto_start' => true,
)
[ info ] [ RUN ] app\admin\controller\Exercises->add[ /Library/WebServer/Documents/dqExam/application/admin/controller/Exercises.php ]
[ info ] [ DB ] INIT sqlite
[ info ] [ VIEW ] /Library/WebServer/Documents/dqExam/application/admin/view/exercises/add.html [ array (
  0 => 'info',
  1 => 'sid',
  2 => 'chapters',
) ]
[ info ] [ LOG ] INIT File

---------------------------------------------------------------
[ 2017-10-28T23:15:36+08:00 ] 127.0.0.1 127.0.0.1 GET /dqExam/index.php/admin/exercises/add/sid/541.html
[ log ] 127.0.0.1/dqExam/index.php/admin/exercises/add/sid/541.html [运行时间：0.028778s][吞吐率：34.75req/s] [内存消耗：1,572.11kb] [文件加载：42]
[ info ] [ LANG ] /Library/WebServer/Documents/dqExam/thinkphp/lang/zh-cn.php
[ info ] [ ROUTE ] array (
  'type' => 'module',
  'module' => 
  array (
    0 => 'admin',
    1 => 'exercises',
    2 => 'add',
  ),
)
[ info ] [ HEADER ] array (
  'host' => '127.0.0.1',
  'accept' => 'text/html,application/xhtml+xml,application/xml;q=0.9,*/*;q=0.8',
  'upgrade-insecure-requests' => '1',
  'cookie' => 'thinkphp_show_page_trace=0|0; thinkphp_show_page_trace=0|0; thinkphp_show_page_trace=0|0; PHPSESSID=67ae3c2f61c0bd36ea27074ddf21689a',
  'user-agent' => 'Mozilla/5.0 (Macintosh; Intel Mac OS X 10_13) AppleWebKit/604.1.38 (KHTML, like Gecko) Version/11.0 Safari/604.1.38',
  'accept-language' => 'zh-cn',
  'accept-encoding' => 'gzip, deflate',
  'connection' => 'keep-alive',
)
[ info ] [ PARAM ] array (
  'sid' => '541',
)
[ info ] [ SESSION ] INIT array (
  'id' => '',
  'var_session_id' => '',
  'prefix' => 'think',
  'type' => '',
  'auto_start' => true,
)
[ info ] [ RUN ] app\admin\controller\Exercises->add[ /Library/WebServer/Documents/dqExam/application/admin/controller/Exercises.php ]
[ info ] [ DB ] INIT sqlite
[ info ] [ VIEW ] /Library/WebServer/Documents/dqExam/application/admin/view/exercises/add.html [ array (
  0 => 'info',
  1 => 'sid',
  2 => 'chapters',
) ]
[ info ] [ LOG ] INIT File

---------------------------------------------------------------
