[ 2017-12-07T20:47:49+08:00 ] 127.0.0.1 127.0.0.1 GET /dqexam/index.php/admin/exercises/add/sid/541.html
[ log ] 127.0.0.1/dqexam/index.php/admin/exercises/add/sid/541.html [运行时间：0.066864s][吞吐率：14.96req/s] [内存消耗：1,282.46kb] [文件加载：38]
[ info ] [ LANG ] /Library/WebServer/Documents/dqexam/thinkphp/lang/zh-cn.php
[ info ] [ ROUTE ] array (
  'type' => 'module',
  'module' => 
  array (
    0 => 'admin',
    1 => 'exercises',
    2 => 'add',
  ),
)
[ info ] [ HEADER ] array (
  'host' => '127.0.0.1',
  'connection' => 'keep-alive',
  'upgrade-insecure-requests' => '1',
  'accept' => 'text/html,application/xhtml+xml,application/xml;q=0.9,*/*;q=0.8',
  'user-agent' => 'Mozilla/5.0 (Macintosh; Intel Mac OS X 10_13_1) AppleWebKit/604.3.5 (KHTML, like Gecko)',
  'accept-language' => 'zh-cn',
  'dnt' => '1',
  'accept-encoding' => 'gzip, deflate',
)
[ info ] [ PARAM ] array (
  'sid' => '541',
)
[ info ] [ SESSION ] INIT array (
  'id' => '',
  'var_session_id' => '',
  'prefix' => 'think',
  'type' => '',
  'auto_start' => true,
)
[ info ] [ LOG ] INIT File

---------------------------------------------------------------
[ 2017-12-07T20:47:50+08:00 ] 127.0.0.1 127.0.0.1 GET /dqexam/index.php/admin/login/signin.html
[ log ] 127.0.0.1/dqexam/index.php/admin/login/signin.html [运行时间：0.021537s][吞吐率：46.43req/s] [内存消耗：1,301.02kb] [文件加载：39]
[ info ] [ LANG ] /Library/WebServer/Documents/dqexam/thinkphp/lang/zh-cn.php
[ info ] [ ROUTE ] array (
  'type' => 'module',
  'module' => 
  array (
    0 => 'admin',
    1 => 'login',
    2 => 'signin',
  ),
)
[ info ] [ HEADER ] array (
  'host' => '127.0.0.1',
  'connection' => 'keep-alive',
  'upgrade-insecure-requests' => '1',
  'accept' => 'text/html,application/xhtml+xml,application/xml;q=0.9,*/*;q=0.8',
  'user-agent' => 'Mozilla/5.0 (Macintosh; Intel Mac OS X 10_13_1) AppleWebKit/604.3.5 (KHTML, like Gecko)',
  'accept-language' => 'zh-cn',
  'dnt' => '1',
  'accept-encoding' => 'gzip, deflate',
)
[ info ] [ PARAM ] array (
)
[ info ] [ RUN ] app\admin\controller\Login->signIn[ /Library/WebServer/Documents/dqexam/application/admin/controller/Login.php ]
[ info ] [ VIEW ] /Library/WebServer/Documents/dqexam/application/admin/view/login/signin.html [ array (
) ]
[ info ] [ LOG ] INIT File

---------------------------------------------------------------
[ 2017-12-07T20:47:50+08:00 ] 127.0.0.1 127.0.0.1 GET /dqexam/index.php/admin/exercises/add/sid/541.html
[ log ] 127.0.0.1/dqexam/index.php/admin/exercises/add/sid/541.html [运行时间：0.013746s][吞吐率：72.75req/s] [内存消耗：1,282.77kb] [文件加载：38]
[ info ] [ LANG ] /Library/WebServer/Documents/dqexam/thinkphp/lang/zh-cn.php
[ info ] [ ROUTE ] array (
  'type' => 'module',
  'module' => 
  array (
    0 => 'admin',
    1 => 'exercises',
    2 => 'add',
  ),
)
[ info ] [ HEADER ] array (
  'host' => '127.0.0.1',
  'connection' => 'keep-alive',
  'upgrade-insecure-requests' => '1',
  'accept' => 'text/html,application/xhtml+xml,application/xml;q=0.9,*/*;q=0.8',
  'user-agent' => 'Mozilla/5.0 (iPhone; CPU iPhone OS 10_3 like Mac OS X) AppleWebKit/603.1.30 (KHTML, like Gecko) Version/10.3 Mobile/14E277 Safari/603.1.30',
  'accept-language' => 'zh-cn',
  'dnt' => '1',
  'accept-encoding' => 'gzip, deflate',
)
[ info ] [ PARAM ] array (
  'sid' => '541',
)
[ info ] [ SESSION ] INIT array (
  'id' => '',
  'var_session_id' => '',
  'prefix' => 'think',
  'type' => '',
  'auto_start' => true,
)
[ info ] [ LOG ] INIT File

---------------------------------------------------------------
[ 2017-12-07T20:47:50+08:00 ] 127.0.0.1 127.0.0.1 GET /dqexam/index.php/admin/login/signin.html
[ log ] 127.0.0.1/dqexam/index.php/admin/login/signin.html [运行时间：0.021588s][吞吐率：46.32req/s] [内存消耗：1,301.32kb] [文件加载：39]
[ info ] [ LANG ] /Library/WebServer/Documents/dqexam/thinkphp/lang/zh-cn.php
[ info ] [ ROUTE ] array (
  'type' => 'module',
  'module' => 
  array (
    0 => 'admin',
    1 => 'login',
    2 => 'signin',
  ),
)
[ info ] [ HEADER ] array (
  'host' => '127.0.0.1',
  'connection' => 'keep-alive',
  'upgrade-insecure-requests' => '1',
  'accept' => 'text/html,application/xhtml+xml,application/xml;q=0.9,*/*;q=0.8',
  'user-agent' => 'Mozilla/5.0 (iPhone; CPU iPhone OS 10_3 like Mac OS X) AppleWebKit/603.1.30 (KHTML, like Gecko) Version/10.3 Mobile/14E277 Safari/603.1.30',
  'accept-language' => 'zh-cn',
  'dnt' => '1',
  'accept-encoding' => 'gzip, deflate',
)
[ info ] [ PARAM ] array (
)
[ info ] [ RUN ] app\admin\controller\Login->signIn[ /Library/WebServer/Documents/dqexam/application/admin/controller/Login.php ]
[ info ] [ VIEW ] /Library/WebServer/Documents/dqexam/application/admin/view/login/signin.html [ array (
) ]
[ info ] [ LOG ] INIT File

---------------------------------------------------------------
