[ 2017-05-03T10:01:32+08:00 ] ::1 ::1 GET /dqExam/
[ log ] localhost/dqExam/ [运行时间：0.049000s][吞吐率：20.41req/s] [内存消耗：1,679.64kb] [文件加载：43]
[ info ] [ LANG ] D:\Program\www\dqExam\thinkphp\lang\zh-cn.php
[ info ] [ ROUTE ] array (
  'type' => 'module',
  'module' => 
  array (
    0 => '',
    1 => NULL,
    2 => NULL,
  ),
)
[ info ] [ HEADER ] array (
  'host' => 'localhost',
  'connection' => 'keep-alive',
  'upgrade-insecure-requests' => '1',
  'user-agent' => 'Mozilla/5.0 (Windows NT 6.1; Win64; x64) AppleWebKit/537.36 (KHTML, like Gecko) Chrome/58.0.3029.81 Safari/537.36',
  'accept' => 'text/html,application/xhtml+xml,application/xml;q=0.9,image/webp,*/*;q=0.8',
  'accept-encoding' => 'gzip, deflate, sdch, br',
  'accept-language' => 'zh-CN,zh;q=0.8',
  'cookie' => 'PHPSESSID=57jjbq2umm5e9m3n9opp037997',
)
[ info ] [ PARAM ] array (
)
[ info ] [ RUN ] app\index\controller\Index->index[ D:\Program\www\dqExam\application\index\controller\Index.php ]
[ info ] [ LOG ] INIT File

---------------------------------------------------------------
[ 2017-05-03T10:01:39+08:00 ] ::1 ::1 GET /dqExam/index.php/admin
[ log ] localhost/dqExam/index.php/admin [运行时间：0.085000s][吞吐率：11.76req/s] [内存消耗：2,097.77kb] [文件加载：52]
[ info ] [ LANG ] D:\Program\www\dqExam\thinkphp\lang\zh-cn.php
[ info ] [ ROUTE ] array (
  'type' => 'module',
  'module' => 
  array (
    0 => 'admin',
    1 => NULL,
    2 => NULL,
  ),
)
[ info ] [ HEADER ] array (
  'host' => 'localhost',
  'connection' => 'keep-alive',
  'upgrade-insecure-requests' => '1',
  'user-agent' => 'Mozilla/5.0 (Windows NT 6.1; Win64; x64) AppleWebKit/537.36 (KHTML, like Gecko) Chrome/58.0.3029.81 Safari/537.36',
  'accept' => 'text/html,application/xhtml+xml,application/xml;q=0.9,image/webp,*/*;q=0.8',
  'accept-encoding' => 'gzip, deflate, sdch, br',
  'accept-language' => 'zh-CN,zh;q=0.8',
  'cookie' => 'thinkphp_show_page_trace=0|0; PHPSESSID=57jjbq2umm5e9m3n9opp037997; pgv_pvi=3247294464; pgv_si=s450557952',
)
[ info ] [ PARAM ] array (
)
[ info ] [ SESSION ] INIT array (
  'id' => '',
  'var_session_id' => '',
  'prefix' => 'think',
  'type' => '',
  'auto_start' => true,
)
[ info ] [ RUN ] app\admin\controller\Index->index[ D:\Program\www\dqExam\application\admin\controller\Index.php ]
[ info ] [ VIEW ] D:\Program\www\dqExam./application/admin\view\index\index.html [ array (
  0 => 'info',
) ]
[ info ] [ LOG ] INIT File

---------------------------------------------------------------
[ 2017-05-03T10:01:43+08:00 ] ::1 ::1 GET /dqExam/index.php/admin/subjects.html
[ log ] localhost/dqExam/index.php/admin/subjects.html [运行时间：0.141000s][吞吐率：7.09req/s] [内存消耗：3,332.61kb] [文件加载：62]
[ info ] [ LANG ] D:\Program\www\dqExam\thinkphp\lang\zh-cn.php
[ info ] [ ROUTE ] array (
  'type' => 'module',
  'module' => 
  array (
    0 => 'admin',
    1 => 'subject',
    2 => 'index',
  ),
  'convert' => false,
)
[ info ] [ HEADER ] array (
  'host' => 'localhost',
  'connection' => 'keep-alive',
  'upgrade-insecure-requests' => '1',
  'user-agent' => 'Mozilla/5.0 (Windows NT 6.1; Win64; x64) AppleWebKit/537.36 (KHTML, like Gecko) Chrome/58.0.3029.81 Safari/537.36',
  'accept' => 'text/html,application/xhtml+xml,application/xml;q=0.9,image/webp,*/*;q=0.8',
  'referer' => 'http://localhost/dqExam/index.php/admin',
  'accept-encoding' => 'gzip, deflate, sdch, br',
  'accept-language' => 'zh-CN,zh;q=0.8',
  'cookie' => 'thinkphp_show_page_trace=0|0; thinkphp_show_page_trace=0|0; PHPSESSID=57jjbq2umm5e9m3n9opp037997; pgv_pvi=3247294464; pgv_si=s450557952',
)
[ info ] [ PARAM ] array (
)
[ info ] [ SESSION ] INIT array (
  'id' => '',
  'var_session_id' => '',
  'prefix' => 'think',
  'type' => '',
  'auto_start' => true,
)
[ info ] [ RUN ] app\admin\controller\Subject->index[ D:\Program\www\dqExam\application\admin\controller\Subject.php ]
[ info ] [ DB ] INIT mysql
[ info ] [ VIEW ] D:\Program\www\dqExam./application/admin\view\subject\index.html [ array (
  0 => 'info',
  1 => 'lists',
  2 => 'page',
) ]
[ info ] [ LOG ] INIT File
[ sql ] [ DB ] CONNECT:[ UseTime:0.011000s ] mysql:dbname=dq_exam;host=127.0.0.1;charset=utf8
[ sql ] [ SQL ] SHOW COLUMNS FROM `dq_subject` [ RunTime:0.036000s ]
[ sql ] [ SQL ] SELECT COUNT(*) AS tp_count FROM `dq_subject` LIMIT 1 [ RunTime:0.001000s ]
[ sql ] [ SQL ] SELECT * FROM `dq_subject` ORDER BY `subject_id`  desc LIMIT 0,20 [ RunTime:0.000000s ]

---------------------------------------------------------------
[ 2017-05-03T10:01:46+08:00 ] ::1 ::1 GET /dqExam/index.php/admin
[ log ] localhost/dqExam/index.php/admin [运行时间：0.074000s][吞吐率：13.51req/s] [内存消耗：2,097.81kb] [文件加载：52]
[ info ] [ LANG ] D:\Program\www\dqExam\thinkphp\lang\zh-cn.php
[ info ] [ ROUTE ] array (
  'type' => 'module',
  'module' => 
  array (
    0 => 'admin',
    1 => NULL,
    2 => NULL,
  ),
)
[ info ] [ HEADER ] array (
  'host' => 'localhost',
  'connection' => 'keep-alive',
  'upgrade-insecure-requests' => '1',
  'user-agent' => 'Mozilla/5.0 (Windows NT 6.1; Win64; x64) AppleWebKit/537.36 (KHTML, like Gecko) Chrome/58.0.3029.81 Safari/537.36',
  'accept' => 'text/html,application/xhtml+xml,application/xml;q=0.9,image/webp,*/*;q=0.8',
  'accept-encoding' => 'gzip, deflate, sdch, br',
  'accept-language' => 'zh-CN,zh;q=0.8',
  'cookie' => 'thinkphp_show_page_trace=0|0; thinkphp_show_page_trace=0|0; thinkphp_show_page_trace=0|0; PHPSESSID=57jjbq2umm5e9m3n9opp037997; pgv_pvi=3247294464; pgv_si=s450557952',
)
[ info ] [ PARAM ] array (
)
[ info ] [ SESSION ] INIT array (
  'id' => '',
  'var_session_id' => '',
  'prefix' => 'think',
  'type' => '',
  'auto_start' => true,
)
[ info ] [ RUN ] app\admin\controller\Index->index[ D:\Program\www\dqExam\application\admin\controller\Index.php ]
[ info ] [ VIEW ] D:\Program\www\dqExam./application/admin\view\index\index.html [ array (
  0 => 'info',
) ]
[ info ] [ LOG ] INIT File

---------------------------------------------------------------
[ 2017-05-03T10:01:48+08:00 ] ::1 ::1 GET /dqExam/index.php/admin/exercises/index.html
[ log ] localhost/dqExam/index.php/admin/exercises/index.html [运行时间：0.115000s][吞吐率：8.70req/s] [内存消耗：2,104.68kb] [文件加载：52]
[ info ] [ LANG ] D:\Program\www\dqExam\thinkphp\lang\zh-cn.php
[ info ] [ ROUTE ] array (
  'type' => 'module',
  'module' => 
  array (
    0 => 'admin',
    1 => 'exercises',
    2 => 'index',
  ),
)
[ info ] [ HEADER ] array (
  'host' => 'localhost',
  'connection' => 'keep-alive',
  'upgrade-insecure-requests' => '1',
  'user-agent' => 'Mozilla/5.0 (Windows NT 6.1; Win64; x64) AppleWebKit/537.36 (KHTML, like Gecko) Chrome/58.0.3029.81 Safari/537.36',
  'accept' => 'text/html,application/xhtml+xml,application/xml;q=0.9,image/webp,*/*;q=0.8',
  'referer' => 'http://localhost/dqExam/index.php/admin',
  'accept-encoding' => 'gzip, deflate, sdch, br',
  'accept-language' => 'zh-CN,zh;q=0.8',
  'cookie' => 'thinkphp_show_page_trace=0|0; thinkphp_show_page_trace=0|0; thinkphp_show_page_trace=0|0; PHPSESSID=57jjbq2umm5e9m3n9opp037997; pgv_pvi=3247294464; pgv_si=s450557952',
)
[ info ] [ PARAM ] array (
)
[ info ] [ SESSION ] INIT array (
  'id' => '',
  'var_session_id' => '',
  'prefix' => 'think',
  'type' => '',
  'auto_start' => true,
)
[ info ] [ RUN ] app\admin\controller\Exercises->index[ D:\Program\www\dqExam\application\admin\controller\Exercises.php ]
[ info ] [ VIEW ] D:\Program\www\dqExam./application/admin\view\exercises\index.html [ array (
  0 => 'info',
) ]
[ info ] [ LOG ] INIT File

---------------------------------------------------------------
[ 2017-05-03T10:01:50+08:00 ] ::1 ::1 GET /dqExam/index.php/admin/auth/group.html
[ log ] localhost/dqExam/index.php/admin/auth/group.html [运行时间：0.194000s][吞吐率：5.15req/s] [内存消耗：3,412.74kb] [文件加载：61]
[ info ] [ LANG ] D:\Program\www\dqExam\thinkphp\lang\zh-cn.php
[ info ] [ ROUTE ] array (
  'type' => 'module',
  'module' => 
  array (
    0 => 'admin',
    1 => 'auth',
    2 => 'group',
  ),
)
[ info ] [ HEADER ] array (
  'host' => 'localhost',
  'connection' => 'keep-alive',
  'upgrade-insecure-requests' => '1',
  'user-agent' => 'Mozilla/5.0 (Windows NT 6.1; Win64; x64) AppleWebKit/537.36 (KHTML, like Gecko) Chrome/58.0.3029.81 Safari/537.36',
  'accept' => 'text/html,application/xhtml+xml,application/xml;q=0.9,image/webp,*/*;q=0.8',
  'referer' => 'http://localhost/dqExam/index.php/admin/exercises/index.html',
  'accept-encoding' => 'gzip, deflate, sdch, br',
  'accept-language' => 'zh-CN,zh;q=0.8',
  'cookie' => 'thinkphp_show_page_trace=0|0; thinkphp_show_page_trace=0|0; thinkphp_show_page_trace=0|0; PHPSESSID=57jjbq2umm5e9m3n9opp037997; pgv_pvi=3247294464; pgv_si=s450557952',
)
[ info ] [ PARAM ] array (
)
[ info ] [ SESSION ] INIT array (
  'id' => '',
  'var_session_id' => '',
  'prefix' => 'think',
  'type' => '',
  'auto_start' => true,
)
[ info ] [ RUN ] app\admin\controller\Auth->group[ D:\Program\www\dqExam\application\admin\controller\Auth.php ]
[ info ] [ DB ] INIT mysql
[ info ] [ VIEW ] D:\Program\www\dqExam./application/admin\view\auth\group.html [ array (
  0 => 'info',
  1 => 'groups',
) ]
[ info ] [ LOG ] INIT File
[ sql ] [ DB ] CONNECT:[ UseTime:0.001000s ] mysql:dbname=dq_exam;host=127.0.0.1;charset=utf8
[ sql ] [ SQL ] SHOW COLUMNS FROM `dq_auth_group` [ RunTime:0.021000s ]
[ sql ] [ SQL ] SELECT * FROM `dq_auth_group` [ RunTime:0.001000s ]

---------------------------------------------------------------
[ 2017-05-03T10:01:53+08:00 ] ::1 ::1 GET /dqExam/index.php/admin/auths.html
[ log ] localhost/dqExam/index.php/admin/auths.html [运行时间：0.180000s][吞吐率：5.56req/s] [内存消耗：3,413.70kb] [文件加载：61]
[ info ] [ LANG ] D:\Program\www\dqExam\thinkphp\lang\zh-cn.php
[ info ] [ ROUTE ] array (
  'type' => 'module',
  'module' => 
  array (
    0 => 'admin',
    1 => 'auth',
    2 => 'auth',
  ),
  'convert' => false,
)
[ info ] [ HEADER ] array (
  'host' => 'localhost',
  'connection' => 'keep-alive',
  'upgrade-insecure-requests' => '1',
  'user-agent' => 'Mozilla/5.0 (Windows NT 6.1; Win64; x64) AppleWebKit/537.36 (KHTML, like Gecko) Chrome/58.0.3029.81 Safari/537.36',
  'accept' => 'text/html,application/xhtml+xml,application/xml;q=0.9,image/webp,*/*;q=0.8',
  'referer' => 'http://localhost/dqExam/index.php/admin/auth/group.html',
  'accept-encoding' => 'gzip, deflate, sdch, br',
  'accept-language' => 'zh-CN,zh;q=0.8',
  'cookie' => 'thinkphp_show_page_trace=0|0; thinkphp_show_page_trace=0|0; thinkphp_show_page_trace=0|0; PHPSESSID=57jjbq2umm5e9m3n9opp037997; pgv_pvi=3247294464; pgv_si=s450557952',
)
[ info ] [ PARAM ] array (
)
[ info ] [ SESSION ] INIT array (
  'id' => '',
  'var_session_id' => '',
  'prefix' => 'think',
  'type' => '',
  'auto_start' => true,
)
[ info ] [ RUN ] app\admin\controller\Auth->auth[ D:\Program\www\dqExam\application\admin\controller\Auth.php ]
[ info ] [ DB ] INIT mysql
[ info ] [ VIEW ] D:\Program\www\dqExam./application/admin\view\auth\auth.html [ array (
  0 => 'info',
  1 => 'rules',
) ]
[ info ] [ LOG ] INIT File
[ sql ] [ DB ] CONNECT:[ UseTime:0.001000s ] mysql:dbname=dq_exam;host=127.0.0.1;charset=utf8
[ sql ] [ SQL ] SHOW COLUMNS FROM `dq_auth_rule` [ RunTime:0.033000s ]
[ sql ] [ SQL ] SELECT * FROM `dq_auth_rule` [ RunTime:0.001000s ]

---------------------------------------------------------------
[ 2017-05-03T10:01:56+08:00 ] ::1 ::1 GET /dqExam/index.php/admin/auth-assign.html
[ log ] localhost/dqExam/index.php/admin/auth-assign.html [运行时间：0.125000s][吞吐率：8.00req/s] [内存消耗：3,412.09kb] [文件加载：61]
[ info ] [ LANG ] D:\Program\www\dqExam\thinkphp\lang\zh-cn.php
[ info ] [ ROUTE ] array (
  'type' => 'module',
  'module' => 
  array (
    0 => 'admin',
    1 => 'auth',
    2 => 'assigment',
  ),
  'convert' => false,
)
[ info ] [ HEADER ] array (
  'host' => 'localhost',
  'connection' => 'keep-alive',
  'upgrade-insecure-requests' => '1',
  'user-agent' => 'Mozilla/5.0 (Windows NT 6.1; Win64; x64) AppleWebKit/537.36 (KHTML, like Gecko) Chrome/58.0.3029.81 Safari/537.36',
  'accept' => 'text/html,application/xhtml+xml,application/xml;q=0.9,image/webp,*/*;q=0.8',
  'referer' => 'http://localhost/dqExam/index.php/admin/auths.html',
  'accept-encoding' => 'gzip, deflate, sdch, br',
  'accept-language' => 'zh-CN,zh;q=0.8',
  'cookie' => 'thinkphp_show_page_trace=0|0; thinkphp_show_page_trace=0|0; thinkphp_show_page_trace=0|0; PHPSESSID=57jjbq2umm5e9m3n9opp037997; pgv_pvi=3247294464; pgv_si=s450557952',
)
[ info ] [ PARAM ] array (
)
[ info ] [ SESSION ] INIT array (
  'id' => '',
  'var_session_id' => '',
  'prefix' => 'think',
  'type' => '',
  'auto_start' => true,
)
[ info ] [ RUN ] app\admin\controller\Auth->assigment[ D:\Program\www\dqExam\application\admin\controller\Auth.php ]
[ info ] [ DB ] INIT mysql
[ info ] [ VIEW ] D:\Program\www\dqExam./application/admin\view\auth\assigment.html [ array (
  0 => 'info',
  1 => 'group',
  2 => 'rules',
) ]
[ info ] [ LOG ] INIT File
[ sql ] [ DB ] CONNECT:[ UseTime:0.010000s ] mysql:dbname=dq_exam;host=127.0.0.1;charset=utf8
[ sql ] [ SQL ] SHOW COLUMNS FROM `dq_auth_group` [ RunTime:0.007000s ]
[ sql ] [ SQL ] SELECT * FROM `dq_auth_group` [ RunTime:0.001000s ]
[ sql ] [ SQL ] SHOW COLUMNS FROM `dq_auth_rule` [ RunTime:0.006000s ]
[ sql ] [ SQL ] SELECT * FROM `dq_auth_rule` [ RunTime:0.000000s ]

---------------------------------------------------------------
[ 2017-05-03T10:01:57+08:00 ] ::1 ::1 GET /dqExam/index.php/admin/auths.html
[ log ] localhost/dqExam/index.php/admin/auths.html [运行时间：0.069000s][吞吐率：14.49req/s] [内存消耗：3,217.94kb] [文件加载：59]
[ info ] [ LANG ] D:\Program\www\dqExam\thinkphp\lang\zh-cn.php
[ info ] [ ROUTE ] array (
  'type' => 'module',
  'module' => 
  array (
    0 => 'admin',
    1 => 'auth',
    2 => 'auth',
  ),
  'convert' => false,
)
[ info ] [ HEADER ] array (
  'host' => 'localhost',
  'connection' => 'keep-alive',
  'upgrade-insecure-requests' => '1',
  'user-agent' => 'Mozilla/5.0 (Windows NT 6.1; Win64; x64) AppleWebKit/537.36 (KHTML, like Gecko) Chrome/58.0.3029.81 Safari/537.36',
  'accept' => 'text/html,application/xhtml+xml,application/xml;q=0.9,image/webp,*/*;q=0.8',
  'referer' => 'http://localhost/dqExam/index.php/admin/auth-assign.html',
  'accept-encoding' => 'gzip, deflate, sdch, br',
  'accept-language' => 'zh-CN,zh;q=0.8',
  'cookie' => 'thinkphp_show_page_trace=0|0; thinkphp_show_page_trace=0|0; thinkphp_show_page_trace=0|0; PHPSESSID=57jjbq2umm5e9m3n9opp037997; pgv_pvi=3247294464; pgv_si=s450557952',
)
[ info ] [ PARAM ] array (
)
[ info ] [ SESSION ] INIT array (
  'id' => '',
  'var_session_id' => '',
  'prefix' => 'think',
  'type' => '',
  'auto_start' => true,
)
[ info ] [ RUN ] app\admin\controller\Auth->auth[ D:\Program\www\dqExam\application\admin\controller\Auth.php ]
[ info ] [ DB ] INIT mysql
[ info ] [ VIEW ] D:\Program\www\dqExam./application/admin\view\auth\auth.html [ array (
  0 => 'info',
  1 => 'rules',
) ]
[ info ] [ LOG ] INIT File
[ sql ] [ DB ] CONNECT:[ UseTime:0.010000s ] mysql:dbname=dq_exam;host=127.0.0.1;charset=utf8
[ sql ] [ SQL ] SHOW COLUMNS FROM `dq_auth_rule` [ RunTime:0.006000s ]
[ sql ] [ SQL ] SELECT * FROM `dq_auth_rule` [ RunTime:0.001000s ]

---------------------------------------------------------------
[ 2017-05-03T10:02:09+08:00 ] ::1 ::1 GET /dqExam/index.php/admin/users.html
[ log ] localhost/dqExam/index.php/admin/users.html [运行时间：0.168000s][吞吐率：5.95req/s] [内存消耗：3,209.03kb] [文件加载：59]
[ info ] [ LANG ] D:\Program\www\dqExam\thinkphp\lang\zh-cn.php
[ info ] [ ROUTE ] array (
  'type' => 'module',
  'module' => 
  array (
    0 => 'admin',
    1 => 'admin',
    2 => 'index',
  ),
  'convert' => false,
)
[ info ] [ HEADER ] array (
  'host' => 'localhost',
  'connection' => 'keep-alive',
  'upgrade-insecure-requests' => '1',
  'user-agent' => 'Mozilla/5.0 (Windows NT 6.1; Win64; x64) AppleWebKit/537.36 (KHTML, like Gecko) Chrome/58.0.3029.81 Safari/537.36',
  'accept' => 'text/html,application/xhtml+xml,application/xml;q=0.9,image/webp,*/*;q=0.8',
  'referer' => 'http://localhost/dqExam/index.php/admin/auths.html',
  'accept-encoding' => 'gzip, deflate, sdch, br',
  'accept-language' => 'zh-CN,zh;q=0.8',
  'cookie' => 'thinkphp_show_page_trace=0|0; thinkphp_show_page_trace=0|0; thinkphp_show_page_trace=0|0; PHPSESSID=57jjbq2umm5e9m3n9opp037997; pgv_pvi=3247294464; pgv_si=s450557952',
)
[ info ] [ PARAM ] array (
)
[ info ] [ SESSION ] INIT array (
  'id' => '',
  'var_session_id' => '',
  'prefix' => 'think',
  'type' => '',
  'auto_start' => true,
)
[ info ] [ RUN ] app\admin\controller\Admin->index[ D:\Program\www\dqExam\application\admin\controller\Admin.php ]
[ info ] [ DB ] INIT mysql
[ info ] [ VIEW ] D:\Program\www\dqExam./application/admin\view\admin\index.html [ array (
  0 => 'info',
  1 => 'admins',
) ]
[ info ] [ LOG ] INIT File
[ sql ] [ DB ] CONNECT:[ UseTime:0.011000s ] mysql:dbname=dq_exam;host=127.0.0.1;charset=utf8
[ sql ] [ SQL ] SHOW COLUMNS FROM `dq_admin` [ RunTime:0.024000s ]
[ sql ] [ SQL ] SELECT `a`.`user_id`,`a`.`user_name`,`a`.`phone_number`,`a`.`email`,`a`.`area`,`a`.`campus`,`a`.`jobtitle`,`a`.`isValid`,`c`.`group_id`,`g`.`title` FROM `dq_admin` `a` INNER JOIN `dq_auth_group_access` `c` ON `a`.`user_id`=`c`.`uid` INNER JOIN `dq_auth_group` `g` ON `c`.`group_id`=`g`.`id` [ RunTime:0.015000s ]

---------------------------------------------------------------
[ 2017-05-03T10:02:09+08:00 ] ::1 ::1 GET /dqExam/index.php/admin/user/add.html
[ log ] localhost/dqExam/index.php/admin/user/add.html [运行时间：0.109000s][吞吐率：9.17req/s] [内存消耗：2,875.30kb] [文件加载：57]
[ info ] [ LANG ] D:\Program\www\dqExam\thinkphp\lang\zh-cn.php
[ info ] [ ROUTE ] array (
  'type' => 'module',
  'module' => 
  array (
    0 => 'admin',
    1 => 'admin',
    2 => 'add',
  ),
  'convert' => false,
)
[ info ] [ HEADER ] array (
  'host' => 'localhost',
  'connection' => 'keep-alive',
  'upgrade-insecure-requests' => '1',
  'user-agent' => 'Mozilla/5.0 (Windows NT 6.1; Win64; x64) AppleWebKit/537.36 (KHTML, like Gecko) Chrome/58.0.3029.81 Safari/537.36',
  'accept' => 'text/html,application/xhtml+xml,application/xml;q=0.9,image/webp,*/*;q=0.8',
  'referer' => 'http://localhost/dqExam/index.php/admin/users.html',
  'accept-encoding' => 'gzip, deflate, sdch, br',
  'accept-language' => 'zh-CN,zh;q=0.8',
  'cookie' => 'thinkphp_show_page_trace=0|0; thinkphp_show_page_trace=0|0; thinkphp_show_page_trace=0|0; PHPSESSID=57jjbq2umm5e9m3n9opp037997; pgv_pvi=3247294464; pgv_si=s450557952',
)
[ info ] [ PARAM ] array (
)
[ info ] [ SESSION ] INIT array (
  'id' => '',
  'var_session_id' => '',
  'prefix' => 'think',
  'type' => '',
  'auto_start' => true,
)
[ info ] [ RUN ] app\admin\controller\Admin->add[ D:\Program\www\dqExam\application\admin\controller\Admin.php ]
[ info ] [ DB ] INIT mysql
[ info ] [ VIEW ] D:\Program\www\dqExam./application/admin\view\admin\add.html [ array (
  0 => 'info',
  1 => 'group',
) ]
[ info ] [ LOG ] INIT File
[ sql ] [ DB ] CONNECT:[ UseTime:0.010000s ] mysql:dbname=dq_exam;host=127.0.0.1;charset=utf8
[ sql ] [ SQL ] SHOW COLUMNS FROM `dq_auth_group` [ RunTime:0.006000s ]
[ sql ] [ SQL ] SELECT * FROM `dq_auth_group` [ RunTime:0.001000s ]

---------------------------------------------------------------
[ 2017-05-03T10:30:03+08:00 ] ::1 ::1 GET /dqExam/index.php/admin/user/add.html
[ log ] localhost/dqExam/index.php/admin/user/add.html [运行时间：0.108000s][吞吐率：9.26req/s] [内存消耗：2,875.62kb] [文件加载：57]
[ info ] [ LANG ] D:\Program\www\dqExam\thinkphp\lang\zh-cn.php
[ info ] [ ROUTE ] array (
  'type' => 'module',
  'module' => 
  array (
    0 => 'admin',
    1 => 'admin',
    2 => 'add',
  ),
  'convert' => false,
)
[ info ] [ HEADER ] array (
  'host' => 'localhost',
  'connection' => 'keep-alive',
  'cache-control' => 'max-age=0',
  'upgrade-insecure-requests' => '1',
  'user-agent' => 'Mozilla/5.0 (Windows NT 6.1; Win64; x64) AppleWebKit/537.36 (KHTML, like Gecko) Chrome/58.0.3029.81 Safari/537.36',
  'accept' => 'text/html,application/xhtml+xml,application/xml;q=0.9,image/webp,*/*;q=0.8',
  'referer' => 'http://localhost/dqExam/index.php/admin/users.html',
  'accept-encoding' => 'gzip, deflate, sdch, br',
  'accept-language' => 'zh-CN,zh;q=0.8',
  'cookie' => 'thinkphp_show_page_trace=0|0; thinkphp_show_page_trace=0|0; thinkphp_show_page_trace=0|0; thinkphp_show_page_trace=0|0; PHPSESSID=57jjbq2umm5e9m3n9opp037997; pgv_pvi=3247294464; pgv_si=s450557952',
)
[ info ] [ PARAM ] array (
)
[ info ] [ SESSION ] INIT array (
  'id' => '',
  'var_session_id' => '',
  'prefix' => 'think',
  'type' => '',
  'auto_start' => true,
)
[ info ] [ RUN ] app\admin\controller\Admin->add[ D:\Program\www\dqExam\application\admin\controller\Admin.php ]
[ info ] [ DB ] INIT mysql
[ info ] [ VIEW ] D:\Program\www\dqExam./application/admin\view\admin\add.html [ array (
  0 => 'info',
  1 => 'group',
) ]
[ info ] [ LOG ] INIT File
[ sql ] [ DB ] CONNECT:[ UseTime:0.010000s ] mysql:dbname=dq_exam;host=127.0.0.1;charset=utf8
[ sql ] [ SQL ] SHOW COLUMNS FROM `dq_auth_group` [ RunTime:0.005000s ]
[ sql ] [ SQL ] SELECT * FROM `dq_auth_group` [ RunTime:0.001000s ]

---------------------------------------------------------------
[ 2017-05-03T10:40:41+08:00 ] ::1 ::1 GET /dqExam/index.php/admin/user/add.html
[ log ] localhost/dqExam/index.php/admin/user/add.html [运行时间：0.069000s][吞吐率：14.49req/s] [内存消耗：2,875.62kb] [文件加载：57]
[ info ] [ LANG ] D:\Program\www\dqExam\thinkphp\lang\zh-cn.php
[ info ] [ ROUTE ] array (
  'type' => 'module',
  'module' => 
  array (
    0 => 'admin',
    1 => 'admin',
    2 => 'add',
  ),
  'convert' => false,
)
[ info ] [ HEADER ] array (
  'host' => 'localhost',
  'connection' => 'keep-alive',
  'cache-control' => 'max-age=0',
  'upgrade-insecure-requests' => '1',
  'user-agent' => 'Mozilla/5.0 (Windows NT 6.1; Win64; x64) AppleWebKit/537.36 (KHTML, like Gecko) Chrome/58.0.3029.81 Safari/537.36',
  'accept' => 'text/html,application/xhtml+xml,application/xml;q=0.9,image/webp,*/*;q=0.8',
  'referer' => 'http://localhost/dqExam/index.php/admin/users.html',
  'accept-encoding' => 'gzip, deflate, sdch, br',
  'accept-language' => 'zh-CN,zh;q=0.8',
  'cookie' => 'thinkphp_show_page_trace=0|0; thinkphp_show_page_trace=0|0; thinkphp_show_page_trace=0|0; thinkphp_show_page_trace=0|0; PHPSESSID=57jjbq2umm5e9m3n9opp037997; pgv_pvi=3247294464; pgv_si=s450557952',
)
[ info ] [ PARAM ] array (
)
[ info ] [ SESSION ] INIT array (
  'id' => '',
  'var_session_id' => '',
  'prefix' => 'think',
  'type' => '',
  'auto_start' => true,
)
[ info ] [ RUN ] app\admin\controller\Admin->add[ D:\Program\www\dqExam\application\admin\controller\Admin.php ]
[ info ] [ DB ] INIT mysql
[ info ] [ VIEW ] D:\Program\www\dqExam./application/admin\view\admin\add.html [ array (
  0 => 'info',
  1 => 'group',
) ]
[ info ] [ LOG ] INIT File
[ sql ] [ DB ] CONNECT:[ UseTime:0.001000s ] mysql:dbname=dq_exam;host=127.0.0.1;charset=utf8
[ sql ] [ SQL ] SHOW COLUMNS FROM `dq_auth_group` [ RunTime:0.007000s ]
[ sql ] [ SQL ] SELECT * FROM `dq_auth_group` [ RunTime:0.000000s ]

---------------------------------------------------------------
[ 2017-05-03T10:48:16+08:00 ] ::1 ::1 GET /dqExam/index.php/admin/user/add.html
[ log ] localhost/dqExam/index.php/admin/user/add.html [运行时间：0.105000s][吞吐率：9.52req/s] [内存消耗：2,875.62kb] [文件加载：57]
[ info ] [ LANG ] D:\Program\www\dqExam\thinkphp\lang\zh-cn.php
[ info ] [ ROUTE ] array (
  'type' => 'module',
  'module' => 
  array (
    0 => 'admin',
    1 => 'admin',
    2 => 'add',
  ),
  'convert' => false,
)
[ info ] [ HEADER ] array (
  'host' => 'localhost',
  'connection' => 'keep-alive',
  'cache-control' => 'max-age=0',
  'upgrade-insecure-requests' => '1',
  'user-agent' => 'Mozilla/5.0 (Windows NT 6.1; Win64; x64) AppleWebKit/537.36 (KHTML, like Gecko) Chrome/58.0.3029.81 Safari/537.36',
  'accept' => 'text/html,application/xhtml+xml,application/xml;q=0.9,image/webp,*/*;q=0.8',
  'referer' => 'http://localhost/dqExam/index.php/admin/users.html',
  'accept-encoding' => 'gzip, deflate, sdch, br',
  'accept-language' => 'zh-CN,zh;q=0.8',
  'cookie' => 'thinkphp_show_page_trace=0|0; thinkphp_show_page_trace=0|0; thinkphp_show_page_trace=0|0; thinkphp_show_page_trace=0|0; PHPSESSID=57jjbq2umm5e9m3n9opp037997; pgv_pvi=3247294464; pgv_si=s450557952',
)
[ info ] [ PARAM ] array (
)
[ info ] [ SESSION ] INIT array (
  'id' => '',
  'var_session_id' => '',
  'prefix' => 'think',
  'type' => '',
  'auto_start' => true,
)
[ info ] [ RUN ] app\admin\controller\Admin->add[ D:\Program\www\dqExam\application\admin\controller\Admin.php ]
[ info ] [ DB ] INIT mysql
[ info ] [ VIEW ] D:\Program\www\dqExam./application/admin\view\admin\add.html [ array (
  0 => 'info',
  1 => 'group',
) ]
[ info ] [ LOG ] INIT File
[ sql ] [ DB ] CONNECT:[ UseTime:0.011000s ] mysql:dbname=dq_exam;host=127.0.0.1;charset=utf8
[ sql ] [ SQL ] SHOW COLUMNS FROM `dq_auth_group` [ RunTime:0.007000s ]
[ sql ] [ SQL ] SELECT * FROM `dq_auth_group` [ RunTime:0.000000s ]

---------------------------------------------------------------
[ 2017-05-03T11:48:04+08:00 ] ::1 ::1 GET /dqExam/index.php/admin/user/add.html
[ log ] localhost/dqExam/index.php/admin/user/add.html [运行时间：0.088000s][吞吐率：11.36req/s] [内存消耗：2,875.62kb] [文件加载：57]
[ info ] [ LANG ] D:\Program\www\dqExam\thinkphp\lang\zh-cn.php
[ info ] [ ROUTE ] array (
  'type' => 'module',
  'module' => 
  array (
    0 => 'admin',
    1 => 'admin',
    2 => 'add',
  ),
  'convert' => false,
)
[ info ] [ HEADER ] array (
  'host' => 'localhost',
  'connection' => 'keep-alive',
  'cache-control' => 'max-age=0',
  'upgrade-insecure-requests' => '1',
  'user-agent' => 'Mozilla/5.0 (Windows NT 6.1; Win64; x64) AppleWebKit/537.36 (KHTML, like Gecko) Chrome/58.0.3029.81 Safari/537.36',
  'accept' => 'text/html,application/xhtml+xml,application/xml;q=0.9,image/webp,*/*;q=0.8',
  'referer' => 'http://localhost/dqExam/index.php/admin/users.html',
  'accept-encoding' => 'gzip, deflate, sdch, br',
  'accept-language' => 'zh-CN,zh;q=0.8',
  'cookie' => 'thinkphp_show_page_trace=0|0; thinkphp_show_page_trace=0|0; thinkphp_show_page_trace=0|0; thinkphp_show_page_trace=0|0; PHPSESSID=57jjbq2umm5e9m3n9opp037997; pgv_pvi=3247294464; pgv_si=s450557952',
)
[ info ] [ PARAM ] array (
)
[ info ] [ SESSION ] INIT array (
  'id' => '',
  'var_session_id' => '',
  'prefix' => 'think',
  'type' => '',
  'auto_start' => true,
)
[ info ] [ RUN ] app\admin\controller\Admin->add[ D:\Program\www\dqExam\application\admin\controller\Admin.php ]
[ info ] [ DB ] INIT mysql
[ info ] [ VIEW ] D:\Program\www\dqExam./application/admin\view\admin\add.html [ array (
  0 => 'info',
  1 => 'group',
) ]
[ info ] [ LOG ] INIT File
[ sql ] [ DB ] CONNECT:[ UseTime:0.011000s ] mysql:dbname=dq_exam;host=127.0.0.1;charset=utf8
[ sql ] [ SQL ] SHOW COLUMNS FROM `dq_auth_group` [ RunTime:0.006000s ]
[ sql ] [ SQL ] SELECT * FROM `dq_auth_group` [ RunTime:0.000000s ]

---------------------------------------------------------------
